gene_patient_probability_file('new_data/CADD_aggr.pl').
gene_function_file('new_data/coverage_corrected_aggr.pl').
network_file('new_data/network.pl').
threshold(1.0e-06).
pattern_quality_metric_threshold(0.67).
mcda(weighted_sum,[0.0,0]).
experiment_query(solution_3_genes(mcda(weighted_sum,[alpha(0.0),beta(0)]),0.67,_131106)).
2.48387954227268e-09-solution(['APOE','EP300','TP53']).
2.50529229694745e-09-solution(['ZBED2','EP300','TP53']).
2.51171612334988e-09-solution(['LCN2','EP300','TP53']).
2.51385739881735e-09-solution(['MED11','EP300','TP53']).
2.51813994975231e-09-solution(['HSPA8','EP300','TP53']).
6.12261593605908e-09-solution(['GLP1R','SP1','TP53']).
6.12261593605908e-09-solution(['ITGAM','SP1','TP53']).
6.12261593605908e-09-solution(['SIRT1','SP1','TP53']).
6.28802198682293e-09-solution(['HSPA8','EGFR','TP53']).
6.29693358260924e-09-solution(['GH1','EGFR','TP53']).
6.38965135174238e-09-solution(['CETP','SP1','TP53']).
6.38965135174238e-09-solution(['POLR2B','SP1','TP53']).
6.38965135174238e-09-solution(['SLC5A7','SP1','TP53']).
6.5572029851123e-09-solution(['CD83','SP1','TP53']).
6.86438097962382e-09-solution(['FES','SP1','TP53']).
6.86438097962382e-09-solution(['MMP12','SP1','TP53']).
6.86438097962382e-09-solution(['TAF6','SP1','TP53']).
6.92895817165181e-09-solution(['E2F1','SP1','TP53']).
6.92895817165181e-09-solution(['NR2F1','SP1','TP53']).
6.99004470465126e-09-solution(['IGFBP3','SP1','TP53']).
6.99004470465126e-09-solution(['NABP1','SP1','TP53']).
7.1157084296787e-09-solution(['RPS6KB2','SP1','TP53']).
7.16806831510679e-09-solution(['FOXA1','SP1','TP53']).
7.28326006304861e-09-solution(['MMP9','SP1','TP53']).
7.382743845362e-09-solution(['HSPA8','SP1','TP53']).
8.77659525608314e-09-solution(['ADCY6','AKT1','TP53']).
8.77659525608314e-09-solution(['JAK3','AKT1','TP53']).
8.77659525608314e-09-solution(['MKRN1','AKT1','TP53']).
8.99750588654564e-09-solution(['TSC2','AKT1','TP53']).
9.40250870906023e-09-solution(['CD40','AKT1','TP53']).
9.65563547313184e-09-solution(['FASLG','AKT1','TP53']).
9.68785160674096e-09-solution(['CDKN1B','AKT1','TP53']).
9.73387465475398e-09-solution(['RPS6KB2','AKT1','TP53']).
9.84432996998523e-09-solution(['MST1','AKT1','TP53']).
1.06489085643092e-08-solution(['CEBPZ','TP53','SP1']).
1.06489085643092e-08-solution(['SIRT1','TP53','SP1']).
1.06489085643092e-08-solution(['SUPT16H','TP53','SP1']).
1.06489085643092e-08-solution(['UBN1','TP53','SP1']).
1.111335640078e-08-solution(['AKT1','TP53','SP1']).
1.111335640078e-08-solution(['P2RX4','TP53','SP1']).
1.111335640078e-08-solution(['PSMC2','TP53','SP1']).
1.111335640078e-08-solution(['RMI1','TP53','SP1']).
1.111335640078e-08-solution(['TOP3A','TP53','SP1']).
1.111335640078e-08-solution(['TYRP1','TP53','SP1']).
1.13871065466708e-08-solution(['NOTCH1','HDAC3','TP53']).
1.13871065466708e-08-solution(['NR2C1','HDAC3','TP53']).
1.13871065466708e-08-solution(['TFDP1','HDAC3','TP53']).
1.13871065466708e-08-solution(['TLE3','HDAC3','TP53']).
1.14047746511145e-08-solution(['P2RX1','TP53','SP1']).
1.14047746511145e-08-solution(['PERP','TP53','SP1']).
1.14047746511145e-08-solution(['PSMC1','TP53','SP1']).
1.14047746511145e-08-solution(['TSC2','TP53','SP1']).
1.16719080472546e-08-solution(['HDAC3','TP53','SP1']).
1.16719080472546e-08-solution(['TYMS','TP53','SP1']).
1.18236883859705e-08-solution(['PSMD6','TP53','SP1']).
1.19390414433946e-08-solution(['SSTR2','TP53','SP1']).
1.19390414433946e-08-solution(['TAF6','TP53','SP1']).
1.19708948459971e-08-solution(['MYBL2','E2F1','TP53']).
1.19708948459971e-08-solution(['NGF','E2F1','TP53']).
1.19708948459971e-08-solution(['NOTCH1','E2F1','TP53']).
1.19708948459971e-08-solution(['POLE','E2F1','TP53']).
1.19708948459971e-08-solution(['RBL2','E2F1','TP53']).
1.19708948459971e-08-solution(['SMYD2','E2F1','TP53']).
1.19708948459971e-08-solution(['TFDP1','E2F1','TP53']).
1.19708948459971e-08-solution(['ZNF341','E2F1','TP53']).
1.20513588940444e-08-solution(['E2F1','TP53','SP1']).
1.20513588940444e-08-solution(['LIG4','TP53','SP1']).
1.20513588940444e-08-solution(['PIAS3','TP53','SP1']).
1.20513588940444e-08-solution(['PIDD1','TP53','SP1']).
1.20513588940444e-08-solution(['PSMD2','TP53','SP1']).
1.20924154243781e-08-solution(['ERCC2','POLR2B','SP1']).
1.20924154243781e-08-solution(['HNRNPA1','POLR2B','SP1']).
1.20948686939087e-08-solution(['SIRT1','HDAC3','TP53']).
1.21576051311455e-08-solution(['IGFBP3','TP53','SP1']).
1.22031392327603e-08-solution(['CCNG1','TP53','SP1']).
1.22842397930294e-08-solution(['ANAPC5','PSMC1','TP53']).
1.22842397930294e-08-solution(['RBL2','PSMC1','TP53']).
1.23154566834101e-08-solution(['CDKN1B','TP53','SP1']).
1.24070879447151e-08-solution(['SRSF1','POLR2B','SP1']).
1.2467237022126e-08-solution(['FOXA1','TP53','SP1']).
1.25006286966435e-08-solution(['KLK3','TP53','SP1']).
1.25177420178006e-08-solution(['U2AF1L4','POLR2B','SP1']).
1.25761469540304e-08-solution(['POLR2B','HDAC3','TP53']).
1.26214802113183e-08-solution(['HSPA8','POLR2B','SP1']).
1.26491437295897e-08-solution(['TAF1L','POLR2B','SP1']).
1.26901074869448e-08-solution(['DONSON','E2F1','TP53']).
1.26901074869448e-08-solution(['SIRT1','E2F1','TP53']).
1.26901074869448e-08-solution(['SP1','E2F1','TP53']).
1.28649015095617e-08-solution(['TAF1L','TP53','SP1']).
1.30091392123466e-08-solution(['EPN1','HSPA8','SP1']).
1.30091392123466e-08-solution(['HIP1R','HSPA8','SP1']).
1.30091392123466e-08-solution(['SIRT1','HSPA8','SP1']).
1.30091392123466e-08-solution(['SNRNP200','HSPA8','SP1']).
1.30091392123466e-08-solution(['SRSF4','HSPA8','SP1']).
1.31584328354939e-08-solution(['CDK12','POLR2B','SRSF1']).
1.31584328354939e-08-solution(['PAX6','POLR2B','SRSF1']).
1.31584328354939e-08-solution(['SNRNP200','POLR2B','SRSF1']).
1.31584328354939e-08-solution(['SP1','POLR2B','SRSF1']).
1.31584328354939e-08-solution(['SRSF4','POLR2B','SRSF1']).
1.31584328354939e-08-solution(['SUPT16H','POLR2B','SRSF1']).
1.31584328354939e-08-solution(['WTAP','POLR2B','SRSF1']).
1.31791720827893e-08-solution(['TRIP13','E2F1','TP53']).
1.32886464123359e-08-solution(['ACTA1','HTT','TP53']).
1.32962377556163e-08-solution(['ACTBL2','HTT','TP53']).
1.33114259054634e-08-solution(['ANAPC5','PSMD6','TP53']).
1.33228074570977e-08-solution(['RAC3','HTT','TP53']).
1.34317527498023e-08-solution(['MED12','HDAC3','TP53']).
1.3486036142927e-08-solution(['MCM4','E2F1','TP53']).
1.35481403029037e-08-solution(['E2F1','HDAC3','TP53']).
1.35783123034215e-08-solution(['DDX23','HSPA8','SP1']).
1.35783123034215e-08-solution(['LDLRAP1','HSPA8','SP1']).
1.35783123034215e-08-solution(['POLR2B','HSPA8','SP1']).
1.35931595594976e-08-solution(['ANAPC5','PSMD2','TP53']).
1.35989177776741e-08-solution(['PSMC2','PSMC1','TP53']).
1.36582366369184e-08-solution(['KMT2D','HDAC3','TP53']).
1.37195365768067e-08-solution(['DDX23','POLR2B','SRSF1']).
1.37673281980532e-08-solution(['HDAC3','E2F1','TP53']).
1.37673281980532e-08-solution(['TYMS','E2F1','TP53']).
1.37733426909339e-08-solution(['ETV5','FOXA1','TP53']).
1.37733426909339e-08-solution(['PGR','FOXA1','TP53']).
1.37733426909339e-08-solution(['TLE3','FOXA1','TP53']).
1.39328042499649e-08-solution(['SPOP','PSMC1','TP53']).
1.39354405174293e-08-solution(['HGS','HSPA8','SP1']).
1.39354405174293e-08-solution(['YBX1','HSPA8','SP1']).
1.40486202531795e-08-solution(['INSIG1','E2F1','TP53']).
1.40716016693952e-08-solution(['YBX1','POLR2B','SRSF1']).
1.41468674198266e-08-solution(['PSMC1','PSMC2','TP53']).
1.41468674198266e-08-solution(['SPOP','PSMC2','TP53']).
1.41866990401894e-08-solution(['NR1D1','HDAC3','TP53']).
1.42628080469365e-08-solution(['PLRG1','HSPA8','SP1']).
1.43471251268966e-08-solution(['MED11','HDAC3','TP53']).
1.4394328004268e-08-solution(['HDAC3','POLR2B','SRSF1']).
1.4394328004268e-08-solution(['PLRG1','POLR2B','SRSF1']).
1.44127660538828e-08-solution(['ANAPC2','PSMC1','TP53']).
1.44127660538828e-08-solution(['DVL1','PSMC1','TP53']).
1.44127660538828e-08-solution(['PSMD6','PSMC1','TP53']).
1.44449863308573e-08-solution(['CDKN1B','E2F1','TP53']).
1.44488123250655e-08-solution(['APOB','HSPA8','SP1']).
1.44488123250655e-08-solution(['SNRPA1','HSPA8','SP1']).
1.45449294491645e-08-solution(['CD40','PSMC1','TP53']).
1.45716430787392e-08-solution(['SP1','FOXA1','TP53']).
1.45776952399911e-08-solution(['SNRPA1','POLR2B','SRSF1']).
1.45901755764436e-08-solution(['SNRPB2','HSPA8','SP1']).
1.46461686228793e-08-solution(['ANAPC2','PSMC2','TP53']).
1.46461686228793e-08-solution(['DVL1','PSMC2','TP53']).
1.46461686228793e-08-solution(['PSMD6','PSMC2','TP53']).
1.46736148603599e-08-solution(['PSMD2','PSMC1','TP53']).
1.46824665028108e-08-solution(['PSMC2','PSMD6','TP53']).
1.47170543391407e-08-solution(['SNRPB2','POLR2B','SRSF1']).
1.47170543391407e-08-solution(['TAF6','POLR2B','SRSF1']).
1.47278187422591e-08-solution(['GPKOW','HSPA8','SP1']).
1.47278187422591e-08-solution(['GPR37L1','HSPA8','SP1']).
1.47774223960065e-08-solution(['IRF2BPL','E2F1','TP53']).
1.47836573599518e-08-solution(['CD40','PSMC2','TP53']).
1.47997979003916e-08-solution(['SRSF1','E2F1','TP53']).
1.48527460935758e-08-solution(['GPKOW','POLR2B','SRSF1']).
1.49175279723644e-08-solution(['PSMD2','PSMC2','TP53']).
1.49651794028861e-08-solution(['PSMC2','PSMD2','TP53']).
1.49761994758734e-08-solution(['CDKN1B','PSMC1','TP53']).
1.49811031585821e-08-solution(['KMT2D','POLR2B','SRSF1']).
1.49811031585821e-08-solution(['NABP1','POLR2B','SRSF1']).
1.50306672894388e-08-solution(['PSMC1','PSMD6','TP53']).
1.50306672894388e-08-solution(['SPOP','PSMD6','TP53']).
1.51144873424468e-08-solution(['HCFC1','FOXA1','TP53']).
1.51258678974553e-08-solution(['HNRNPA1','HSPA8','SP1']).
1.52323048177672e-08-solution(['CDKN1B','PSMC2','TP53']).
1.52451519780234e-08-solution(['ERCC2','POLR2B','SRSF1']).
1.52451519780234e-08-solution(['HNRNPA1','POLR2B','SRSF1']).
1.53031299799914e-08-solution(['UBE2C','PSMC1','TP53']).
1.53136288869213e-08-solution(['PSMC1','PSMD2','TP53']).
1.53136288869213e-08-solution(['SPOP','PSMD2','TP53']).
1.54535624247865e-08-solution(['GAD1','HSPA8','SRSF1']).
1.54535624247865e-08-solution(['OCRL','HSPA8','SRSF1']).
1.54535624247865e-08-solution(['SF3B3','HSPA8','SRSF1']).
1.54550955079104e-08-solution(['SLC34A1','FOXA1','TP53']).
1.54643956836502e-08-solution(['SRSF1','HSPA8','SP1']).
1.54978764537134e-08-solution(['CD3D','HSPA8','SP1']).
1.55312059202164e-08-solution(['ANAPC2','PSMD6','TP53']).
1.55312059202164e-08-solution(['DVL1','PSMD6','TP53']).
1.55724085357886e-08-solution(['UBE2C','PSMC2','TP53']).
1.55834384216528e-08-solution(['U2AF1L4','HSPA8','SP1']).
1.56690353982566e-08-solution(['CD40','PSMD6','TP53']).
1.56962353779024e-08-solution(['U2AF1L4','POLR2B','SRSF1']).
1.57673196595854e-08-solution(['MAD2L2','FOXA1','TP53']).
1.58032377847695e-08-solution(['PSMD2','PSMD6','TP53']).
1.58062557193363e-08-solution(['HSPA8','POLR2B','SRSF1']).
1.58145250202219e-08-solution(['ANAPC2','PSMD2','TP53']).
1.58145250202219e-08-solution(['DVL1','PSMD2','TP53']).
1.58145250202219e-08-solution(['PSMD6','PSMD2','TP53']).
1.5835594477052e-08-solution(['TAF1L','POLR2B','SRSF1']).
1.59447197457643e-08-solution(['APOB','FOXA1','TP53']).
1.59447197457643e-08-solution(['ZNF460','FOXA1','TP53']).
1.59524529409858e-08-solution(['CD40','PSMD2','TP53']).
1.6118794747651e-08-solution(['CDKN1B','PSMD6','TP53']).
1.63378583417695e-08-solution(['EPN1','HSPA8','SRSF1']).
1.63378583417695e-08-solution(['HIP1R','HSPA8','SRSF1']).
1.63378583417695e-08-solution(['SIRT1','HSPA8','SRSF1']).
1.63378583417695e-08-solution(['SNRNP200','HSPA8','SRSF1']).
1.63378583417695e-08-solution(['SP1','HSPA8','SRSF1']).
1.63378583417695e-08-solution(['SRSF4','HSPA8','SRSF1']).
1.64025335245312e-08-solution(['CDKN1B','PSMD2','TP53']).
1.64597413512242e-08-solution(['UBE2C','PSMD6','TP53']).
1.67437236443157e-08-solution(['UBE2C','PSMD2','TP53']).
1.68884882042363e-08-solution(['IRF2BPL','FOXA1','TP53']).
1.69310642249193e-08-solution(['NR1D1','FOXA1','TP53']).
1.69391795653179e-08-solution(['DDX23','HSPA8','SRSF1']).
1.69391795653179e-08-solution(['LDLRAP1','HSPA8','SRSF1']).
1.69391795653179e-08-solution(['POLR2B','HSPA8','SRSF1']).
1.73164791565639e-08-solution(['HGS','HSPA8','SRSF1']).
1.73164791565639e-08-solution(['YBX1','HSPA8','SRSF1']).
1.76623371152061e-08-solution(['PLRG1','HSPA8','SRSF1']).
1.78588473189801e-08-solution(['APOB','HSPA8','SRSF1']).
1.78588473189801e-08-solution(['SNRPA1','HSPA8','SRSF1']).
1.80081950738484e-08-solution(['SNRPB2','HSPA8','SRSF1']).
1.81536126246411e-08-solution(['GPKOW','HSPA8','SRSF1']).
1.81536126246411e-08-solution(['GPR37L1','HSPA8','SRSF1']).
1.85741444607174e-08-solution(['HNRNPA1','HSPA8','SRSF1']).
1.89671648682654e-08-solution(['CD3D','HSPA8','SRSF1']).
1.90072068574246e-08-solution(['ANAPC5','CDKN1B','TP53']).
1.90072068574246e-08-solution(['RBL2','CDKN1B','TP53']).
1.90072068574246e-08-solution(['RHOA','CDKN1B','TP53']).
1.90072068574246e-08-solution(['TFDP1','CDKN1B','TP53']).
1.90575595620015e-08-solution(['U2AF1L4','HSPA8','SRSF1']).
1.95901386425073e-08-solution(['DDX23','POLR2B','SNRPB2']).
2.01265485996325e-08-solution(['YBX1','POLR2B','SNRPB2']).
2.04382118077914e-08-solution(['YBX1','POLR2B','SNRPA1']).
2.06182577269972e-08-solution(['HDAC3','POLR2B','SNRPB2']).
2.06182577269972e-08-solution(['PLRG1','POLR2B','SNRPB2']).
2.08821348825046e-08-solution(['AKT1','CDKN1B','TP53']).
2.08821348825046e-08-solution(['PSMC2','CDKN1B','TP53']).
2.08976379129998e-08-solution(['SNRPA1','POLR2B','SNRPB2']).
2.09428590129221e-08-solution(['HDAC3','POLR2B','SNRPA1']).
2.09428590129221e-08-solution(['PLRG1','POLR2B','SNRPA1']).
2.11099668543619e-08-solution(['TAF6','POLR2B','SNRPB2']).
2.13167081920038e-08-solution(['GPKOW','POLR2B','SNRPB2']).
2.13583070793503e-08-solution(['PSMC1','CDKN1B','TP53']).
2.14475062180527e-08-solution(['SNRPB2','POLR2B','SNRPA1']).
2.14475062180527e-08-solution(['TAF6','POLR2B','SNRPA1']).
2.14696628622539e-08-solution(['MCM4','E2F1','SP1']).
2.15122743222057e-08-solution(['KMT2D','POLR2B','SNRPB2']).
2.15122743222057e-08-solution(['NABP1','POLR2B','SNRPB2']).
2.15231671179123e-08-solution(['ERCC2','POLR2B','SRSF4']).
2.15231671179123e-08-solution(['HNRNPA1','POLR2B','SRSF4']).
2.16596874293009e-08-solution(['GPKOW','POLR2B','SNRPA1']).
2.18603993858869e-08-solution(['KMT2D','POLR2B','SNRPA1']).
2.18603993858869e-08-solution(['NABP1','POLR2B','SNRPA1']).
2.19145817900496e-08-solution(['ERCC2','POLR2B','SNRPB2']).
2.19145817900496e-08-solution(['HNRNPA1','POLR2B','SNRPB2']).
2.2011639434795e-08-solution(['HDAC3','E2F1','SP1']).
2.2011639434795e-08-solution(['TYMS','E2F1','SP1']).
2.2042804612316e-08-solution(['ANAPC2','CDKN1B','TP53']).
2.2042804612316e-08-solution(['PSMD6','CDKN1B','TP53']).
2.208324953362e-08-solution(['SRSF1','POLR2B','SRSF4']).
2.21614577578052e-08-solution(['GAD1','HSPA8','SNRPB2']).
2.21614577578052e-08-solution(['OCRL','HSPA8','SNRPB2']).
2.21614577578052e-08-solution(['SF3B3','HSPA8','SNRPB2']).
2.22732925537211e-08-solution(['ERCC2','POLR2B','SNRPA1']).
2.22732925537211e-08-solution(['HNRNPA1','POLR2B','SNRPA1']).
2.22802015918909e-08-solution(['U2AF1L4','POLR2B','SRSF4']).
2.24148141411017e-08-solution(['E2F1','CDKN1B','TP53']).
2.24148141411017e-08-solution(['PSMD2','CDKN1B','TP53']).
2.24230537285744e-08-solution(['SRSF1','POLR2B','SNRPB2']).
2.24648441465198e-08-solution(['HSPA8','POLR2B','SRSF4']).
2.25140821610875e-08-solution(['TAF1L','POLR2B','SRSF4']).
2.25152429248488e-08-solution(['GAD1','HSPA8','SNRPA1']).
2.25152429248488e-08-solution(['OCRL','HSPA8','SNRPA1']).
2.25152429248488e-08-solution(['SF3B3','HSPA8','SNRPA1']).
2.25536160073361e-08-solution(['INSIG1','E2F1','SP1']).
2.25884185878684e-08-solution(['KMT2D','CDKN1B','TP53']).
2.26018570476161e-08-solution(['U2AF1L4','POLR2B','SNRPB2']).
2.27694851592177e-08-solution(['HSPA8','POLR2B','SNRPB2']).
2.27951436408448e-08-solution(['SRSF1','POLR2B','SNRPA1']).
2.28141859889782e-08-solution(['TAF1L','POLR2B','SNRPB2']).
2.29786517154378e-08-solution(['U2AF1L4','POLR2B','SNRPA1']).
2.31506905353687e-08-solution(['HSPA8','POLR2B','SNRPA1']).
2.31548344562369e-08-solution(['EPN1','HSPA8','SRSF4']).
2.31548344562369e-08-solution(['HIP1R','HSPA8','SRSF4']).
2.31548344562369e-08-solution(['SIRT1','HSPA8','SRSF4']).
2.31548344562369e-08-solution(['SNRNP200','HSPA8','SRSF4']).
2.31548344562369e-08-solution(['SP1','HSPA8','SRSF4']).
2.31965675540169e-08-solution(['TAF1L','POLR2B','SNRPA1']).
2.33125971372379e-08-solution(['UBE2C','CDKN1B','TP53']).
2.33173102686441e-08-solution(['CDKN1B','E2F1','SP1']).
2.34466633137866e-08-solution(['DDX23','SRSF4','SRSF1']).
2.34466633137866e-08-solution(['NUP43','SRSF4','SRSF1']).
2.34466633137866e-08-solution(['POLR2B','SRSF4','SRSF1']).
2.35102075537224e-08-solution(['EPN1','HSPA8','SNRPB2']).
2.35102075537224e-08-solution(['HIP1R','HSPA8','SNRPB2']).
2.35102075537224e-08-solution(['SIRT1','HSPA8','SNRPB2']).
2.35102075537224e-08-solution(['SNRNP200','HSPA8','SNRPB2']).
2.35102075537224e-08-solution(['SP1','HSPA8','SNRPB2']).
2.35102075537224e-08-solution(['SRSF4','HSPA8','SNRPB2']).
2.37252123976973e-08-solution(['GLE1','NUP43','SRSF1']).
2.37252123976973e-08-solution(['KIF2C','NUP43','SRSF1']).
2.37252123976973e-08-solution(['NUP54','NUP43','SRSF1']).
2.37252123976973e-08-solution(['POM121C','NUP43','SRSF1']).
2.37252123976973e-08-solution(['SRSF4','NUP43','SRSF1']).
2.38997549931983e-08-solution(['EPN1','HSPA8','SNRPA1']).
2.38997549931983e-08-solution(['HIP1R','HSPA8','SNRPA1']).
2.38997549931983e-08-solution(['SIRT1','HSPA8','SNRPA1']).
2.38997549931983e-08-solution(['SNRNP200','HSPA8','SNRPA1']).
2.38997549931983e-08-solution(['SP1','HSPA8','SNRPA1']).
2.38997549931983e-08-solution(['SRSF4','HSPA8','SNRPA1']).
2.39578280361927e-08-solution(['IRF2BPL','E2F1','SP1']).
2.39736877209519e-08-solution(['MYBL2','E2F1','SRSF1']).
2.39736877209519e-08-solution(['NGF','E2F1','SRSF1']).
2.39736877209519e-08-solution(['NOTCH1','E2F1','SRSF1']).
2.39736877209519e-08-solution(['POLE','E2F1','SRSF1']).
2.39736877209519e-08-solution(['RBL2','E2F1','SRSF1']).
2.39736877209519e-08-solution(['SMYD2','E2F1','SRSF1']).
2.39736877209519e-08-solution(['TFDP1','E2F1','SRSF1']).
2.39736877209519e-08-solution(['ZNF341','E2F1','SRSF1']).
2.40009398090084e-08-solution(['SRSF1','E2F1','SP1']).
2.40739987870651e-08-solution(['YBX1','SRSF4','SRSF1']).
2.41678998470875e-08-solution(['DDX23','HSPA8','SRSF4']).
2.41678998470875e-08-solution(['LDLRAP1','HSPA8','SRSF4']).
2.41678998470875e-08-solution(['POLR2B','HSPA8','SRSF4']).
2.41881260357699e-08-solution(['HCFC1','FOXA1','SP1']).
2.44273574149462e-08-solution(['DDX23','HSPA8','SNRPB2']).
2.44273574149462e-08-solution(['LDLRAP1','HSPA8','SNRPB2']).
2.44273574149462e-08-solution(['POLR2B','HSPA8','SNRPB2']).
2.445053401123e-08-solution(['TP53','E2F1','SP1']).
2.46490563042372e-08-solution(['PLRG1','SRSF4','SRSF1']).
2.47369062373984e-08-solution(['CENPL','NUP43','SRSF1']).
2.4803548719778e-08-solution(['HGS','HSPA8','SRSF4']).
2.4803548719778e-08-solution(['YBX1','HSPA8','SRSF4']).
2.4841223199676e-08-solution(['DDX23','HSPA8','SNRPA1']).
2.4841223199676e-08-solution(['LDLRAP1','HSPA8','SNRPA1']).
2.4841223199676e-08-solution(['POLR2B','HSPA8','SNRPA1']).
2.48464929479996e-08-solution(['SLC34A1','FOXA1','SP1']).
2.49757935299031e-08-solution(['NXF1','SRSF4','SRSF1']).
2.49757935299031e-08-solution(['SNRPA1','SRSF4','SRSF1']).
2.50028239945375e-08-solution(['HGS','HSPA8','SNRPB2']).
2.50028239945375e-08-solution(['YBX1','HSPA8','SNRPB2']).
2.52241138214092e-08-solution(['DDX39B','SRSF4','SRSF1']).
2.52241138214092e-08-solution(['SNRPB2','SRSF4','SRSF1']).
2.53862268530776e-08-solution(['PLRG1','HSPA8','SRSF4']).
2.54319483488385e-08-solution(['HGS','HSPA8','SNRPA1']).
2.54319483488385e-08-solution(['YBX1','HSPA8','SNRPA1']).
2.54426636842455e-08-solution(['DONSON','E2F1','SRSF1']).
2.54426636842455e-08-solution(['SIRT1','E2F1','SRSF1']).
2.54426636842455e-08-solution(['SP1','E2F1','SRSF1']).
2.54499959508767e-08-solution(['MAD2L2','FOXA1','SP1']).
2.5465899368402e-08-solution(['DDX39A','SRSF4','SRSF1']).
2.5465899368402e-08-solution(['GPKOW','SRSF4','SRSF1']).
2.55303350258296e-08-solution(['PLRG1','HSPA8','SNRPB2']).
2.55451917202452e-08-solution(['SF3B3','U2AF1L4','SRSF1']).
2.55451917202452e-08-solution(['TPR','U2AF1L4','SRSF1']).
2.55451917202452e-08-solution(['ZC3H11A','U2AF1L4','SRSF1']).
2.57172939742706e-08-solution(['APOB','HSPA8','SRSF4']).
2.57172939742706e-08-solution(['SNRPA1','HSPA8','SRSF4']).
2.57928953843297e-08-solution(['APOB','FOXA1','SP1']).
2.57928953843297e-08-solution(['ZNF460','FOXA1','SP1']).
2.58300572027001e-08-solution(['APOB','HSPA8','SNRPB2']).
2.58300572027001e-08-solution(['SNRPA1','HSPA8','SNRPB2']).
2.59689049863773e-08-solution(['SNRPB2','HSPA8','SRSF4']).
2.59734464022374e-08-solution(['PLRG1','HSPA8','SNRPA1']).
2.6165117031327e-08-solution(['HNRNPA1','SRSF4','SRSF1']).
2.62138946560601e-08-solution(['GPKOW','HSPA8','SRSF4']).
2.62138946560601e-08-solution(['GPR37L1','HSPA8','SRSF4']).
2.62796404680059e-08-solution(['GPKOW','HSPA8','SNRPB2']).
2.62796404680059e-08-solution(['GPR37L1','HSPA8','SNRPB2']).
2.62811157507595e-08-solution(['APOB','HSPA8','SNRPA1']).
2.62842026981178e-08-solution(['NXF1','NUP43','SRSF1']).
2.64403554453013e-08-solution(['ERCC2','POLR2B','SNRNP200']).
2.64403554453013e-08-solution(['HNRNPA1','POLR2B','SNRNP200']).
2.64415673392852e-08-solution(['TRIP13','E2F1','SRSF1']).
2.65149444556363e-08-solution(['SNRPB2','HSPA8','SNRPA1']).
2.67426197735427e-08-solution(['GPKOW','HSPA8','SNRPA1']).
2.67426197735427e-08-solution(['GPR37L1','HSPA8','SNRPA1']).
2.67801310509125e-08-solution(['PIAS3','NUP43','SRSF1']).
2.68319109582032e-08-solution(['SNRNP200','YBX1','SRSF1']).
2.68319109582032e-08-solution(['SRSF4','YBX1','SRSF1']).
2.69210459265088e-08-solution(['HNRNPA1','HSPA8','SNRPB2']).
2.6922378295413e-08-solution(['HNRNPA1','HSPA8','SRSF4']).
2.69688906064652e-08-solution(['U2AF1L4','SRSF4','SRSF1']).
2.70181973935039e-08-solution(['NUP54','U2AF1L4','SRSF1']).
2.70181973935039e-08-solution(['POM121C','U2AF1L4','SRSF1']).
2.70181973935039e-08-solution(['SNRNP200','U2AF1L4','SRSF1']).
2.70181973935039e-08-solution(['SRSF4','U2AF1L4','SRSF1']).
2.70683304169572e-08-solution(['MCM4','E2F1','SRSF1']).
2.71283944345843e-08-solution(['SRSF1','POLR2B','SNRNP200']).
2.71649329418648e-08-solution(['HSPA8','SRSF4','SRSF1']).
2.73703422110354e-08-solution(['U2AF1L4','POLR2B','SNRNP200']).
2.74010321793801e-08-solution(['HNRNPA1','HSPA8','SNRPA1']).
2.74665402884131e-08-solution(['SRSF1','HSPA8','SNRPB2']).
2.75204902802498e-08-solution(['CD3D','HSPA8','SNRPB2']).
2.75249204559843e-08-solution(['SRSF1','HSPA8','SRSF4']).
2.7584512537799e-08-solution(['CD3D','HSPA8','SRSF4']).
2.75971682514583e-08-solution(['HSPA8','POLR2B','SNRNP200']).
2.76171203702993e-08-solution(['IRF2BPL','FOXA1','SP1']).
2.76428632381564e-08-solution(['HDAC3','E2F1','SRSF1']).
2.76428632381564e-08-solution(['TYMS','E2F1','SRSF1']).
2.76576551955711e-08-solution(['TAF1L','POLR2B','SNRNP200']).
2.76583624816102e-08-solution(['U2AF1L4','HSPA8','SNRPB2']).
2.7699416234328e-08-solution(['NR1D1','FOXA1','SP1']).
2.77368034135478e-08-solution(['U2AF1L4','HSPA8','SRSF4']).
2.79462655664022e-08-solution(['DDX23','YBX1','SRSF1']).
2.79462655664022e-08-solution(['POLR2B','YBX1','SRSF1']).
2.7947548952938e-08-solution(['CCNK','TAF6','TP53']).
2.79609903936903e-08-solution(['SRSF1','HSPA8','SNRPA1']).
2.80163708764243e-08-solution(['CD3D','HSPA8','SNRPA1']).
2.80198412513197e-08-solution(['DDX23','U2AF1L4','SRSF1']).
2.80198412513197e-08-solution(['NUP43','U2AF1L4','SRSF1']).
2.80198412513197e-08-solution(['POLR2B','U2AF1L4','SRSF1']).
2.81578987767445e-08-solution(['U2AF1L4','HSPA8','SNRPA1']).
2.8165759463824e-08-solution(['TP53','FOXA1','SP1']).
2.82173960593557e-08-solution(['INSIG1','E2F1','SRSF1']).
2.83009779994828e-08-solution(['U2AF1L4','NUP43','SRSF1']).
2.83927083693441e-08-solution(['DDX23','SNRNP200','SRSF1']).
2.83927083693441e-08-solution(['POLR2B','SNRNP200','SRSF1']).
2.84133884261163e-08-solution(['KIF2B','NUP43','SRSF1']).
2.84297090049187e-08-solution(['PLRG1','SF3B3','SRSF1']).
2.84447939258208e-08-solution(['EPN1','HSPA8','SNRNP200']).
2.84447939258208e-08-solution(['HIP1R','HSPA8','SNRNP200']).
2.84447939258208e-08-solution(['SIRT1','HSPA8','SNRNP200']).
2.84447939258208e-08-solution(['SP1','HSPA8','SNRNP200']).
2.84447939258208e-08-solution(['SRSF4','HSPA8','SNRNP200']).
2.86201479605911e-08-solution(['SNRNP200','DDX23','SRSF1']).
2.86201479605911e-08-solution(['SRSF4','DDX23','SRSF1']).
2.86483236719101e-08-solution(['YBX1','U2AF1L4','SRSF1']).
2.88304661095834e-08-solution(['SNRPA1','SF3B3','SRSF1']).
2.9026965034682e-08-solution(['CDKN1B','E2F1','SRSF1']).
2.91350415091286e-08-solution(['SNRPB2','SF3B3','SRSF1']).
2.91523794962831e-08-solution(['YBX1','SNRNP200','SRSF1']).
2.92244325574512e-08-solution(['PLRG1','U2AF1L4','SRSF1']).
2.92864044416219e-08-solution(['PLRG1','YBX1','SRSF1']).
2.94316017665806e-08-solution(['GPKOW','SF3B3','SRSF1']).
2.94661039145613e-08-solution(['SF3B3','PLRG1','SRSF1']).
2.95517671515087e-08-solution(['NXF1','U2AF1L4','SRSF1']).
2.95517671515087e-08-solution(['SNRPA1','U2AF1L4','SRSF1']).
2.96433953699853e-08-solution(['SP1','TAF6','TP53']).
2.96505726142359e-08-solution(['SNRPA1','YBX1','SRSF1']).
2.96893044979256e-08-solution(['DDX23','HSPA8','SNRNP200']).
2.96893044979256e-08-solution(['LDLRAP1','HSPA8','SNRNP200']).
2.96893044979256e-08-solution(['POLR2B','HSPA8','SNRNP200']).
2.97059583688266e-08-solution(['IRF2BPL','E2F1','SRSF1']).
2.97334391134166e-08-solution(['SF3B3','SNRPA1','SRSF1']).
2.98005414429924e-08-solution(['DDX39B','U2AF1L4','SRSF1']).
2.98005414429924e-08-solution(['SNRPB2','U2AF1L4','SRSF1']).
2.98405723301481e-08-solution(['POLR2B','DDX23','SRSF1']).
2.98487446959771e-08-solution(['PLRG1','SNRNP200','SRSF1']).
2.99273404254226e-08-solution(['SNRPB2','YBX1','SRSF1']).
3.00427690425949e-08-solution(['DDX39A','U2AF1L4','SRSF1']).
3.00427690425949e-08-solution(['GPKOW','U2AF1L4','SRSF1']).
3.00607976370296e-08-solution(['SF3B3','SNRPB2','SRSF1']).
3.0196824873157e-08-solution(['GPKOW','YBX1','SRSF1']).
3.02097769349841e-08-solution(['HDAC3','TFDP1','TP53']).
3.02282609335532e-08-solution(['TP53','E2F1','SRSF1']).
3.02444067412578e-08-solution(['SNRPA1','SNRNP200','SRSF1']).
3.02892219705632e-08-solution(['HNRNPA1','SF3B3','SRSF1']).
3.04418741272456e-08-solution(['SF3B3','HNRNPA1','SRSF1']).
3.04701738765012e-08-solution(['HGS','HSPA8','SNRNP200']).
3.04701738765012e-08-solution(['YBX1','HSPA8','SNRNP200']).
3.05451098956712e-08-solution(['SNRPB2','SNRNP200','SRSF1']).
3.06063287973211e-08-solution(['YBX1','DDX23','SRSF1']).
3.07432650738779e-08-solution(['HNRNPA1','U2AF1L4','SRSF1']).
3.07965709335774e-08-solution(['POLR2B','TAF6','TP53']).
3.08378998091789e-08-solution(['GPKOW','SNRNP200','SRSF1']).
3.08944697369527e-08-solution(['SF3B3','GPKOW','SRSF1']).
3.09761447625511e-08-solution(['HNRNPA1','YBX1','SRSF1']).
3.11859708068621e-08-solution(['PLRG1','HSPA8','SNRNP200']).
3.12529322158883e-08-solution(['E2F1','TFDP1','TP53']).
3.12750844480385e-08-solution(['U2AF1L4','SF3B3','SRSF1']).
3.1308272225563e-08-solution(['PLRG1','DDX23','SRSF1']).
3.13352534439597e-08-solution(['SNRNP200','PLRG1','SRSF1']).
3.13352534439597e-08-solution(['SRSF4','PLRG1','SRSF1']).
3.15155387108374e-08-solution(['HSPA8','SF3B3','SRSF1']).
3.15926736082035e-08-solution(['APOB','HSPA8','SNRNP200']).
3.15926736082035e-08-solution(['SNRPA1','HSPA8','SNRNP200']).
3.15933289662158e-08-solution(['SNRNP200','SNRPA1','SRSF1']).
3.15933289662158e-08-solution(['SRSF4','SNRPA1','SRSF1']).
3.16846165860796e-08-solution(['HNRNPA1','SNRNP200','SRSF1']).
3.17071037188823e-08-solution(['SNRPA1','DDX23','SRSF1']).
3.17449089316938e-08-solution(['HSPA8','U2AF1L4','SRSF1']).
3.18719984671816e-08-solution(['U2AF1L4','YBX1','SRSF1']).
3.1901767737223e-08-solution(['SNRPB2','HSPA8','SNRNP200']).
3.19215072569283e-08-solution(['SNRNP200','SNRPB2','SRSF1']).
3.19215072569283e-08-solution(['SRSF4','SNRPB2','SRSF1']).
3.19789682913975e-08-solution(['CDKN1B','TFDP1','TP53']).
3.20102156538049e-08-solution(['SNRPB2','DDX23','SRSF1']).
3.20904993707501e-08-solution(['HSPA8','YBX1','SRSF1']).
3.22027278102157e-08-solution(['GPKOW','HSPA8','SNRNP200']).
3.22027278102157e-08-solution(['GPR37L1','HSPA8','SNRNP200']).
3.22543699405905e-08-solution(['SNRNP200','HNRNPA1','SRSF1']).
3.22543699405905e-08-solution(['SRSF4','HNRNPA1','SRSF1']).
3.23053509588612e-08-solution(['GPKOW','DDX23','SRSF1']).
3.26062751239507e-08-solution(['DDX23','PLRG1','SRSF1']).
3.26062751239507e-08-solution(['POLR2B','PLRG1','SRSF1']).
3.26579452174702e-08-solution(['U2AF1L4','SNRNP200','SRSF1']).
3.27875132257366e-08-solution(['SNRNP200','GPKOW','SRSF1']).
3.27875132257366e-08-solution(['SRSF4','GPKOW','SRSF1']).
3.28468734851098e-08-solution(['RING1','TFDP1','TP53']).
3.28580540661193e-08-solution(['DDX23','SNRPA1','SRSF1']).
3.28580540661193e-08-solution(['POLR2B','SNRPA1','SRSF1']).
3.28953424446386e-08-solution(['HSPA8','SNRNP200','SRSF1']).
3.30634422022236e-08-solution(['FANCB','TOP3A','TP53']).
3.30634422022236e-08-solution(['RAD51D','TOP3A','TP53']).
3.30730718050864e-08-solution(['HNRNPA1','HSPA8','SNRNP200']).
3.31588503545644e-08-solution(['HNRNPA1','DDX23','SRSF1']).
3.31867897984594e-08-solution(['DDX23','SNRPB2','SRSF1']).
3.31867897984594e-08-solution(['POLR2B','SNRPB2','SRSF1']).
3.33893316778629e-08-solution(['NABP1','TAF6','TP53']).
3.34037789231607e-08-solution(['YBX1','PLRG1','SRSF1']).
3.34527870571648e-08-solution(['IFI16','TP53','TAF6']).
3.34527870571648e-08-solution(['NOS2','TP53','TAF6']).
3.34527870571648e-08-solution(['RBL2','TP53','TAF6']).
3.34527870571648e-08-solution(['SMYD2','TP53','TAF6']).
3.34527870571648e-08-solution(['TFDP1','TP53','TAF6']).
3.3486867093665e-08-solution(['DDX23','HNRNPA1','SRSF1']).
3.3486867093665e-08-solution(['POLR2B','HNRNPA1','SRSF1']).
3.36516070699803e-08-solution(['YBX1','SNRPA1','SRSF1']).
3.38132709035278e-08-solution(['SRSF1','HSPA8','SNRNP200']).
3.38864774077693e-08-solution(['CD3D','HSPA8','SNRNP200']).
3.3932002531318e-08-solution(['ERCC2','TAF6','TP53']).
3.39806925696162e-08-solution(['YBX1','SNRPB2','SRSF1']).
3.40735606963864e-08-solution(['U2AF1L4','HSPA8','SNRNP200']).
3.40747827981096e-08-solution(['DDX23','GPKOW','SRSF1']).
3.40747827981096e-08-solution(['POLR2B','GPKOW','SRSF1']).
3.41399758281298e-08-solution(['U2AF1L4','DDX23','SRSF1']).
3.42601986406922e-08-solution(['YBX1','HNRNPA1','SRSF1']).
3.43790306568528e-08-solution(['PLRG1','SNRPA1','SRSF1']).
3.43792747241214e-08-solution(['HSPA8','DDX23','SRSF1']).
3.44452249547339e-08-solution(['RMI1','TOP3A','TP53']).
3.45501906345251e-08-solution(['SNRPA1','PLRG1','SRSF1']).
3.47084367765099e-08-solution(['PLRG1','SNRPB2','SRSF1']).
3.48658692217124e-08-solution(['SNRPB2','PLRG1','SRSF1']).
3.4882481353324e-08-solution(['YBX1','GPKOW','SRSF1']).
3.49690858921337e-08-solution(['PLRG1','HNRNPA1','SRSF1']).
3.50312238942572e-08-solution(['NXF1','TPR','SRSF1']).
3.50984967374896e-08-solution(['SF3B3','SRSF1','SNRPB2']).
3.50984967374896e-08-solution(['TPR','SRSF1','SNRPB2']).
3.50984967374896e-08-solution(['ZC3H11A','SRSF1','SNRPB2']).
3.51064542437254e-08-solution(['SNRPB2','SNRPA1','SRSF1']).
3.5121927803154e-08-solution(['SNRPA1','SNRPB2','SRSF1']).
3.51454748564051e-08-solution(['TAF1L','TAF6','TP53']).
3.51520215465092e-08-solution(['PLRG1','SRSF4','SNRPB2']).
3.51732404776579e-08-solution(['GPKOW','PLRG1','SRSF1']).
3.53718627395437e-08-solution(['SNRPA1','HNRNPA1','SRSF1']).
3.54123027972968e-08-solution(['GPKOW','SNRPA1','SRSF1']).
3.54125935032032e-08-solution(['CDK12','SUPT16H','TP53']).
3.548268918442e-08-solution(['CEBPZ','TP53','TAF6']).
3.548268918442e-08-solution(['SIRT1','TP53','TAF6']).
3.548268918442e-08-solution(['SP1','TP53','TAF6']).
3.548268918442e-08-solution(['SUPT16H','TP53','TAF6']).
3.548268918442e-08-solution(['UBN1','TP53','TAF6']).
3.5622871695604e-08-solution(['PLRG1','GPKOW','SRSF1']).
3.56461055004665e-08-solution(['SF3B3','SRSF1','SNRPA1']).
3.56461055004665e-08-solution(['TPR','SRSF1','SNRPA1']).
3.56461055004665e-08-solution(['ZC3H11A','SRSF1','SNRPA1']).
3.56489401434346e-08-solution(['NXF1','SRSF4','SNRPB2']).
3.56489401434346e-08-solution(['SNRPA1','SRSF4','SNRPB2']).
3.56775428957097e-08-solution(['PLRG1','SRSF4','SNRPA1']).
3.56779731435753e-08-solution(['SNRPB2','HNRNPA1','SRSF1']).
3.57421643431203e-08-solution(['GPKOW','SNRPB2','SRSF1']).
3.57616497469314e-08-solution(['PIAS3','TPR','SRSF1']).
3.58787956445338e-08-solution(['NUP43','NUP54','SRSF1']).
3.59760280106587e-08-solution(['GPKOW','HNRNPA1','SRSF1']).
3.6026598277098e-08-solution(['DDX39B','SRSF4','SNRPB2']).
3.60435480264448e-08-solution(['SNRPA1','GPKOW','SRSF1']).
3.60621249205274e-08-solution(['HNRNPA1','PLRG1','SRSF1']).
3.60971798983493e-08-solution(['DDX23','POLR2B','TAF6']).
3.61213786227061e-08-solution(['NUP43','POM121C','SRSF1']).
3.61873677441765e-08-solution(['NXF1','SRSF4','SNRPA1']).
3.62769803582997e-08-solution(['FES','SP1','TAF6']).
3.62769803582997e-08-solution(['MMP12','SP1','TAF6']).
3.62967837495169e-08-solution(['HNRNPA1','SNRPA1','SRSF1']).
3.63632620378839e-08-solution(['SNRPB2','GPKOW','SRSF1']).
3.63943180388229e-08-solution(['DDX39A','SRSF4','SNRPB2']).
3.63943180388229e-08-solution(['GPKOW','SRSF4','SNRPB2']).
3.65748346290113e-08-solution(['DDX39B','SRSF4','SNRPA1']).
3.65748346290113e-08-solution(['SNRPB2','SRSF4','SNRPA1']).
3.65828014199906e-08-solution(['SF3B3','U2AF1L4','SNRPB2']).
3.65828014199906e-08-solution(['TPR','U2AF1L4','SNRPB2']).
3.65828014199906e-08-solution(['ZC3H11A','U2AF1L4','SNRPB2']).
3.66270351401387e-08-solution(['HNRNPA1','SNRPB2','SRSF1']).
3.66472557440258e-08-solution(['E2F1','SP1','TAF6']).
3.66472557440258e-08-solution(['NR2F1','SP1','TAF6']).
3.68630226309535e-08-solution(['AKT1','TP53','TAF6']).
3.68630226309535e-08-solution(['P2RX4','TP53','TAF6']).
3.68630226309535e-08-solution(['PSMC2','TP53','TAF6']).
3.68630226309535e-08-solution(['RMI1','TP53','TAF6']).
3.68630226309535e-08-solution(['TOP3A','TP53','TAF6']).
3.68630226309535e-08-solution(['TYRP1','TP53','TAF6']).
3.69521050168768e-08-solution(['DDX39A','SRSF4','SNRPA1']).
3.69521050168768e-08-solution(['GPKOW','SRSF4','SNRPA1']).
3.69570994342152e-08-solution(['POLR2B','SUPT16H','TP53']).
3.69975162440369e-08-solution(['IGFBP3','SP1','TAF6']).
3.69975162440369e-08-solution(['NABP1','SP1','TAF6']).
3.70839266632652e-08-solution(['U2AF1L4','PLRG1','SRSF1']).
3.70855795761136e-08-solution(['YBX1','POLR2B','TAF6']).
3.71577631753245e-08-solution(['SF3B3','U2AF1L4','SNRPA1']).
3.71577631753245e-08-solution(['TPR','U2AF1L4','SNRPA1']).
3.71577631753245e-08-solution(['ZC3H11A','U2AF1L4','SNRPA1']).
3.72710309234415e-08-solution(['NUP54','SRSF1','SNRPB2']).
3.72710309234415e-08-solution(['POM121C','SRSF1','SNRPB2']).
3.72710309234415e-08-solution(['SNRNP200','SRSF1','SNRPB2']).
3.72710309234415e-08-solution(['SRSF4','SRSF1','SNRPB2']).
3.73135235357138e-08-solution(['U2AF1L4','SNRPA1','SRSF1']).
3.73331466005183e-08-solution(['HSPA8','PLRG1','SRSF1']).
3.74577238362434e-08-solution(['HNRNPA1','SRSF4','SNRPB2']).
3.75338838478433e-08-solution(['FANCB','RMI1','TP53']).
3.75338838478433e-08-solution(['RAD51D','RMI1','TP53']).
3.75615088494204e-08-solution(['HSPA8','SNRPA1','SRSF1']).
3.75748098707055e-08-solution(['HNRNPA1','GPKOW','SRSF1']).
3.76442230656833e-08-solution(['U2AF1L4','SNRPB2','SRSF1']).
3.77180521297742e-08-solution(['RPS6KB2','SP1','TAF6']).
3.7729114205249e-08-solution(['P2RX1','TP53','TAF6']).
3.7729114205249e-08-solution(['PERP','TP53','TAF6']).
3.7729114205249e-08-solution(['PSMC1','TP53','TAF6']).
3.7729114205249e-08-solution(['TSC2','TP53','TAF6']).
3.78288015087445e-08-solution(['U2AF1L4','HNRNPA1','SRSF1']).
3.78758452106708e-08-solution(['NUP54','SRSF1','SNRPA1']).
3.78758452106708e-08-solution(['POM121C','SRSF1','SNRPA1']).
3.78758452106708e-08-solution(['SNRNP200','SRSF1','SNRPA1']).
3.78758452106708e-08-solution(['SRSF4','SRSF1','SNRPA1']).
3.78923176816698e-08-solution(['HSPA8','SNRPB2','SRSF1']).
3.79916126140642e-08-solution(['HDAC3','POLR2B','TAF6']).
3.79916126140642e-08-solution(['PLRG1','POLR2B','TAF6']).
3.80016223617991e-08-solution(['U2AF1L4','TPR','SRSF1']).
3.80182754154981e-08-solution(['FOXA1','SP1','TAF6']).
3.80431301925958e-08-solution(['HNRNPA1','SRSF4','SNRPA1']).
3.80704676171905e-08-solution(['HSPA8','HNRNPA1','SRSF1']).
3.81793246586116e-08-solution(['DDX23','SRSF1','SRSF4']).
3.81793246586116e-08-solution(['NUP43','SRSF1','SRSF4']).
3.81793246586116e-08-solution(['POLR2B','SRSF1','SRSF4']).
3.82187170996121e-08-solution(['NXF1','NUP54','SRSF1']).
3.83621156826478e-08-solution(['SRSF1','SRSF4','SNRPB2']).
3.84771207067957e-08-solution(['NXF1','POM121C','SRSF1']).
3.85064041128998e-08-solution(['SNRPA1','POLR2B','TAF6']).
3.85230314816866e-08-solution(['HDAC3','TP53','TAF6']).
3.85230314816866e-08-solution(['TYMS','TP53','TAF6']).
3.86096736445741e-08-solution(['U2AF1L4','GPKOW','SRSF1']).
3.86787666440905e-08-solution(['MMP9','SP1','TAF6']).
3.86801435846801e-08-solution(['U2AF1L4','SRSF4','SNRPB2']).
3.87483541698887e-08-solution(['DDX23','SRSF1','SNRPB2']).
3.87483541698887e-08-solution(['NUP43','SRSF1','SNRPB2']).
3.87483541698887e-08-solution(['POLR2B','SRSF1','SNRPB2']).
3.88274510844296e-08-solution(['NUP54','U2AF1L4','SNRPB2']).
3.88274510844296e-08-solution(['POM121C','U2AF1L4','SNRPB2']).
3.88274510844296e-08-solution(['SNRNP200','U2AF1L4','SNRPB2']).
3.88274510844296e-08-solution(['SRSF4','U2AF1L4','SNRPB2']).
3.88620794430786e-08-solution(['HSPA8','GPKOW','SRSF1']).
3.88976456520148e-08-solution(['SNRPB2','POLR2B','TAF6']).
3.89686919249577e-08-solution(['PIAS3','NUP54','SRSF1']).
3.89710114168055e-08-solution(['SRSF1','SRSF4','SNRPA1']).
3.89741208432988e-08-solution(['PSMD6','TP53','TAF6']).
3.89782947428354e-08-solution(['HSPA8','SRSF4','SNRPB2']).
3.91024946724049e-08-solution(['TOP3A','RMI1','TP53']).
3.91024946724049e-08-solution(['TOP3B','RMI1','TP53']).
3.92008450508153e-08-solution(['YBX1','SRSF1','SRSF4']).
3.9232166246568e-08-solution(['PIAS3','POM121C','SRSF1']).
3.92491908869659e-08-solution(['HSPA8','SP1','TAF6']).
3.92785913611531e-08-solution(['GPKOW','POLR2B','TAF6']).
3.92972993198242e-08-solution(['U2AF1L4','SRSF4','SNRPA1']).
3.93169487581242e-08-solution(['SSTR2','TP53','TAF6']).
3.93513719767452e-08-solution(['PGR','PIAS3','TP53']).
3.93513719767452e-08-solution(['TPR','PIAS3','TP53']).
3.9359272758398e-08-solution(['TP53','SP1','TAF6']).
3.93920682136098e-08-solution(['DDX23','SRSF1','SNRPA1']).
3.93920682136098e-08-solution(['NUP43','SRSF1','SNRPA1']).
3.93920682136098e-08-solution(['POLR2B','SRSF1','SNRPA1']).
3.94615649704328e-08-solution(['NUP54','U2AF1L4','SNRPA1']).
3.94615649704328e-08-solution(['POM121C','U2AF1L4','SNRPA1']).
3.94615649704328e-08-solution(['SNRNP200','U2AF1L4','SNRPA1']).
3.94615649704328e-08-solution(['SRSF4','U2AF1L4','SNRPA1']).
3.96031942289043e-08-solution(['HSPA8','SRSF4','SNRPA1']).
3.9638945410338e-08-solution(['KMT2D','POLR2B','TAF6']).
3.9638945410338e-08-solution(['NABP1','POLR2B','TAF6']).
3.96507548857172e-08-solution(['E2F1','TP53','TAF6']).
3.96507548857172e-08-solution(['LIG4','TP53','TAF6']).
3.96507548857172e-08-solution(['PIAS3','TP53','TAF6']).
3.96507548857172e-08-solution(['PIDD1','TP53','TAF6']).
3.96507548857172e-08-solution(['PSMD2','TP53','TAF6']).
3.96753020892282e-08-solution(['YBX1','SRSF1','SNRPB2']).
3.98094858349429e-08-solution(['DDX23','U2AF1L4','SRSF4']).
3.98094858349429e-08-solution(['NUP43','U2AF1L4','SRSF4']).
3.98094858349429e-08-solution(['POLR2B','U2AF1L4','SRSF4']).
3.98190578165777e-08-solution(['SRSF1','NUP43','SRSF4']).
3.99665174388458e-08-solution(['IGFBP3','TP53','TAF6']).
3.99782117277389e-08-solution(['DDX23','YBX1','SNRPB2']).
3.99782117277389e-08-solution(['POLR2B','YBX1','SNRPB2']).
4.01018442473295e-08-solution(['CCNG1','TP53','TAF6']).
4.01372387436687e-08-solution(['PLRG1','SRSF1','SRSF4']).
4.01387665753599e-08-solution(['SP1','SIRT1','TP53']).
4.01741887670043e-08-solution(['U2AF1L4','NUP43','SRSF4']).
4.03434238232969e-08-solution(['YBX1','SRSF1','SNRPA1']).
4.03538128562482e-08-solution(['DDX23','U2AF1L4','SNRPB2']).
4.03538128562482e-08-solution(['NUP43','U2AF1L4','SNRPB2']).
4.03538128562482e-08-solution(['POLR2B','U2AF1L4','SNRPB2']).
4.03628520844184e-08-solution(['KIF2B','NUP43','SRSF4']).
4.03802451686612e-08-solution(['ERCC2','POLR2B','TAF6']).
4.03802451686612e-08-solution(['HNRNPA1','POLR2B','TAF6']).
4.04356503749226e-08-solution(['CDKN1B','TP53','TAF6']).
4.05250043486227e-08-solution(['PLRG1','SRSF1','SNRPB2']).
4.05986047956268e-08-solution(['DDX23','YBX1','SNRPA1']).
4.05986047956268e-08-solution(['POLR2B','YBX1','SNRPA1']).
4.0669280614608e-08-solution(['NXF1','SRSF1','SRSF4']).
4.0669280614608e-08-solution(['SNRPA1','SRSF1','SRSF4']).
4.08652070062563e-08-solution(['YBX1','U2AF1L4','SRSF4']).
4.08867397365348e-08-solution(['FOXA1','TP53','TAF6']).
4.09859793960895e-08-solution(['KLK3','TP53','TAF6']).
4.10077897232787e-08-solution(['NXF1','SRSF1','SNRPB2']).
4.10077897232787e-08-solution(['SNRPA1','SRSF1','SNRPB2']).
4.10281501911064e-08-solution(['DDX23','U2AF1L4','SNRPA1']).
4.10281501911064e-08-solution(['NUP43','U2AF1L4','SNRPA1']).
4.10281501911064e-08-solution(['POLR2B','U2AF1L4','SNRPA1']).
4.1073632436522e-08-solution(['DDX39B','SRSF1','SRSF4']).
4.1073632436522e-08-solution(['SNRPB2','SRSF1','SRSF4']).
4.11565403969668e-08-solution(['ERCC2','SUPT16H','TP53']).
4.12154997988435e-08-solution(['PLRG1','SRSF1','SNRPA1']).
4.12686147226842e-08-solution(['U2AF1L4','NUP54','SRSF1']).
4.13115300464088e-08-solution(['YBX1','U2AF1L4','SNRPB2']).
4.13171656965419e-08-solution(['SRSF1','POLR2B','TAF6']).
4.13747066080172e-08-solution(['DDX39B','SRSF1','SNRPB2']).
4.14673434210172e-08-solution(['DDX39A','SRSF1','SRSF4']).
4.14673434210172e-08-solution(['E2F1','SRSF1','SRSF4']).
4.14673434210172e-08-solution(['GPKOW','SRSF1','SRSF4']).
4.1547639235203e-08-solution(['U2AF1L4','POM121C','SRSF1']).
4.16466322557967e-08-solution(['U2AF1L4','POLR2B','TAF6']).
4.17109975122223e-08-solution(['NXF1','SRSF1','SNRPA1']).
4.17156066081918e-08-solution(['NUP54','PIAS3','TP53']).
4.17156066081918e-08-solution(['POM121C','PIAS3','TP53']).
4.17319677852627e-08-solution(['DDX39A','SRSF1','SNRPB2']).
4.17319677852627e-08-solution(['E2F1','SRSF1','SNRPB2']).
4.17319677852627e-08-solution(['GPKOW','SRSF1','SNRPB2']).
4.18329514132936e-08-solution(['PLRG1','U2AF1L4','SRSF4']).
4.1955507155098e-08-solution(['HSPA8','POLR2B','TAF6']).
4.2011105623686e-08-solution(['YBX1','U2AF1L4','SNRPA1']).
4.20204079958966e-08-solution(['PLRG1','YBX1','SNRPB2']).
4.20378737949117e-08-solution(['TAF1L','POLR2B','TAF6']).
4.20685938639589e-08-solution(['TAF1L','TP53','TAF6']).
4.20875757743901e-08-solution(['DDX39B','SRSF1','SNRPA1']).
4.20875757743901e-08-solution(['SNRPB2','SRSF1','SNRPA1']).
4.21894374707227e-08-solution(['PLRG1','U2AF1L4','SNRPB2']).
4.23828061900193e-08-solution(['NXF1','U2AF1L4','SRSF4']).
4.23828061900193e-08-solution(['SNRPA1','U2AF1L4','SRSF4']).
4.24542440822904e-08-solution(['DDX39A','SRSF1','SNRPA1']).
4.24542440822904e-08-solution(['E2F1','SRSF1','SNRPA1']).
4.24542440822904e-08-solution(['GPKOW','SRSF1','SNRPA1']).
4.25753526339829e-08-solution(['SNRPA1','YBX1','SNRPB2']).
4.25942734383046e-08-solution(['POLR2B','DDX23','SNRPB2']).
4.26059130248275e-08-solution(['HNRNPA1','SRSF1','SRSF4']).
4.26092347316349e-08-solution(['PLRG1','SNRNP200','SNRPB2']).
4.26385082873393e-08-solution(['GPKOW','YBX1','SRSF4']).
4.26882485072647e-08-solution(['NXF1','U2AF1L4','SNRPB2']).
4.26882485072647e-08-solution(['SNRPA1','U2AF1L4','SNRPB2']).
4.26946045942787e-08-solution(['PLRG1','YBX1','SNRPA1']).
4.27651284870265e-08-solution(['HNRNPA1','SRSF1','SNRPB2']).
4.28006958203309e-08-solution(['DDX39B','U2AF1L4','SRSF4']).
4.28006958203309e-08-solution(['SNRPB2','U2AF1L4','SRSF4']).
4.29121481035505e-08-solution(['PLRG1','U2AF1L4','SNRPA1']).
4.30673448950367e-08-solution(['DDX39B','U2AF1L4','SNRPB2']).
4.32062051680992e-08-solution(['HNRNPA1','SF3B3','SNRPB2']).
4.32075883551079e-08-solution(['DDX39A','U2AF1L4','SRSF4']).
4.32075883551079e-08-solution(['GPKOW','U2AF1L4','SRSF4']).
4.32115705350225e-08-solution(['SNRPA1','SNRNP200','SNRPB2']).
4.32539280610831e-08-solution(['PLRG1','SNRNP200','SNRPA1']).
4.33232861575756e-08-solution(['NUP43','PIAS3','TP53']).
4.34077695911124e-08-solution(['GPKOW','YBX1','SNRPB2']).
4.3424104058019e-08-solution(['NXF1','U2AF1L4','SNRPA1']).
4.34364650620777e-08-solution(['DDX39A','U2AF1L4','SNRPB2']).
4.34364650620777e-08-solution(['GPKOW','U2AF1L4','SNRPB2']).
4.35146091889209e-08-solution(['HNRNPA1','SRSF1','SNRPA1']).
4.35185839319067e-08-solution(['SF3B3','HNRNPA1','SNRPB2']).
4.36970392805905e-08-solution(['SNRPB2','YBX1','SNRPA1']).
4.37605741371287e-08-solution(['YBX1','DDX23','SNRPB2']).
4.38131905834151e-08-solution(['DDX39B','U2AF1L4','SNRPA1']).
4.38131905834151e-08-solution(['SNRPB2','U2AF1L4','SNRPA1']).
4.38536091656375e-08-solution(['HNRNPA1','SF3B3','SNRPA1']).
4.39147360273384e-08-solution(['U2AF1L4','SRSF1','SRSF4']).
4.39472634183621e-08-solution(['HNRNPA1','YBX1','SRSF4']).
4.39527805086802e-08-solution(['U2AF1L4','SRSF1','SNRPB2']).
4.39947427258434e-08-solution(['HDAC3','SIRT1','TP53']).
4.41150742401038e-08-solution(['GPKOW','SNRNP200','SNRPB2']).
4.41185175009715e-08-solution(['GPKOW','YBX1','SNRPA1']).
4.41889662923344e-08-solution(['SF3B3','HNRNPA1','SNRPA1']).
4.41920379897218e-08-solution(['DDX39A','U2AF1L4','SNRPA1']).
4.41920379897218e-08-solution(['GPKOW','U2AF1L4','SNRPA1']).
4.42339611499021e-08-solution(['HSPA8','SRSF1','SRSF4']).
4.42424517334738e-08-solution(['HSPA8','SRSF1','SNRPB2']).
4.43156195784539e-08-solution(['SRSF1','SF3B3','SNRPB2']).
4.43320262669928e-08-solution(['IL6ST','PIAS3','TP53']).
4.43417662060889e-08-solution(['SNRPB2','SNRNP200','SNRPA1']).
4.4384277577301e-08-solution(['HNRNPA1','U2AF1L4','SRSF4']).
4.44353863594509e-08-solution(['YBX1','DDX23','SNRPA1']).
4.45039206802776e-08-solution(['HNRNPA1','U2AF1L4','SNRPB2']).
4.45953511166171e-08-solution(['HNRNPA1','YBX1','SNRPB2']).
4.470574332715e-08-solution(['U2AF1L4','SF3B3','SNRPB2']).
4.47335335638326e-08-solution(['U2AF1L4','SRSF1','SNRPA1']).
4.47669841494038e-08-solution(['SNRNP200','PLRG1','SNRPB2']).
4.47669841494038e-08-solution(['SRSF4','PLRG1','SNRPB2']).
4.47991526988754e-08-solution(['GPKOW','SNRNP200','SNRPA1']).
4.48296831110508e-08-solution(['PLRG1','DDX23','SNRPB2']).
4.49918517309749e-08-solution(['SRSF1','SF3B3','SNRPA1']).
4.50308321918598e-08-solution(['HSPA8','SRSF1','SNRPA1']).
4.50603168475497e-08-solution(['SRSF1','YBX1','SRSF4']).
4.50714843415527e-08-solution(['HSPA8','SF3B3','SNRPB2']).
4.51806240661791e-08-solution(['SNRNP200','SNRPA1','SNRPB2']).
4.51806240661791e-08-solution(['SRSF4','SNRPA1','SNRPB2']).
4.52876237322844e-08-solution(['HNRNPA1','U2AF1L4','SNRPA1']).
4.53373869491006e-08-solution(['HNRNPA1','YBX1','SNRPA1']).
4.53850132709418e-08-solution(['SRSF1','U2AF1L4','SRSF4']).
4.53921128528518e-08-solution(['U2AF1L4','SF3B3','SNRPA1']).
4.54040728593532e-08-solution(['HNRNPA1','SNRNP200','SNRPB2']).
4.54117567667841e-08-solution(['SRSF1','U2AF1L4','SNRPB2']).
4.54250009418982e-08-solution(['E2F1','SIRT1','TP53']).
4.54371313916883e-08-solution(['SNRPA1','DDX23','SNRPB2']).
4.54512516358848e-08-solution(['SNRNP200','PLRG1','SNRPA1']).
4.54512516358848e-08-solution(['SRSF4','PLRG1','SNRPA1']).
4.545172025122e-08-solution(['U2AF1L4','YBX1','SRSF4']).
4.55325563930176e-08-solution(['PLRG1','DDX23','SNRPA1']).
4.56053503579342e-08-solution(['SRSF1','YBX1','SNRPB2']).
4.57673576546114e-08-solution(['HSPA8','SF3B3','SNRPA1']).
4.5818660942161e-08-solution(['HSPA8','YBX1','SRSF4']).
4.59605149263095e-08-solution(['U2AF1L4','YBX1','SNRPB2']).
4.60302824520962e-08-solution(['HSPA8','U2AF1L4','SNRPB2']).
4.60668331940817e-08-solution(['HSPA8','U2AF1L4','SRSF4']).
4.61218649888257e-08-solution(['HNRNPA1','SNRNP200','SNRPA1']).
4.62193835694171e-08-solution(['SRSF1','U2AF1L4','SNRPA1']).
4.62814737131367e-08-solution(['SNRNP200','HNRNPA1','SNRPB2']).
4.62814737131367e-08-solution(['SRSF4','HNRNPA1','SNRPB2']).
4.62934817091612e-08-solution(['HSPA8','YBX1','SNRPB2']).
4.63032907863685e-08-solution(['HSPA8','SNRNP200','SRSF4']).
4.63483038126447e-08-solution(['GPKOW','DDX23','SNRPB2']).
4.6373995545173e-08-solution(['SRSF1','YBX1','SNRPA1']).
4.6395269902117e-08-solution(['SNRNP200','SNRPB2','SNRPA1']).
4.6395269902117e-08-solution(['SRSF4','SNRPB2','SNRPA1']).
4.65003240215185e-08-solution(['SRSF1','SNRNP200','SNRPB2']).
4.66297264265843e-08-solution(['SNRPB2','DDX23','SNRPA1']).
4.6649301974841e-08-solution(['FOSB','SIRT1','TP53']).
4.67034694688437e-08-solution(['DDX23','PLRG1','SNRPB2']).
4.67034694688437e-08-solution(['POLR2B','PLRG1','SNRPB2']).
4.67385172492864e-08-solution(['U2AF1L4','YBX1','SNRPA1']).
4.67577587530763e-08-solution(['HNRNPA1','DDX23','SRSF4']).
4.68151051479293e-08-solution(['HSPA8','SRSF4','SNRNP200']).
4.6854208952958e-08-solution(['HSPA8','U2AF1L4','SNRPA1']).
4.68858189356865e-08-solution(['U2AF1L4','SNRNP200','SNRPB2']).
4.69017830463776e-08-solution(['DDX23','SRSF1','SNRNP200']).
4.69017830463776e-08-solution(['NUP43','SRSF1','SNRNP200']).
4.69017830463776e-08-solution(['POLR2B','SRSF1','SNRNP200']).
4.69524374141077e-08-solution(['SNRNP200','GPKOW','SNRPB2']).
4.69524374141077e-08-solution(['SRSF4','GPKOW','SNRPB2']).
4.70248240834854e-08-solution(['SNRNP200','HNRNPA1','SNRPA1']).
4.70248240834854e-08-solution(['SRSF4','HNRNPA1','SNRPA1']).
4.70802563468927e-08-solution(['HSPA8','YBX1','SNRPA1']).
4.70910365543339e-08-solution(['GPKOW','DDX23','SNRPA1']).
4.7107759689855e-08-solution(['DDX23','SNRPA1','SNRPB2']).
4.7107759689855e-08-solution(['POLR2B','SNRPA1','SNRPB2']).
4.72467885251385e-08-solution(['SRSF1','SNRNP200','SNRPA1']).
4.7247220417719e-08-solution(['HSPA8','SNRNP200','SNRPB2']).
4.73678046402332e-08-solution(['DDX23','HNRNPA1','SRSF4']).
4.73678046402332e-08-solution(['POLR2B','HNRNPA1','SRSF4']).
4.74386884750646e-08-solution(['DDX23','PLRG1','SNRPA1']).
4.74386884750646e-08-solution(['POLR2B','PLRG1','SNRPA1']).
4.76423660324133e-08-solution(['U2AF1L4','SNRNP200','SNRPA1']).
4.7648243133209e-08-solution(['HNRNPA1','DDX23','SNRPB2']).
4.76898571988284e-08-solution(['SNRNP200','GPKOW','SNRPA1']).
4.76898571988284e-08-solution(['SRSF4','GPKOW','SNRPA1']).
4.7747740284771e-08-solution(['NR1D1','SIRT1','TP53']).
4.79185190810412e-08-solution(['YBX1','PLRG1','SNRPB2']).
4.79745034046433e-08-solution(['SRSF1','DDX23','SRSF4']).
4.80132199454835e-08-solution(['HSPA8','SNRNP200','SNRPA1']).
4.81566802516319e-08-solution(['YBX1','SRSF1','SNRNP200']).
4.81602387643731e-08-solution(['DDX23','HNRNPA1','SNRPB2']).
4.81602387643731e-08-solution(['POLR2B','HNRNPA1','SNRPB2']).
4.82466596752068e-08-solution(['TUBB4A','DYNC1H1','SPTA1']).
4.8316942826279e-08-solution(['YBX1','SNRPA1','SNRPB2']).
4.83742150638186e-08-solution(['DDX23','SNRPB2','SNRPA1']).
4.83742150638186e-08-solution(['POLR2B','SNRPB2','SNRPA1']).
4.8399938031292e-08-solution(['HSPA8','SIRT1','TP53']).
4.84023696557438e-08-solution(['U2AF1L4','DDX23','SRSF4']).
4.84250955724206e-08-solution(['HNRNPA1','DDX23','SNRPA1']).
4.85658343494951e-08-solution(['PLRG1','SNRPA1','SRSF4']).
4.85934290402798e-08-solution(['RPS6KA1','TSC2','TP53']).
4.86681504353325e-08-solution(['YBX1','HNRNPA1','SRSF4']).
4.86857076682756e-08-solution(['YBX1','PLRG1','SNRPA1']).
4.87537990039693e-08-solution(['SRSF1','DDX23','SNRPB2']).
4.87853149765863e-08-solution(['SNRPA1','PLRG1','SRSF4']).
4.88034942661505e-08-solution(['HSPA8','DDX23','SRSF4']).
4.8904371266745e-08-solution(['DDX23','U2AF1L4','SNRNP200']).
4.8904371266745e-08-solution(['NUP43','U2AF1L4','SNRNP200']).
4.8904371266745e-08-solution(['POLR2B','U2AF1L4','SNRNP200']).
4.89141312765758e-08-solution(['DDX23','GPKOW','SNRPB2']).
4.89141312765758e-08-solution(['POLR2B','GPKOW','SNRPB2']).
4.8953207381468e-08-solution(['DDX23','HNRNPA1','SNRPA1']).
4.8953207381468e-08-solution(['POLR2B','HNRNPA1','SNRPA1']).
4.90098836700689e-08-solution(['KIF2B','DYNC1H1','SPTA1']).
4.91000437786391e-08-solution(['CEBPZ','TP53','TOP3A']).
4.91000437786391e-08-solution(['SIRT1','TP53','TOP3A']).
4.91000437786391e-08-solution(['SP1','TP53','TOP3A']).
4.91000437786391e-08-solution(['SUPT16H','TP53','TOP3A']).
4.91000437786391e-08-solution(['UBN1','TP53','TOP3A']).
4.91290744022447e-08-solution(['PLRG1','SNRPB2','SRSF4']).
4.91425659035774e-08-solution(['U2AF1L4','DDX23','SNRPB2']).
4.92675036469364e-08-solution(['YBX1','GPKOW','SRSF4']).
4.93070026897816e-08-solution(['PLRG1','SRSF1','SNRNP200']).
4.93151354879067e-08-solution(['SNRPB2','PLRG1','SRSF4']).
4.93390717376978e-08-solution(['YBX1','HNRNPA1','SNRPB2']).
4.94253607013345e-08-solution(['PLRG1','SNRPA1','SNRPB2']).
4.95070348719599e-08-solution(['HSPA8','DDX23','SNRPB2']).
4.95596691298589e-08-solution(['SRSF1','DDX23','SNRPA1']).
4.96159061456707e-08-solution(['YBX1','SNRPB2','SNRPA1']).
4.96651528985752e-08-solution(['SNRPA1','PLRG1','SNRPB2']).
4.97032534878518e-08-solution(['DDX23','GPKOW','SNRPA1']).
4.97032534878518e-08-solution(['POLR2B','GPKOW','SNRPA1']).
4.97768390495062e-08-solution(['RAC3','KRAS','SPTA1']).
4.97872671653727e-08-solution(['SNRPB2','SNRPA1','SRSF4']).
4.98235764435544e-08-solution(['SNRPA1','SNRPB2','SRSF4']).
4.98310133541924e-08-solution(['GPKOW','PLRG1','SRSF4']).
4.98601340808402e-08-solution(['PLRG1','HNRNPA1','SRSF4']).
4.99586400511559e-08-solution(['U2AF1L4','DDX23','SNRPA1']).
4.99605949841849e-08-solution(['NXF1','SRSF1','SNRNP200']).
4.99605949841849e-08-solution(['SNRPA1','SRSF1','SNRNP200']).
5.01449980138108e-08-solution(['YBX1','GPKOW','SNRPB2']).
5.01631733723591e-08-solution(['YBX1','HNRNPA1','SNRPA1']).
5.02012827699515e-08-solution(['YBX1','U2AF1L4','SNRNP200']).
5.03008241447757e-08-solution(['GPKOW','SNRPA1','SRSF4']).
5.03326752898718e-08-solution(['HSPA8','DDX23','SNRPA1']).
5.04196686299122e-08-solution(['PLRG1','HNRNPA1','SNRPB2']).
5.04573251279313e-08-solution(['DDX39B','SRSF1','SNRNP200']).
5.04573251279313e-08-solution(['SNRPB2','SRSF1','SNRNP200']).
5.05112042553502e-08-solution(['PLRG1','GPKOW','SRSF4']).
5.05373975157878e-08-solution(['SNRPA1','HNRNPA1','SRSF4']).
5.06144104081046e-08-solution(['GPKOW','PLRG1','SNRPB2']).
5.07541229707017e-08-solution(['PLRG1','SNRPB2','SNRPA1']).
5.08653295055189e-08-solution(['GPKOW','SNRPB2','SRSF4']).
5.09409834257897e-08-solution(['DDX39A','SRSF1','SNRNP200']).
5.09409834257897e-08-solution(['E2F1','SRSF1','SNRNP200']).
5.09409834257897e-08-solution(['GPKOW','SRSF1','SNRNP200']).
5.09665609633175e-08-solution(['YBX1','GPKOW','SNRPA1']).
5.09719095224955e-08-solution(['SNRPB2','PLRG1','SNRPA1']).
5.099981791022e-08-solution(['GPKOW','SNRPA1','SNRPB2']).
5.10336441368522e-08-solution(['SNRPA1','HNRNPA1','SNRPB2']).
5.1052117726348e-08-solution(['SNRPB2','HNRNPA1','SRSF4']).
5.11520259414722e-08-solution(['AKT1','TP53','TOP3A']).
5.11520259414722e-08-solution(['P2RX4','TP53','TOP3A']).
5.11520259414722e-08-solution(['PSMC2','TP53','TOP3A']).
5.11520259414722e-08-solution(['RMI1','TP53','TOP3A']).
5.11520259414722e-08-solution(['TYRP1','TP53','TOP3A']).
5.12178523283125e-08-solution(['SNRPA1','GPKOW','SRSF4']).
5.12723088640092e-08-solution(['PLRG1','HNRNPA1','SNRPA1']).
5.12732925229428e-08-solution(['PLRG1','GPKOW','SNRPB2']).
5.13228763729106e-08-solution(['HNRNPA1','PLRG1','SRSF4']).
5.13901183145575e-08-solution(['PLRG1','U2AF1L4','SNRNP200']).
5.14525315032122e-08-solution(['GPKOW','PLRG1','SNRPA1']).
5.15532926682092e-08-solution(['GPKOW','HNRNPA1','SRSF4']).
5.17549048637639e-08-solution(['SNRPB2','GPKOW','SRSF4']).
5.17859754095359e-08-solution(['HNRNPA1','SNRPA1','SRSF4']).
5.1914368948586e-08-solution(['SNRPA1','GPKOW','SNRPB2']).
5.19546073972622e-08-solution(['GPKOW','HNRNPA1','SNRPB2']).
5.19686844550331e-08-solution(['HNRNPA1','PLRG1','SNRPB2']).
5.20655930558109e-08-solution(['NXF1','U2AF1L4','SNRNP200']).
5.20655930558109e-08-solution(['SNRPA1','U2AF1L4','SNRNP200']).
5.21245928158277e-08-solution(['PLRG1','GPKOW','SNRPA1']).
5.23396709358127e-08-solution(['HNRNPA1','SRSF1','SNRNP200']).
5.2347553281026e-08-solution(['HNRNPA1','SNRPA1','SNRPB2']).
5.23515638739215e-08-solution(['HNRNPA1','SNRPB2','SRSF4']).
5.23709082335299e-08-solution(['GPKOW','SNRPB2','SNRPA1']).
5.23797129204298e-08-solution(['GPKOW','YBX1','SNRNP200']).
5.23814443556594e-08-solution(['SNRPB2','HNRNPA1','SNRPA1']).
5.2439544161289e-08-solution(['P2RX1','TP53','TOP3A']).
5.2439544161289e-08-solution(['PERP','TP53','TOP3A']).
5.2439544161289e-08-solution(['PSMC1','TP53','TOP3A']).
5.2439544161289e-08-solution(['TSC2','TP53','TOP3A']).
5.25789538591634e-08-solution(['DDX39B','U2AF1L4','SNRNP200']).
5.25789538591634e-08-solution(['SNRPB2','U2AF1L4','SNRNP200']).
5.25916570710727e-08-solution(['SRSF1','PLRG1','SRSF4']).
5.28424383123119e-08-solution(['HNRNPA1','PLRG1','SNRPA1']).
5.28477854146486e-08-solution(['GPKOW','HNRNPA1','SNRPA1']).
5.30378217121847e-08-solution(['U2AF1L4','PLRG1','SRSF4']).
5.30490479805002e-08-solution(['SRSF1','SNRPA1','SRSF4']).
5.30788051676909e-08-solution(['DDX39A','U2AF1L4','SNRNP200']).
5.30788051676909e-08-solution(['GPKOW','U2AF1L4','SNRNP200']).
5.3120450233262e-08-solution(['SRSF1','PLRG1','SNRPB2']).
5.32826246683378e-08-solution(['SNRPB2','GPKOW','SNRPA1']).
5.34561010632271e-08-solution(['HSPA8','PLRG1','SRSF4']).
5.34932053680921e-08-solution(['U2AF1L4','SNRPA1','SRSF4']).
5.34937581290947e-08-solution(['SRSF1','SNRPA1','SNRPB2']).
5.35254667706612e-08-solution(['U2AF1L4','PLRG1','SNRPB2']).
5.36155575891051e-08-solution(['SRSF1','SNRPB2','SRSF4']).
5.36197691961211e-08-solution(['HDAC3','TP53','TOP3A']).
5.36197691961211e-08-solution(['TYMS','TP53','TOP3A']).
5.36249589171347e-08-solution(['NABP1','TAF6','SP1']).
5.37548764185108e-08-solution(['HNRNPA1','SNRPB2','SNRPA1']).
5.37900513138955e-08-solution(['HNRNPA1','GPKOW','SRSF4']).
5.37939715593131e-08-solution(['AKT1','TSC2','TP53']).
5.38968191745694e-08-solution(['U2AF1L4','SNRPA1','SNRPB2']).
5.3905169774473e-08-solution(['HSPA8','PLRG1','SNRPB2']).
5.39096029189594e-08-solution(['HSPA8','SNRPA1','SRSF4']).
5.39475079800447e-08-solution(['U2AF1L4','SRSF1','SNRNP200']).
5.39874665872359e-08-solution(['HNRNPA1','YBX1','SNRNP200']).
5.40245085892097e-08-solution(['SRSF1','PLRG1','SNRPA1']).
5.40600388955433e-08-solution(['U2AF1L4','SNRPB2','SRSF4']).
5.42352558706015e-08-solution(['SRSF1','HNRNPA1','SRSF4']).
5.42478871379272e-08-solution(['HNRNPA1','GPKOW','SNRPB2']).
5.42746889047019e-08-solution(['HSPA8','SNRPA1','SNRPB2']).
5.42903516022757e-08-solution(['PSMD6','TP53','TOP3A']).
5.43396633566867e-08-solution(['HSPA8','SRSF1','SNRNP200']).
5.43859504047446e-08-solution(['SRSF1','HNRNPA1','SNRPB2']).
5.44401816536134e-08-solution(['U2AF1L4','PLRG1','SNRPA1']).
5.44767401203291e-08-solution(['HSPA8','SNRPB2','SRSF4']).
5.45243211139732e-08-solution(['HNRNPA1','U2AF1L4','SNRNP200']).
5.4668704468968e-08-solution(['U2AF1L4','HNRNPA1','SRSF4']).
5.46693184091644e-08-solution(['ERCC2','TAF6','SP1']).
5.47788947291862e-08-solution(['U2AF1L4','HNRNPA1','SNRPB2']).
5.47999942309531e-08-solution(['SSTR2','TP53','TOP3A']).
5.47999942309531e-08-solution(['TAF6','TP53','TOP3A']).
5.48298751514918e-08-solution(['HSPA8','PLRG1','SNRPA1']).
5.49318960898497e-08-solution(['SRSF1','SNRPB2','SNRPA1']).
5.50750625299365e-08-solution(['HSPA8','HNRNPA1','SRSF4']).
5.5076150806687e-08-solution(['SRSF1','GPKOW','SRSF4']).
5.50926388347895e-08-solution(['PSMC1','RBL2','TP53']).
5.51043927203731e-08-solution(['ATM','TP53','TAF1L']).
5.51043927203731e-08-solution(['ATR','TP53','TAF1L']).
5.51043927203731e-08-solution(['BRIP1','TP53','TAF1L']).
5.51043927203731e-08-solution(['CSNK1G1','TP53','TAF1L']).
5.51043927203731e-08-solution(['EGFR','TP53','TAF1L']).
5.51043927203731e-08-solution(['EP300','TP53','TAF1L']).
5.51043927203731e-08-solution(['ETS1','TP53','TAF1L']).
5.51043927203731e-08-solution(['HTT','TP53','TAF1L']).
5.51043927203731e-08-solution(['KAT6A','TP53','TAF1L']).
5.51043927203731e-08-solution(['MTOR','TP53','TAF1L']).
5.51043927203731e-08-solution(['NFYC','TP53','TAF1L']).
5.51043927203731e-08-solution(['PRKDC','TP53','TAF1L']).
5.51043927203731e-08-solution(['RUNX3','TP53','TAF1L']).
5.51043927203731e-08-solution(['TRRAP','TP53','TAF1L']).
5.51043927203731e-08-solution(['USP10','TP53','TAF1L']).
5.51043927203731e-08-solution(['USP24','TP53','TAF1L']).
5.51043927203731e-08-solution(['VCAN','TP53','TAF1L']).
5.51043927203731e-08-solution(['ZNF420','TP53','TAF1L']).
5.51472800333502e-08-solution(['HSPA8','HNRNPA1','SNRPB2']).
5.51775858815363e-08-solution(['HNRNPA1','GPKOW','SNRPA1']).
5.52962252115075e-08-solution(['E2F1','TP53','TOP3A']).
5.52962252115075e-08-solution(['LIG4','TP53','TOP3A']).
5.52962252115075e-08-solution(['PIAS3','TP53','TOP3A']).
5.52962252115075e-08-solution(['PIDD1','TP53','TOP3A']).
5.52962252115075e-08-solution(['PSMD2','TP53','TOP3A']).
5.53433402708615e-08-solution(['SRSF1','HNRNPA1','SNRPA1']).
5.53457931171337e-08-solution(['U2AF1L4','SNRPB2','SNRPA1']).
5.53548084907812e-08-solution(['SRSF1','YBX1','SNRNP200']).
5.54146462325979e-08-solution(['SRSF1','GPKOW','SNRPB2']).
5.5528405573383e-08-solution(['U2AF1L4','GPKOW','SRSF4']).
5.57338215802124e-08-solution(['HSPA8','SNRPB2','SNRPA1']).
5.57466622678252e-08-solution(['U2AF1L4','HNRNPA1','SNRPA1']).
5.57536851430543e-08-solution(['SRSF1','U2AF1L4','SNRNP200']).
5.57656328958158e-08-solution(['IGFBP3','TP53','TOP3A']).
5.58249351450095e-08-solution(['U2AF1L4','GPKOW','SNRPB2']).
5.58356320173027e-08-solution(['U2AF1L4','YBX1','SNRNP200']).
5.59523944171604e-08-solution(['HSPA8','GPKOW','SRSF4']).
5.59668076176621e-08-solution(['CCNG1','TP53','TOP3A']).
5.61247766399786e-08-solution(['HSPA8','HNRNPA1','SNRPA1']).
5.62095810003954e-08-solution(['HSPA8','GPKOW','SNRPB2']).
5.62864040734165e-08-solution(['HSPA8','YBX1','SNRNP200']).
5.63750960926548e-08-solution(['SRSF1','GPKOW','SNRPA1']).
5.64630385982165e-08-solution(['CDKN1B','TP53','TOP3A']).
5.65912738222085e-08-solution(['HSPA8','U2AF1L4','SNRNP200']).
5.67961985844767e-08-solution(['U2AF1L4','GPKOW','SNRPA1']).
5.70046222732863e-08-solution(['TAF1L','TAF6','SP1']).
5.70481372521208e-08-solution(['TP53','TAF6','SP1']).
5.71336210043711e-08-solution(['FOXA1','TP53','TOP3A']).
5.71909821705597e-08-solution(['HSPA8','GPKOW','SNRPA1']).
5.72811491337251e-08-solution(['KLK3','TP53','TOP3A']).
5.74400484131402e-08-solution(['HNRNPA1','DDX23','SNRNP200']).
5.81894655414841e-08-solution(['DDX23','HNRNPA1','SNRNP200']).
5.81894655414841e-08-solution(['POLR2B','HNRNPA1','SNRNP200']).
5.84150431586315e-08-solution(['E2F1','RBL2','TP53']).
5.85997294444578e-08-solution(['MYH6','ACTG1','TLN1']).
5.8881459495866e-08-solution(['NXF1','ZC3H11A','SRSF1']).
5.88905469084962e-08-solution(['TAF1L','TP53','TOP3A']).
5.89347708625527e-08-solution(['SRSF1','DDX23','SNRNP200']).
5.94603875480605e-08-solution(['U2AF1L4','DDX23','SNRNP200']).
5.95035043835065e-08-solution(['DDX39B','ZC3H11A','SRSF1']).
5.95141920013327e-08-solution(['CEBPZ','TP53','SUPT16H']).
5.95141920013327e-08-solution(['SIRT1','TP53','SUPT16H']).
5.95141920013327e-08-solution(['SP1','TP53','SUPT16H']).
5.95141920013327e-08-solution(['UBN1','TP53','SUPT16H']).
5.96611974280313e-08-solution(['PLRG1','SNRPA1','SNRNP200']).
5.97720815444262e-08-solution(['CDKN1B','RBL2','TP53']).
5.97868886733064e-08-solution(['YBX1','HNRNPA1','SNRNP200']).
5.99308206559632e-08-solution(['SNRPA1','PLRG1','SNRNP200']).
5.99531531907239e-08-solution(['HSPA8','DDX23','SNRNP200']).
6.01091796688407e-08-solution(['DDX39A','ZC3H11A','SRSF1']).
6.020841518271e-08-solution(['COL1A2','ACTG1','TLN1']).
6.03531154489316e-08-solution(['PLRG1','SNRPB2','SNRNP200']).
6.05231702746744e-08-solution(['YBX1','GPKOW','SNRNP200']).
6.05816840983543e-08-solution(['SNRPB2','PLRG1','SNRNP200']).
6.11616791009855e-08-solution(['SNRPB2','SNRPA1','SNRNP200']).
6.12062836062532e-08-solution(['SNRPA1','SNRPB2','SNRNP200']).
6.12154195554194e-08-solution(['GPKOW','PLRG1','SNRNP200']).
6.12511932108101e-08-solution(['PLRG1','HNRNPA1','SNRNP200']).
6.16806153374572e-08-solution(['P2RX1','TP53','TFDP1']).
6.16806153374572e-08-solution(['PERP','TP53','TFDP1']).
6.16806153374572e-08-solution(['PSMC1','TP53','TFDP1']).
6.16806153374572e-08-solution(['TSC2','TP53','TFDP1']).
6.16830437761079e-08-solution(['ACTN3','ACTG1','TLN1']).
6.16830437761079e-08-solution(['ITGA7','ACTG1','TLN1']).
6.17925634407504e-08-solution(['GPKOW','SNRPA1','SNRNP200']).
6.20510070458079e-08-solution(['PLRG1','GPKOW','SNRNP200']).
6.20831844253009e-08-solution(['SNRPA1','HNRNPA1','SNRNP200']).
6.21098793947774e-08-solution(['AKT1','TP53','SUPT16H']).
6.21098793947774e-08-solution(['P2RX4','TP53','SUPT16H']).
6.21098793947774e-08-solution(['PSMC2','TP53','SUPT16H']).
6.21098793947774e-08-solution(['RMI1','TP53','SUPT16H']).
6.21098793947774e-08-solution(['TOP3A','TP53','SUPT16H']).
6.21098793947774e-08-solution(['TYRP1','TP53','SUPT16H']).
6.24860358422356e-08-solution(['GPKOW','SNRPB2','SNRNP200']).
6.25209009314475e-08-solution(['MMP25','ACTG1','TLN1']).
6.25209009314475e-08-solution(['MYH2','ACTG1','TLN1']).
6.2537875561894e-08-solution(['IFI16','TP53','TAF1L']).
6.2537875561894e-08-solution(['NOS2','TP53','TAF1L']).
6.2537875561894e-08-solution(['RBL2','TP53','TAF1L']).
6.2537875561894e-08-solution(['SMYD2','TP53','TAF1L']).
6.2537875561894e-08-solution(['TFDP1','TP53','TAF1L']).
6.27154977483139e-08-solution(['SNRPB2','HNRNPA1','SNRNP200']).
6.29190961203156e-08-solution(['SNRPA1','GPKOW','SNRNP200']).
6.30481139853102e-08-solution(['HNRNPA1','PLRG1','SNRNP200']).
6.31576723695057e-08-solution(['MMP12','ACTG1','TLN1']).
6.32173917105308e-08-solution(['HDAC3','TP53','TFDP1']).
6.32173917105308e-08-solution(['TYMS','TP53','TFDP1']).
6.3331171247037e-08-solution(['GPKOW','HNRNPA1','SNRNP200']).
6.35620822006321e-08-solution(['EIF4E','NXF1','SRSF1']).
6.35620822006321e-08-solution(['TPR','NXF1','SRSF1']).
6.35620822006321e-08-solution(['ZC3H11A','NXF1','SRSF1']).
6.35788438169414e-08-solution(['SNRPB2','GPKOW','SNRNP200']).
6.36170127476379e-08-solution(['HNRNPA1','SNRPA1','SNRNP200']).
6.37385459945858e-08-solution(['P2RX1','TP53','SUPT16H']).
6.37385459945858e-08-solution(['PERP','TP53','SUPT16H']).
6.37385459945858e-08-solution(['PSMC1','TP53','SUPT16H']).
6.37385459945858e-08-solution(['TSC2','TP53','SUPT16H']).
6.38741881992964e-08-solution(['U2AF1L4','ZC3H11A','SRSF1']).
6.40905601043227e-08-solution(['PSMD6','TP53','TFDP1']).
6.43118156989039e-08-solution(['HNRNPA1','SNRPB2','SNRNP200']).
6.46067606499837e-08-solution(['SRSF1','PLRG1','SNRNP200']).
6.47541680836045e-08-solution(['SSTR2','TP53','TFDP1']).
6.47541680836045e-08-solution(['TAF6','TP53','TFDP1']).
6.51070564911269e-08-solution(['CDK12','POLR2B','TAF1L']).
6.51070564911269e-08-solution(['PAX6','POLR2B','TAF1L']).
6.51070564911269e-08-solution(['SNRNP200','POLR2B','TAF1L']).
6.51070564911269e-08-solution(['SP1','POLR2B','TAF1L']).
6.51070564911269e-08-solution(['SRSF4','POLR2B','TAF1L']).
6.51070564911269e-08-solution(['SUPT16H','POLR2B','TAF1L']).
6.51070564911269e-08-solution(['WTAP','POLR2B','TAF1L']).
6.51548561804184e-08-solution(['U2AF1L4','PLRG1','SNRNP200']).
6.51686472048973e-08-solution(['SRSF1','SNRPA1','SNRNP200']).
6.52314903777435e-08-solution(['HDAC3','TP53','SUPT16H']).
6.52314903777435e-08-solution(['TYMS','TP53','SUPT16H']).
6.54003126950105e-08-solution(['E2F1','TP53','TFDP1']).
6.54003126950105e-08-solution(['LIG4','TP53','TFDP1']).
6.54003126950105e-08-solution(['PIAS3','TP53','TFDP1']).
6.54003126950105e-08-solution(['PIDD1','TP53','TFDP1']).
6.54003126950105e-08-solution(['PSMD2','TP53','TFDP1']).
6.56686957402009e-08-solution(['HSPA8','PLRG1','SNRNP200']).
6.57142769041534e-08-solution(['U2AF1L4','SNRPA1','SNRNP200']).
6.58645817452293e-08-solution(['SRSF1','SNRPB2','SNRNP200']).
6.60115305706648e-08-solution(['IGFBP3','TP53','TFDP1']).
6.60442353928001e-08-solution(['CEBPZ','TP53','TAF1L']).
6.60442353928001e-08-solution(['SIRT1','TP53','TAF1L']).
6.60442353928001e-08-solution(['SP1','TP53','TAF1L']).
6.60442353928001e-08-solution(['SUPT16H','TP53','TAF1L']).
6.60442353928001e-08-solution(['UBN1','TP53','TAF1L']).
6.60789403515235e-08-solution(['HNRNPA1','GPKOW','SNRNP200']).
6.60797542318104e-08-solution(['PSMD6','TP53','SUPT16H']).
6.6225804747206e-08-solution(['HSPA8','SNRPA1','SNRNP200']).
6.62734810888024e-08-solution(['CCNG1','TP53','TFDP1']).
6.64106093659151e-08-solution(['U2AF1L4','SNRPB2','SNRNP200']).
6.66258564564205e-08-solution(['SRSF1','HNRNPA1','SNRNP200']).
6.67244347609012e-08-solution(['SSTR2','TP53','SUPT16H']).
6.67244347609012e-08-solution(['TAF6','TP53','SUPT16H']).
6.69196257002083e-08-solution(['CDKN1B','TP53','TFDP1']).
6.69225102603081e-08-solution(['HSPA8','SNRPB2','SNRNP200']).
6.71583308336946e-08-solution(['U2AF1L4','HNRNPA1','SNRNP200']).
6.71793867151362e-08-solution(['MMP9','ACTG1','TLN1']).
6.73521500129107e-08-solution(['E2F1','TP53','SUPT16H']).
6.73521500129107e-08-solution(['LIG4','TP53','SUPT16H']).
6.73521500129107e-08-solution(['PIAS3','TP53','SUPT16H']).
6.73521500129107e-08-solution(['PIDD1','TP53','SUPT16H']).
6.73521500129107e-08-solution(['PSMD2','TP53','SUPT16H']).
6.7538025624358e-08-solution(['GLE1','NXF1','SRSF1']).
6.7538025624358e-08-solution(['NUP54','NXF1','SRSF1']).
6.7538025624358e-08-solution(['POM121C','NXF1','SRSF1']).
6.7538025624358e-08-solution(['SRSF4','NXF1','SRSF1']).
6.75816050987942e-08-solution(['ERCC2','POLR2B','SUPT16H']).
6.75816050987942e-08-solution(['HNRNPA1','POLR2B','SUPT16H']).
6.7657525562389e-08-solution(['HSPA8','HNRNPA1','SNRNP200']).
6.76588624671274e-08-solution(['SRSF1','GPKOW','SNRNP200']).
6.77156152945536e-08-solution(['ACTBL2','ACTG1','TLN1']).
6.77289240999868e-08-solution(['EDN3','SSTR2','TP53']).
6.77927940940002e-08-solution(['FOXA1','TP53','TFDP1']).
6.7830232992806e-08-solution(['DDX23','POLR2B','TAF1L']).
6.78329152963012e-08-solution(['RAC3','ACTG1','TLN1']).
6.79459347107575e-08-solution(['IGFBP3','TP53','SUPT16H']).
6.79848911406344e-08-solution(['KLK3','TP53','TFDP1']).
6.82004138669776e-08-solution(['CCNG1','TP53','SUPT16H']).
6.82144394748123e-08-solution(['U2AF1L4','GPKOW','SNRNP200']).
6.84285600778162e-08-solution(['AKT1','TP53','TAF1L']).
6.84285600778162e-08-solution(['P2RX4','TP53','TAF1L']).
6.84285600778162e-08-solution(['PSMC2','TP53','TAF1L']).
6.84285600778162e-08-solution(['RMI1','TP53','TAF1L']).
6.84285600778162e-08-solution(['TOP3A','TP53','TAF1L']).
6.84285600778162e-08-solution(['TYRP1','TP53','TAF1L']).
6.8735292919517e-08-solution(['HSPA8','GPKOW','SNRNP200']).
6.88281291189871e-08-solution(['CDKN1B','TP53','SUPT16H']).
6.93402342277591e-08-solution(['SRSF1','POLR2B','SUPT16H']).
6.95388927585655e-08-solution(['YBX1','POLR2B','TAF1L']).
6.9676392973054e-08-solution(['FOXA1','TP53','SUPT16H']).
6.98630110209487e-08-solution(['KLK3','TP53','SUPT16H']).
6.99246069390028e-08-solution(['P2RX1','TP53','TAF1L']).
6.99246069390028e-08-solution(['PERP','TP53','TAF1L']).
6.99246069390028e-08-solution(['PSMC1','TP53','TAF1L']).
6.99246069390028e-08-solution(['TSC2','TP53','TAF1L']).
6.99586532621204e-08-solution(['U2AF1L4','POLR2B','SUPT16H']).
7.00804952857349e-08-solution(['TAF1L','TP53','TFDP1']).
7.02416671524917e-08-solution(['NUP43','NXF1','SRSF1']).
7.05384211068341e-08-solution(['HSPA8','POLR2B','SUPT16H']).
7.06930258654244e-08-solution(['TAF1L','POLR2B','SUPT16H']).
7.07854846040108e-08-solution(['POLR2B','TAF1L','TP53']).
7.11051642105117e-08-solution(['HDAC3','POLR2B','TAF1L']).
7.11051642105117e-08-solution(['PLRG1','POLR2B','TAF1L']).
7.12497654840144e-08-solution(['TAF6','NABP1','SP1']).
7.12959832284239e-08-solution(['HDAC3','TP53','TAF1L']).
7.12959832284239e-08-solution(['TYMS','TP53','TAF1L']).
7.18988442707092e-08-solution(['TAF1L','TP53','SUPT16H']).
7.19950911718448e-08-solution(['SNRPA1','POLR2B','TAF1L']).
7.20751743019586e-08-solution(['PSMD6','TP53','TAF1L']).
7.21742283872591e-08-solution(['IFI16','TP53','SSTR2']).
7.21742283872591e-08-solution(['NOS2','TP53','SSTR2']).
7.21742283872591e-08-solution(['RBL2','TP53','SSTR2']).
7.21742283872591e-08-solution(['SMYD2','TP53','SSTR2']).
7.21742283872591e-08-solution(['TFDP1','TP53','SSTR2']).
7.24794215217578e-08-solution(['PLRG1','SRSF1','TPR']).
7.26673595178449e-08-solution(['SSTR2','TP53','TAF1L']).
7.26673595178449e-08-solution(['TAF6','TP53','TAF1L']).
7.26714356624579e-08-solution(['SNRPB2','POLR2B','TAF1L']).
7.26714356624579e-08-solution(['TAF6','POLR2B','TAF1L']).
7.32439609122606e-08-solution(['E2F1','TP53','TAF1L']).
7.32439609122606e-08-solution(['LIG4','TP53','TAF1L']).
7.32439609122606e-08-solution(['PIAS3','TP53','TAF1L']).
7.32439609122606e-08-solution(['PIDD1','TP53','TAF1L']).
7.32439609122606e-08-solution(['PSMD2','TP53','TAF1L']).
7.33299816138444e-08-solution(['GPKOW','POLR2B','TAF1L']).
7.35011218533304e-08-solution(['NXF1','SRSF1','TPR']).
7.35011218533304e-08-solution(['SNRPA1','SRSF1','TPR']).
7.37381729486818e-08-solution(['YBX1','U2AF1L4','TPR']).
7.37893946637349e-08-solution(['IGFBP3','TP53','TAF1L']).
7.39529304867775e-08-solution(['KMT2D','POLR2B','TAF1L']).
7.39529304867775e-08-solution(['NABP1','POLR2B','TAF1L']).
7.40231519857953e-08-solution(['CCNG1','TP53','TAF1L']).
7.42776141053255e-08-solution(['DDX39B','SRSF1','TPR']).
7.42776141053255e-08-solution(['SNRPB2','SRSF1','TPR']).
7.4599753380211e-08-solution(['CDKN1B','TP53','TAF1L']).
7.50336723506892e-08-solution(['DDX39A','SRSF1','TPR']).
7.50336723506892e-08-solution(['E2F1','SRSF1','TPR']).
7.50336723506892e-08-solution(['GPKOW','SRSF1','TPR']).
7.50481409802848e-08-solution(['DDX39B','NXF1','SRSF1']).
7.51702834681171e-08-solution(['TAF6','TAF1L','TP53']).
7.52344253110971e-08-solution(['ERCC2','POLR2B','TAF1L']).
7.52344253110971e-08-solution(['HNRNPA1','POLR2B','TAF1L']).
7.53040876618306e-08-solution(['EDN2','SSTR2','TP53']).
7.53789444537456e-08-solution(['FOXA1','TP53','TAF1L']).
7.55503664899233e-08-solution(['KLK3','TP53','TAF1L']).
7.55969409863455e-08-solution(['PLRG1','U2AF1L4','TPR']).
7.5701962787742e-08-solution(['DDX39A','NXF1','SRSF1']).
7.57423820958148e-08-solution(['HSPA8','SIRT1','SP1']).
7.59806337981465e-08-solution(['TP53','SIRT1','SP1']).
7.65537325369714e-08-solution(['CEBPZ','TP53','SSTR2']).
7.65537325369714e-08-solution(['SIRT1','TP53','SSTR2']).
7.65537325369714e-08-solution(['SP1','TP53','SSTR2']).
7.65537325369714e-08-solution(['SUPT16H','TP53','SSTR2']).
7.65537325369714e-08-solution(['UBN1','TP53','SSTR2']).
7.66530591895635e-08-solution(['NXF1','U2AF1L4','TPR']).
7.66530591895635e-08-solution(['SNRPA1','U2AF1L4','TPR']).
7.68540923807233e-08-solution(['SRSF1','POLR2B','TAF1L']).
7.72201110602545e-08-solution(['HNRNPA1','SRSF1','TPR']).
7.74236456359764e-08-solution(['U2AF1L4','POLR2B','TAF1L']).
7.74557090240092e-08-solution(['DDX39B','U2AF1L4','TPR']).
7.74557090240092e-08-solution(['SNRPB2','U2AF1L4','TPR']).
7.7491647572644e-08-solution(['ERCC2','TAF1L','TP53']).
7.79576018127763e-08-solution(['HSPA8','POLR2B','TAF1L']).
7.82372364943905e-08-solution(['DDX39A','U2AF1L4','TPR']).
7.82372364943905e-08-solution(['GPKOW','U2AF1L4','TPR']).
7.95317953587758e-08-solution(['AKT1','TP53','SSTR2']).
7.95317953587758e-08-solution(['P2RX4','TP53','SSTR2']).
7.95317953587758e-08-solution(['PSMC2','TP53','SSTR2']).
7.95317953587758e-08-solution(['RMI1','TP53','SSTR2']).
7.95317953587758e-08-solution(['TOP3A','TP53','SSTR2']).
7.95317953587758e-08-solution(['TYRP1','TP53','SSTR2']).
7.9733493875923e-08-solution(['U2AF1L4','SRSF1','TPR']).
7.97662605097729e-08-solution(['U2AF1L4','NXF1','SRSF1']).
8.03465140748666e-08-solution(['HSPA8','SRSF1','TPR']).
8.04973294492771e-08-solution(['HNRNPA1','U2AF1L4','TPR']).
8.14003837959864e-08-solution(['P2RX1','TP53','SSTR2']).
8.14003837959864e-08-solution(['PERP','TP53','SSTR2']).
8.14003837959864e-08-solution(['PSMC1','TP53','SSTR2']).
8.14003837959864e-08-solution(['TSC2','TP53','SSTR2']).
8.24194645791339e-08-solution(['SRSF1','U2AF1L4','TPR']).
8.31132565300961e-08-solution(['HDAC3','TP53','SSTR2']).
8.31132565300961e-08-solution(['TYMS','TP53','SSTR2']).
8.37290511511242e-08-solution(['HSPA8','U2AF1L4','TPR']).
8.40864796744766e-08-solution(['PSMD6','TP53','SSTR2']).
8.42442859894907e-08-solution(['ACTG1','MMP9','SP1']).
8.48261292642059e-08-solution(['TAF6','TP53','SSTR2']).
8.52783153569399e-08-solution(['CCNK','ERCC2','TAF6']).
8.52783153569399e-08-solution(['DDB1','ERCC2','TAF6']).
8.55463143910474e-08-solution(['E2F1','TP53','SSTR2']).
8.55463143910474e-08-solution(['LIG4','TP53','SSTR2']).
8.55463143910474e-08-solution(['PIAS3','TP53','SSTR2']).
8.55463143910474e-08-solution(['PIDD1','TP53','SSTR2']).
8.55463143910474e-08-solution(['PSMD2','TP53','SSTR2']).
8.62275705921138e-08-solution(['IGFBP3','TP53','SSTR2']).
8.65195375354279e-08-solution(['CCNG1','TP53','SSTR2']).
8.68920235885617e-08-solution(['ACTA1','MMP9','SP1']).
8.69340511694994e-08-solution(['ACTBL2','MMP9','SP1']).
8.72397226622695e-08-solution(['CDKN1B','TP53','SSTR2']).
8.821294580665e-08-solution(['FOXA1','TP53','SSTR2']).
8.84270548984138e-08-solution(['KLK3','TP53','SSTR2']).
9.06924296219826e-08-solution(['CDK12','ERCC2','TAF6']).
9.06924296219826e-08-solution(['SUPT16H','ERCC2','TAF6']).
9.0762790444927e-08-solution(['TAF1L','TP53','SSTR2']).
9.43740273222117e-08-solution(['POLR2B','ERCC2','TAF6']).
9.55797061942421e-08-solution(['ZC3H11A','DDX39B','SRSF1']).
9.61877767011345e-08-solution(['SP3','IGFBP3','TP53']).
9.658715593523e-08-solution(['ZC3H11A','DDX39A','SRSF1']).
1.01495919094849e-07-solution(['SRSF4','DDX39B','SRSF1']).
1.01913239600012e-07-solution(['SP1','IGFBP3','TP53']).
1.02505486568516e-07-solution(['SRSF4','DDX39A','SRSF1']).
1.05555479847947e-07-solution(['DDX39B','NXF1','SRSF4']).
1.06644287418166e-07-solution(['DDX39A','NXF1','SRSF4']).
1.08249418541435e-07-solution(['IGF2','IGFBP3','TP53']).
1.08258222570788e-07-solution(['TAF1L','ERCC2','TAF6']).
1.08751055131858e-07-solution(['ERCC2','CCNK','TAF6']).
1.11671805283892e-07-solution(['NXF1','DDX39B','SRSF1']).
1.12470879280416e-07-solution(['SRSF1','NXF1','SRSF4']).
1.12685015257768e-07-solution(['NXF1','DDX39A','SRSF1']).
1.13412550692497e-07-solution(['U2AF1L4','NXF1','SRSF4']).
1.15456488450685e-07-solution(['EIF2S1','RPL7','SSR3']).
1.15456488450685e-07-solution(['RPS4Y2','RPL7','SSR3']).
1.17394768913291e-07-solution(['EIF2S1','RPL10A','SSR3']).
1.17394768913291e-07-solution(['RPS4Y2','RPL10A','SSR3']).
1.17435605681412e-07-solution(['KLK3','IGFBP3','TP53']).
1.17446469543605e-07-solution(['MYH6','ACTBL2','TLN1']).
1.19691560549158e-07-solution(['U2AF1L4','DDX39B','SRSF1']).
1.2055677604738e-07-solution(['COL1A2','ACTBL2','TLN1']).
1.20707641227334e-07-solution(['U2AF1L4','DDX39A','SRSF1']).
1.23407890342507e-07-solution(['ACTN3','ACTBL2','TLN1']).
1.23407890342507e-07-solution(['ITGA7','ACTBL2','TLN1']).
1.24216773635892e-07-solution(['NR1D1','HDAC3','TFDP1']).
1.25027841646557e-07-solution(['MMP25','ACTBL2','TLN1']).
1.25027841646557e-07-solution(['MYH2','ACTBL2','TLN1']).
1.26000291500597e-07-solution(['MED11','HDAC3','TFDP1']).
1.26030945135048e-07-solution(['CDKN1B','E2F1','TFDP1']).
1.26259004637635e-07-solution(['MMP12','ACTBL2','TLN1']).
1.26594797455498e-07-solution(['TP53','HDAC3','TFDP1']).
1.29711714102766e-07-solution(['IRF2BPL','E2F1','TFDP1']).
1.29959458167901e-07-solution(['SRSF1','E2F1','TFDP1']).
1.30545733806433e-07-solution(['ACTG1','ACTN3','TLN1']).
1.30924464393298e-07-solution(['ACTG1','ACTBL2','TLN1']).
1.31108558635286e-07-solution(['RPL7','RPL10A','SSR3']).
1.31891283697729e-07-solution(['PLXNA3','FES','SP1']).
1.31933277374353e-07-solution(['RPL10A','RPL7','SSR3']).
1.32543074847165e-07-solution(['TP53','E2F1','TFDP1']).
1.34034770897074e-07-solution(['MMP9','ACTBL2','TLN1']).
1.35014291931837e-07-solution(['ACTA1','ACTN3','TLN1']).
1.35085221425891e-07-solution(['ACTBL2','ACTN3','TLN1']).
1.35298332914232e-07-solution(['RAC3','ACTBL2','TLN1']).
1.4639469890222e-07-solution(['ANAPC2','PSMC1','SPOP']).
1.4639469890222e-07-solution(['DVL1','PSMC1','SPOP']).
1.4639469890222e-07-solution(['PSMD6','PSMC1','SPOP']).
1.46936301882992e-07-solution(['CD79A','IGKV3-20','SYK']).
1.47160706535415e-07-solution(['CD79A','IGLV1-47','SYK']).
1.479146438635e-07-solution(['CD40','PSMC1','SPOP']).
1.48237577029702e-07-solution(['ANAPC2','PSMC2','SPOP']).
1.48237577029702e-07-solution(['DVL1','PSMC2','SPOP']).
1.48237577029702e-07-solution(['PSMD6','PSMC2','SPOP']).
1.48767820516244e-07-solution(['PSMC2','PSMD6','SPOP']).
1.49394590273167e-07-solution(['PSMD2','PSMC1','SPOP']).
1.49818112362791e-07-solution(['CD40','PSMC2','SPOP']).
1.49942671230981e-07-solution(['IGHG4','IGKV3-20','SYK']).
1.50151446880147e-07-solution(['IGHA1','IGKV3-20','SYK']).
1.50167395204697e-07-solution(['IGHG4','IGLV1-47','SYK']).
1.50376193028953e-07-solution(['IGHA1','IGLV1-47','SYK']).
1.50603287055346e-07-solution(['ACTG1','ITGA7','TLN1']).
1.51357054660798e-07-solution(['PSMD2','PSMC2','SPOP']).
1.52051746058939e-07-solution(['PSMC2','PSMD2','SPOP']).
1.52483898813391e-07-solution(['AKT1','RPS6KB2','SP1']).
1.52775034536883e-07-solution(['PSMC1','PSMD6','SPOP']).
1.52874464263466e-07-solution(['CDKN1B','PSMC1','SPOP']).
1.52990795708804e-07-solution(['IGLV1-47','IGKV3-20','SYK']).
1.53007045614575e-07-solution(['IGKV3-20','IGLV1-47','SYK']).
1.5497564871287e-07-solution(['CDKN1B','PSMC2','SPOP']).
1.55840239172456e-07-solution(['ACTBL2','ITGA7','TLN1']).
1.56063003992892e-07-solution(['PSMC1','PSMD2','SPOP']).
1.56634328115053e-07-solution(['UBE2C','PSMC1','SPOP']).
1.57835970512777e-07-solution(['NXF1','DDX39B','SRSF4']).
1.58535404691553e-07-solution(['ANAPC2','PSMD6','SPOP']).
1.58535404691553e-07-solution(['DVL1','PSMD6','SPOP']).
1.58600133791588e-07-solution(['POLR2B','ERCC2','SUPT16H']).
1.58885394010511e-07-solution(['UBE2C','PSMC2','SPOP']).
1.59570395691432e-07-solution(['NXF1','DDX39A','SRSF4']).
1.59772501476465e-07-solution(['CCNK','ERCC2','TAF1L']).
1.59772501476465e-07-solution(['DDB1','ERCC2','TAF1L']).
1.60121593574723e-07-solution(['CD40','PSMD6','SPOP']).
1.60234197760189e-07-solution(['TP53','PSMC1','SPOP']).
1.61666040645177e-07-solution(['PSMD2','PSMD6','SPOP']).
1.61829187272951e-07-solution(['ANAPC2','PSMD2','SPOP']).
1.61829187272951e-07-solution(['DVL1','PSMD2','SPOP']).
1.61829187272951e-07-solution(['PSMD6','PSMD2','SPOP']).
1.62628767167827e-07-solution(['TP53','PSMC2','SPOP']).
1.63416976871808e-07-solution(['CD40','PSMD2','SPOP']).
1.65297578351382e-07-solution(['CDKN1B','PSMD6','SPOP']).
1.68598185036498e-07-solution(['CDKN1B','PSMD2','SPOP']).
1.69112281375713e-07-solution(['CDK12','ERCC2','TAF1L']).
1.69112281375713e-07-solution(['SUPT16H','ERCC2','TAF1L']).
1.69221308746592e-07-solution(['UBE2C','PSMD6','SPOP']).
1.69662758232084e-07-solution(['IGF2','IGFBP3','SP1']).
1.69848577133906e-07-solution(['SRSF1','DDX39B','SRSF4']).
1.70936203677579e-07-solution(['TAF6','ERCC2','SUPT16H']).
1.71256648239679e-07-solution(['U2AF1L4','DDX39B','SRSF4']).
1.71591013247658e-07-solution(['SRSF1','DDX39A','SRSF4']).
1.72525875096828e-07-solution(['UBE2C','PSMD2','SPOP']).
1.72978071890941e-07-solution(['TP53','PSMD6','SPOP']).
1.73000023364139e-07-solution(['U2AF1L4','DDX39A','SRSF4']).
1.75463331707201e-07-solution(['POLR2B','ERCC2','TAF1L']).
1.7628642940991e-07-solution(['TP53','PSMD2','SPOP']).
1.84768929101209e-07-solution(['TAF1L','ERCC2','SUPT16H']).
1.8675408785207e-07-solution(['TAF6','ERCC2','TAF1L']).
1.8705788908178e-07-solution(['KLK3','IGFBP3','SP1']).
1.88668389811768e-07-solution(['IGKV3-20','IGHG4','SYK']).
1.88931085982489e-07-solution(['IGLV1-47','IGHG4','SYK']).
1.91128803646685e-07-solution(['ANAPC2','CDKN1B','TFDP1']).
1.91128803646685e-07-solution(['PSMD6','CDKN1B','TFDP1']).
1.92984761919766e-07-solution(['TP53','IGFBP3','SP1']).
1.95240869129618e-07-solution(['E2F1','CDKN1B','TFDP1']).
1.95240869129618e-07-solution(['PSMD2','CDKN1B','TFDP1']).
1.96741989190839e-07-solution(['ACTG1','MMP12','SP1']).
1.97159833021653e-07-solution(['KMT2D','CDKN1B','TFDP1']).
1.98225920912455e-07-solution(['ACTG1','COL1A2','TLN1']).
2.02424449782248e-07-solution(['SRSF1','NXF1','TPR']).
2.03319195515606e-07-solution(['ACTA1','MMP12','SP1']).
2.03423595615999e-07-solution(['ACTBL2','MMP12','SP1']).
2.04225278915701e-07-solution(['U2AF1L4','NXF1','TPR']).
2.05164653828427e-07-solution(['UBE2C','CDKN1B','TFDP1']).
2.05287684863692e-07-solution(['ACTBL2','COL1A2','TLN1']).
2.05340915701017e-07-solution(['DSC1','PERP','TP53']).
2.10099132407946e-07-solution(['TP53','CDKN1B','TFDP1']).
2.11731150582823e-07-solution(['SP1','NABP1','TAF6']).
2.20493624491174e-07-solution(['POLR2B','NABP1','TAF6']).
2.24611346950386e-07-solution(['DNTT','LIG4','TP53']).
2.36831312514531e-07-solution(['IGKV3-20','CD79A','SYK']).
2.37167816226543e-07-solution(['IGLV1-47','CD79A','SYK']).
2.57558389667975e-07-solution(['TP53','PIAS3','TPR']).
2.57935297417332e-07-solution(['PNKP','LIG4','TP53']).
2.7680732869275e-07-solution(['CCNK','TAF6','TAF1L']).
2.93617490354253e-07-solution(['SP1','TAF6','TAF1L']).
2.95371905129686e-07-solution(['DRD5','GRK4','SSTR5']).
2.96477266649153e-07-solution(['U2AF1L4','HSPA8','SYT2']).
2.97802604689494e-07-solution(['SSTR4','GRK4','SSTR5']).
3.05048400284075e-07-solution(['POLR2B','TAF6','TAF1L']).
3.05275034632117e-07-solution(['FGG','FGA','TLN1']).
3.06496921158736e-07-solution(['PGR','KLK3','TP53']).
3.06496921158736e-07-solution(['SP3','KLK3','TP53']).
3.26722013038769e-07-solution(['FGA','FGG','TLN1']).
3.30749269668774e-07-solution(['NABP1','TAF6','TAF1L']).
3.31938493584557e-07-solution(['TP53','RMI1','TOP3A']).
3.36128521400454e-07-solution(['ERCC2','TAF6','TAF1L']).
3.4381506670953e-07-solution(['IGF2','KLK3','TP53']).
3.48184462754786e-07-solution(['U2AF1L4','HSPA8','SYT9']).
3.4838126145595e-07-solution(['TP53','TAF6','TAF1L']).
3.5594357149573e-07-solution(['DRD5','GRK4','SSTR4']).
3.57910028022932e-07-solution(['U2AF1L4','HSPA8','SNAP25']).
3.59280542478502e-07-solution(['SSTR5','GRK4','SSTR4']).
3.63340172398553e-07-solution(['IGFBP3','KLK3','TP53']).
3.67140623527249e-07-solution(['ERCC2','DDB1','TFPT']).
3.77045960410053e-07-solution(['POLR2B','TAF1L','TAF6']).
3.91887851431133e-07-solution(['NR1D1','HDAC3','TLE3']).
3.97514619568235e-07-solution(['MED11','HDAC3','TLE3']).
3.99390208947269e-07-solution(['TP53','HDAC3','TLE3']).
4.06366515325013e-07-solution(['MYH6','ACTN3','TNNT3']).
4.06366515325013e-07-solution(['TTN','ACTN3','TNNT3']).
4.15461615450607e-07-solution(['ERCC2','TAF1L','TAF6']).
4.1746816173116e-07-solution(['COL1A2','ACTN3','TNNT3']).
4.1746816173116e-07-solution(['MYBPC3','ACTN3','TNNT3']).
4.27644670936795e-07-solution(['ITGA7','ACTN3','TNNT3']).
4.30606248687749e-07-solution(['TP53','TAF1L','TAF6']).
4.34066271960658e-07-solution(['MAD2L2','FOXA1','TLE3']).
4.40292122103524e-07-solution(['APOB','FOXA1','TLE3']).
4.40292122103524e-07-solution(['ZNF460','FOXA1','TLE3']).
4.54473649751651e-07-solution(['ACTG1','ACTN3','TNNT3']).
4.69044560659719e-07-solution(['ACTA1','ACTN3','TNNT3']).
4.69275844959847e-07-solution(['ACTBL2','ACTN3','TNNT3']).
4.73413644863574e-07-solution(['IRF2BPL','FOXA1','TLE3']).
4.74907848897862e-07-solution(['NR1D1','FOXA1','TLE3']).
4.83375005092161e-07-solution(['TP53','FOXA1','TLE3']).
6.81946157391384e-07-solution(['PHC1','RING1','TFDP1']).
6.9792680357311e-07-solution(['ACTG1','ITGA7','THBS2']).
7.22195923610425e-07-solution(['ACTBL2','ITGA7','THBS2']).
8.23664963146266e-07-solution(['SSTR2','EDN3','SSTR5']).
8.37903300282491e-07-solution(['HTR1E','EDN2','SSTR5']).
8.55311229729235e-07-solution(['P2RX1','TP53','SMYD2']).
8.55311229729235e-07-solution(['PERP','TP53','SMYD2']).
8.55311229729235e-07-solution(['PSMC1','TP53','SMYD2']).
8.55311229729235e-07-solution(['TSC2','TP53','SMYD2']).
8.56113983651778e-07-solution(['SSTR2','EDN3','SSTR1']).
8.63490521803887e-07-solution(['SSTR1','EDN3','SSTR5']).
8.70270961676084e-07-solution(['HTR1E','EDN2','SSTR1']).
8.73401009170914e-07-solution(['E2F1','TYMS','TP53']).
8.7662136229327e-07-solution(['HDAC3','TP53','SMYD2']).
8.7662136229327e-07-solution(['TYMS','TP53','SMYD2']).
8.88729392159199e-07-solution(['PSMD6','TP53','SMYD2']).
8.92061325896979e-07-solution(['HTR1E','EDN2','SSTR2']).
8.97931494857306e-07-solution(['SSTR2','TP53','SMYD2']).
8.97931494857306e-07-solution(['TAF6','TP53','SMYD2']).
9.06891436958093e-07-solution(['E2F1','TP53','SMYD2']).
9.06891436958093e-07-solution(['LIG4','TP53','SMYD2']).
9.06891436958093e-07-solution(['PIAS3','TP53','SMYD2']).
9.06891436958093e-07-solution(['PIDD1','TP53','SMYD2']).
9.06891436958093e-07-solution(['PSMD2','TP53','SMYD2']).
9.15367057864244e-07-solution(['IGFBP3','TP53','SMYD2']).
9.18999466824022e-07-solution(['CCNG1','TP53','SMYD2']).
9.24370556292023e-07-solution(['SSTR5','EDN3','SSTR1']).
9.2466052454998e-07-solution(['SSTR1','EDN3','SSTR2']).
9.2795940892481e-07-solution(['CDKN1B','TP53','SMYD2']).
9.40067438790739e-07-solution(['FOXA1','TP53','SMYD2']).
9.42731205361244e-07-solution(['KLK3','TP53','SMYD2']).
9.52335223348131e-07-solution(['SSTR5','EDN3','SSTR2']).
9.71790477039474e-07-solution(['TAF1L','TP53','SMYD2']).
9.74770382957916e-07-solution(['KLK3','IGFBP3','SP3']).
9.77482271370041e-07-solution(['SSTR2','EDN2','SSTR5']).
1.00755593316405e-06-solution(['TP53','IGFBP3','SP3']).
1.0136545919749e-06-solution(['ACTN3','MYH6','TNNT3']).
1.01980205474758e-06-solution(['SSTR2','EDN2','SSTR1']).
1.02000017333209e-06-solution(['SSTR1','EDN2','SSTR5']).
1.0805777181383e-06-solution(['ACTG1','MYH6','TNNT3']).
1.09272721859936e-06-solution(['SSTR5','EDN2','SSTR1']).
1.10307053213426e-06-solution(['SSTR1','EDN2','SSTR2']).
1.11692389872704e-06-solution(['ACTA1','MYH6','TNNT3']).
1.11750082222845e-06-solution(['ACTBL2','MYH6','TNNT3']).
1.13268149385859e-06-solution(['SSTR5','EDN2','SSTR2']).
1.19410908487025e-06-solution(['ACTG1','MYH8','TNNT3']).
1.23598432692247e-06-solution(['ACTA1','MYH8','TNNT3']).
1.23664901330426e-06-solution(['ACTBL2','MYH8','TNNT3']).
1.2393443607484e-06-solution(['E2F1','SMYD2','TP53']).
1.32371227194927e-06-solution(['E2F1','NGF','SMPD2']).
1.59817155373659e-06-solution(['MMP25','ACTG1','SYNPO']).
1.59817155373659e-06-solution(['MYH2','ACTG1','SYNPO']).
1.61549343595051e-06-solution(['MMP12','ACTG1','SYNPO']).
1.63194170360167e-06-solution(['ACTN3','TTN','TNNT3']).
1.72489479730156e-06-solution(['MMP9','ACTG1','SYNPO']).
1.73948164548169e-06-solution(['ACTBL2','ACTG1','SYNPO']).
1.7426725185211e-06-solution(['RAC3','ACTG1','SYNPO']).
1.74764278983991e-06-solution(['CDKN1B','E2F1','SMYD2']).
1.76814520540018e-06-solution(['ACTN3','MYBPC3','TNNT3']).
1.79868318583635e-06-solution(['IRF2BPL','E2F1','SMYD2']).
1.80211859710534e-06-solution(['SRSF1','E2F1','SMYD2']).
1.83794502891054e-06-solution(['TP53','E2F1','SMYD2']).
2.68999118527915e-06-solution(['TP53','RMI1','TOP3B']).
2.84082684813178e-06-solution(['IGFBP3','KLK3','SP3']).
3.02415611697485e-06-solution(['TP53','KLK3','SP3']).
