gene_patient_probability_file('new_data/CADD_aggr.pl').
gene_function_file('new_data/coverage_corrected_aggr.pl').
network_file('new_data/network.pl').
threshold(1.0e-06).
pattern_quality_metric_threshold(0.67).
mcda(weighted_sum,[0.0,0]).
experiment_query(solution_3_genes(mcda(weighted_sum,[alpha(0.0),beta(0)]),0.67,_131106)).
1.40984054056055e-08-solution(['IFI16','TP53','E2F1']).
1.40984054056055e-08-solution(['NOS2','TP53','E2F1']).
1.40984054056055e-08-solution(['RBL2','TP53','E2F1']).
1.40984054056055e-08-solution(['SMYD2','TP53','E2F1']).
1.40984054056055e-08-solution(['TFDP1','TP53','E2F1']).
1.4291383342321e-08-solution(['TAF1L','TP53','EP300']).
1.45589226216319e-08-solution(['CD83','SP1','E2F1']).
1.49454391082119e-08-solution(['CEBPZ','TP53','E2F1']).
1.49454391082119e-08-solution(['SIRT1','TP53','E2F1']).
1.49454391082119e-08-solution(['SP1','TP53','E2F1']).
1.49454391082119e-08-solution(['SUPT16H','TP53','E2F1']).
1.49454391082119e-08-solution(['UBN1','TP53','E2F1']).
1.52939686289203e-08-solution(['FES','SP1','E2F1']).
1.52939686289203e-08-solution(['MMP12','SP1','E2F1']).
1.52939686289203e-08-solution(['TAF6','SP1','E2F1']).
1.54484953463616e-08-solution(['NR2F1','SP1','E2F1']).
1.55214220259843e-08-solution(['AKT1','TP53','E2F1']).
1.55214220259843e-08-solution(['P2RX4','TP53','E2F1']).
1.55214220259843e-08-solution(['PSMC2','TP53','E2F1']).
1.55214220259843e-08-solution(['RMI1','TP53','E2F1']).
1.55214220259843e-08-solution(['TOP3A','TP53','E2F1']).
1.55214220259843e-08-solution(['TYRP1','TP53','E2F1']).
1.55946692682655e-08-solution(['IGFBP3','SP1','E2F1']).
1.55946692682655e-08-solution(['NABP1','SP1','E2F1']).
1.58828230724298e-08-solution(['P2RX1','TP53','E2F1']).
1.58828230724298e-08-solution(['PERP','TP53','E2F1']).
1.58828230724298e-08-solution(['PSMC1','TP53','E2F1']).
1.58828230724298e-08-solution(['TSC2','TP53','E2F1']).
1.58953699076107e-08-solution(['RPS6KB2','SP1','E2F1']).
1.60206618406712e-08-solution(['FOXA1','SP1','E2F1']).
1.62141073650047e-08-solution(['HDAC3','TP53','E2F1']).
1.62141073650047e-08-solution(['TYMS','TP53','E2F1']).
1.62963040934044e-08-solution(['MMP9','SP1','E2F1']).
1.64023370766951e-08-solution(['PSMD6','TP53','E2F1']).
1.65343587662194e-08-solution(['HSPA8','SP1','E2F1']).
1.65453916575797e-08-solution(['SSTR2','TP53','E2F1']).
1.65453916575797e-08-solution(['TAF6','TP53','E2F1']).
1.65802991416749e-08-solution(['TP53','SP1','E2F1']).
1.66846816442306e-08-solution(['LIG4','TP53','E2F1']).
1.66846816442306e-08-solution(['PIAS3','TP53','E2F1']).
1.66846816442306e-08-solution(['PIDD1','TP53','E2F1']).
1.66846816442306e-08-solution(['PSMD2','TP53','E2F1']).
1.68164424424138e-08-solution(['IGFBP3','TP53','E2F1']).
1.68729113559209e-08-solution(['CCNG1','TP53','E2F1']).
1.70122013425717e-08-solution(['CDKN1B','TP53','E2F1']).
1.72004310542621e-08-solution(['FOXA1','TP53','E2F1']).
1.72418415908339e-08-solution(['KLK3','TP53','E2F1']).
1.73135839359524e-08-solution(['U2AF1L4','HSPA8','EP300']).
1.76935928988907e-08-solution(['TAF1L','TP53','E2F1']).
1.86786198405122e-08-solution(['CDK12','POLR2B','ERCC2']).
1.86786198405122e-08-solution(['PAX6','POLR2B','ERCC2']).
1.86786198405122e-08-solution(['SNRNP200','POLR2B','ERCC2']).
1.86786198405122e-08-solution(['SP1','POLR2B','ERCC2']).
1.86786198405122e-08-solution(['SRSF4','POLR2B','ERCC2']).
1.86786198405122e-08-solution(['SUPT16H','POLR2B','ERCC2']).
1.86786198405122e-08-solution(['WTAP','POLR2B','ERCC2']).
1.94958428418271e-08-solution(['DDX23','POLR2B','ERCC2']).
2.00086102152012e-08-solution(['YBX1','POLR2B','ERCC2']).
2.04786469741274e-08-solution(['HDAC3','POLR2B','ERCC2']).
2.04786469741274e-08-solution(['PLRG1','POLR2B','ERCC2']).
2.07457133144264e-08-solution(['SNRPA1','POLR2B','ERCC2']).
2.09486837330537e-08-solution(['SNRPB2','POLR2B','ERCC2']).
2.09486837330537e-08-solution(['TAF6','POLR2B','ERCC2']).
2.11463128248749e-08-solution(['GPKOW','POLR2B','ERCC2']).
2.13332592630842e-08-solution(['KMT2D','POLR2B','ERCC2']).
2.13332592630842e-08-solution(['NABP1','POLR2B','ERCC2']).
2.17178347931148e-08-solution(['HNRNPA1','POLR2B','ERCC2']).
2.2203895532459e-08-solution(['SRSF1','POLR2B','ERCC2']).
2.23748179902503e-08-solution(['U2AF1L4','POLR2B','ERCC2']).
2.25350577944297e-08-solution(['HSPA8','POLR2B','ERCC2']).
2.25777884088776e-08-solution(['TAF1L','POLR2B','ERCC2']).
2.32724971111365e-08-solution(['SNRPB2','POLR2B','DDX23']).
2.32724971111365e-08-solution(['TAF6','POLR2B','DDX23']).
2.35180996191548e-08-solution(['GPKOW','POLR2B','DDX23']).
2.37504263159288e-08-solution(['KMT2D','POLR2B','DDX23']).
2.37504263159288e-08-solution(['NABP1','POLR2B','DDX23']).
2.42283555207211e-08-solution(['ERCC2','POLR2B','DDX23']).
2.42283555207211e-08-solution(['HNRNPA1','POLR2B','DDX23']).
2.48324049323336e-08-solution(['SRSF1','POLR2B','DDX23']).
2.50448179122413e-08-solution(['U2AF1L4','POLR2B','DDX23']).
2.52439550809048e-08-solution(['HSPA8','POLR2B','DDX23']).
2.52970583258817e-08-solution(['TAF1L','POLR2B','DDX23']).
2.60345896083661e-08-solution(['EPN1','HSPA8','DDX23']).
2.60345896083661e-08-solution(['HIP1R','HSPA8','DDX23']).
2.60345896083661e-08-solution(['SIRT1','HSPA8','DDX23']).
2.60345896083661e-08-solution(['SNRNP200','HSPA8','DDX23']).
2.60345896083661e-08-solution(['SP1','HSPA8','DDX23']).
2.60345896083661e-08-solution(['SRSF4','HSPA8','DDX23']).
2.69290429066955e-08-solution(['SIRT1','HDAC3','E2F1']).
2.71259025426346e-08-solution(['LDLRAP1','HSPA8','DDX23']).
2.71259025426346e-08-solution(['POLR2B','HSPA8','DDX23']).
2.72640909900209e-08-solution(['SF3B3','SRSF1','E2F1']).
2.72640909900209e-08-solution(['TPR','SRSF1','E2F1']).
2.72640909900209e-08-solution(['ZC3H11A','SRSF1','E2F1']).
2.7810647913156e-08-solution(['HGS','HSPA8','DDX23']).
2.7810647913156e-08-solution(['YBX1','HSPA8','DDX23']).
2.79268971338504e-08-solution(['CDKN1B','RHOA','DVL1']).
2.80818530814925e-08-solution(['POLR2B','HDAC3','E2F1']).
2.80871202958346e-08-solution(['ACTG1','RHOA','DVL1']).
2.84383311694673e-08-solution(['PLRG1','HSPA8','DDX23']).
2.87949693832805e-08-solution(['APOB','HSPA8','DDX23']).
2.87949693832805e-08-solution(['SNRPA1','HSPA8','DDX23']).
2.8934684800684e-08-solution(['NUP54','SRSF1','E2F1']).
2.8934684800684e-08-solution(['POM121C','SRSF1','E2F1']).
2.8934684800684e-08-solution(['SNRNP200','SRSF1','E2F1']).
2.8934684800684e-08-solution(['SRSF4','SRSF1','E2F1']).
2.90660144257786e-08-solution(['SNRPB2','HSPA8','DDX23']).
2.91686266392281e-08-solution(['RAC3','RHOA','DVL1']).
2.93299267040004e-08-solution(['GPKOW','HSPA8','DDX23']).
2.93299267040004e-08-solution(['GPR37L1','HSPA8','DDX23']).
3.00706885919349e-08-solution(['DDX23','SRSF1','E2F1']).
3.00706885919349e-08-solution(['NUP43','SRSF1','E2F1']).
3.00706885919349e-08-solution(['POLR2B','SRSF1','E2F1']).
3.00931324815607e-08-solution(['HNRNPA1','HSPA8','DDX23']).
3.01312933922427e-08-solution(['MED12','HDAC3','E2F1']).
3.06737922980295e-08-solution(['KMT2D','HDAC3','E2F1']).
3.07422140307008e-08-solution(['SRSF1','HSPA8','DDX23']).
3.07834752844844e-08-solution(['YBX1','SRSF1','E2F1']).
3.08064089091872e-08-solution(['CD3D','HSPA8','DDX23']).
3.09704624875412e-08-solution(['U2AF1L4','HSPA8','DDX23']).
3.14368630859882e-08-solution(['PLRG1','SRSF1','E2F1']).
3.18081061550244e-08-solution(['NXF1','SRSF1','E2F1']).
3.18081061550244e-08-solution(['SNRPA1','SRSF1','E2F1']).
3.19396230781988e-08-solution(['NR1D1','HDAC3','E2F1']).
3.2090250887492e-08-solution(['DDX39B','SRSF1','E2F1']).
3.2090250887492e-08-solution(['SNRPB2','SRSF1','E2F1']).
3.23238931364644e-08-solution(['MED11','HDAC3','E2F1']).
3.23649707585788e-08-solution(['DDX39A','SRSF1','E2F1']).
3.23649707585788e-08-solution(['GPKOW','SRSF1','E2F1']).
3.24519831558863e-08-solution(['TP53','HDAC3','E2F1']).
3.31594309263163e-08-solution(['HNRNPA1','SRSF1','E2F1']).
3.40726888761454e-08-solution(['U2AF1L4','SRSF1','E2F1']).
3.42954347175672e-08-solution(['HSPA8','SRSF1','E2F1']).
3.779582173877e-08-solution(['TAF1L','TP53','EGFR']).
4.11660591071959e-08-solution(['NUP54','SRSF1','DDX23']).
4.11660591071959e-08-solution(['POM121C','SRSF1','DDX23']).
4.11660591071959e-08-solution(['SNRNP200','SRSF1','DDX23']).
4.11660591071959e-08-solution(['SRSF4','SRSF1','DDX23']).
4.1177298935922e-08-solution(['HNRNPA1','SRSF4','DDX23']).
4.22488271610204e-08-solution(['SRSF1','SRSF4','DDX23']).
4.22528444709909e-08-solution(['ANAPC5','CDKN1B','E2F1']).
4.22528444709909e-08-solution(['RBL2','CDKN1B','E2F1']).
4.22528444709909e-08-solution(['RHOA','CDKN1B','E2F1']).
4.22528444709909e-08-solution(['TFDP1','CDKN1B','E2F1']).
4.26256282951209e-08-solution(['U2AF1L4','SRSF4','DDX23']).
4.29189260198115e-08-solution(['NUP54','U2AF1L4','DDX23']).
4.29189260198115e-08-solution(['POM121C','U2AF1L4','DDX23']).
4.29189260198115e-08-solution(['SNRNP200','U2AF1L4','DDX23']).
4.29189260198115e-08-solution(['SRSF4','U2AF1L4','DDX23']).
4.29214679821683e-08-solution(['NUP43','SRSF1','DDX23']).
4.29214679821683e-08-solution(['POLR2B','SRSF1','DDX23']).
4.29788793583401e-08-solution(['HSPA8','SRSF4','DDX23']).
4.40229010017588e-08-solution(['YBX1','SRSF1','DDX23']).
4.47329027272786e-08-solution(['NUP43','U2AF1L4','DDX23']).
4.47329027272786e-08-solution(['POLR2B','U2AF1L4','DDX23']).
4.50325479363834e-08-solution(['PLRG1','SRSF1','DDX23']).
4.56062109674202e-08-solution(['NXF1','SRSF1','DDX23']).
4.56062109674202e-08-solution(['SNRPA1','SRSF1','DDX23']).
4.5788508811787e-08-solution(['U2AF1L4','HSPA8','EGFR']).
4.58710841907874e-08-solution(['YBX1','U2AF1L4','DDX23']).
4.60421948710081e-08-solution(['DDX39B','SRSF1','DDX23']).
4.60421948710081e-08-solution(['SNRPB2','SRSF1','DDX23']).
4.63453648090257e-08-solution(['PLRG1','YBX1','DDX23']).
4.64142751205943e-08-solution(['PCSK4','NOTCH1','E2F1']).
4.64667055139753e-08-solution(['DDX39A','SRSF1','DDX23']).
4.64667055139753e-08-solution(['E2F1','SRSF1','DDX23']).
4.64667055139753e-08-solution(['GPKOW','SRSF1','DDX23']).
4.67379821317701e-08-solution(['AKT1','CDKN1B','E2F1']).
4.67379821317701e-08-solution(['PSMC2','CDKN1B','E2F1']).
4.69144171990038e-08-solution(['PLRG1','U2AF1L4','DDX23']).
4.70048036936163e-08-solution(['SNRPA1','YBX1','DDX23']).
4.75059772459051e-08-solution(['SNRPB2','YBX1','DDX23']).
4.75072200445813e-08-solution(['NXF1','U2AF1L4','DDX23']).
4.75072200445813e-08-solution(['SNRPA1','U2AF1L4','DDX23']).
4.76943444003939e-08-solution(['HNRNPA1','SRSF1','DDX23']).
4.78770647122854e-08-solution(['PSMC1','CDKN1B','E2F1']).
4.79577502072203e-08-solution(['DDX39B','U2AF1L4','DDX23']).
4.79577502072203e-08-solution(['SNRPB2','U2AF1L4','DDX23']).
4.79939620205021e-08-solution(['GPKOW','YBX1','DDX23']).
4.8237050533366e-08-solution(['SMPD2','NGF','E2F1']).
4.83964243129476e-08-solution(['DDX39A','U2AF1L4','DDX23']).
4.83964243129476e-08-solution(['GPKOW','U2AF1L4','DDX23']).
4.87946513485279e-08-solution(['PSMC2','PSMC1','DVL1']).
4.91055554567442e-08-solution(['U2AF1L4','SRSF1','DDX23']).
4.9405161233526e-08-solution(['HNRNPA1','YBX1','DDX23']).
4.94497532753663e-08-solution(['HSPA8','SRSF1','DDX23']).
4.95144959217762e-08-solution(['ANAPC2','CDKN1B','E2F1']).
4.95144959217762e-08-solution(['PSMD6','CDKN1B','E2F1']).
4.96650224024835e-08-solution(['HNRNPA1','U2AF1L4','DDX23']).
4.99832976679528e-08-solution(['HNRNPA1','SNRNP200','DDX23']).
5.01089853915858e-08-solution(['SPOP','PSMC1','DVL1']).
5.04044041878038e-08-solution(['PSMD2','CDKN1B','E2F1']).
5.06053400034808e-08-solution(['SRSF1','YBX1','DDX23']).
5.07439235814345e-08-solution(['SRSF1','U2AF1L4','DDX23']).
5.07471069867791e-08-solution(['PSMC1','PSMC2','DVL1']).
5.07471069867791e-08-solution(['SPOP','PSMC2','DVL1']).
5.081969471195e-08-solution(['KMT2D','CDKN1B','E2F1']).
5.10273808896188e-08-solution(['U2AF1L4','YBX1','DDX23']).
5.1054462963129e-08-solution(['SNRNP200','HNRNPA1','DDX23']).
5.1054462963129e-08-solution(['SRSF4','HNRNPA1','DDX23']).
5.12839782764125e-08-solution(['SRSF1','SNRNP200','DDX23']).
5.14230442203731e-08-solution(['HSPA8','YBX1','DDX23']).
5.14789991099506e-08-solution(['HSPA8','U2AF1L4','DDX23']).
5.17413604683984e-08-solution(['U2AF1L4','SNRNP200','DDX23']).
5.19983405784817e-08-solution(['ANAPC2','PSMC1','DVL1']).
5.19983405784817e-08-solution(['PSMD6','PSMC1','DVL1']).
5.21701562733851e-08-solution(['HSPA8','SNRNP200','DDX23']).
5.2506271735951e-08-solution(['POLR2B','SNRPB2','DDX23']).
5.25185978038588e-08-solution(['CD40','PSMC1','DVL1']).
5.25520494698171e-08-solution(['UBE2C','CDKN1B','E2F1']).
5.2712062307816e-08-solution(['ANAPC2','PSMC2','DVL1']).
5.2712062307816e-08-solution(['PSMD6','PSMC2','DVL1']).
5.28373459789462e-08-solution(['YBX1','PLRG1','DDX23']).
5.28806872443851e-08-solution(['PSMC2','PSMD6','DVL1']).
5.30251640496208e-08-solution(['PSMD2','PSMC1','DVL1']).
5.32531369614348e-08-solution(['CD40','PSMC2','DVL1']).
5.32881869646614e-08-solution(['POLR2B','HNRNPA1','DDX23']).
5.33406780234995e-08-solution(['YBX1','SNRPA1','DDX23']).
5.36199393890502e-08-solution(['TP53','CDKN1B','E2F1']).
5.37799728083795e-08-solution(['PSMD2','PSMC2','DVL1']).
5.39439791194796e-08-solution(['YBX1','SNRPB2','DDX23']).
5.39863281804031e-08-solution(['POLR2B','GPKOW','DDX23']).
5.40010431212337e-08-solution(['PSMC2','PSMD2','DVL1']).
5.42162792761421e-08-solution(['CDKN1B','PSMC1','DVL1']).
5.42519854549365e-08-solution(['PSMC1','PSMD6','DVL1']).
5.42519854549365e-08-solution(['SPOP','PSMD6','DVL1']).
5.46577318018576e-08-solution(['PLRG1','SNRPA1','DDX23']).
5.46897392793484e-08-solution(['YBX1','HNRNPA1','DDX23']).
5.49123470447102e-08-solution(['SNRPA1','PLRG1','DDX23']).
5.50187489890332e-08-solution(['CDKN1B','PSMC2','DVL1']).
5.52618775543808e-08-solution(['PLRG1','SNRPB2','DDX23']).
5.53735875055701e-08-solution(['PSMC1','PSMD2','DVL1']).
5.53735875055701e-08-solution(['SPOP','PSMD2','DVL1']).
5.54491245409221e-08-solution(['YBX1','GPKOW','DDX23']).
5.54837241497756e-08-solution(['SNRPB2','PLRG1','DDX23']).
5.55032313599697e-08-solution(['UBE2C','PSMC1','DVL1']).
5.59744955678114e-08-solution(['PLRG1','HNRNPA1','DDX23']).
5.59747855802156e-08-solution(['SNRPB2','SNRPA1','DDX23']).
5.60106834833019e-08-solution(['SNRPA1','SNRPB2','DDX23']).
5.60400650152341e-08-solution(['GPKOW','PLRG1','DDX23']).
5.6223226632604e-08-solution(['ANAPC2','PSMD6','DVL1']).
5.63571968164061e-08-solution(['UBE2C','PSMC2','DVL1']).
5.64609624165724e-08-solution(['TAF6','CCNK','ERCC2']).
5.65285468279343e-08-solution(['GPKOW','SNRPA1','DDX23']).
5.67044707317109e-08-solution(['SNRPA1','HNRNPA1','DDX23']).
5.67354195253365e-08-solution(['TP53','PSMC1','DVL1']).
5.67660321742805e-08-solution(['CD40','PSMD6','DVL1']).
5.67900212047312e-08-solution(['PLRG1','GPKOW','DDX23']).
5.71338923766837e-08-solution(['GPKOW','SNRPB2','DDX23']).
5.72592518562745e-08-solution(['SNRPB2','HNRNPA1','DDX23']).
5.72945533595972e-08-solution(['PSMD2','PSMD6','DVL1']).
5.73466200580536e-08-solution(['ANAPC2','PSMD2','DVL1']).
5.73466200580536e-08-solution(['PSMD6','PSMD2','DVL1']).
5.75518943091681e-08-solution(['SNRPA1','GPKOW','DDX23']).
5.7608024858444e-08-solution(['IRF4','CCNK','ERCC2']).
5.7608024858444e-08-solution(['NABP1','CCNK','ERCC2']).
5.76386894170824e-08-solution(['TP53','PSMC2','DVL1']).
5.76489426531815e-08-solution(['HNRNPA1','PLRG1','DDX23']).
5.77994334775601e-08-solution(['GPKOW','HNRNPA1','DDX23']).
5.78899188768534e-08-solution(['CD40','PSMD2','DVL1']).
5.81299644902559e-08-solution(['HNRNPA1','SNRPA1','DDX23']).
5.81309178685402e-08-solution(['SNRPB2','GPKOW','DDX23']).
5.85372923629093e-08-solution(['CDKN1B','PSMD6','DVL1']).
5.87363370645749e-08-solution(['HNRNPA1','SNRPB2','DDX23']).
5.90172404574172e-08-solution(['SRSF1','PLRG1','DDX23']).
5.90804629888874e-08-solution(['KRAS','RAC3','DVL1']).
5.90804629888874e-08-solution(['NCKAP1L','RAC3','DVL1']).
5.90804629888874e-08-solution(['NOX3','RAC3','DVL1']).
5.90804629888874e-08-solution(['RALGDS','RAC3','DVL1']).
5.90804629888874e-08-solution(['RHOA','RAC3','DVL1']).
5.94919178292398e-08-solution(['SRSF1','SNRPA1','DDX23']).
5.94984001248407e-08-solution(['U2AF1L4','PLRG1','DDX23']).
5.96627887066212e-08-solution(['CDKN1B','PSMD2','DVL1']).
5.98800218607408e-08-solution(['UBE2C','PSMD6','DVL1']).
5.99494873130503e-08-solution(['HSPA8','PLRG1','DDX23']).
5.99708464759154e-08-solution(['U2AF1L4','SNRPA1','DDX23']).
6.00991638552114e-08-solution(['SRSF1','SNRPB2','DDX23']).
6.03251124093187e-08-solution(['HNRNPA1','GPKOW','DDX23']).
6.04198420821739e-08-solution(['HSPA8','SNRPA1','DDX23']).
6.0578399649721e-08-solution(['U2AF1L4','SNRPB2','DDX23']).
6.0690135126602e-08-solution(['SRSF1','HNRNPA1','DDX23']).
6.10067384162839e-08-solution(['UBE2C','PSMD2','DVL1']).
6.10276832070736e-08-solution(['HSPA8','SNRPB2','DDX23']).
6.11573192314977e-08-solution(['U2AF1L4','HNRNPA1','DDX23']).
6.11656139331327e-08-solution(['TP53','PSMD6','DVL1']).
6.15953043298373e-08-solution(['HSPA8','HNRNPA1','DDX23']).
6.17117214593939e-08-solution(['SRSF1','GPKOW','DDX23']).
6.19245058090614e-08-solution(['HIP1R','HSPA8','EPN1']).
6.19245058090614e-08-solution(['SIRT1','HSPA8','EPN1']).
6.19245058090614e-08-solution(['SNRNP200','HSPA8','EPN1']).
6.19245058090614e-08-solution(['SP1','HSPA8','EPN1']).
6.19245058090614e-08-solution(['SRSF4','HSPA8','EPN1']).
6.21993202462336e-08-solution(['U2AF1L4','GPKOW','DDX23']).
6.22934987765992e-08-solution(['TP53','PSMD2','DVL1']).
6.26564441088958e-08-solution(['HSPA8','GPKOW','DDX23']).
6.27374873405841e-08-solution(['TFPT','DDB1','ERCC2']).
6.46338136125462e-08-solution(['DDX23','HSPA8','EPN1']).
6.46338136125462e-08-solution(['LDLRAP1','HSPA8','EPN1']).
6.46338136125462e-08-solution(['POLR2B','HSPA8','EPN1']).
6.47339287356919e-08-solution(['IGKV3-20','CD79A','EP300']).
6.48259064690475e-08-solution(['IGLV1-47','CD79A','EP300']).
6.63337714500269e-08-solution(['HGS','HSPA8','EPN1']).
6.63337714500269e-08-solution(['YBX1','HSPA8','EPN1']).
6.78920661343841e-08-solution(['PLRG1','HSPA8','EPN1']).
6.8199721489232e-08-solution(['PLXNA3','RAC3','DVL1']).
6.87774608414053e-08-solution(['APOB','HSPA8','EPN1']).
6.87774608414053e-08-solution(['SNRPA1','HSPA8','EPN1']).
6.94503608187414e-08-solution(['SNRPB2','HSPA8','EPN1']).
7.01055529019371e-08-solution(['GPKOW','HSPA8','EPN1']).
7.01055529019371e-08-solution(['GPR37L1','HSPA8','EPN1']).
7.02280263158211e-08-solution(['MAP2K7','RAC3','DVL1']).
7.08007867901025e-08-solution(['CDKN1B','TFDP1','E2F1']).
7.19642552473814e-08-solution(['ACTG1','RAC3','DVL1']).
7.20002975749624e-08-solution(['HNRNPA1','HSPA8','EPN1']).
7.27134239228296e-08-solution(['ADCY6','AKT1','FASLG']).
7.27134239228296e-08-solution(['JAK3','AKT1','FASLG']).
7.27134239228296e-08-solution(['MKRN1','AKT1','FASLG']).
7.28685435511726e-08-solution(['RING1','TFDP1','E2F1']).
7.3611715941741e-08-solution(['SRSF1','HSPA8','EPN1']).
7.37710869890048e-08-solution(['CD3D','HSPA8','EPN1']).
7.40087865125832e-08-solution(['ACTA1','RAC3','DVL1']).
7.40412393898086e-08-solution(['ACTBL2','RAC3','DVL1']).
7.41783685542345e-08-solution(['U2AF1L4','HSPA8','EPN1']).
7.44591256750727e-08-solution(['TP53','TFDP1','E2F1']).
7.46438688057366e-08-solution(['TSC2','AKT1','FASLG']).
7.73183112990889e-08-solution(['IGKV3-20','SYK','FGA']).
7.74277963051766e-08-solution(['IGLV1-47','SYK','FGA']).
7.81830177577327e-08-solution(['CD40','AKT1','FASLG']).
7.94457238685984e-08-solution(['CCNK','TAF6','ERCC2']).
8.06765090648209e-08-solution(['CDKN1B','AKT1','FASLG']).
8.07640954141172e-08-solution(['TAF1L','TP53','ETS1']).
8.10786850820932e-08-solution(['RPS6KB2','AKT1','FASLG']).
8.20439075235467e-08-solution(['MST1','AKT1','FASLG']).
8.25495465833814e-08-solution(['NXF1','EIF4E','EIF4A1']).
8.4376528423726e-08-solution(['TP53','AKT1','FASLG']).
8.44895409877955e-08-solution(['SP1','TAF6','ERCC2']).
8.79193366288496e-08-solution(['POLR2B','TAF6','ERCC2']).
9.00480420976763e-08-solution(['MMP12','SP1','FES']).
9.00480420976763e-08-solution(['TAF6','SP1','FES']).
9.09671531480526e-08-solution(['E2F1','SP1','FES']).
9.09671531480526e-08-solution(['NR2F1','SP1','FES']).
9.18365825200301e-08-solution(['IGFBP3','SP1','FES']).
9.18365825200301e-08-solution(['NABP1','SP1','FES']).
9.3625122942384e-08-solution(['RPS6KB2','SP1','FES']).
9.43703481183648e-08-solution(['FOXA1','SP1','FES']).
9.56307725799776e-08-solution(['NABP1','TAF6','ERCC2']).
9.60098435055224e-08-solution(['MMP9','SP1','FES']).
9.7358953770044e-08-solution(['HDAC3','SIRT1','E2F1']).
9.74257713398859e-08-solution(['HSPA8','SP1','FES']).
9.76990205710789e-08-solution(['TP53','SP1','FES']).
1.00853925418968e-07-solution(['TAF1L','TAF6','ERCC2']).
1.00921176313891e-07-solution(['TP53','TAF6','ERCC2']).
1.01463014666101e-07-solution(['RPS4Y2','RPL7','EIF2S1']).
1.03290676484915e-07-solution(['RPS4Y2','RPL10A','EIF2S1']).
1.03678841088077e-07-solution(['FOSB','SIRT1','E2F1']).
1.04808616548166e-07-solution(['YBX1','SRSF4','DDX39A']).
1.04911606549553e-07-solution(['POLR2B','SUPT16H','ERCC2']).
1.06293966874849e-07-solution(['NR1D1','SIRT1','E2F1']).
1.0651147185879e-07-solution(['SSR3','RPL7','EIF2S1']).
1.07225866764119e-07-solution(['SF3B3','SRSF1','DDX39A']).
1.07225866764119e-07-solution(['TPR','SRSF1','DDX39A']).
1.07225866764119e-07-solution(['ZC3H11A','SRSF1','DDX39A']).
1.07454387706009e-07-solution(['PLRG1','SRSF4','DDX39A']).
1.07846697810745e-07-solution(['HSPA8','SIRT1','E2F1']).
1.0814634764048e-07-solution(['TP53','SIRT1','E2F1']).
1.08307963832651e-07-solution(['SSR3','RPL10A','EIF2S1']).
1.08773137073271e-07-solution(['SF3B3','SRSF1','DDX39B']).
1.08773137073271e-07-solution(['TPR','SRSF1','DDX39B']).
1.08773137073271e-07-solution(['ZC3H11A','SRSF1','DDX39B']).
1.08939014872308e-07-solution(['PLRG1','SRSF4','DDX39B']).
1.08957666772965e-07-solution(['NXF1','SRSF4','DDX39A']).
1.08957666772965e-07-solution(['SNRPA1','SRSF4','DDX39A']).
1.10100158863851e-07-solution(['DDX39B','SRSF4','DDX39A']).
1.10100158863851e-07-solution(['SNRPB2','SRSF4','DDX39A']).
1.10479006600782e-07-solution(['NXF1','SRSF4','DDX39B']).
1.10479006600782e-07-solution(['SNRPA1','SRSF4','DDX39B']).
1.11212585373398e-07-solution(['GPKOW','SRSF4','DDX39A']).
1.11649400314423e-07-solution(['SNRPB2','SRSF4','DDX39B']).
1.11748404831398e-07-solution(['SF3B3','U2AF1L4','DDX39A']).
1.11748404831398e-07-solution(['TPR','U2AF1L4','DDX39A']).
1.11748404831398e-07-solution(['ZC3H11A','U2AF1L4','DDX39A']).
1.12788994193495e-07-solution(['DDX39A','SRSF4','DDX39B']).
1.12788994193495e-07-solution(['GPKOW','SRSF4','DDX39B']).
1.13373119741923e-07-solution(['SF3B3','U2AF1L4','DDX39B']).
1.13373119741923e-07-solution(['TPR','U2AF1L4','DDX39B']).
1.13373119741923e-07-solution(['ZC3H11A','U2AF1L4','DDX39B']).
1.13796079188391e-07-solution(['NUP54','SRSF1','DDX39A']).
1.13796079188391e-07-solution(['POM121C','SRSF1','DDX39A']).
1.13796079188391e-07-solution(['SNRNP200','SRSF1','DDX39A']).
1.13796079188391e-07-solution(['SRSF4','SRSF1','DDX39A']).
1.14429602576684e-07-solution(['HNRNPA1','SRSF4','DDX39A']).
1.15505999753184e-07-solution(['NUP54','SRSF1','DDX39B']).
1.15505999753184e-07-solution(['POM121C','SRSF1','DDX39B']).
1.15505999753184e-07-solution(['SNRNP200','SRSF1','DDX39B']).
1.15505999753184e-07-solution(['SRSF4','SRSF1','DDX39B']).
1.15942966318337e-07-solution(['RPL7','RPL10A','EIF2S1']).
1.16084576492431e-07-solution(['HNRNPA1','SRSF4','DDX39B']).
1.1666326077887e-07-solution(['RPL10A','RPL7','EIF2S1']).
1.17165570478544e-07-solution(['SRSF1','SRSF4','DDX39A']).
1.18127669081396e-07-solution(['U2AF1L4','SRSF4','DDX39A']).
1.18263823636896e-07-solution(['DDX23','SRSF1','DDX39A']).
1.18263823636896e-07-solution(['NUP43','SRSF1','DDX39A']).
1.18263823636896e-07-solution(['POLR2B','SRSF1','DDX39A']).
1.18536577371103e-07-solution(['NUP54','U2AF1L4','DDX39A']).
1.18536577371103e-07-solution(['POM121C','U2AF1L4','DDX39A']).
1.18536577371103e-07-solution(['SNRNP200','U2AF1L4','DDX39A']).
1.18536577371103e-07-solution(['SRSF4','U2AF1L4','DDX39A']).
1.18887361438255e-07-solution(['SRSF1','SRSF4','DDX39B']).
1.19029636521569e-07-solution(['HSPA8','SRSF4','DDX39A']).
1.19872956144479e-07-solution(['U2AF1L4','SRSF4','DDX39B']).
1.20084346375526e-07-solution(['DDX23','SRSF1','DDX39B']).
1.20084346375526e-07-solution(['NUP43','SRSF1','DDX39B']).
1.20084346375526e-07-solution(['POLR2B','SRSF1','DDX39B']).
1.20267204443082e-07-solution(['RPL7','EIF2S1','EIF4A1']).
1.20329474239314e-07-solution(['NUP54','U2AF1L4','DDX39B']).
1.20329474239314e-07-solution(['POM121C','U2AF1L4','DDX39B']).
1.20329474239314e-07-solution(['SNRNP200','U2AF1L4','DDX39B']).
1.20329474239314e-07-solution(['SRSF4','U2AF1L4','DDX39B']).
1.20796951181564e-07-solution(['HSPA8','SRSF4','DDX39B']).
1.21067114271252e-07-solution(['YBX1','SRSF1','DDX39A']).
1.21925460527566e-07-solution(['PPP1R15A','EIF2S1','EIF4A1']).
1.22296400599132e-07-solution(['AKT1','JAK3','CXCR6']).
1.22311873006156e-07-solution(['TP53','SUPT16H','ERCC2']).
1.22885503523846e-07-solution(['RPL10A','EIF2S1','EIF4A1']).
1.22957034452289e-07-solution(['YBX1','SRSF1','DDX39B']).
1.23152534698101e-07-solution(['DDX23','U2AF1L4','DDX39A']).
1.23152534698101e-07-solution(['NUP43','U2AF1L4','DDX39A']).
1.23152534698101e-07-solution(['POLR2B','U2AF1L4','DDX39A']).
1.23636797352745e-07-solution(['PLRG1','SRSF1','DDX39A']).
1.2505979529754e-07-solution(['DDX23','U2AF1L4','DDX39B']).
1.2505979529754e-07-solution(['NUP43','U2AF1L4','DDX39B']).
1.2505979529754e-07-solution(['POLR2B','U2AF1L4','DDX39B']).
1.25096844558138e-07-solution(['NXF1','SRSF1','DDX39A']).
1.25096844558138e-07-solution(['SNRPA1','SRSF1','DDX39A']).
1.25530685573655e-07-solution(['IL6ST','JAK3','CXCR6']).
1.25590331855988e-07-solution(['PLRG1','SRSF1','DDX39B']).
1.26048821648375e-07-solution(['YBX1','U2AF1L4','DDX39A']).
1.26206480434238e-07-solution(['DDX39B','SRSF1','DDX39A']).
1.26206480434238e-07-solution(['SNRPB2','SRSF1','DDX39A']).
1.26218851714402e-07-solution(['TAF6','ERCC2','DDB1']).
1.27086523562636e-07-solution(['NXF1','SRSF1','DDX39B']).
1.27086523562636e-07-solution(['SNRPA1','SRSF1','DDX39B']).
1.27286915366229e-07-solution(['E2F1','SRSF1','DDX39A']).
1.27286915366229e-07-solution(['GPKOW','SRSF1','DDX39A']).
1.28027839883093e-07-solution(['YBX1','U2AF1L4','DDX39B']).
1.28223629259688e-07-solution(['SNRPB2','SRSF1','DDX39B']).
1.28703751352793e-07-solution(['PLRG1','U2AF1L4','DDX39A']).
1.29330811122607e-07-solution(['DDX39A','SRSF1','DDX39B']).
1.29330811122607e-07-solution(['E2F1','SRSF1','DDX39B']).
1.29330811122607e-07-solution(['GPKOW','SRSF1','DDX39B']).
1.30212234139394e-07-solution(['NXF1','U2AF1L4','DDX39A']).
1.30212234139394e-07-solution(['SNRPA1','U2AF1L4','DDX39A']).
1.30411416385772e-07-solution(['HNRNPA1','SRSF1','DDX39A']).
1.3074854741985e-07-solution(['PLRG1','U2AF1L4','DDX39B']).
1.31358681057211e-07-solution(['DDX39B','U2AF1L4','DDX39A']).
1.31358681057211e-07-solution(['SNRPB2','U2AF1L4','DDX39A']).
1.31460208026946e-07-solution(['CD40','JAK3','CXCR6']).
1.31460208026946e-07-solution(['FES','JAK3','CXCR6']).
1.32016835900068e-07-solution(['CDKN1B','RBL2','E2F1']).
1.32294403974826e-07-solution(['NXF1','U2AF1L4','DDX39B']).
1.32294403974826e-07-solution(['SNRPA1','U2AF1L4','DDX39B']).
1.32474958319295e-07-solution(['GPKOW','U2AF1L4','DDX39A']).
1.32532661374833e-07-solution(['HNRNPA1','SRSF1','DDX39B']).
1.32706755360877e-07-solution(['IL11RA','JAK3','CXCR6']).
1.32706755360877e-07-solution(['XCR1','JAK3','CXCR6']).
1.33469254956608e-07-solution(['SNRPB2','U2AF1L4','DDX39B']).
1.33724984092316e-07-solution(['U2AF1L4','HSPA8','EPS15']).
1.3400313251104e-07-solution(['U2AF1L4','SRSF1','DDX39A']).
1.3461318880729e-07-solution(['DDX39A','U2AF1L4','DDX39B']).
1.3461318880729e-07-solution(['GPKOW','U2AF1L4','DDX39B']).
1.34879160834277e-07-solution(['HSPA8','SRSF1','DDX39A']).
1.35703111482621e-07-solution(['HNRNPA1','U2AF1L4','DDX39A']).
1.36213292973185e-07-solution(['U2AF1L4','SRSF1','DDX39B']).
1.37081365758672e-07-solution(['TAF1L','ERCC2','DDB1']).
1.37111007997174e-07-solution(['HSPA8','SRSF1','DDX39B']).
1.37921321834938e-07-solution(['HNRNPA1','U2AF1L4','DDX39B']).
1.38448550154235e-07-solution(['SRSF1','U2AF1L4','DDX39A']).
1.38838261849412e-07-solution(['TP53','RBL2','E2F1']).
1.4031906880962e-07-solution(['HSPA8','U2AF1L4','DDX39A']).
1.40734780764994e-07-solution(['SRSF1','U2AF1L4','DDX39B']).
1.41634729509298e-07-solution(['GH1','JAK3','CXCR6']).
1.42651642893164e-07-solution(['HSPA8','U2AF1L4','DDX39B']).
1.51074260808487e-07-solution(['CNOT3','EIF4A1','EIF2S1']).
1.65740034817579e-07-solution(['OCRL','CD3D','FASLG']).
1.67080749038074e-07-solution(['COL1A2','ITGAM','FGA']).
1.68279220467102e-07-solution(['POLR2B','CDK12','ERCC2']).
1.71066410712065e-07-solution(['ACTN3','ITGAM','FGA']).
1.73308582414864e-07-solution(['COL1A2','TLN1','FGA']).
1.7333099120865e-07-solution(['APOB','ITGAM','FGA']).
1.75673840846869e-07-solution(['HIP1R','CD3D','FASLG']).
1.7744280720546e-07-solution(['ACTN3','TLN1','FGA']).
1.7744280720546e-07-solution(['ITGA7','TLN1','FGA']).
1.78992442450114e-07-solution(['FGG','ITGAM','FGA']).
1.81574064216221e-07-solution(['ACTG1','ITGAM','FGA']).
1.83748061492943e-07-solution(['MST1','ITGAM','FGA']).
1.85664276959486e-07-solution(['FGG','TLN1','FGA']).
1.85922058769665e-07-solution(['MMP9','ITGAM','FGA']).
1.8737139028748e-07-solution(['ACTBL2','ITGAM','FGA']).
1.8834212710794e-07-solution(['ACTG1','TLN1','FGA']).
1.9435554498517e-07-solution(['ACTBL2','TLN1','FGA']).
2.02207993147641e-07-solution(['SRSF1','NXF1','EIF4E']).
2.02598604686278e-07-solution(['POLR2B','TAF1L','ERCC2']).
2.040068966174e-07-solution(['U2AF1L4','NXF1','EIF4E']).
2.07550320638636e-07-solution(['HSPA8','CD3D','FASLG']).
2.12408613794066e-07-solution(['AKT1','JAK3','FES']).
2.15635467821993e-07-solution(['TAF6','TAF1L','ERCC2']).
2.18224708182038e-07-solution(['IL6ST','JAK3','FES']).
2.2142524017346e-07-solution(['HSPA8','HIP1R','EPN1']).
2.2888754789332e-07-solution(['CD40','JAK3','FES']).
2.30397798137435e-07-solution(['TP53','TAF1L','ERCC2']).
2.31129167605351e-07-solution(['IL11RA','JAK3','FES']).
2.31129167605351e-07-solution(['XCR1','JAK3','FES']).
2.36400003144451e-07-solution(['CXCR6','JAK3','FES']).
2.47184011488816e-07-solution(['GH1','JAK3','FES']).
2.52759663338237e-07-solution(['HSPA8','HGS','EPN1']).
2.52984864823282e-07-solution(['WDR46','WDR3','EXOSC5']).
2.52984864823282e-07-solution(['WDR46','WDR75','EXOSC5']).
2.54214276476138e-07-solution(['WDR3','WDR46','EXOSC5']).
2.54214276476138e-07-solution(['WDR75','WDR46','EXOSC5']).
2.75968036068386e-07-solution(['SRSF1','ZC3H11A','DDX39A']).
2.78372986273775e-07-solution(['U2AF1L4','ZC3H11A','DDX39A']).
2.79733514746226e-07-solution(['SRSF1','ZC3H11A','DDX39B']).
2.82196093142891e-07-solution(['U2AF1L4','ZC3H11A','DDX39B']).
2.84074390914083e-07-solution(['FPR1','MAP2K7','FASLG']).
2.84074390914083e-07-solution(['MAPK8IP3','MAP2K7','FASLG']).
2.84074390914083e-07-solution(['NOD1','MAP2K7','FASLG']).
2.85541235921867e-07-solution(['PCDHB8','PCDHA12','FAT2']).
2.85541235921867e-07-solution(['PCDHB8','PCDHAC2','FAT2']).
2.87582565889853e-07-solution(['PCDHB7','PCDHA12','FAT2']).
2.87582565889853e-07-solution(['PCDHB7','PCDHAC2','FAT2']).
2.93236828227166e-07-solution(['PCDHB10','PCDH10','FAT2']).
2.93658882599596e-07-solution(['PCDHA12','PCDHB8','FAT2']).
2.93658882599596e-07-solution(['PCDHAC2','PCDHB8','FAT2']).
2.94489799871671e-07-solution(['GLE1','NXF1','DDX39A']).
2.94489799871671e-07-solution(['NUP54','NXF1','DDX39A']).
2.94489799871671e-07-solution(['POM121C','NXF1','DDX39A']).
2.94489799871671e-07-solution(['SRSF4','NXF1','DDX39A']).
2.95909556739095e-07-solution(['PCDHA12','PCDHB7','FAT2']).
2.95909556739095e-07-solution(['PCDHAC2','PCDHB7','FAT2']).
2.97801580872493e-07-solution(['PCDH10','PCDHB10','FAT2']).
2.98308216558487e-07-solution(['SSTR4','GRK4','DRD5']).
2.98574937547472e-07-solution(['GLE1','NXF1','DDX39B']).
2.98574937547472e-07-solution(['NUP54','NXF1','DDX39B']).
2.98574937547472e-07-solution(['POM121C','NXF1','DDX39B']).
2.98574937547472e-07-solution(['SRSF4','NXF1','DDX39B']).
2.98647203168212e-07-solution(['SSTR5','GRK4','DRD5']).
3.03535958187378e-07-solution(['PCDHB15','PCDH10','FAT2']).
3.06666893695283e-07-solution(['PCDHB8','PCDH10','FAT2']).
3.06922730164266e-07-solution(['NUP43','NXF1','DDX39A']).
3.08726719687325e-07-solution(['PCDHB7','PCDH10','FAT2']).
3.09116372999177e-07-solution(['PCDH10','PCDHB15','FAT2']).
3.11310361423905e-07-solution(['NUP43','NXF1','DDX39B']).
3.12553148709092e-07-solution(['PCDH10','PCDHB8','FAT2']).
3.14813489239463e-07-solution(['PCDH10','PCDHB7','FAT2']).
3.29025717351102e-07-solution(['DDX39B','NXF1','DDX39A']).
3.37030923370425e-07-solution(['DDX39A','NXF1','DDX39B']).
3.4042447878623e-07-solution(['IL24','IL4R','FES']).
3.48122048192671e-07-solution(['SRSF1','NXF1','DDX39A']).
3.50722399626416e-07-solution(['U2AF1L4','NXF1','DDX39A']).
3.53027499213556e-07-solution(['PCDHB15','PCDHB10','FAT2']).
3.53512060151691e-07-solution(['SRSF1','NXF1','DDX39B']).
3.53605897998491e-07-solution(['GH1','IL4R','FES']).
3.54007051488471e-07-solution(['PCDHB10','PCDHB15','FAT2']).
3.5617567821735e-07-solution(['U2AF1L4','NXF1','DDX39B']).
3.5620717329986e-07-solution(['PCDHB8','PCDHB10','FAT2']).
3.57479514791673e-07-solution(['PCDHB10','PCDHB8','FAT2']).
3.58299064146112e-07-solution(['PCDHB7','PCDHB10','FAT2']).
3.58476733501956e-07-solution(['RAC3','MAP2K7','FASLG']).
3.5976283985145e-07-solution(['PCDHB10','PCDHB7','FAT2']).
3.67684024560911e-07-solution(['PCDHB8','PCDHB15','FAT2']).
3.67976329296949e-07-solution(['PCDHB15','PCDHB8','FAT2']).
3.6978171981742e-07-solution(['PCDHB7','PCDHB15','FAT2']).
3.70265024573876e-07-solution(['PCDHB15','PCDHB7','FAT2']).
3.73266723807608e-07-solution(['PCDHB7','PCDHB8','FAT2']).
3.73457688729494e-07-solution(['PCDHB8','PCDHB7','FAT2']).
4.35690080454351e-07-solution(['S100A8','IRAK2','FGA']).
4.36150899119052e-07-solution(['F13B','FGG','FGA']).
4.36150899119052e-07-solution(['ITGAM','FGG','FGA']).
4.36150899119052e-07-solution(['TLN1','FGG','FGA']).
4.7285843212069e-07-solution(['GLP1R','POMC','DRD5']).
5.35804254759299e-07-solution(['HSD3B2','POMC','DRD5']).
5.40957451571543e-07-solution(['TP53','TOP3A','FANCB']).
6.11888456720251e-07-solution(['TP53','RMI1','FANCB']).
6.35388095958916e-07-solution(['RGMB','PPP1R15A','EIF2S1']).
6.63616813093419e-07-solution(['BMP4','PPP1R15A','EIF2S1']).
7.3104352906462e-07-solution(['DSEL','BCAN','DCN']).
8.33394909724743e-07-solution(['DSEL','CSPG4','DCN']).
8.59681132381062e-07-solution(['EDN3','SSTR2','EDN2']).
9.36754442222871e-07-solution(['EDN3','SSTR1','EDN2']).
9.63900928752135e-07-solution(['EDN3','SSTR5','EDN2']).
9.83634812400436e-07-solution(['CCNK','IRF4','DMRT2']).
9.85498709161535e-07-solution(['TP53','SSTR2','EDN2']).
1.09922353242383e-06-solution(['EDN2','SSTR2','EDN3']).
1.13334023554978e-06-solution(['TP53','SSTR2','EDN3']).
1.20113871881964e-06-solution(['EDN2','SSTR1','EDN3']).
1.2224709200574e-06-solution(['CD79A','IRF4','DMRT2']).
1.2363308621497e-06-solution(['EDN2','SSTR5','EDN3']).
1.31556498777658e-06-solution(['PLXNA3','LIMK1','FES']).
1.41738369135176e-06-solution(['FOXA1','IRF2BPL','E2F1']).
1.57166244755844e-06-solution(['LIMK1','PLXNA3','FES']).
1.65273785272364e-06-solution(['MAD2L2','FOXA1','ETV5']).
1.67644321492564e-06-solution(['APOB','FOXA1','ETV5']).
1.67644321492564e-06-solution(['ZNF460','FOXA1','ETV5']).
1.76054422612133e-06-solution(['RAC3','PLXNA3','FES']).
1.8025557418403e-06-solution(['IRF2BPL','FOXA1','ETV5']).
1.80824502876878e-06-solution(['NR1D1','FOXA1','ETV5']).
1.8404843213635e-06-solution(['TP53','FOXA1','ETV5']).
1.99281563530058e-06-solution(['TP53','TYMS','E2F1']).
2.46068061767273e-06-solution(['FGG','F13B','FGA']).
2.47188074705715e-06-solution(['CHST12','DCN','DSEL']).
2.47188074705715e-06-solution(['CSPG4','DCN','DSEL']).
2.52805280203039e-06-solution(['MCM4','E2F1','DONSON']).
2.5918705434471e-06-solution(['HDAC3','E2F1','DONSON']).
2.5918705434471e-06-solution(['TYMS','E2F1','DONSON']).
2.63388755752618e-06-solution(['TP53','SMYD2','E2F1']).
2.64064913368102e-06-solution(['BCAN','DCN','DSEL']).
2.65568828486382e-06-solution(['INSIG1','E2F1','DONSON']).
2.74561328413283e-06-solution(['CDKN1B','E2F1','DONSON']).
2.82103425126168e-06-solution(['IRF2BPL','E2F1','DONSON']).
2.82611066251073e-06-solution(['SRSF1','E2F1','DONSON']).
2.87905037982233e-06-solution(['TP53','E2F1','DONSON']).
3.15865941590144e-06-solution(['FGG','FGA','F13B']).
3.30141730495581e-06-solution(['CHST12','BCAN','DSEL']).
3.30141730495581e-06-solution(['CSPG4','BCAN','DSEL']).
3.38056980031412e-06-solution(['FGA','FGG','F13B']).
3.52682254458674e-06-solution(['DCN','BCAN','DSEL']).
4.03915030544992e-06-solution(['BCAN','CSPG4','DSEL']).
4.03915030544992e-06-solution(['DCN','CSPG4','DSEL']).
4.11297272868804e-06-solution(['CSPG4','DSEL','DCN']).
4.39378715409065e-06-solution(['BCAN','DSEL','DCN']).
1.13871389863816e-05-solution(['TP53','PERP','DSC1']).
1.89178333579048e-05-solution(['PNKP','LIG4','DNTT']).
1.96298479955259e-05-solution(['TP53','LIG4','DNTT']).
