gene_patient_probability_file('new_data/CADD_aggr.pl').
gene_function_file('new_data/coverage_corrected_aggr.pl').
network_file('new_data/network.pl').
threshold(1.0e-06).
pattern_quality_metric_threshold(0.67).
mcda(weighted_sum,[0.0,0]).
experiment_query(solution_3_genes(mcda(weighted_sum,[alpha(0.0),beta(0)]),0.67,_131106)).
3.08993982830613e-09-solution(['ZBED2','EP300','HSPA8']).
3.09788765867331e-09-solution(['LCN2','EP300','HSPA8']).
3.10053693546237e-09-solution(['MED11','EP300','HSPA8']).
3.11554950393371e-09-solution(['TP53','EP300','HSPA8']).
7.55238879095076e-09-solution(['GLP1R','SP1','HSPA8']).
7.55238879095076e-09-solution(['ITGAM','SP1','HSPA8']).
7.55238879095076e-09-solution(['SIRT1','SP1','HSPA8']).
7.76703970386146e-09-solution(['GH1','EGFR','HSPA8']).
7.7802714580418e-09-solution(['TP53','EGFR','HSPA8']).
7.8828192985331e-09-solution(['CETP','SP1','HSPA8']).
7.8828192985331e-09-solution(['POLR2B','SP1','HSPA8']).
7.8828192985331e-09-solution(['SLC5A7','SP1','HSPA8']).
8.04815250035551e-09-solution(['ACTA1','CTCF','HSPA8']).
8.09014824446713e-09-solution(['CD83','SP1','HSPA8']).
8.10964516498683e-09-solution(['CDK12','POLR2B','HSPA8']).
8.10964516498683e-09-solution(['PAX6','POLR2B','HSPA8']).
8.10964516498683e-09-solution(['SNRNP200','POLR2B','HSPA8']).
8.10964516498683e-09-solution(['SP1','POLR2B','HSPA8']).
8.10964516498683e-09-solution(['SRSF4','POLR2B','HSPA8']).
8.10964516498683e-09-solution(['SUPT16H','POLR2B','HSPA8']).
8.10964516498683e-09-solution(['WTAP','POLR2B','HSPA8']).
8.44958371573833e-09-solution(['DDX23','POLR2B','HSPA8']).
8.47025131201283e-09-solution(['FES','SP1','HSPA8']).
8.47025131201283e-09-solution(['MMP12','SP1','HSPA8']).
8.47025131201283e-09-solution(['TAF6','SP1','HSPA8']).
8.55015934325824e-09-solution(['E2F1','SP1','HSPA8']).
8.55015934325824e-09-solution(['NR2F1','SP1','HSPA8']).
8.62574802146335e-09-solution(['IGFBP3','SP1','HSPA8']).
8.62574802146335e-09-solution(['NABP1','SP1','HSPA8']).
8.66287849268045e-09-solution(['YBX1','POLR2B','HSPA8']).
8.78124473091386e-09-solution(['RPS6KB2','SP1','HSPA8']).
8.84603502651825e-09-solution(['FOXA1','SP1','HSPA8']).
8.8583987048774e-09-solution(['HDAC3','POLR2B','HSPA8']).
8.8583987048774e-09-solution(['PLRG1','POLR2B','HSPA8']).
8.96948973453475e-09-solution(['SNRPA1','POLR2B','HSPA8']).
8.98857367684789e-09-solution(['MMP9','SP1','HSPA8']).
9.05391891707434e-09-solution(['SNRPB2','POLR2B','HSPA8']).
9.05391891707434e-09-solution(['TAF6','POLR2B','HSPA8']).
9.13543168021782e-09-solution(['TP53','SP1','HSPA8']).
9.13612627902078e-09-solution(['GPKOW','POLR2B','HSPA8']).
9.21388999978093e-09-solution(['KMT2D','POLR2B','HSPA8']).
9.21388999978093e-09-solution(['NABP1','POLR2B','HSPA8']).
9.37386108248752e-09-solution(['ERCC2','POLR2B','HSPA8']).
9.37386108248752e-09-solution(['HNRNPA1','POLR2B','HSPA8']).
9.5760467564639e-09-solution(['SRSF1','POLR2B','HSPA8']).
9.64714501544461e-09-solution(['U2AF1L4','POLR2B','HSPA8']).
9.7315741979842e-09-solution(['TAF1L','POLR2B','HSPA8']).
1.36395676759289e-08-solution(['U2AF1L4','WDR33','HSPA8']).
1.38299492011507e-08-solution(['NUP133','U2AF1L4','HSPA8']).
1.38299492011507e-08-solution(['NUP153','U2AF1L4','HSPA8']).
1.38299492011507e-08-solution(['NUP160','U2AF1L4','HSPA8']).
1.38299492011507e-08-solution(['NUP214','U2AF1L4','HSPA8']).
1.38299492011507e-08-solution(['WDR33','U2AF1L4','HSPA8']).
1.38504477944924e-08-solution(['NUP54','SRSF4','HSPA8']).
1.38504477944924e-08-solution(['POM121C','SRSF4','HSPA8']).
1.38504477944924e-08-solution(['SNRNP200','SRSF4','HSPA8']).
1.44564296396618e-08-solution(['DDX23','SRSF4','HSPA8']).
1.44564296396618e-08-solution(['NUP43','SRSF4','HSPA8']).
1.44564296396618e-08-solution(['POLR2B','SRSF4','HSPA8']).
1.48366535425131e-08-solution(['YBX1','SRSF4','HSPA8']).
1.48576979318755e-08-solution(['IFI16','TP53','HDAC3']).
1.48576979318755e-08-solution(['NOS2','TP53','HDAC3']).
1.48576979318755e-08-solution(['RBL2','TP53','HDAC3']).
1.48576979318755e-08-solution(['SMYD2','TP53','HDAC3']).
1.48576979318755e-08-solution(['TFDP1','TP53','HDAC3']).
1.49667507912131e-08-solution(['IFI16','TP53','FOXA1']).
1.49667507912131e-08-solution(['NOS2','TP53','FOXA1']).
1.49667507912131e-08-solution(['RBL2','TP53','FOXA1']).
1.49667507912131e-08-solution(['SMYD2','TP53','FOXA1']).
1.49667507912131e-08-solution(['TFDP1','TP53','FOXA1']).
1.50915358080306e-08-solution(['CETP','SP1','FOXA1']).
1.50915358080306e-08-solution(['POLR2B','SP1','FOXA1']).
1.50915358080306e-08-solution(['SLC5A7','SP1','FOXA1']).
1.50959931265146e-08-solution(['SF3B3','SRSF1','HSPA8']).
1.50959931265146e-08-solution(['TPR','SRSF1','HSPA8']).
1.50959931265146e-08-solution(['ZC3H11A','SRSF1','HSPA8']).
1.51851921201269e-08-solution(['PLRG1','SRSF4','HSPA8']).
1.5383225402862e-08-solution(['NXF1','SRSF4','HSPA8']).
1.5383225402862e-08-solution(['SNRPA1','SRSF4','HSPA8']).
1.55023062751615e-08-solution(['CD83','SP1','FOXA1']).
1.55337306977407e-08-solution(['DDX39B','SRSF4','HSPA8']).
1.55337306977407e-08-solution(['SNRPB2','SRSF4','HSPA8']).
1.55359957229478e-08-solution(['SF3B3','YBX1','HSPA8']).
1.56802753269646e-08-solution(['DDX39A','SRSF4','HSPA8']).
1.56802753269646e-08-solution(['GPKOW','SRSF4','HSPA8']).
1.57218005831263e-08-solution(['SF3B3','U2AF1L4','HSPA8']).
1.57218005831263e-08-solution(['TPR','U2AF1L4','HSPA8']).
1.57218005831263e-08-solution(['ZC3H11A','U2AF1L4','HSPA8']).
1.57811736320611e-08-solution(['CEBPZ','TP53','HDAC3']).
1.57811736320611e-08-solution(['SIRT1','TP53','HDAC3']).
1.57811736320611e-08-solution(['SP1','TP53','HDAC3']).
1.57811736320611e-08-solution(['SUPT16H','TP53','HDAC3']).
1.57811736320611e-08-solution(['UBN1','TP53','HDAC3']).
1.58342208911675e-08-solution(['CEBPZ','TP53','FOXA1']).
1.58342208911675e-08-solution(['SIRT1','TP53','FOXA1']).
1.58342208911675e-08-solution(['SP1','TP53','FOXA1']).
1.58342208911675e-08-solution(['SUPT16H','TP53','FOXA1']).
1.58342208911675e-08-solution(['UBN1','TP53','FOXA1']).
1.59598279315669e-08-solution(['NUP54','SRSF1','HSPA8']).
1.59598279315669e-08-solution(['POM121C','SRSF1','HSPA8']).
1.59598279315669e-08-solution(['SNRNP200','SRSF1','HSPA8']).
1.59598279315669e-08-solution(['SRSF4','SRSF1','HSPA8']).
1.61040665520177e-08-solution(['HNRNPA1','SRSF4','HSPA8']).
1.62553854649016e-08-solution(['FES','SP1','FOXA1']).
1.62553854649016e-08-solution(['MMP12','SP1','FOXA1']).
1.62553854649016e-08-solution(['TAF6','SP1','FOXA1']).
1.64091371081874e-08-solution(['AKT1','TP53','HDAC3']).
1.64091371081874e-08-solution(['P2RX4','TP53','HDAC3']).
1.64091371081874e-08-solution(['PSMC2','TP53','HDAC3']).
1.64091371081874e-08-solution(['RMI1','TP53','HDAC3']).
1.64091371081874e-08-solution(['TOP3A','TP53','HDAC3']).
1.64091371081874e-08-solution(['TYRP1','TP53','HDAC3']).
1.64137032491084e-08-solution(['E2F1','SP1','FOXA1']).
1.64137032491084e-08-solution(['NR2F1','SP1','FOXA1']).
1.64241005591365e-08-solution(['AKT1','TP53','FOXA1']).
1.64241005591365e-08-solution(['P2RX4','TP53','FOXA1']).
1.64241005591365e-08-solution(['PSMC2','TP53','FOXA1']).
1.64241005591365e-08-solution(['RMI1','TP53','FOXA1']).
1.64241005591365e-08-solution(['TOP3A','TP53','FOXA1']).
1.64241005591365e-08-solution(['TYRP1','TP53','FOXA1']).
1.64545443436189e-08-solution(['YBX1','POLR2B','HDAC3']).
1.64644871265956e-08-solution(['SRSF1','SRSF4','HSPA8']).
1.65287815899354e-08-solution(['SNRNP200','YBX1','HSPA8']).
1.65287815899354e-08-solution(['SRSF4','YBX1','HSPA8']).
1.65472355990025e-08-solution(['DDX23','SRSF1','HSPA8']).
1.65472355990025e-08-solution(['NUP43','SRSF1','HSPA8']).
1.65472355990025e-08-solution(['POLR2B','SRSF1','HSPA8']).
1.65634633152499e-08-solution(['IGFBP3','SP1','FOXA1']).
1.65634633152499e-08-solution(['NABP1','SP1','FOXA1']).
1.65912284275461e-08-solution(['U2AF1L4','SRSF4','HSPA8']).
1.66141833104732e-08-solution(['NUP54','U2AF1L4','HSPA8']).
1.66141833104732e-08-solution(['POM121C','U2AF1L4','HSPA8']).
1.66141833104732e-08-solution(['SNRNP200','U2AF1L4','HSPA8']).
1.66141833104732e-08-solution(['SRSF4','U2AF1L4','HSPA8']).
1.67683080808861e-08-solution(['SRSF4','SNRNP200','HSPA8']).
1.67942211351171e-08-solution(['P2RX1','TP53','FOXA1']).
1.67942211351171e-08-solution(['PERP','TP53','FOXA1']).
1.67942211351171e-08-solution(['PSMC1','TP53','FOXA1']).
1.67942211351171e-08-solution(['TSC2','TP53','FOXA1']).
1.68031534069332e-08-solution(['P2RX1','TP53','HDAC3']).
1.68031534069332e-08-solution(['PERP','TP53','HDAC3']).
1.68031534069332e-08-solution(['PSMC1','TP53','HDAC3']).
1.68031534069332e-08-solution(['TSC2','TP53','HDAC3']).
1.68449002599919e-08-solution(['RAC3','PIK3CB','IGLV1-47']).
1.68666103374261e-08-solution(['PLRG1','POLR2B','HDAC3']).
1.68666619686284e-08-solution(['RAC3','PIK3CB','IGKV3-20']).
1.68715411655981e-08-solution(['RPS6KB2','SP1','FOXA1']).
1.69158051158248e-08-solution(['YBX1','SRSF1','HSPA8']).
1.69438493244562e-08-solution(['IGHG4','PIK3CB','IGLV1-47']).
1.69658776272674e-08-solution(['IGHG4','PIK3CB','IGKV3-20']).
1.71007387429983e-08-solution(['SNRPA1','POLR2B','HDAC3']).
1.71040093263568e-08-solution(['YBX1','SF3B3','HSPA8']).
1.71334983297659e-08-solution(['HDAC3','TP53','FOXA1']).
1.71334983297659e-08-solution(['TYMS','TP53','FOXA1']).
1.7164335014117e-08-solution(['TYMS','TP53','HDAC3']).
1.7203875979487e-08-solution(['DDX23','YBX1','HSPA8']).
1.7203875979487e-08-solution(['POLR2B','YBX1','HSPA8']).
1.72210035650692e-08-solution(['DDX23','U2AF1L4','HSPA8']).
1.72210035650692e-08-solution(['NUP43','U2AF1L4','HSPA8']).
1.72210035650692e-08-solution(['POLR2B','U2AF1L4','HSPA8']).
1.72536605062453e-08-solution(['PLRG1','SRSF1','HSPA8']).
1.72642558189119e-08-solution(['IGKV3-20','PIK3CB','IGLV1-47']).
1.72786763312333e-08-solution(['SNRPB2','POLR2B','HDAC3']).
1.72786763312333e-08-solution(['TAF6','POLR2B','HDAC3']).
1.72823116327291e-08-solution(['MMP9','SP1','FOXA1']).
1.73107701549172e-08-solution(['IGLV1-47','PIK3CB','IGKV3-20']).
1.73262694630891e-08-solution(['PSMD6','TP53','FOXA1']).
1.7333615981031e-08-solution(['CDK12','POLR2B','HNRNPA1']).
1.7333615981031e-08-solution(['PAX6','POLR2B','HNRNPA1']).
1.7333615981031e-08-solution(['SNRNP200','POLR2B','HNRNPA1']).
1.7333615981031e-08-solution(['SP1','POLR2B','HNRNPA1']).
1.7333615981031e-08-solution(['SRSF4','POLR2B','HNRNPA1']).
1.7333615981031e-08-solution(['SUPT16H','POLR2B','HNRNPA1']).
1.7333615981031e-08-solution(['WTAP','POLR2B','HNRNPA1']).
1.73695518363804e-08-solution(['PSMD6','TP53','HDAC3']).
1.74456237962569e-08-solution(['NXF1','SRSF1','HSPA8']).
1.74456237962569e-08-solution(['SNRPA1','SRSF1','HSPA8']).
1.74519313513567e-08-solution(['GPKOW','POLR2B','HDAC3']).
1.74727755244147e-08-solution(['SSTR2','TP53','FOXA1']).
1.74727755244147e-08-solution(['TAF6','TP53','FOXA1']).
1.75019515285199e-08-solution(['DDX23','SNRNP200','HSPA8']).
1.75019515285199e-08-solution(['POLR2B','SNRNP200','HSPA8']).
1.75255166213007e-08-solution(['SSTR2','TP53','HDAC3']).
1.75255166213007e-08-solution(['TAF6','TP53','HDAC3']).
1.75262065975881e-08-solution(['HSPA8','SP1','FOXA1']).
1.75314881166775e-08-solution(['PLRG1','SF3B3','HSPA8']).
1.75732740469468e-08-solution(['TP53','SP1','FOXA1']).
1.75915158966658e-08-solution(['DDX39B','SRSF1','HSPA8']).
1.75915158966658e-08-solution(['SNRPB2','SRSF1','HSPA8']).
1.76017535287372e-08-solution(['YBX1','U2AF1L4','HSPA8']).
1.76154261630739e-08-solution(['E2F1','TP53','FOXA1']).
1.76154261630739e-08-solution(['LIG4','TP53','FOXA1']).
1.76154261630739e-08-solution(['PIAS3','TP53','FOXA1']).
1.76154261630739e-08-solution(['PIDD1','TP53','FOXA1']).
1.76154261630739e-08-solution(['PSMD2','TP53','FOXA1']).
1.76158212352573e-08-solution(['KMT2D','POLR2B','HDAC3']).
1.76158212352573e-08-solution(['NABP1','POLR2B','HDAC3']).
1.76402975935206e-08-solution(['SNRNP200','DDX23','HSPA8']).
1.76402975935206e-08-solution(['SRSF4','DDX23','HSPA8']).
1.76773770697756e-08-solution(['E2F1','TP53','HDAC3']).
1.76773770697756e-08-solution(['LIG4','TP53','HDAC3']).
1.76773770697756e-08-solution(['PIAS3','TP53','HDAC3']).
1.76773770697756e-08-solution(['PIDD1','TP53','HDAC3']).
1.76773770697756e-08-solution(['PSMD2','TP53','HDAC3']).
1.77335687312744e-08-solution(['DDX39A','SRSF1','HSPA8']).
1.77335687312744e-08-solution(['E2F1','SRSF1','HSPA8']).
1.77335687312744e-08-solution(['GPKOW','SRSF1','HSPA8']).
1.77503659564001e-08-solution(['IGFBP3','TP53','FOXA1']).
1.77743737929962e-08-solution(['SNRPA1','SF3B3','HSPA8']).
1.78081972963971e-08-solution(['CCNG1','TP53','FOXA1']).
1.78210288453601e-08-solution(['IGFBP3','TP53','HDAC3']).
1.78825938920391e-08-solution(['CCNG1','TP53','HDAC3']).
1.79507743287663e-08-solution(['PLRG1','U2AF1L4','HSPA8']).
1.79508479350563e-08-solution(['CDKN1B','TP53','FOXA1']).
1.79529661392814e-08-solution(['ERCC2','POLR2B','HDAC3']).
1.79529661392814e-08-solution(['HNRNPA1','POLR2B','HDAC3']).
1.79589669069983e-08-solution(['SNRPB2','SF3B3','HSPA8']).
1.7962276828996e-08-solution(['YBX1','SNRNP200','HSPA8']).
1.80157541996012e-08-solution(['PLRG1','YBX1','HSPA8']).
1.80344543405141e-08-solution(['CDKN1B','TP53','HDAC3']).
1.80919926596406e-08-solution(['DDX23','POLR2B','HNRNPA1']).
1.81387023074741e-08-solution(['GPKOW','SF3B3','HSPA8']).
1.81443701718993e-08-solution(['HNRNPA1','SRSF1','HSPA8']).
1.814908160151e-08-solution(['NXF1','U2AF1L4','HSPA8']).
1.814908160151e-08-solution(['SNRPA1','U2AF1L4','HSPA8']).
1.81639841867098e-08-solution(['SF3B3','PLRG1','HSPA8']).
1.81860287177106e-08-solution(['KLK3','TP53','FOXA1']).
1.8236373281154e-08-solution(['SNRPA1','YBX1','HSPA8']).
1.82396711627776e-08-solution(['FOXA1','TP53','HDAC3']).
1.82848188636755e-08-solution(['KLK3','TP53','HDAC3']).
1.82997951287953e-08-solution(['DDX39B','U2AF1L4','HSPA8']).
1.82997951287953e-08-solution(['SNRPB2','U2AF1L4','HSPA8']).
1.8323876805884e-08-solution(['SF3B3','SNRPA1','HSPA8']).
1.83790798374229e-08-solution(['SRSF1','POLR2B','HDAC3']).
1.8379740204975e-08-solution(['POLR2B','DDX23','HSPA8']).
1.83842416877658e-08-solution(['PLRG1','SNRNP200','HSPA8']).
1.84040437831342e-08-solution(['SNRPB2','YBX1','HSPA8']).
1.84465425106257e-08-solution(['DDX39A','U2AF1L4','HSPA8']).
1.84465425106257e-08-solution(['GPKOW','U2AF1L4','HSPA8']).
1.85220062111908e-08-solution(['SF3B3','SNRPB2','HSPA8']).
1.85289220169892e-08-solution(['U2AF1L4','POLR2B','HDAC3']).
1.85673019034832e-08-solution(['GPKOW','YBX1','HSPA8']).
1.85678368501408e-08-solution(['YBX1','POLR2B','HNRNPA1']).
1.86165998653279e-08-solution(['U2AF1L4','SRSF1','HSPA8']).
1.86239944484305e-08-solution(['SNRPA1','SNRNP200','HSPA8']).
1.86486794376862e-08-solution(['TAF1L','TP53','FOXA1']).
1.86584776547959e-08-solution(['HNRNPA1','SF3B3','HSPA8']).
1.86693990603325e-08-solution(['HSPA8','POLR2B','HDAC3']).
1.87068596052241e-08-solution(['TAF1L','POLR2B','HDAC3']).
1.87434789335293e-08-solution(['SF3B3','HNRNPA1','HSPA8']).
1.87773392371079e-08-solution(['TAF1L','TP53','HDAC3']).
1.88062065465356e-08-solution(['SNRPB2','SNRNP200','HSPA8']).
1.88437041964758e-08-solution(['YBX1','DDX23','HSPA8']).
1.88709200742974e-08-solution(['HNRNPA1','U2AF1L4','HSPA8']).
1.89836235894275e-08-solution(['GPKOW','SNRNP200','HSPA8']).
1.90040273580992e-08-solution(['HDAC3','POLR2B','HNRNPA1']).
1.90040273580992e-08-solution(['PLRG1','POLR2B','HNRNPA1']).
1.903235800986e-08-solution(['SF3B3','GPKOW','HSPA8']).
1.90394267380062e-08-solution(['HNRNPA1','YBX1','HSPA8']).
1.91005295856958e-08-solution(['SRSF1','SF3B3','HSPA8']).
1.9231839310691e-08-solution(['SRSF1','U2AF1L4','HSPA8']).
1.92518628739847e-08-solution(['SNRPA1','POLR2B','HNRNPA1']).
1.92559764185397e-08-solution(['U2AF1L4','SF3B3','HSPA8']).
1.92690045220182e-08-solution(['PLRG1','DDX23','HSPA8']).
1.92964021534623e-08-solution(['SNRNP200','PLRG1','HSPA8']).
1.92964021534623e-08-solution(['SRSF4','PLRG1','HSPA8']).
1.94402178660577e-08-solution(['SNRPB2','POLR2B','HNRNPA1']).
1.94402178660577e-08-solution(['TAF6','POLR2B','HNRNPA1']).
1.94409534664323e-08-solution(['SRSF1','YBX1','HSPA8']).
1.9450652504524e-08-solution(['SNRNP200','SNRPA1','HSPA8']).
1.9450652504524e-08-solution(['SRSF4','SNRPA1','HSPA8']).
1.94966944972498e-08-solution(['HNRNPA1','SNRNP200','HSPA8']).
1.95106524342582e-08-solution(['SNRPA1','DDX23','HSPA8']).
1.95821496786261e-08-solution(['U2AF1L4','YBX1','HSPA8']).
1.96236161478129e-08-solution(['GPKOW','POLR2B','HNRNPA1']).
1.96284821405387e-08-solution(['DDX23','POLR2B','GPKOW']).
1.96492584150096e-08-solution(['SNRNP200','SNRPB2','HSPA8']).
1.96492584150096e-08-solution(['SRSF4','SNRPB2','HSPA8']).
1.96943048475606e-08-solution(['SNRPB2','DDX23','HSPA8']).
1.97971010089328e-08-solution(['KMT2D','POLR2B','HNRNPA1']).
1.97971010089328e-08-solution(['NABP1','POLR2B','HNRNPA1']).
1.984144372396e-08-solution(['SNRNP200','HNRNPA1','HSPA8']).
1.984144372396e-08-solution(['SRSF4','HNRNPA1','HSPA8']).
1.98731243026182e-08-solution(['GPKOW','DDX23','HSPA8']).
1.99330445216595e-08-solution(['SRSF1','SNRNP200','HSPA8']).
2.0066446370854e-08-solution(['DDX23','PLRG1','HSPA8']).
2.0066446370854e-08-solution(['POLR2B','PLRG1','HSPA8']).
2.00864862884849e-08-solution(['U2AF1L4','SNRNP200','HSPA8']).
2.01539841518079e-08-solution(['ERCC2','POLR2B','HNRNPA1']).
2.01603292434152e-08-solution(['YBX1','POLR2B','GPKOW']).
2.01791926515896e-08-solution(['SNRNP200','GPKOW','HSPA8']).
2.01791926515896e-08-solution(['SRSF4','GPKOW','HSPA8']).
2.02168599795993e-08-solution(['DDX23','SNRPA1','HSPA8']).
2.02168599795993e-08-solution(['POLR2B','SNRPA1','HSPA8']).
2.03902508348119e-08-solution(['HNRNPA1','DDX23','HSPA8']).
2.04110869042837e-08-solution(['GAD1','HSPA8','HNRNPA1']).
2.04110869042837e-08-solution(['OCRL','HSPA8','HNRNPA1']).
2.04110869042837e-08-solution(['SF3B3','HSPA8','HNRNPA1']).
2.04157899136063e-08-solution(['DDX23','SNRPB2','HSPA8']).
2.04157899136063e-08-solution(['POLR2B','SNRPB2','HSPA8']).
2.05496113700017e-08-solution(['YBX1','PLRG1','HSPA8']).
2.05880597814528e-08-solution(['DDX23','HNRNPA1','HSPA8']).
2.05880597814528e-08-solution(['POLR2B','HNRNPA1','HSPA8']).
2.06050447907195e-08-solution(['SRSF1','POLR2B','HNRNPA1']).
2.06478557543854e-08-solution(['HDAC3','POLR2B','GPKOW']).
2.06478557543854e-08-solution(['PLRG1','POLR2B','GPKOW']).
2.0697617611019e-08-solution(['YBX1','SNRPA1','HSPA8']).
2.07636595208862e-08-solution(['U2AF1L4','POLR2B','HNRNPA1']).
2.08300500350887e-08-solution(['SRSF1','DDX23','HSPA8']).
2.08967508539023e-08-solution(['YBX1','SNRPB2','HSPA8']).
2.09123608304175e-08-solution(['HSPA8','POLR2B','HNRNPA1']).
2.09248594538003e-08-solution(['SNRPA1','POLR2B','GPKOW']).
2.09520145129591e-08-solution(['TAF1L','POLR2B','HNRNPA1']).
2.09590402079658e-08-solution(['DDX23','GPKOW','HSPA8']).
2.09590402079658e-08-solution(['POLR2B','GPKOW','HSPA8']).
2.09847046989223e-08-solution(['U2AF1L4','DDX23','HSPA8']).
2.10565247587032e-08-solution(['YBX1','HNRNPA1','HSPA8']).
2.11353822653556e-08-solution(['SNRPB2','POLR2B','GPKOW']).
2.11353822653556e-08-solution(['TAF6','POLR2B','GPKOW']).
2.11383121064871e-08-solution(['PLRG1','SNRPA1','HSPA8']).
2.12441610562765e-08-solution(['SNRPA1','PLRG1','HSPA8']).
2.13376317158403e-08-solution(['PLRG1','SNRPB2','HSPA8']).
2.14354138684392e-08-solution(['SNRPB2','PLRG1','HSPA8']).
2.14483563217704e-08-solution(['YBX1','GPKOW','HSPA8']).
2.14859509878494e-08-solution(['PLRG1','HNRNPA1','HSPA8']).
2.15342675925131e-08-solution(['KMT2D','POLR2B','GPKOW']).
2.15342675925131e-08-solution(['NABP1','POLR2B','GPKOW']).
2.15790066019552e-08-solution(['SNRPB2','SNRPA1','HSPA8']).
2.15881322055778e-08-solution(['SNRPA1','SNRPB2','HSPA8']).
2.16067376601972e-08-solution(['EPN1','HSPA8','HNRNPA1']).
2.16067376601972e-08-solution(['HIP1R','HSPA8','HNRNPA1']).
2.16067376601972e-08-solution(['SIRT1','HSPA8','HNRNPA1']).
2.16067376601972e-08-solution(['SNRNP200','HSPA8','HNRNPA1']).
2.16067376601972e-08-solution(['SP1','HSPA8','HNRNPA1']).
2.16067376601972e-08-solution(['SRSF4','HSPA8','HNRNPA1']).
2.16216337118607e-08-solution(['GPKOW','PLRG1','HSPA8']).
2.16366615116465e-08-solution(['RAC3','PIK3CB','IGHG4']).
2.17299431635007e-08-solution(['SNRPA1','HNRNPA1','HSPA8']).
2.17642986057316e-08-solution(['GPKOW','SNRPA1','HSPA8']).
2.1896896092758e-08-solution(['PLRG1','GPKOW','HSPA8']).
2.19153772169956e-08-solution(['SNRPB2','HNRNPA1','HSPA8']).
2.19331529196705e-08-solution(['ERCC2','POLR2B','GPKOW']).
2.19331529196705e-08-solution(['HNRNPA1','POLR2B','GPKOW']).
2.19638829401841e-08-solution(['GPKOW','SNRPB2','HSPA8']).
2.20520706152839e-08-solution(['HGS','OCRL','HSPA8']).
2.20959314269776e-08-solution(['GPKOW','HNRNPA1','HSPA8']).
2.21517482353646e-08-solution(['SNRPA1','GPKOW','HSPA8']).
2.21601613671608e-08-solution(['HNRNPA1','PLRG1','HSPA8']).
2.21865366899836e-08-solution(['IGKV3-20','PIK3CB','IGHG4']).
2.21887581172826e-08-solution(['GAD1','HSPA8','GPKOW']).
2.21887581172826e-08-solution(['OCRL','HSPA8','GPKOW']).
2.21887581172826e-08-solution(['SF3B3','HSPA8','GPKOW']).
2.22174285539351e-08-solution(['IGLV1-47','PIK3CB','IGHG4']).
2.23001430490848e-08-solution(['HNRNPA1','SNRPA1','HSPA8']).
2.23454358637456e-08-solution(['SNRPB2','GPKOW','HSPA8']).
2.24197801742184e-08-solution(['DDX23','HSPA8','HNRNPA1']).
2.24197801742184e-08-solution(['LDLRAP1','HSPA8','HNRNPA1']).
2.24197801742184e-08-solution(['POLR2B','HSPA8','HNRNPA1']).
2.24372996526056e-08-solution(['SRSF1','POLR2B','GPKOW']).
2.24999539882223e-08-solution(['HNRNPA1','SNRPB2','HSPA8']).
2.26145820202311e-08-solution(['U2AF1L4','POLR2B','GPKOW']).
2.26181615226029e-08-solution(['SRSF1','PLRG1','HSPA8']).
2.27558612205348e-08-solution(['SRSF1','SNRPA1','HSPA8']).
2.27792165223188e-08-solution(['U2AF1L4','PLRG1','HSPA8']).
2.278078423988e-08-solution(['HSPA8','POLR2B','GPKOW']).
2.28251048317864e-08-solution(['TAF1L','POLR2B','GPKOW']).
2.29161137643414e-08-solution(['U2AF1L4','SNRPA1','HSPA8']).
2.29163664814893e-08-solution(['APOB','OCRL','HSPA8']).
2.29299244967415e-08-solution(['HGS','HSPA8','HNRNPA1']).
2.29299244967415e-08-solution(['YBX1','HSPA8','HNRNPA1']).
2.29558648795446e-08-solution(['SRSF1','SNRPB2','HSPA8']).
2.30621404425565e-08-solution(['SRSF1','HNRNPA1','HSPA8']).
2.30794100344526e-08-solution(['HNRNPA1','GPKOW','HSPA8']).
2.31161851929766e-08-solution(['U2AF1L4','SNRPB2','HSPA8']).
2.32182954349733e-08-solution(['U2AF1L4','HNRNPA1','HSPA8']).
2.33975567923877e-08-solution(['PLRG1','HSPA8','HNRNPA1']).
2.35257882662887e-08-solution(['EPN1','HSPA8','GPKOW']).
2.35257882662887e-08-solution(['HIP1R','HSPA8','GPKOW']).
2.35257882662887e-08-solution(['SIRT1','HSPA8','GPKOW']).
2.35257882662887e-08-solution(['SNRNP200','HSPA8','GPKOW']).
2.35257882662887e-08-solution(['SP1','HSPA8','GPKOW']).
2.35257882662887e-08-solution(['SRSF4','HSPA8','GPKOW']).
2.35432409339966e-08-solution(['SRSF1','GPKOW','HSPA8']).
2.36632569603684e-08-solution(['APOB','HSPA8','HNRNPA1']).
2.36632569603684e-08-solution(['SNRPA1','HSPA8','HNRNPA1']).
2.37063463052648e-08-solution(['U2AF1L4','GPKOW','HSPA8']).
2.38651890880338e-08-solution(['SNRPB2','HSPA8','HNRNPA1']).
2.40618072123396e-08-solution(['GPKOW','HSPA8','HNRNPA1']).
2.40618072123396e-08-solution(['GPR37L1','HSPA8','HNRNPA1']).
2.44349687676128e-08-solution(['DDX23','HSPA8','GPKOW']).
2.44349687676128e-08-solution(['LDLRAP1','HSPA8','GPKOW']).
2.44349687676128e-08-solution(['POLR2B','HSPA8','GPKOW']).
2.46196775004346e-08-solution(['OCRL','CD3D','HSPA8']).
2.46825362950394e-08-solution(['CD3D','OCRL','HSPA8']).
2.50054349645221e-08-solution(['HGS','HSPA8','GPKOW']).
2.50054349645221e-08-solution(['YBX1','HSPA8','GPKOW']).
2.51139798775435e-08-solution(['SRSF1','HSPA8','HNRNPA1']).
2.516180590778e-08-solution(['CD3D','HSPA8','HNRNPA1']).
2.52840279850512e-08-solution(['U2AF1L4','HSPA8','HNRNPA1']).
2.55283623116889e-08-solution(['PLRG1','HSPA8','GPKOW']).
2.56355655603172e-08-solution(['CD79A','SYK','IGLV1-47']).
2.56671962549373e-08-solution(['CD79A','SYK','IGKV3-20']).
2.56864875123383e-08-solution(['OSCAR','SYK','IGLV1-47']).
2.57182534796558e-08-solution(['OSCAR','SYK','IGKV3-20']).
2.57228603352105e-08-solution(['FGA','SYK','IGLV1-47']).
2.57547229258833e-08-solution(['FGA','SYK','IGKV3-20']).
2.58254801225791e-08-solution(['APOB','HSPA8','GPKOW']).
2.58254801225791e-08-solution(['SNRPA1','HSPA8','GPKOW']).
2.60252668020326e-08-solution(['HIP1R','CD3D','HSPA8']).
2.60512896588557e-08-solution(['SNRPB2','HSPA8','GPKOW']).
2.61593342096767e-08-solution(['IGHG4','SYK','IGLV1-47']).
2.61923562806137e-08-solution(['IGHG4','SYK','IGKV3-20']).
2.62711568389144e-08-solution(['GPR37L1','HSPA8','GPKOW']).
2.66540046007385e-08-solution(['IGKV3-20','SYK','IGLV1-47']).
2.67248101955357e-08-solution(['IGLV1-47','SYK','IGKV3-20']).
2.69069889542195e-08-solution(['HNRNPA1','HSPA8','GPKOW']).
2.73266645274544e-08-solution(['OCRL','APOB','HSPA8']).
2.74477433700398e-08-solution(['SRSF1','HSPA8','GPKOW']).
2.7501224576e-08-solution(['CD3D','HSPA8','GPKOW']).
2.76378987690095e-08-solution(['U2AF1L4','HSPA8','GPKOW']).
2.90070415481369e-08-solution(['HIP1R','APOB','HSPA8']).
2.90070415481369e-08-solution(['HSPG2','APOB','HSPA8']).
2.90070415481369e-08-solution(['ITGAM','APOB','HSPA8']).
2.93674458080545e-08-solution(['FASLG','CD3D','HSPA8']).
2.97966524424476e-08-solution(['DONSON','E2F1','HDAC3']).
2.97966524424476e-08-solution(['SIRT1','E2F1','HDAC3']).
2.97966524424476e-08-solution(['SP1','E2F1','HDAC3']).
3.00015474160395e-08-solution(['EPN1','HIP1R','HSPA8']).
3.0149697922201e-08-solution(['CETP','APOB','HSPA8']).
3.0149697922201e-08-solution(['FGR','APOB','HSPA8']).
3.0149697922201e-08-solution(['LDLRAP1','APOB','HSPA8']).
3.08660083262019e-08-solution(['DDX23','SRSF4','HNRNPA1']).
3.08660083262019e-08-solution(['NUP43','SRSF4','HNRNPA1']).
3.08660083262019e-08-solution(['POLR2B','SRSF4','HNRNPA1']).
3.10722226225524e-08-solution(['TRIP13','E2F1','HDAC3']).
3.13141687356432e-08-solution(['LDLRAP1','HIP1R','HSPA8']).
3.14584184222055e-08-solution(['CD79A','VAV1','IGLV1-47']).
3.14979449383797e-08-solution(['CD79A','VAV1','IGKV3-20']).
3.1601248925825e-08-solution(['CD3D','VAV1','IGLV1-47']).
3.16411581009299e-08-solution(['CD3D','VAV1','IGKV3-20']).
3.17133451289802e-08-solution(['YBX1','SRSF4','HNRNPA1']).
3.18725803826181e-08-solution(['MCM4','E2F1','HDAC3']).
3.19136906524928e-08-solution(['RAC3','VAV1','IGLV1-47']).
3.19544368940084e-08-solution(['RAC3','VAV1','IGKV3-20']).
3.19631996482639e-08-solution(['OCRL','HGS','HSPA8']).
3.21011556884934e-08-solution(['IGHG4','VAV1','IGLV1-47']).
3.21377742695122e-08-solution(['HGS','HIP1R','HSPA8']).
3.21406725536843e-08-solution(['IGKV3-20','GAB2','IGLV1-47']).
3.21424041698555e-08-solution(['IGHG4','VAV1','IGKV3-20']).
3.22276063143829e-08-solution(['IGLV1-47','GAB2','IGKV3-20']).
3.23676546488702e-08-solution(['SF3B3','SRSF1','HNRNPA1']).
3.23676546488702e-08-solution(['TPR','SRSF1','HNRNPA1']).
3.23676546488702e-08-solution(['ZC3H11A','SRSF1','HNRNPA1']).
3.24900705315268e-08-solution(['PLRG1','SRSF4','HNRNPA1']).
3.26062416626784e-08-solution(['TYMS','E2F1','HDAC3']).
3.27081853288765e-08-solution(['IGKV3-20','VAV1','IGLV1-47']).
3.27958142239907e-08-solution(['IGLV1-47','VAV1','IGKV3-20']).
3.29313917829738e-08-solution(['NXF1','SRSF4','HNRNPA1']).
3.29313917829738e-08-solution(['SNRPA1','SRSF4','HNRNPA1']).
3.32667959340735e-08-solution(['DDX39B','SRSF4','HNRNPA1']).
3.32667959340735e-08-solution(['SNRPB2','SRSF4','HNRNPA1']).
3.33217072244488e-08-solution(['APOB','HIP1R','HSPA8']).
3.33399029427387e-08-solution(['INSIG1','E2F1','HDAC3']).
3.34805785943094e-08-solution(['FOXA1','APOB','HSPA8']).
3.35933736601443e-08-solution(['DDX39A','SRSF4','HNRNPA1']).
3.35933736601443e-08-solution(['GPKOW','SRSF4','HNRNPA1']).
3.37227984550222e-08-solution(['SF3B3','U2AF1L4','HNRNPA1']).
3.37227984550222e-08-solution(['TPR','U2AF1L4','HNRNPA1']).
3.37227984550222e-08-solution(['ZC3H11A','U2AF1L4','HNRNPA1']).
3.40057216365796e-08-solution(['EPN1','HGS','HSPA8']).
3.40057216365796e-08-solution(['HIP1R','HGS','HSPA8']).
3.40407042678702e-08-solution(['APOE','APOB','HSPA8']).
3.42339370982303e-08-solution(['IGKV3-20','SYK','IGHG4']).
3.42816033988405e-08-solution(['IGLV1-47','SYK','IGHG4']).
3.42948105885357e-08-solution(['NUP54','SRSF1','HNRNPA1']).
3.42948105885357e-08-solution(['POM121C','SRSF1','HNRNPA1']).
3.42948105885357e-08-solution(['SNRNP200','SRSF1','HNRNPA1']).
3.42948105885357e-08-solution(['SRSF4','SRSF1','HNRNPA1']).
3.43611615240601e-08-solution(['YBX1','SRSF4','GPKOW']).
3.43736983828236e-08-solution(['CDKN1B','E2F1','HDAC3']).
3.45297662493409e-08-solution(['HSPA8','EGFR','GH1']).
3.46376104937312e-08-solution(['TP53','EGFR','GH1']).
3.51536490871055e-08-solution(['SF3B3','SRSF1','GPKOW']).
3.51536490871055e-08-solution(['TPR','SRSF1','GPKOW']).
3.51536490871055e-08-solution(['ZC3H11A','SRSF1','GPKOW']).
3.52285689291426e-08-solution(['PLRG1','SRSF4','GPKOW']).
3.52407526228948e-08-solution(['IRF2BPL','E2F1','HDAC3']).
3.52991120428996e-08-solution(['SRSF1','E2F1','HDAC3']).
3.53410058158743e-08-solution(['SRSF1','SRSF4','HNRNPA1']).
3.53717905769726e-08-solution(['SNRNP200','YBX1','HNRNPA1']).
3.53717905769726e-08-solution(['SRSF4','YBX1','HNRNPA1']).
3.56052766275082e-08-solution(['DDX23','SRSF1','HNRNPA1']).
3.56052766275082e-08-solution(['NUP43','SRSF1','HNRNPA1']).
3.56052766275082e-08-solution(['POLR2B','SRSF1','HNRNPA1']).
3.56234514168004e-08-solution(['U2AF1L4','SRSF4','HNRNPA1']).
3.57137797335265e-08-solution(['NUP54','U2AF1L4','HNRNPA1']).
3.57137797335265e-08-solution(['POM121C','U2AF1L4','HNRNPA1']).
3.57137797335265e-08-solution(['SNRNP200','U2AF1L4','HNRNPA1']).
3.57137797335265e-08-solution(['SRSF4','U2AF1L4','HNRNPA1']).
3.57214140456667e-08-solution(['NXF1','SRSF4','GPKOW']).
3.57214140456667e-08-solution(['SNRPA1','SRSF4','GPKOW']).
3.57410484801889e-08-solution(['CD3D','HIP1R','HSPA8']).
3.58882441676686e-08-solution(['HSPA8','SRSF4','HNRNPA1']).
3.59077174229496e-08-solution(['TP53','E2F1','HDAC3']).
3.60886592041545e-08-solution(['HIP1R','EPN1','HSPA8']).
3.6095976334225e-08-solution(['DDX39B','SRSF4','GPKOW']).
3.6095976334225e-08-solution(['SNRPB2','SRSF4','GPKOW']).
3.64275298284321e-08-solution(['YBX1','SRSF1','HNRNPA1']).
3.64606817204528e-08-solution(['DDX39A','SRSF4','GPKOW']).
3.66363483741158e-08-solution(['SF3B3','U2AF1L4','GPKOW']).
3.66363483741158e-08-solution(['TPR','U2AF1L4','GPKOW']).
3.66363483741158e-08-solution(['ZC3H11A','U2AF1L4','GPKOW']).
3.68780204568159e-08-solution(['DDX23','YBX1','HNRNPA1']).
3.68780204568159e-08-solution(['POLR2B','YBX1','HNRNPA1']).
3.70676470029095e-08-solution(['DDX23','U2AF1L4','HNRNPA1']).
3.70676470029095e-08-solution(['NUP43','U2AF1L4','HNRNPA1']).
3.70676470029095e-08-solution(['POLR2B','U2AF1L4','HNRNPA1']).
3.71812619292791e-08-solution(['PLRG1','SRSF1','HNRNPA1']).
3.73076717027369e-08-solution(['NUP54','SRSF1','GPKOW']).
3.73076717027369e-08-solution(['POM121C','SRSF1','GPKOW']).
3.73076717027369e-08-solution(['SNRNP200','SRSF1','GPKOW']).
3.73076717027369e-08-solution(['SRSF4','SRSF1','GPKOW']).
3.73905992279734e-08-solution(['DDX23','SNRNP200','HNRNPA1']).
3.73905992279734e-08-solution(['POLR2B','SNRNP200','HNRNPA1']).
3.75153702698144e-08-solution(['HNRNPA1','SRSF4','GPKOW']).
3.76095188047603e-08-solution(['NXF1','SRSF1','HNRNPA1']).
3.76095188047603e-08-solution(['SNRPA1','SRSF1','HNRNPA1']).
3.76964509798341e-08-solution(['SNRNP200','DDX23','HNRNPA1']).
3.76964509798341e-08-solution(['SRSF4','DDX23','HNRNPA1']).
3.79171323484047e-08-solution(['YBX1','U2AF1L4','HNRNPA1']).
3.7934994030126e-08-solution(['DDX39B','SRSF1','HNRNPA1']).
3.7934994030126e-08-solution(['SNRPB2','SRSF1','HNRNPA1']).
3.79580771503503e-08-solution(['SNRPA1','SF3B3','HNRNPA1']).
3.82519041179821e-08-solution(['DDX39A','SRSF1','HNRNPA1']).
3.82519041179821e-08-solution(['E2F1','SRSF1','HNRNPA1']).
3.82519041179821e-08-solution(['GPKOW','SRSF1','HNRNPA1']).
3.83604664999347e-08-solution(['SNRNP200','YBX1','GPKOW']).
3.83604664999347e-08-solution(['SRSF4','YBX1','GPKOW']).
3.83694881405708e-08-solution(['SNRPB2','SF3B3','HNRNPA1']).
3.84123483818882e-08-solution(['SRSF1','SRSF4','GPKOW']).
3.84170497644005e-08-solution(['YBX1','SNRNP200','HNRNPA1']).
3.86583120900094e-08-solution(['HGS','EPN1','HSPA8']).
3.86894341685228e-08-solution(['PLRG1','YBX1','HNRNPA1']).
3.86958272484419e-08-solution(['PLRG1','U2AF1L4','HNRNPA1']).
3.87277692564637e-08-solution(['U2AF1L4','SRSF4','GPKOW']).
3.87700725257856e-08-solution(['GPKOW','SF3B3','HNRNPA1']).
3.87724070813663e-08-solution(['DDX23','SRSF1','GPKOW']).
3.87724070813663e-08-solution(['NUP43','SRSF1','GPKOW']).
3.87724070813663e-08-solution(['POLR2B','SRSF1','GPKOW']).
3.88618284994333e-08-solution(['NUP54','U2AF1L4','GPKOW']).
3.88618284994333e-08-solution(['POM121C','U2AF1L4','GPKOW']).
3.88618284994333e-08-solution(['SNRNP200','U2AF1L4','GPKOW']).
3.88618284994333e-08-solution(['SRSF4','U2AF1L4','GPKOW']).
3.90234763263781e-08-solution(['HSPA8','SRSF4','GPKOW']).
3.9138267532554e-08-solution(['NXF1','U2AF1L4','HNRNPA1']).
3.9138267532554e-08-solution(['SNRPA1','U2AF1L4','HNRNPA1']).
3.91716217263593e-08-solution(['SF3B3','SNRPA1','HNRNPA1']).
3.91816661553997e-08-solution(['SNRPA1','YBX1','HNRNPA1']).
3.9345738083041e-08-solution(['POLR2B','DDX23','HNRNPA1']).
3.93579627561253e-08-solution(['PLRG1','SNRNP200','HNRNPA1']).
3.94745221484792e-08-solution(['DDX39B','U2AF1L4','HNRNPA1']).
3.94745221484792e-08-solution(['SNRPB2','U2AF1L4','HNRNPA1']).
3.95557624654261e-08-solution(['SNRPB2','YBX1','HNRNPA1']).
3.96147608140799e-08-solution(['SF3B3','SNRPB2','HNRNPA1']).
3.96914567307024e-08-solution(['YBX1','SRSF1','GPKOW']).
3.98019279587221e-08-solution(['DDX39A','U2AF1L4','HNRNPA1']).
3.98019279587221e-08-solution(['GPKOW','U2AF1L4','HNRNPA1']).
3.98925724105144e-08-solution(['SNRPA1','SNRNP200','HNRNPA1']).
3.9920014135715e-08-solution(['GPKOW','YBX1','HNRNPA1']).
4.00441014323759e-08-solution(['DDX23','YBX1','GPKOW']).
4.00441014323759e-08-solution(['POLR2B','YBX1','GPKOW']).
4.02218857451957e-08-solution(['U2AF1L4','SRSF1','HNRNPA1']).
4.02988757478501e-08-solution(['SNRPB2','SNRNP200','HNRNPA1']).
4.03751549846492e-08-solution(['DDX23','U2AF1L4','GPKOW']).
4.03751549846492e-08-solution(['NUP43','U2AF1L4','GPKOW']).
4.03751549846492e-08-solution(['POLR2B','U2AF1L4','GPKOW']).
4.03805848928964e-08-solution(['YBX1','DDX23','HNRNPA1']).
4.04788398704844e-08-solution(['HSPA8','SRSF1','HNRNPA1']).
4.05339189092605e-08-solution(['PLRG1','SRSF1','GPKOW']).
4.0694486892098e-08-solution(['GPKOW','SNRNP200','HNRNPA1']).
4.07242837842308e-08-solution(['SF3B3','GPKOW','HNRNPA1']).
4.09137403169348e-08-solution(['SRSF1','SF3B3','HNRNPA1']).
4.0982619711178e-08-solution(['RAC3','VAV1','IGHG4']).
4.1012590601623e-08-solution(['NXF1','SRSF1','GPKOW']).
4.1012590601623e-08-solution(['SNRPA1','SRSF1','GPKOW']).
4.12601916771206e-08-solution(['U2AF1L4','SF3B3','HNRNPA1']).
4.13246931714514e-08-solution(['YBX1','U2AF1L4','GPKOW']).
4.13291944685971e-08-solution(['PLRG1','DDX23','HNRNPA1']).
4.13297296017723e-08-solution(['SNRNP200','PLRG1','HNRNPA1']).
4.13297296017723e-08-solution(['SRSF4','PLRG1','HNRNPA1']).
4.13763810878186e-08-solution(['DDX39B','SRSF1','GPKOW']).
4.13763810878186e-08-solution(['SNRPB2','SRSF1','GPKOW']).
4.15539914838059e-08-solution(['SRSF1','U2AF1L4','HNRNPA1']).
4.15849898272947e-08-solution(['HSPA8','SF3B3','HNRNPA1']).
4.16436159569349e-08-solution(['YBX1','SNRNP200','GPKOW']).
4.16854879238581e-08-solution(['SNRNP200','SNRPA1','HNRNPA1']).
4.16854879238581e-08-solution(['SRSF4','SNRPA1','HNRNPA1']).
4.17305981401669e-08-solution(['DDX39A','SRSF1','GPKOW']).
4.17305981401669e-08-solution(['E2F1','SRSF1','GPKOW']).
4.18681771820634e-08-solution(['SNRPA1','DDX23','HNRNPA1']).
4.18692528037474e-08-solution(['SRSF1','YBX1','HNRNPA1']).
4.20241540213707e-08-solution(['IGKV3-20','VAV1','IGHG4']).
4.20688650112594e-08-solution(['PLRG1','YBX1','GPKOW']).
4.20826671848647e-08-solution(['IGLV1-47','VAV1','IGHG4']).
4.21026174361049e-08-solution(['HSPA8','U2AF1L4','HNRNPA1']).
4.21298062946577e-08-solution(['SNRNP200','SNRPB2','HNRNPA1']).
4.21298062946577e-08-solution(['SRSF4','SNRPB2','HNRNPA1']).
4.21842812753486e-08-solution(['U2AF1L4','YBX1','HNRNPA1']).
4.219510317602e-08-solution(['PLRG1','U2AF1L4','GPKOW']).
4.22778040442978e-08-solution(['SNRPB2','DDX23','HNRNPA1']).
4.24796204674748e-08-solution(['HSPA8','YBX1','HNRNPA1']).
4.26190725055212e-08-solution(['SNRPA1','YBX1','GPKOW']).
4.26766512522629e-08-solution(['GPKOW','DDX23','HNRNPA1']).
4.26802098146555e-08-solution(['POLR2B','DDX23','GPKOW']).
4.26896543149795e-08-solution(['NXF1','U2AF1L4','GPKOW']).
4.26896543149795e-08-solution(['SNRPA1','U2AF1L4','GPKOW']).
4.26948604217112e-08-solution(['PLRG1','SNRNP200','GPKOW']).
4.27549555618227e-08-solution(['HNRNPA1','SRSF1','GPKOW']).
4.28115411234788e-08-solution(['SRSF1','SNRNP200','HNRNPA1']).
4.30372302011602e-08-solution(['SNRPB2','YBX1','GPKOW']).
4.30475912233618e-08-solution(['DDX23','PLRG1','HNRNPA1']).
4.30475912233618e-08-solution(['POLR2B','PLRG1','HNRNPA1']).
4.30655131805886e-08-solution(['DDX39B','U2AF1L4','GPKOW']).
4.30655131805886e-08-solution(['SNRPB2','U2AF1L4','GPKOW']).
4.31536913022878e-08-solution(['U2AF1L4','SNRNP200','HNRNPA1']).
4.32830561526899e-08-solution(['SNRNP200','GPKOW','HNRNPA1']).
4.32830561526899e-08-solution(['SRSF4','GPKOW','HNRNPA1']).
4.32921584130614e-08-solution(['SNRPA1','SNRNP200','GPKOW']).
4.32987807350928e-08-solution(['HNRNPA1','SF3B3','GPKOW']).
4.33949169381573e-08-solution(['DDX23','SNRPA1','HNRNPA1']).
4.33949169381573e-08-solution(['POLR2B','SNRPA1','HNRNPA1']).
4.34314810234186e-08-solution(['DDX39A','U2AF1L4','GPKOW']).
4.34744570949213e-08-solution(['HSPA8','SNRNP200','HNRNPA1']).
4.35950493421727e-08-solution(['SF3B3','HNRNPA1','GPKOW']).
4.37461048864876e-08-solution(['SNRPB2','SNRNP200','GPKOW']).
4.38366591915133e-08-solution(['YBX1','DDX23','GPKOW']).
4.38400372214507e-08-solution(['DDX23','SNRPB2','HNRNPA1']).
4.38400372214507e-08-solution(['POLR2B','SNRPB2','HNRNPA1']).
4.38907476845391e-08-solution(['C1S','IGKV3-20','IGLV1-47']).
4.38907476845391e-08-solution(['GAB2','IGKV3-20','IGLV1-47']).
4.38907476845391e-08-solution(['ITK','IGKV3-20','IGLV1-47']).
4.38907476845391e-08-solution(['PIK3CB','IGKV3-20','IGLV1-47']).
4.38907476845391e-08-solution(['SYK','IGKV3-20','IGLV1-47']).
4.38907476845391e-08-solution(['VAV1','IGKV3-20','IGLV1-47']).
4.39324879250346e-08-solution(['U2AF1L4','SRSF1','GPKOW']).
4.4012587040324e-08-solution(['C1S','IGLV1-47','IGKV3-20']).
4.4012587040324e-08-solution(['GAB2','IGLV1-47','IGKV3-20']).
4.4012587040324e-08-solution(['ITK','IGLV1-47','IGKV3-20']).
4.4012587040324e-08-solution(['PIK3CB','IGLV1-47','IGKV3-20']).
4.4012587040324e-08-solution(['SYK','IGLV1-47','IGKV3-20']).
4.4012587040324e-08-solution(['VAV1','IGLV1-47','IGKV3-20']).
4.40342433876509e-08-solution(['GAD1','HSPA8','HGS']).
4.40342433876509e-08-solution(['OCRL','HSPA8','HGS']).
4.40342433876509e-08-solution(['SF3B3','HSPA8','HGS']).
4.41254651820062e-08-solution(['YBX1','PLRG1','HNRNPA1']).
4.42196909404521e-08-solution(['HSPA8','SRSF1','GPKOW']).
4.43990848531864e-08-solution(['SRSF1','SF3B3','GPKOW']).
4.44674998490901e-08-solution(['YBX1','SNRPA1','HNRNPA1']).
4.44898204607918e-08-solution(['HNRNPA1','U2AF1L4','GPKOW']).
4.46218277846343e-08-solution(['HNRNPA1','YBX1','GPKOW']).
4.4786004982626e-08-solution(['U2AF1L4','SF3B3','GPKOW']).
4.48110227975895e-08-solution(['SRSF1','DDX23','HNRNPA1']).
4.48505984141903e-08-solution(['SNRNP200','PLRG1','GPKOW']).
4.48505984141903e-08-solution(['SRSF4','PLRG1','GPKOW']).
4.48967377869662e-08-solution(['PLRG1','DDX23','GPKOW']).
4.49131232931639e-08-solution(['YBX1','SNRPB2','HNRNPA1']).
4.5023021363242e-08-solution(['DDX23','GPKOW','HNRNPA1']).
4.5023021363242e-08-solution(['POLR2B','GPKOW','HNRNPA1']).
4.51487426039755e-08-solution(['HSPA8','SF3B3','GPKOW']).
4.51559717342079e-08-solution(['U2AF1L4','DDX23','HNRNPA1']).
4.5257483821545e-08-solution(['SNRNP200','SNRPA1','GPKOW']).
4.5257483821545e-08-solution(['SRSF4','SNRPA1','GPKOW']).
4.5389903533698e-08-solution(['SRSF1','U2AF1L4','GPKOW']).
4.54507008507786e-08-solution(['PLRG1','SNRPA1','HNRNPA1']).
4.54663231015761e-08-solution(['HNRNPA1','SNRNP200','GPKOW']).
4.54793613622877e-08-solution(['HSPA8','DDX23','HNRNPA1']).
4.54990551707463e-08-solution(['SNRPA1','DDX23','GPKOW']).
4.56232054241908e-08-solution(['SRSF1','YBX1','GPKOW']).
4.56749089975576e-08-solution(['SNRPA1','PLRG1','HNRNPA1']).
4.57551825387117e-08-solution(['SNRNP200','SNRPB2','GPKOW']).
4.57551825387117e-08-solution(['SRSF4','SNRPB2','GPKOW']).
4.58967855255677e-08-solution(['PLRG1','SNRPB2','HNRNPA1']).
4.59568163824191e-08-solution(['SNRPB2','DDX23','GPKOW']).
4.59753382205184e-08-solution(['U2AF1L4','YBX1','GPKOW']).
4.60031469460077e-08-solution(['HSPA8','U2AF1L4','GPKOW']).
4.6101567439521e-08-solution(['SNRPB2','PLRG1','HNRNPA1']).
4.61147642404512e-08-solution(['YBX1','GPKOW','HNRNPA1']).
4.63054627170755e-08-solution(['HSPA8','YBX1','GPKOW']).
4.63341965362494e-08-solution(['SNRNP200','HNRNPA1','GPKOW']).
4.63341965362494e-08-solution(['SRSF4','HNRNPA1','GPKOW']).
4.6433901852467e-08-solution(['SNRPB2','SNRPA1','HNRNPA1']).
4.64556845212517e-08-solution(['SNRPA1','SNRPB2','HNRNPA1']).
4.65169980277485e-08-solution(['GPKOW','PLRG1','HNRNPA1']).
4.65534054458334e-08-solution(['SRSF1','SNRNP200','GPKOW']).
4.66571815614557e-08-solution(['APOB','FGR','IGLV1-47']).
4.67283130670699e-08-solution(['APOB','FGR','IGKV3-20']).
4.67706156378532e-08-solution(['DDX23','PLRG1','GPKOW']).
4.67706156378532e-08-solution(['POLR2B','PLRG1','GPKOW']).
4.68472931827223e-08-solution(['GPKOW','SNRPA1','HNRNPA1']).
4.6848132840142e-08-solution(['EPN1','HSPA8','HGS']).
4.6848132840142e-08-solution(['HIP1R','HSPA8','HGS']).
4.6848132840142e-08-solution(['SIRT1','HSPA8','HGS']).
4.6848132840142e-08-solution(['SNRNP200','HSPA8','HGS']).
4.6848132840142e-08-solution(['SP1','HSPA8','HGS']).
4.6848132840142e-08-solution(['SRSF4','HSPA8','HGS']).
4.69356761602976e-08-solution(['U2AF1L4','SNRNP200','GPKOW']).
4.71155285445597e-08-solution(['PLRG1','GPKOW','HNRNPA1']).
4.71681888504347e-08-solution(['DDX23','SNRPA1','GPKOW']).
4.71681888504347e-08-solution(['POLR2B','SNRPA1','GPKOW']).
4.72940330147776e-08-solution(['GPKOW','SNRPB2','HNRNPA1']).
4.72940549551077e-08-solution(['HSPA8','SNRNP200','GPKOW']).
4.76668545563039e-08-solution(['DDX23','SNRPB2','GPKOW']).
4.76668545563039e-08-solution(['POLR2B','SNRPB2','GPKOW']).
4.76841446264395e-08-solution(['SNRPA1','GPKOW','HNRNPA1']).
4.76914904477057e-08-solution(['HNRNPA1','DDX23','GPKOW']).
4.79753323272103e-08-solution(['YBX1','PLRG1','GPKOW']).
4.81162928486681e-08-solution(['SNRPB2','GPKOW','HNRNPA1']).
4.81968166282216e-08-solution(['DDX23','HNRNPA1','GPKOW']).
4.81968166282216e-08-solution(['POLR2B','HNRNPA1','GPKOW']).
4.83670625940518e-08-solution(['YBX1','SNRPA1','GPKOW']).
4.87401130674527e-08-solution(['SRSF1','PLRG1','HNRNPA1']).
4.87615776678361e-08-solution(['DDX23','HSPA8','HGS']).
4.87615776678361e-08-solution(['LDLRAP1','HSPA8','HGS']).
4.87615776678361e-08-solution(['POLR2B','HSPA8','HGS']).
4.87877080861854e-08-solution(['SRSF1','DDX23','GPKOW']).
4.88663350379304e-08-solution(['YBX1','SNRPB2','GPKOW']).
4.90594954365213e-08-solution(['SRSF1','SNRPA1','HNRNPA1']).
4.90994043870008e-08-solution(['U2AF1L4','PLRG1','HNRNPA1']).
4.91731912118047e-08-solution(['U2AF1L4','DDX23','GPKOW']).
4.93655194310277e-08-solution(['YBX1','HNRNPA1','GPKOW']).
4.94170230734989e-08-solution(['U2AF1L4','SNRPA1','HNRNPA1']).
4.94362399990772e-08-solution(['HSPA8','PLRG1','HNRNPA1']).
4.94660301923675e-08-solution(['PLRG1','SNRPA1','GPKOW']).
4.95028646420569e-08-solution(['SP1','SIRT1','HSPA8']).
4.95072730376862e-08-solution(['SRSF1','SNRPB2','HNRNPA1']).
4.95345816420727e-08-solution(['HSPA8','DDX23','GPKOW']).
4.97071125681611e-08-solution(['SNRPA1','PLRG1','GPKOW']).
4.97522052331654e-08-solution(['HSPA8','SNRPA1','HNRNPA1']).
4.98649683949239e-08-solution(['U2AF1L4','SNRPB2','HNRNPA1']).
4.9962170500899e-08-solution(['YBX1','HSPA8','HGS']).
4.99658588127548e-08-solution(['PLRG1','SNRPB2','GPKOW']).
5.01839795910317e-08-solution(['SNRPB2','PLRG1','GPKOW']).
5.02003077923343e-08-solution(['HSPA8','SNRPB2','HNRNPA1']).
5.04368303335999e-08-solution(['PLRG1','HNRNPA1','GPKOW']).
5.04913968222804e-08-solution(['IGHG4','FGR','IGLV1-47']).
5.05639997347661e-08-solution(['EPN1','HSPA8','HIP1R']).
5.05639997347661e-08-solution(['SIRT1','HSPA8','HIP1R']).
5.05639997347661e-08-solution(['SNRNP200','HSPA8','HIP1R']).
5.05639997347661e-08-solution(['SP1','HSPA8','HIP1R']).
5.05639997347661e-08-solution(['SRSF4','HSPA8','HIP1R']).
5.05649977906831e-08-solution(['SNRPB2','SNRPA1','GPKOW']).
5.05730476865123e-08-solution(['IGHG4','FGR','IGKV3-20']).
5.05905882302686e-08-solution(['SNRPA1','SNRPB2','GPKOW']).
5.07887884335031e-08-solution(['SRSF1','GPKOW','HNRNPA1']).
5.10455297100614e-08-solution(['SNRPA1','HNRNPA1','GPKOW']).
5.10627139312066e-08-solution(['PLRG1','HSPA8','HGS']).
5.11527027259062e-08-solution(['U2AF1L4','GPKOW','HNRNPA1']).
5.1253692899872e-08-solution(['CD3D','ITK','IGLV1-47']).
5.12627774072984e-08-solution(['IGKV3-20','FGR','IGLV1-47']).
5.13190717404296e-08-solution(['CD3D','ITK','IGKV3-20']).
5.14034193646759e-08-solution(['IGLV1-47','FGR','IGKV3-20']).
5.14938723750341e-08-solution(['HSPA8','GPKOW','HNRNPA1']).
5.15081412361722e-08-solution(['SNRPB2','HNRNPA1','GPKOW']).
5.16880226984269e-08-solution(['APOB','HSPA8','HGS']).
5.16880226984269e-08-solution(['SNRPA1','HSPA8','HGS']).
5.19910546250673e-08-solution(['HNRNPA1','PLRG1','GPKOW']).
5.21632573615143e-08-solution(['SNRPB2','HSPA8','HGS']).
5.23106281785869e-08-solution(['OCRL','APOB','FOXA1']).
5.23633084061087e-08-solution(['HNRNPA1','SNRPA1','GPKOW']).
5.26259858492573e-08-solution(['GPKOW','HSPA8','HGS']).
5.26259858492573e-08-solution(['GPR37L1','HSPA8','HGS']).
5.2776265093479e-08-solution(['DDX23','HSPA8','HIP1R']).
5.2776265093479e-08-solution(['LDLRAP1','HSPA8','HIP1R']).
5.2776265093479e-08-solution(['POLR2B','HSPA8','HIP1R']).
5.28646033100189e-08-solution(['HNRNPA1','SNRPB2','GPKOW']).
5.30490199957997e-08-solution(['IGKV3-20','ITK','IGLV1-47']).
5.31330256535204e-08-solution(['SRSF1','PLRG1','GPKOW']).
5.31918186299672e-08-solution(['IGLV1-47','ITK','IGKV3-20']).
5.34997408089124e-08-solution(['SRSF1','SNRPA1','GPKOW']).
5.35345978833061e-08-solution(['U2AF1L4','PLRG1','GPKOW']).
5.38993653901181e-08-solution(['U2AF1L4','SNRPA1','GPKOW']).
5.39110718487302e-08-solution(['HSPA8','PLRG1','GPKOW']).
5.39641466111086e-08-solution(['HNRNPA1','HSPA8','HGS']).
5.4001610849894e-08-solution(['SRSF1','SNRPB2','GPKOW']).
5.402960191493e-08-solution(['C1S','IGHG4','IGLV1-47']).
5.402960191493e-08-solution(['PIK3CB','IGHG4','IGLV1-47']).
5.402960191493e-08-solution(['SYK','IGHG4','IGLV1-47']).
5.402960191493e-08-solution(['VAV1','IGHG4','IGLV1-47']).
5.41027368846538e-08-solution(['C1S','IGHG4','IGKV3-20']).
5.41027368846538e-08-solution(['PIK3CB','IGHG4','IGKV3-20']).
5.41027368846538e-08-solution(['SYK','IGHG4','IGKV3-20']).
5.41027368846538e-08-solution(['VAV1','IGHG4','IGKV3-20']).
5.41327207386551e-08-solution(['FGR','IGKV3-20','IGLV1-47']).
5.41643531616911e-08-solution(['HGS','HSPA8','HIP1R']).
5.41643531616911e-08-solution(['YBX1','HSPA8','HIP1R']).
5.4273372329896e-08-solution(['HDAC3','SIRT1','HSPA8']).
5.42740134349985e-08-solution(['HSPA8','SNRPA1','GPKOW']).
5.42829914943298e-08-solution(['FGR','IGLV1-47','IGKV3-20']).
5.43690283055412e-08-solution(['SRSF1','HNRNPA1','GPKOW']).
5.44014376771028e-08-solution(['U2AF1L4','SNRPB2','GPKOW']).
5.47585959064766e-08-solution(['U2AF1L4','HNRNPA1','GPKOW']).
5.47762753276111e-08-solution(['HSPA8','SNRPB2','GPKOW']).
5.51022085674495e-08-solution(['SRSF1','HSPA8','HGS']).
5.51238155323535e-08-solution(['HSPA8','HNRNPA1','GPKOW']).
5.52147641455492e-08-solution(['CD3D','HSPA8','HGS']).
5.54367672242188e-08-solution(['PLRG1','HSPA8','HIP1R']).
5.55024061784705e-08-solution(['U2AF1L4','HSPA8','HGS']).
5.56392173585026e-08-solution(['HIP1R','APOB','FOXA1']).
5.56392173585026e-08-solution(['HSPG2','APOB','FOXA1']).
5.56392173585026e-08-solution(['ITGAM','APOB','FOXA1']).
5.60428484752369e-08-solution(['E2F1','SIRT1','HSPA8']).
5.61597297597459e-08-solution(['APOB','HSPA8','HIP1R']).
5.61597297597459e-08-solution(['SNRPA1','HSPA8','HIP1R']).
5.64451115722945e-08-solution(['C1S','IGKV3-20','IGHG4']).
5.64451115722945e-08-solution(['GAB2','IGKV3-20','IGHG4']).
5.64451115722945e-08-solution(['ITK','IGKV3-20','IGHG4']).
5.64451115722945e-08-solution(['PIK3CB','IGKV3-20','IGHG4']).
5.64451115722945e-08-solution(['SYK','IGKV3-20','IGHG4']).
5.64451115722945e-08-solution(['VAV1','IGKV3-20','IGHG4']).
5.65257356447337e-08-solution(['C1S','IGLV1-47','IGHG4']).
5.65257356447337e-08-solution(['GAB2','IGLV1-47','IGHG4']).
5.65257356447337e-08-solution(['ITK','IGLV1-47','IGHG4']).
5.65257356447337e-08-solution(['PIK3CB','IGLV1-47','IGHG4']).
5.65257356447337e-08-solution(['SYK','IGLV1-47','IGHG4']).
5.65257356447337e-08-solution(['VAV1','IGLV1-47','IGHG4']).
5.67091812867465e-08-solution(['SNRPB2','HSPA8','HIP1R']).
5.69357870482026e-08-solution(['MYH2','IGKV3-20','IGLV1-47']).
5.70938390291103e-08-solution(['MYH2','IGLV1-47','IGKV3-20']).
5.72441735630366e-08-solution(['GPKOW','HSPA8','HIP1R']).
5.72441735630366e-08-solution(['GPR37L1','HSPA8','HIP1R']).
5.75575200556487e-08-solution(['FOSB','SIRT1','HSPA8']).
5.79026580008453e-08-solution(['CETP','APOB','FOXA1']).
5.79026580008453e-08-solution(['FGR','APOB','FOXA1']).
5.79026580008453e-08-solution(['LDLRAP1','APOB','FOXA1']).
5.8253467792007e-08-solution(['MS4A2','IGKV3-20','IGLV1-47']).
5.84151776138362e-08-solution(['MS4A2','IGLV1-47','IGKV3-20']).
5.87913133890646e-08-solution(['HNRNPA1','HSPA8','HIP1R']).
5.89164777352705e-08-solution(['NR1D1','SIRT1','HSPA8']).
5.9879072758336e-08-solution(['TP53','SIRT1','HSPA8']).
6.01071052037239e-08-solution(['SRSF1','HSPA8','HIP1R']).
6.01221786650387e-08-solution(['CD79A','IGKV3-20','IGLV1-47']).
6.01378584703726e-08-solution(['APOB','FGR','IGHG4']).
6.02372384601188e-08-solution(['CD3D','HSPA8','HIP1R']).
6.02890759703565e-08-solution(['CD79A','IGLV1-47','IGKV3-20']).
6.05698012264613e-08-solution(['U2AF1L4','HSPA8','HIP1R']).
6.09846606064379e-08-solution(['IGHG4','IGKV3-20','IGLV1-47']).
6.10445551857017e-08-solution(['IGHA1','IGKV3-20','IGLV1-47']).
6.11539521349044e-08-solution(['IGHG4','IGLV1-47','IGKV3-20']).
6.12140129796647e-08-solution(['IGHA1','IGLV1-47','IGKV3-20']).
6.36221618263151e-08-solution(['RHOA','MYH2','IGLV1-47']).
6.37097655820631e-08-solution(['RHOA','MYH2','IGKV3-20']).
6.47317805886344e-08-solution(['HIP1R','LDLRAP1','HSPA8']).
6.56101911685613e-08-solution(['APOE','APOB','FOXA1']).
6.61814155344744e-08-solution(['IGKV3-20','FGR','IGHG4']).
6.62558435771357e-08-solution(['IGLV1-47','FGR','IGHG4']).
6.632029019361e-08-solution(['HSPA8','APOB','FOXA1']).
6.6875906040977e-08-solution(['FGR','IGHG4','IGLV1-47']).
6.69843409048095e-08-solution(['FGR','IGHG4','IGKV3-20']).
6.80591510927625e-08-solution(['EP300','CD79A','IGLV1-47']).
6.80591510927625e-08-solution(['POU2F2','CD79A','IGLV1-47']).
6.80591510927625e-08-solution(['PTPRC','CD79A','IGLV1-47']).
6.80591510927625e-08-solution(['SYK','CD79A','IGLV1-47']).
6.80591510927625e-08-solution(['VAV1','CD79A','IGLV1-47']).
6.81489344823896e-08-solution(['EP300','CD79A','IGKV3-20']).
6.81489344823896e-08-solution(['POU2F2','CD79A','IGKV3-20']).
6.81489344823896e-08-solution(['PTPRC','CD79A','IGKV3-20']).
6.81489344823896e-08-solution(['SYK','CD79A','IGKV3-20']).
6.81489344823896e-08-solution(['VAV1','CD79A','IGKV3-20']).
6.98844238514122e-08-solution(['FGR','IGKV3-20','IGHG4']).
6.99655309662708e-08-solution(['FGR','IGLV1-47','IGHG4']).
7.03917366438952e-08-solution(['MYH2','IGHG4','IGLV1-47']).
7.05098325313784e-08-solution(['MYH2','IGHG4','IGKV3-20']).
7.15951228044704e-08-solution(['APOB','LDLRAP1','HSPA8']).
7.25193137576294e-08-solution(['TAF1L','TP53','HTT']).
7.35625514225392e-08-solution(['MYH2','IGKV3-20','IGHG4']).
7.36437907384809e-08-solution(['MYH2','IGLV1-47','IGHG4']).
7.37263067630653e-08-solution(['MYH2','IGKV3-20','FGR']).
7.38198714161904e-08-solution(['MYH2','IGLV1-47','FGR']).
7.42075150504728e-08-solution(['IGHG4','C1S','IGLV1-47']).
7.43045858141974e-08-solution(['IGHG4','C1S','IGKV3-20']).
7.52915857508467e-08-solution(['MS4A2','IGKV3-20','IGHG4']).
7.53728872125968e-08-solution(['MS4A2','IGLV1-47','IGHG4']).
7.56107717310713e-08-solution(['IGKV3-20','C1S','IGLV1-47']).
7.57004775868085e-08-solution(['MS4A2','IGKV3-20','FGR']).
7.57941446609706e-08-solution(['MS4A2','IGLV1-47','FGR']).
7.58150939635809e-08-solution(['IGLV1-47','C1S','IGKV3-20']).
7.64918529891292e-08-solution(['IGKV3-20','IGHG4','IGLV1-47']).
7.65146480174306e-08-solution(['RING1','TFDP1','HDAC3']).
7.6684991579522e-08-solution(['APOE','LDLRAP1','HSPA8']).
7.67020421831725e-08-solution(['IGLV1-47','IGHG4','IGKV3-20']).
7.70729744014329e-08-solution(['CD40','JAK3','IL6ST']).
7.70729744014329e-08-solution(['FES','JAK3','IL6ST']).
7.71471943537834e-08-solution(['ACTG1','MYH2','IGLV1-47']).
7.72715762716497e-08-solution(['ACTG1','MYH2','IGKV3-20']).
7.74927876588468e-08-solution(['IGKV3-20','MS4A2','IGLV1-47']).
7.77059372910082e-08-solution(['IGLV1-47','MS4A2','IGKV3-20']).
7.77436707982647e-08-solution(['CD79A','IGKV3-20','IGHG4']).
7.78250603940702e-08-solution(['CD79A','IGLV1-47','IGHG4']).
7.78646734721861e-08-solution(['IL11RA','JAK3','IL6ST']).
7.78646734721861e-08-solution(['XCR1','JAK3','IL6ST']).
7.82437926053952e-08-solution(['TP53','TFDP1','HDAC3']).
7.85002107550262e-08-solution(['CD79A','IGKV3-20','FGR']).
7.85940230808407e-08-solution(['CD79A','IGLV1-47','FGR']).
7.895399482808e-08-solution(['IGHA1','IGKV3-20','IGHG4']).
7.90354279259514e-08-solution(['IGHA1','IGLV1-47','IGHG4']).
7.92934841503338e-08-solution(['ACTA1','MYH2','IGLV1-47']).
7.93275522423425e-08-solution(['ACTBL2','MYH2','IGLV1-47']).
7.94237024012315e-08-solution(['ACTA1','MYH2','IGKV3-20']).
7.94578631334471e-08-solution(['ACTBL2','MYH2','IGKV3-20']).
7.97262361520652e-08-solution(['CXCR6','JAK3','IL6ST']).
7.97923952942035e-08-solution(['IGHG4','IGKV3-20','FGR']).
7.98045055304648e-08-solution(['IGHG4','MYH2','IGLV1-47']).
7.98821303316464e-08-solution(['IGHA1','IGKV3-20','FGR']).
7.98862746592422e-08-solution(['IGHG4','IGLV1-47','FGR']).
7.99361133844652e-08-solution(['IGHG4','MYH2','IGKV3-20']).
7.99760143521868e-08-solution(['IGHA1','IGLV1-47','FGR']).
8.00228524128519e-08-solution(['IGLV1-47','IGKV3-20','IGHG4']).
8.00257286338541e-08-solution(['IGKV3-20','IGLV1-47','IGHG4']).
8.03765860637018e-08-solution(['PIAS3','PGR','FOXA1']).
8.09628206587618e-08-solution(['IGKV3-20','MYH2','IGLV1-47']).
8.11025268408695e-08-solution(['IGLV1-47','IGKV3-20','FGR']).
8.11067344832882e-08-solution(['IGKV3-20','IGLV1-47','FGR']).
8.1182980110334e-08-solution(['IGLV1-47','MYH2','IGKV3-20']).
8.12645990574237e-08-solution(['PAX6','KMT2D','HDAC3']).
8.18250690487687e-08-solution(['RHOA','MYH2','IGHG4']).
8.35349506005535e-08-solution(['GH1','JAK3','IL6ST']).
8.36708908926765e-08-solution(['KLK3','PGR','FOXA1']).
8.39602555060324e-08-solution(['PAEP','PGR','FOXA1']).
8.47097316857932e-08-solution(['POLR2B','KMT2D','HDAC3']).
8.74161111906291e-08-solution(['C1S','IGKV3-20','IGHA1']).
8.74161111906291e-08-solution(['GAB2','IGKV3-20','IGHA1']).
8.74161111906291e-08-solution(['ITK','IGKV3-20','IGHA1']).
8.74161111906291e-08-solution(['PIK3CB','IGKV3-20','IGHA1']).
8.74161111906291e-08-solution(['SYK','IGKV3-20','IGHA1']).
8.74161111906291e-08-solution(['VAV1','IGKV3-20','IGHA1']).
8.75407946277512e-08-solution(['C1S','IGLV1-47','IGHA1']).
8.75407946277512e-08-solution(['GAB2','IGLV1-47','IGHA1']).
8.75407946277512e-08-solution(['ITK','IGLV1-47','IGHA1']).
8.75407946277512e-08-solution(['PIK3CB','IGLV1-47','IGHA1']).
8.75407946277512e-08-solution(['SYK','IGLV1-47','IGHA1']).
8.75407946277512e-08-solution(['VAV1','IGLV1-47','IGHA1']).
8.92082930144588e-08-solution(['AKT1','JAK3','GH1']).
9.10344885986657e-08-solution(['MYH2','IGHG4','FGR']).
9.12154854174567e-08-solution(['IRF4','CD79A','IGLV1-47']).
9.13687618323144e-08-solution(['IRF4','CD79A','IGKV3-20']).
9.14572415778485e-08-solution(['IL6ST','JAK3','GH1']).
9.36265455474557e-08-solution(['CDKN1B','KMT2D','HDAC3']).
9.5580313944063e-08-solution(['CD40','JAK3','GH1']).
9.5580313944063e-08-solution(['FES','JAK3','GH1']).
9.56168212060015e-08-solution(['FOXA1','APOB','FGR']).
9.64470962028694e-08-solution(['IL11RA','JAK3','GH1']).
9.64470962028694e-08-solution(['XCR1','JAK3','GH1']).
9.69321451006172e-08-solution(['IGKV3-20','CD79A','IGLV1-47']).
9.71802269932147e-08-solution(['IGKV3-20','C1S','IGHG4']).
9.71979261628626e-08-solution(['IGLV1-47','CD79A','IGKV3-20']).
9.73155378077416e-08-solution(['IGLV1-47','C1S','IGHG4']).
9.74490290727491e-08-solution(['APOE','APOB','FGR']).
9.84852058384413e-08-solution(['CXCR6','JAK3','GH1']).
9.86216421074676e-08-solution(['HSPA8','APOB','FGR']).
9.95664958168524e-08-solution(['ACTG1','MYH2','IGHG4']).
1.00183004037046e-07-solution(['IGKV3-20','IGHG4','FGR']).
1.00295670483332e-07-solution(['IGLV1-47','IGHG4','FGR']).
1.01228109726317e-07-solution(['IFI16','TP53','IGFBP3']).
1.01228109726317e-07-solution(['NOS2','TP53','IGFBP3']).
1.01228109726317e-07-solution(['RBL2','TP53','IGFBP3']).
1.01228109726317e-07-solution(['SMYD2','TP53','IGFBP3']).
1.01228109726317e-07-solution(['TFDP1','TP53','IGFBP3']).
1.02381885958891e-07-solution(['ACTA1','MYH2','IGHG4']).
1.02426574691304e-07-solution(['ACTBL2','MYH2','IGHG4']).
1.04571633847143e-07-solution(['IGKV3-20','MYH2','IGHG4']).
1.04618037638199e-07-solution(['CD83','SP1','IGFBP3']).
1.04683355678176e-07-solution(['IGLV1-47','MYH2','IGHG4']).
1.05807513170503e-07-solution(['E2F1','SIRT1','HDAC3']).
1.06080475138599e-07-solution(['AKT1','JAK3','IL11RA']).
1.07253592448122e-07-solution(['CEBPZ','TP53','IGFBP3']).
1.07253592448122e-07-solution(['SIRT1','TP53','IGFBP3']).
1.07253592448122e-07-solution(['SP1','TP53','IGFBP3']).
1.07253592448122e-07-solution(['SUPT16H','TP53','IGFBP3']).
1.07253592448122e-07-solution(['UBN1','TP53','IGFBP3']).
1.08200531398635e-07-solution(['FGR','IGKV3-20','IGHA1']).
1.08325959694879e-07-solution(['FGR','IGLV1-47','IGHA1']).
1.08954797919662e-07-solution(['IL6ST','JAK3','IL11RA']).
1.08975225512205e-07-solution(['FOSB','SIRT1','HDAC3']).
1.09847453890492e-07-solution(['FES','SP1','IGFBP3']).
1.09847453890492e-07-solution(['MMP12','SP1','IGFBP3']).
1.09847453890492e-07-solution(['TAF6','SP1','IGFBP3']).
1.10780002782274e-07-solution(['IL4R','IL6ST','GH1']).
1.10946819807168e-07-solution(['E2F1','SP1','IGFBP3']).
1.10946819807168e-07-solution(['NR2F1','SP1','IGFBP3']).
1.11350920698949e-07-solution(['AKT1','TP53','IGFBP3']).
1.11350920698949e-07-solution(['P2RX4','TP53','IGFBP3']).
1.11350920698949e-07-solution(['PSMC2','TP53','IGFBP3']).
1.11350920698949e-07-solution(['RMI1','TP53','IGFBP3']).
1.11350920698949e-07-solution(['TOP3A','TP53','IGFBP3']).
1.11350920698949e-07-solution(['TYRP1','TP53','IGFBP3']).
1.11817285183265e-07-solution(['NR1D1','SIRT1','HDAC3']).
1.11986760539158e-07-solution(['NABP1','SP1','IGFBP3']).
1.13504758112957e-07-solution(['HSPA8','SIRT1','HDAC3']).
1.13830410783599e-07-solution(['TP53','SIRT1','HDAC3']).
1.1388889903451e-07-solution(['MYH2','IGKV3-20','IGHA1']).
1.13921793326919e-07-solution(['P2RX1','TP53','IGFBP3']).
1.13921793326919e-07-solution(['PERP','TP53','IGFBP3']).
1.13921793326919e-07-solution(['PSMC1','TP53','IGFBP3']).
1.13921793326919e-07-solution(['TSC2','TP53','IGFBP3']).
1.14014531186935e-07-solution(['MYH2','IGLV1-47','IGHA1']).
1.14126067187823e-07-solution(['RPS6KB2','SP1','IGFBP3']).
1.14224389684944e-07-solution(['CD40','JAK3','IL11RA']).
1.14224389684944e-07-solution(['FES','JAK3','IL11RA']).
1.150174449581e-07-solution(['FOXA1','SP1','IGFBP3']).
1.1515146859761e-07-solution(['HSPA8','OCRL','HGS']).
1.15332201590145e-07-solution(['XCR1','JAK3','IL11RA']).
1.16278426569225e-07-solution(['HDAC3','TP53','IGFBP3']).
1.16278426569225e-07-solution(['TYMS','TP53','IGFBP3']).
1.16562918008639e-07-solution(['MS4A2','IGKV3-20','IGHA1']).
1.16688645990893e-07-solution(['MS4A2','IGLV1-47','IGHA1']).
1.1697847605271e-07-solution(['MMP9','SP1','IGFBP3']).
1.17617422729626e-07-solution(['PSMD6','TP53','IGFBP3']).
1.17937056610483e-07-solution(['CXCR6','JAK3','IL11RA']).
1.1863505981153e-07-solution(['SSTR2','TP53','IGFBP3']).
1.1863505981153e-07-solution(['TAF6','TP53','IGFBP3']).
1.18672093816237e-07-solution(['HSPA8','SP1','IGFBP3']).
1.18911005925318e-07-solution(['GH1','IL4R','IL6ST']).
1.18998932332005e-07-solution(['TP53','SP1','IGFBP3']).
1.19126440323336e-07-solution(['IGKV3-20','IGHA1','IGLV1-47']).
1.19453970640445e-07-solution(['IGLV1-47','IGHA1','IGKV3-20']).
1.19625916970227e-07-solution(['E2F1','TP53','IGFBP3']).
1.19625916970227e-07-solution(['LIG4','TP53','IGFBP3']).
1.19625916970227e-07-solution(['PIAS3','TP53','IGFBP3']).
1.19625916970227e-07-solution(['PIDD1','TP53','IGFBP3']).
1.19625916970227e-07-solution(['PSMD2','TP53','IGFBP3']).
1.19636619978117e-07-solution(['MED11','MED12','HDAC3']).
1.20355163099223e-07-solution(['CD79A','IGKV3-20','IGHA1']).
1.20481026985597e-07-solution(['CD79A','IGLV1-47','IGHA1']).
1.20964913130628e-07-solution(['CCNG1','TP53','IGFBP3']).
1.21955770289325e-07-solution(['CDKN1B','TP53','IGFBP3']).
1.22105430064107e-07-solution(['IGHG4','IGKV3-20','IGHA1']).
1.2223135667546e-07-solution(['IGHG4','IGLV1-47','IGHA1']).
1.22656021231423e-07-solution(['JAK3','IL6ST','GH1']).
1.23266530100371e-07-solution(['GH1','JAK3','IL11RA']).
1.23294766449726e-07-solution(['FOXA1','TP53','IGFBP3']).
1.23589345605014e-07-solution(['KLK3','TP53','IGFBP3']).
1.23880006292393e-07-solution(['IGLV1-47','IGKV3-20','IGHA1']).
1.23884445826998e-07-solution(['IGKV3-20','IGLV1-47','IGHA1']).
1.26802936389977e-07-solution(['TAF1L','TP53','IGFBP3']).
1.29538154661335e-07-solution(['MED12','MED11','HDAC3']).
1.29788987873191e-07-solution(['PER2','NR1D1','HDAC3']).
1.30269671247611e-07-solution(['IL6ST','IL4R','GH1']).
1.31010624986591e-07-solution(['PER2','NR1D1','FOXA1']).
1.31480325079557e-07-solution(['GAD1','HSPA8','GPR37L1']).
1.31480325079557e-07-solution(['OCRL','HSPA8','GPR37L1']).
1.31480325079557e-07-solution(['SF3B3','HSPA8','GPR37L1']).
1.32364195043029e-07-solution(['IL11RA','IL6ST','GH1']).
1.32364195043029e-07-solution(['PIAS3','IL6ST','GH1']).
1.36354285897637e-07-solution(['IL24','IL6ST','GH1']).
1.36772071173754e-07-solution(['FES','IL4R','GH1']).
1.38010418692861e-07-solution(['SIRT1','NR1D1','HDAC3']).
1.38739358762674e-07-solution(['SIRT1','NR1D1','FOXA1']).
1.39402947774495e-07-solution(['EPN1','HSPA8','GPR37L1']).
1.39402947774495e-07-solution(['HIP1R','HSPA8','GPR37L1']).
1.39402947774495e-07-solution(['SIRT1','HSPA8','GPR37L1']).
1.39402947774495e-07-solution(['SNRNP200','HSPA8','GPR37L1']).
1.39402947774495e-07-solution(['SP1','HSPA8','GPR37L1']).
1.39402947774495e-07-solution(['SRSF4','HSPA8','GPR37L1']).
1.42831125650387e-07-solution(['IL24','IL4R','GH1']).
1.44790331207054e-07-solution(['DDX23','HSPA8','GPR37L1']).
1.44790331207054e-07-solution(['LDLRAP1','HSPA8','GPR37L1']).
1.44790331207054e-07-solution(['POLR2B','HSPA8','GPR37L1']).
1.4625787104745e-07-solution(['JAK3','IL6ST','IL11RA']).
1.48170650223561e-07-solution(['HGS','HSPA8','GPR37L1']).
1.48170650223561e-07-solution(['YBX1','HSPA8','GPR37L1']).
1.50315284462853e-07-solution(['HDAC3','NR1D1','FOXA1']).
1.51269275988692e-07-solution(['PLRG1','HSPA8','GPR37L1']).
1.51374815325116e-07-solution(['FASLG','CD3D','HIP1R']).
1.52064804701184e-07-solution(['IL24','CSF2RA','GH1']).
1.5302985880979e-07-solution(['APOB','HSPA8','GPR37L1']).
1.5302985880979e-07-solution(['SNRPA1','HSPA8','GPR37L1']).
1.53823124107449e-07-solution(['CSF2RA','GH1','IL6ST']).
1.53823124107449e-07-solution(['IL4R','GH1','IL6ST']).
1.54367901753824e-07-solution(['SNRPB2','HSPA8','GPR37L1']).
1.55670733041436e-07-solution(['GPKOW','HSPA8','GPR37L1']).
1.58488937080783e-07-solution(['HSPA8','CD3D','HIP1R']).
1.586771296772e-07-solution(['PIAS3','IL6ST','IL11RA']).
1.59438380278584e-07-solution(['HNRNPA1','HSPA8','GPR37L1']).
1.59897694519449e-07-solution(['FOXA1','NR1D1','HDAC3']).
1.6068927373825e-07-solution(['ANAPC5','MAD2L2','FOXA1']).
1.62642641012982e-07-solution(['SRSF1','HSPA8','GPR37L1']).
1.62959545920779e-07-solution(['CD3D','HSPA8','GPR37L1']).
1.63769414018484e-07-solution(['U2AF1L4','HSPA8','GPR37L1']).
1.63781485165803e-07-solution(['IL24','IL6ST','IL11RA']).
1.65715852380845e-07-solution(['CD3D','HIP1R','HGS']).
1.68094119420158e-07-solution(['HSPA8','HIP1R','HGS']).
1.69327950184915e-07-solution(['GH1','IL6ST','IL11RA']).
1.69700735967152e-07-solution(['FOXA1','APOB','HIP1R']).
1.70313521416756e-07-solution(['JAK3','GH1','IL6ST']).
1.7259999694113e-07-solution(['JAK3','IL11RA','IL6ST']).
1.73084824028183e-07-solution(['APOE','APOB','HIP1R']).
1.75250640387243e-07-solution(['HSPA8','APOB','HIP1R']).
1.83774771341305e-07-solution(['NUP54','PIAS3','IL6ST']).
1.83774771341305e-07-solution(['POM121C','PIAS3','IL6ST']).
1.83793766836268e-07-solution(['IL11RA','GH1','IL6ST']).
1.87556138392061e-07-solution(['COL1A2','ITGAM','FGG']).
1.88899783069233e-07-solution(['ANAPC2','MAD2L2','FOXA1']).
1.91385308149256e-07-solution(['GH1','IL6ST','IL4R']).
1.91840617587782e-07-solution(['NUP43','PIAS3','IL6ST']).
1.92058960530771e-07-solution(['SRSF1','NUP43','GLE1']).
1.92223825094126e-07-solution(['ACTN3','ITGAM','FGG']).
1.93198662930524e-07-solution(['PSMD6','DVL1','FZD6']).
1.93279743757929e-07-solution(['IL24','IL11RA','IL6ST']).
1.93771860959139e-07-solution(['U2AF1L4','NUP43','GLE1']).
1.9468183931171e-07-solution(['KIF2B','NUP43','GLE1']).
1.94691202685997e-07-solution(['COL1A2','TLN1','FGG']).
1.94875919811208e-07-solution(['APOB','ITGAM','FGG']).
1.97281474911305e-07-solution(['PSMD2','DVL1','FZD6']).
1.98111770522645e-07-solution(['CD79A','IGKV3-20','GAB2']).
1.98414331580977e-07-solution(['CD79A','IGLV1-47','GAB2']).
1.9953645886144e-07-solution(['ACTN3','TLN1','FGG']).
1.9953645886144e-07-solution(['ITGA7','TLN1','FGG']).
1.99825168209118e-07-solution(['GH1','IL11RA','IL6ST']).
2.02165208282699e-07-solution(['IGHG4','IGKV3-20','GAB2']).
2.02446697016036e-07-solution(['IGHA1','IGKV3-20','GAB2']).
2.02468199876616e-07-solution(['IGHG4','IGLV1-47','GAB2']).
2.02736334896225e-07-solution(['HSPA8','EPN1','HGS']).
2.02749718508257e-07-solution(['IGHA1','IGLV1-47','GAB2']).
2.04529544581388e-07-solution(['ACTG1','ITGAM','FGG']).
2.06274943789421e-07-solution(['IGLV1-47','IGKV3-20','GAB2']).
2.06296853266941e-07-solution(['IGKV3-20','IGLV1-47','GAB2']).
2.06389043933622e-07-solution(['HSPA8','HGS','HIP1R']).
2.07075555509787e-07-solution(['MST1','ITGAM','FGG']).
2.0824701806625e-07-solution(['JAK3','IL6ST','IL24']).
2.09621566438186e-07-solution(['FGA','ITGAM','FGG']).
2.09621566438186e-07-solution(['MMP9','ITGAM','FGG']).
2.10455348235956e-07-solution(['RAC3','DVL1','FZD6']).
2.11318907057118e-07-solution(['ACTBL2','ITGAM','FGG']).
2.12310316051246e-07-solution(['ACTG1','TLN1','FGG']).
2.13382901107149e-07-solution(['JAK3','IL11RA','GH1']).
2.1759605006082e-07-solution(['FGA','TLN1','FGG']).
2.18358552918246e-07-solution(['IL6ST','IL11RA','GH1']).
2.18482930922823e-07-solution(['HSPA8','EPN1','HIP1R']).
2.19357961397345e-07-solution(['ACTBL2','TLN1','FGG']).
2.20070757410053e-07-solution(['SP1','FOXA1','HCFC1']).
2.22417028195343e-07-solution(['TP53','PIAS3','IL6ST']).
2.25333669309604e-07-solution(['IL11RA','IL6ST','IL24']).
2.25333669309604e-07-solution(['PIAS3','IL6ST','IL24']).
2.27882678965442e-07-solution(['CSF2RA','GH1','IL11RA']).
2.27882678965442e-07-solution(['IL4R','GH1','IL11RA']).
2.31618958231136e-07-solution(['FES','IL4R','IL24']).
2.35607366027887e-07-solution(['SLC34A1','FOXA1','HCFC1']).
2.35980653082548e-07-solution(['IL24','IL11RA','GH1']).
2.38135383365264e-07-solution(['HDAC3','TLE3','FOXA1']).
2.39987269890473e-07-solution(['GH1','IL6ST','IL24']).
2.41098215659893e-07-solution(['MAD2L2','FOXA1','HCFC1']).
2.44218016587169e-07-solution(['APOB','FOXA1','HCFC1']).
2.44218016587169e-07-solution(['ZNF460','FOXA1','HCFC1']).
2.47003110467189e-07-solution(['U2AF1L4','HSPA8','IFT88']).
2.47857641607238e-07-solution(['MYH6','ACTG1','FLNC']).
2.50920831586179e-07-solution(['JAK3','GH1','IL11RA']).
2.51245480505492e-07-solution(['GH1','IL4R','IL24']).
2.51441495809803e-07-solution(['FOXA1','TLE3','HDAC3']).
2.54661854816931e-07-solution(['COL1A2','ACTG1','FLNC']).
2.56771790981922e-07-solution(['IL6ST','GH1','IL11RA']).
2.60815357520278e-07-solution(['IRF2BPL','FOXA1','HCFC1']).
2.60899050259149e-07-solution(['ACTN3','ACTG1','FLNC']).
2.60899050259149e-07-solution(['ITGA7','ACTG1','FLNC']).
2.61564109742824e-07-solution(['NR1D1','FOXA1','HCFC1']).
2.64442911305864e-07-solution(['MMP25','ACTG1','FLNC']).
2.64442911305864e-07-solution(['MYH2','ACTG1','FLNC']).
2.6580703900392e-07-solution(['TP53','FOXA1','HCFC1']).
2.67136245701367e-07-solution(['MMP12','ACTG1','FLNC']).
2.67549276717719e-07-solution(['GH1','CSF2RA','IL24']).
2.75011690326028e-07-solution(['FOXA1','APOB','HSPG2']).
2.80495837301421e-07-solution(['APOE','APOB','HSPG2']).
2.81762430434647e-07-solution(['HSPA8','SP1','GLP1R']).
2.82648729186372e-07-solution(['TP53','SP1','GLP1R']).
2.84005691365673e-07-solution(['HSPA8','APOB','HSPG2']).
2.84146778725598e-07-solution(['MMP9','ACTG1','FLNC']).
2.86414849795496e-07-solution(['ACTBL2','ACTG1','FLNC']).
2.86910990342036e-07-solution(['RAC3','ACTG1','FLNC']).
2.91102755215605e-07-solution(['IL6ST','GH1','IL4R']).
2.92993616210204e-07-solution(['IL11RA','IL24','IL6ST']).
3.08687805374687e-07-solution(['IL11RA','GH1','IL4R']).
3.29405474153143e-07-solution(['P2RX1','TP53','IFI16']).
3.29405474153143e-07-solution(['PERP','TP53','IFI16']).
3.29405474153143e-07-solution(['PSMC1','TP53','IFI16']).
3.29405474153143e-07-solution(['TSC2','TP53','IFI16']).
3.37612632059563e-07-solution(['HDAC3','TP53','IFI16']).
3.37612632059563e-07-solution(['TYMS','TP53','IFI16']).
3.42275789960938e-07-solution(['PSMD6','TP53','IFI16']).
3.45819789965984e-07-solution(['SSTR2','TP53','IFI16']).
3.45819789965984e-07-solution(['TAF6','TP53','IFI16']).
3.49270526813001e-07-solution(['E2F1','TP53','IFI16']).
3.49270526813001e-07-solution(['LIG4','TP53','IFI16']).
3.49270526813001e-07-solution(['PIAS3','TP53','IFI16']).
3.49270526813001e-07-solution(['PIDD1','TP53','IFI16']).
3.49270526813001e-07-solution(['PSMD2','TP53','IFI16']).
3.52534737343964e-07-solution(['IGFBP3','TP53','IFI16']).
3.53933684714376e-07-solution(['CCNG1','TP53','IFI16']).
3.57384421561394e-07-solution(['CDKN1B','TP53','IFI16']).
3.62047579462769e-07-solution(['FOXA1','TP53','IFI16']).
3.62145638353019e-07-solution(['CSF2RA','IL24','IL11RA']).
3.62145638353019e-07-solution(['IL4R','IL24','IL11RA']).
3.62972034168867e-07-solution(['JAK3','IL11RA','IL24']).
3.63073474201072e-07-solution(['KLK3','TP53','IFI16']).
3.71729338838435e-07-solution(['IL6ST','IL11RA','IL24']).
3.74265053164372e-07-solution(['TAF1L','TP53','IFI16']).
3.83110201421712e-07-solution(['APOE','LDLRAP1','HIP1R']).
3.88215501163034e-07-solution(['HSPA8','LDLRAP1','HIP1R']).
3.90099822248358e-07-solution(['HDAC3','SIRT1','FOSB']).
4.03346895810174e-07-solution(['E2F1','SIRT1','FOSB']).
4.09814905939615e-07-solution(['IL6ST','IL24','IL11RA']).
4.15333418338993e-07-solution(['GH1','IL11RA','IL24']).
4.24860143274563e-07-solution(['NR1D1','SIRT1','FOSB']).
4.30900808818751e-07-solution(['HSPA8','SIRT1','FOSB']).
4.32066551292191e-07-solution(['TP53','SIRT1','FOSB']).
4.77406761534132e-07-solution(['F13B','FGA','FGG']).
4.77406761534132e-07-solution(['ITGAM','FGA','FGG']).
4.77406761534132e-07-solution(['TLN1','FGA','FGG']).
4.77844201061162e-07-solution(['CA9','SP3','IGFBP3']).
4.85950012035782e-07-solution(['KLK3','SP3','IGFBP3']).
4.88271418601823e-07-solution(['IL11RA','IL24','IL4R']).
4.95532128236968e-07-solution(['HGS','HSPA8','GAD1']).
4.95532128236968e-07-solution(['YBX1','HSPA8','GAD1']).
5.07916913038119e-07-solution(['PLRG1','HSPA8','GAD1']).
5.09124947940966e-07-solution(['DDX39B','NXF1','GLE1']).
5.14205186816651e-07-solution(['MIS18A','CENPL','HJURP']).
5.14376585262911e-07-solution(['DDX39A','NXF1','GLE1']).
5.14953722584228e-07-solution(['APOB','HSPA8','GAD1']).
5.14953722584228e-07-solution(['SNRPA1','HSPA8','GAD1']).
5.2030169783927e-07-solution(['SNRPB2','HSPA8','GAD1']).
5.2550893690339e-07-solution(['GPKOW','HSPA8','GAD1']).
5.2550893690339e-07-solution(['GPR37L1','HSPA8','GAD1']).
5.40567709332063e-07-solution(['HNRNPA1','HSPA8','GAD1']).
5.42479941742507e-07-solution(['SRSF1','NXF1','GLE1']).
5.4702189834527e-07-solution(['U2AF1L4','NXF1','GLE1']).
5.49107270120777e-07-solution(['KIF2B','CENPL','HJURP']).
5.53374702705981e-07-solution(['SRSF1','HSPA8','GAD1']).
5.5464132842428e-07-solution(['CD3D','HSPA8','GAD1']).
5.5787826081549e-07-solution(['U2AF1L4','HSPA8','GAD1']).
5.85918242585936e-07-solution(['MST1','FGFR1','FLRT3']).
6.37002523761077e-07-solution(['ACTG1','ITGA7','FLNC']).
6.59153114101043e-07-solution(['ACTBL2','ITGA7','FLNC']).
7.65785477811654e-07-solution(['LDLRAP1','APOE','HSPG2']).
8.15533895859384e-07-solution(['APOB','APOE','HSPG2']).
8.34901306841974e-07-solution(['U2AF1L4','HSPA8','GAD2']).
8.62785271411588e-07-solution(['KLK3','IGF2','IGFBP3']).
9.3575503300058e-07-solution(['SP1','IGFBP3','IGF2']).
1.09787107109497e-06-solution(['KLK3','IGFBP3','IGF2']).
1.10432884778655e-06-solution(['DONSON','E2F1','INSIG1']).
1.10432884778655e-06-solution(['SIRT1','E2F1','INSIG1']).
1.10432884778655e-06-solution(['SP1','E2F1','INSIG1']).
1.13056004271073e-06-solution(['TP53','IGFBP3','IGF2']).
1.15046820161269e-06-solution(['TRIP13','E2F1','INSIG1']).
1.17941838440557e-06-solution(['MCM4','E2F1','INSIG1']).
1.2059560519657e-06-solution(['HDAC3','E2F1','INSIG1']).
1.2059560519657e-06-solution(['TYMS','E2F1','INSIG1']).
1.2698877056333e-06-solution(['CDKN1B','E2F1','INSIG1']).
1.30125040365892e-06-solution(['IRF2BPL','E2F1','INSIG1']).
1.30336135448756e-06-solution(['SRSF1','E2F1','INSIG1']).
1.32537555598631e-06-solution(['TP53','E2F1','INSIG1']).
1.46878596725291e-06-solution(['E2F1','IRF2BPL','FOXA1']).
1.51051587109905e-06-solution(['FASLG','MAP2K7','FPR1']).
1.58248575613309e-06-solution(['RAC3','MAP2K7','FPR1']).
1.61874238786358e-06-solution(['SSTR2','EDN2','HTR1E']).
1.70814573313471e-06-solution(['SSTR1','EDN2','HTR1E']).
1.76187804670675e-06-solution(['SSTR5','EDN2','HTR1E']).
1.94370149734533e-06-solution(['HSD3B2','POMC','GLP1R']).
2.03166094091831e-06-solution(['DRD5','POMC','GLP1R']).
2.1503758063809e-06-solution(['CENPL','MIS18A','HJURP']).
2.8603690752995e-06-solution(['FGA','F13B','FGG']).
3.21907098286143e-06-solution(['GLP1R','POMC','HSD3B2']).
3.31028565052582e-06-solution(['IGFBP3','KLK3','IGF2']).
3.49939904038883e-06-solution(['TP53','KLK3','IGF2']).
3.81265260232794e-06-solution(['DRD5','POMC','HSD3B2']).
4.82220168030767e-06-solution(['PGR','KLK3','IGFBP3']).
4.82220168030767e-06-solution(['SP3','KLK3','IGFBP3']).
5.38617982567396e-06-solution(['PERP','DSC1','FLG']).
5.44722864133196e-06-solution(['IGF2','KLK3','IGFBP3']).
6.08544182516268e-06-solution(['TP53','KLK3','IGFBP3']).
