gene_patient_probability_file('new_data/CADD_aggr.pl').
gene_function_file('new_data/coverage_aggr.pl').
network_file('new_data/network.pl').
threshold(1.0e-06).
pattern_quality_metric_threshold(0.67).
mcda(weighted_sum,[0.0,0]).
experiment_query(solution_3_genes(mcda(weighted_sum,[alpha(0.0),beta(0)]),0.67,_131106)).
9.86413487735135e-09-solution(['ATM','TP53','EGFR']).
9.86413487735135e-09-solution(['BRIP1','TP53','EGFR']).
9.86413487735135e-09-solution(['TOP3A','TP53','EGFR']).
9.86413487735135e-09-solution(['TRRAP','TP53','EGFR']).
9.86413487735135e-09-solution(['TSC2','TP53','EGFR']).
1.0209491992386e-08-solution(['TAF1L','TP53','EGFR']).
1.19233270875106e-08-solution(['AAK1','HSPA8','EGFR']).
1.19233270875106e-08-solution(['POLR2B','HSPA8','EGFR']).
1.19233270875106e-08-solution(['SYT9','HSPA8','EGFR']).
1.2284112235192e-08-solution(['APOB','HSPA8','EGFR']).
2.0108858873546e-08-solution(['IL6ST','GAB2','EGFR']).
2.34362471527539e-08-solution(['NABP1','POLR2B','ERCC2']).
2.41453990386365e-08-solution(['CDK12','POLR2B','ERCC2']).
2.41453990386365e-08-solution(['HSPA8','POLR2B','ERCC2']).
2.42627759025067e-08-solution(['KMT2D','POLR2B','ERCC2']).
2.42627759025067e-08-solution(['TAF1L','POLR2B','ERCC2']).
2.47881764891278e-08-solution(['PI4KA','PLCB4','EGFR']).
2.73572685297897e-08-solution(['NPHP1','TUBB4A','DYNC1H1']).
3.92426955252714e-08-solution(['SYT9','AAK1','EGFR']).
4.04671824740909e-08-solution(['APOB','AAK1','EGFR']).
4.04671824740909e-08-solution(['HSPA8','AAK1','EGFR']).
5.19349215405099e-08-solution(['TUBB4A','NPHP1','DYNC1H1']).
7.50074701677938e-08-solution(['AAK1','EGFR','DCN']).
7.50074701677938e-08-solution(['GAB2','EGFR','DCN']).
7.50074701677938e-08-solution(['PLCB4','EGFR','DCN']).
7.73479227553407e-08-solution(['HSPA8','EGFR','DCN']).
7.74909661416879e-08-solution(['DSEL','DCN','EGFR']).
7.79128595868175e-08-solution(['TP53','EGFR','DCN']).
2.14012932635194e-07-solution(['POLR2B','TAF1L','ERCC2']).
2.15389792045581e-07-solution(['POLR2B','CDK12','ERCC2']).
2.21777965466143e-07-solution(['TP53','TAF1L','ERCC2']).
2.29454024163121e-07-solution(['ACTG1','ITGAM','FGA']).
2.29454024163121e-07-solution(['COL1A2','ITGAM','FGA']).
2.29454024163121e-07-solution(['COL4A5','ITGAM','FGA']).
2.29454024163121e-07-solution(['MMP9','ITGAM','FGA']).
2.36613661241591e-07-solution(['APOB','ITGAM','FGA']).
2.36613661241591e-07-solution(['COL11A1','ITGAM','FGA']).
2.87912046530036e-07-solution(['PCDH10','PCDHA1','FAT2']).
2.87912046530036e-07-solution(['PCDHA5','PCDHA1','FAT2']).
2.87912046530036e-07-solution(['PCDHA9','PCDHA1','FAT2']).
2.87912046530036e-07-solution(['PCDHB7','PCDHA1','FAT2']).
2.94305194858439e-07-solution(['PCDH10','PCDHA5','FAT2']).
2.94305194858439e-07-solution(['PCDH10','PCDHA9','FAT2']).
2.94305194858439e-07-solution(['PCDH10','PCDHB7','FAT2']).
2.94305194858439e-07-solution(['PCDHA5','PCDH10','FAT2']).
2.94305194858439e-07-solution(['PCDHA5','PCDHA9','FAT2']).
2.94305194858439e-07-solution(['PCDHA5','PCDHB7','FAT2']).
2.94305194858439e-07-solution(['PCDHA9','PCDH10','FAT2']).
2.94305194858439e-07-solution(['PCDHA9','PCDHA5','FAT2']).
2.94305194858439e-07-solution(['PCDHA9','PCDHB7','FAT2']).
2.94305194858439e-07-solution(['PCDHB7','PCDH10','FAT2']).
2.94305194858439e-07-solution(['PCDHB7','PCDHA5','FAT2']).
2.94305194858439e-07-solution(['PCDHB7','PCDHA9','FAT2']).
2.96368041414957e-07-solution(['PCDHA12','PCDHA1','FAT2']).
3.03210506472478e-07-solution(['PCDHA1','PCDH10','FAT2']).
3.03210506472478e-07-solution(['PCDHA1','PCDHA5','FAT2']).
3.03210506472478e-07-solution(['PCDHA1','PCDHA9','FAT2']).
3.03210506472478e-07-solution(['PCDHA1','PCDHB7','FAT2']).
3.03210506472478e-07-solution(['PCDHA12','PCDH10','FAT2']).
3.03210506472478e-07-solution(['PCDHA12','PCDHA5','FAT2']).
3.03210506472478e-07-solution(['PCDHA12','PCDHA9','FAT2']).
3.03210506472478e-07-solution(['PCDHA12','PCDHB7','FAT2']).
3.0383444626305e-07-solution(['PCDH10','PCDHA12','FAT2']).
3.0383444626305e-07-solution(['PCDHA5','PCDHA12','FAT2']).
3.0383444626305e-07-solution(['PCDHA9','PCDHA12','FAT2']).
3.0383444626305e-07-solution(['PCDHB7','PCDHA12','FAT2']).
3.12758083027916e-07-solution(['PCDHA1','PCDHA12','FAT2']).
3.7006061592889e-07-solution(['ACTG1','MMP9','EPHB1']).
3.7006061592889e-07-solution(['ITGAM','MMP9','EPHB1']).
3.89404043305915e-06-solution(['EGFR','DCN','DSEL']).
