gene_patient_probability_file('new_data/CADD_aggr.pl').
gene_function_file('new_data/coverage_corrected_aggr.pl').
network_file('new_data/network.pl').
threshold(1.0e-06).
pattern_quality_metric_threshold(0.67).
mcda(weighted_sum,[0.0,0]).
experiment_query(solution_3_genes(mcda(weighted_sum,[alpha(0.0),beta(0)]),0.67,_131106)).
1.04541712065423e-08-solution(['RPS6KB2','SP1','POLR2B']).
1.05438552603588e-08-solution(['FOXA1','SP1','POLR2B']).
1.0741160178755e-08-solution(['MMP9','SP1','POLR2B']).
1.09115598810064e-08-solution(['HSPA8','SP1','POLR2B']).
1.09444440340724e-08-solution(['TP53','SP1','POLR2B']).
1.20643329332598e-08-solution(['EPN1','HSPA8','POLR2B']).
1.20643329332598e-08-solution(['HIP1R','HSPA8','POLR2B']).
1.20643329332598e-08-solution(['SIRT1','HSPA8','POLR2B']).
1.20643329332598e-08-solution(['SNRNP200','HSPA8','POLR2B']).
1.20643329332598e-08-solution(['SP1','HSPA8','POLR2B']).
1.20643329332598e-08-solution(['SRSF4','HSPA8','POLR2B']).
1.25700433274485e-08-solution(['DDX23','HSPA8','POLR2B']).
1.25700433274485e-08-solution(['LDLRAP1','HSPA8','POLR2B']).
1.28873518100767e-08-solution(['HGS','HSPA8','POLR2B']).
1.28873518100767e-08-solution(['YBX1','HSPA8','POLR2B']).
1.31782179191526e-08-solution(['PLRG1','HSPA8','POLR2B']).
1.33434827538548e-08-solution(['APOB','HSPA8','POLR2B']).
1.33434827538548e-08-solution(['SNRPA1','HSPA8','POLR2B']).
1.34690840282284e-08-solution(['SNRPB2','HSPA8','POLR2B']).
1.3591380005908e-08-solution(['GPKOW','HSPA8','POLR2B']).
1.3591380005908e-08-solution(['GPR37L1','HSPA8','POLR2B']).
1.39450467521707e-08-solution(['HNRNPA1','HSPA8','POLR2B']).
1.42458287513287e-08-solution(['SRSF1','HSPA8','POLR2B']).
1.42755764215751e-08-solution(['CD3D','HSPA8','POLR2B']).
1.43515982455381e-08-solution(['U2AF1L4','HSPA8','POLR2B']).
1.90762001664075e-08-solution(['NUP54','SRSF1','POLR2B']).
1.90762001664075e-08-solution(['POM121C','SRSF1','POLR2B']).
1.90762001664075e-08-solution(['SNRNP200','SRSF1','POLR2B']).
1.90762001664075e-08-solution(['SRSF4','SRSF1','POLR2B']).
1.90814086616403e-08-solution(['HNRNPA1','SRSF4','POLR2B']).
1.95779508944711e-08-solution(['SRSF1','SRSF4','POLR2B']).
1.97525591521699e-08-solution(['U2AF1L4','SRSF4','POLR2B']).
1.98884722375099e-08-solution(['NUP54','U2AF1L4','POLR2B']).
1.98884722375099e-08-solution(['POM121C','U2AF1L4','POLR2B']).
1.98884722375099e-08-solution(['SNRNP200','U2AF1L4','POLR2B']).
1.98884722375099e-08-solution(['SRSF4','U2AF1L4','POLR2B']).
1.98896501735034e-08-solution(['DDX23','SRSF1','POLR2B']).
1.98896501735034e-08-solution(['NUP43','SRSF1','POLR2B']).
1.99162543937624e-08-solution(['HSPA8','SRSF4','POLR2B']).
1.99330314015191e-08-solution(['MED12','HDAC3','POLR2B']).
2.01329019060872e-08-solution(['E2F1','HDAC3','POLR2B']).
2.03219685995976e-08-solution(['KMT2D','HDAC3','POLR2B']).
2.04000501779558e-08-solution(['YBX1','SRSF1','POLR2B']).
2.07290623624654e-08-solution(['DDX23','U2AF1L4','POLR2B']).
2.07290623624654e-08-solution(['NUP43','U2AF1L4','POLR2B']).
2.08679168487038e-08-solution(['PLRG1','SRSF1','POLR2B']).
2.09855841998025e-08-solution(['YBX1','POLR2B','PLRG1']).
2.11337501843561e-08-solution(['NXF1','SRSF1','POLR2B']).
2.11337501843561e-08-solution(['SNRPA1','SRSF1','POLR2B']).
2.12294887284472e-08-solution(['NR1D1','HDAC3','POLR2B']).
2.12564914604767e-08-solution(['YBX1','U2AF1L4','POLR2B']).
2.13357835194518e-08-solution(['DDX39B','SRSF1','POLR2B']).
2.13357835194518e-08-solution(['SNRPB2','SRSF1','POLR2B']).
2.1476271352086e-08-solution(['PLRG1','YBX1','POLR2B']).
2.15049859104194e-08-solution(['MED11','HDAC3','POLR2B']).
2.15111196037816e-08-solution(['HDAC3','POLR2B','PLRG1']).
2.15325001878345e-08-solution(['DDX39A','SRSF1','POLR2B']).
2.15325001878345e-08-solution(['E2F1','SRSF1','POLR2B']).
2.15325001878345e-08-solution(['GPKOW','SRSF1','POLR2B']).
2.15968183044102e-08-solution(['TP53','HDAC3','POLR2B']).
2.17399681336538e-08-solution(['PLRG1','U2AF1L4','POLR2B']).
2.17818529023433e-08-solution(['SNRPA1','YBX1','POLR2B']).
2.18097192651334e-08-solution(['SNRPA1','POLR2B','PLRG1']).
2.20140948805389e-08-solution(['SNRPB2','YBX1','POLR2B']).
2.2014670788868e-08-solution(['NXF1','U2AF1L4','POLR2B']).
2.2014670788868e-08-solution(['SNRPA1','U2AF1L4','POLR2B']).
2.20366550077607e-08-solution(['SNRPB2','POLR2B','PLRG1']).
2.20366550077607e-08-solution(['TAF6','POLR2B','PLRG1']).
2.21013835261304e-08-solution(['HNRNPA1','SRSF1','POLR2B']).
2.22234448068308e-08-solution(['DDX39B','U2AF1L4','POLR2B']).
2.22234448068308e-08-solution(['SNRPB2','U2AF1L4','POLR2B']).
2.22402252277294e-08-solution(['GPKOW','YBX1','POLR2B']).
2.2257618757161e-08-solution(['GPKOW','POLR2B','PLRG1']).
2.24267247716893e-08-solution(['DDX39A','U2AF1L4','POLR2B']).
2.24267247716893e-08-solution(['GPKOW','U2AF1L4','POLR2B']).
2.24666385201073e-08-solution(['KMT2D','POLR2B','PLRG1']).
2.24666385201073e-08-solution(['NABP1','POLR2B','PLRG1']).
2.2755333531835e-08-solution(['U2AF1L4','SRSF1','POLR2B']).
2.28941697452801e-08-solution(['HNRNPA1','YBX1','POLR2B']).
2.28966220324538e-08-solution(['ERCC2','POLR2B','PLRG1']).
2.28966220324538e-08-solution(['HNRNPA1','POLR2B','PLRG1']).
2.29148335332263e-08-solution(['HSPA8','SRSF1','POLR2B']).
2.30145884538478e-08-solution(['HNRNPA1','U2AF1L4','POLR2B']).
2.3133091369772e-08-solution(['GAD1','HSPA8','PLRG1']).
2.3133091369772e-08-solution(['OCRL','HSPA8','PLRG1']).
2.3133091369772e-08-solution(['SF3B3','HSPA8','PLRG1']).
2.31620760395868e-08-solution(['HNRNPA1','SNRNP200','POLR2B']).
2.34363968193868e-08-solution(['SNRPB2','DDX23','POLR2B']).
2.3440073416114e-08-solution(['SRSF1','POLR2B','PLRG1']).
2.34503281667484e-08-solution(['SRSF1','YBX1','POLR2B']).
2.35145472863377e-08-solution(['SRSF1','U2AF1L4','POLR2B']).
2.36311771993792e-08-solution(['U2AF1L4','POLR2B','PLRG1']).
2.36459003589131e-08-solution(['U2AF1L4','YBX1','POLR2B']).
2.36584500920284e-08-solution(['SNRNP200','HNRNPA1','POLR2B']).
2.36584500920284e-08-solution(['SRSF4','HNRNPA1','POLR2B']).
2.36837290162828e-08-solution(['GPKOW','DDX23','POLR2B']).
2.37648066428474e-08-solution(['SRSF1','SNRNP200','POLR2B']).
2.38103369961902e-08-solution(['HSPA8','POLR2B','PLRG1']).
2.38292492890675e-08-solution(['HSPA8','YBX1','POLR2B']).
2.38551785788033e-08-solution(['HSPA8','U2AF1L4','POLR2B']).
2.38581129420065e-08-solution(['TAF1L','POLR2B','PLRG1']).
2.3976755865972e-08-solution(['U2AF1L4','SNRNP200','POLR2B']).
2.41754582626513e-08-solution(['HSPA8','SNRNP200','POLR2B']).
2.43312129300154e-08-solution(['DDX23','SNRPB2','POLR2B']).
2.43989869910901e-08-solution(['HNRNPA1','DDX23','POLR2B']).
2.44846315147984e-08-solution(['YBX1','PLRG1','POLR2B']).
2.45753040486855e-08-solution(['EPN1','HSPA8','PLRG1']).
2.45753040486855e-08-solution(['HIP1R','HSPA8','PLRG1']).
2.45753040486855e-08-solution(['SIRT1','HSPA8','PLRG1']).
2.45753040486855e-08-solution(['SNRNP200','HSPA8','PLRG1']).
2.45753040486855e-08-solution(['SP1','HSPA8','PLRG1']).
2.45753040486855e-08-solution(['SRSF4','HSPA8','PLRG1']).
2.46935495670299e-08-solution(['DDX23','HNRNPA1','POLR2B']).
2.47178737303591e-08-solution(['YBX1','SNRPA1','POLR2B']).
2.49974412361425e-08-solution(['YBX1','SNRPB2','POLR2B']).
2.50072905023748e-08-solution(['SRSF1','DDX23','POLR2B']).
2.50170656349933e-08-solution(['DDX23','GPKOW','POLR2B']).
2.52011210653294e-08-solution(['CDK12','ERCC2','POLR2B']).
2.52011210653294e-08-solution(['SUPT16H','ERCC2','POLR2B']).
2.52211994294199e-08-solution(['U2AF1L4','DDX23','POLR2B']).
2.53281916002446e-08-solution(['PLRG1','SNRPA1','POLR2B']).
2.5343023747423e-08-solution(['YBX1','HNRNPA1','POLR2B']).
2.54217390485248e-08-solution(['HSPA8','DDX23','POLR2B']).
2.54461793659772e-08-solution(['SNRPA1','PLRG1','POLR2B']).
2.55560086703466e-08-solution(['DDX23','HSPA8','PLRG1']).
2.55560086703466e-08-solution(['LDLRAP1','HSPA8','PLRG1']).
2.55560086703466e-08-solution(['POLR2B','HSPA8','PLRG1']).
2.5608150516759e-08-solution(['PLRG1','SNRPB2','POLR2B']).
2.56949200806494e-08-solution(['YBX1','GPKOW','POLR2B']).
2.5710953411954e-08-solution(['SNRPB2','PLRG1','POLR2B']).
2.59383750794501e-08-solution(['PLRG1','HNRNPA1','POLR2B']).
2.593850947013e-08-solution(['SNRPB2','SNRPA1','POLR2B']).
2.59551444262001e-08-solution(['SNRPA1','SNRPB2','POLR2B']).
2.59687597198787e-08-solution(['GPKOW','PLRG1','POLR2B']).
2.61713527466831e-08-solution(['HGS','HSPA8','PLRG1']).
2.61713527466831e-08-solution(['YBX1','HSPA8','PLRG1']).
2.61951203926954e-08-solution(['GPKOW','SNRPA1','POLR2B']).
2.62766428817381e-08-solution(['SNRPA1','HNRNPA1','POLR2B']).
2.63162866558341e-08-solution(['PLRG1','GPKOW','POLR2B']).
2.64756352903619e-08-solution(['GPKOW','SNRPB2','POLR2B']).
2.65337264114771e-08-solution(['SNRPB2','HNRNPA1','POLR2B']).
2.66693358462799e-08-solution(['SNRPA1','GPKOW','POLR2B']).
2.67143076914448e-08-solution(['HNRNPA1','PLRG1','POLR2B']).
2.67840445851703e-08-solution(['GPKOW','HNRNPA1','POLR2B']).
2.69372114390334e-08-solution(['HNRNPA1','SNRPA1','POLR2B']).
2.69376532310188e-08-solution(['SNRPB2','GPKOW','POLR2B']).
2.70559098564166e-08-solution(['APOB','HSPA8','PLRG1']).
2.70559098564166e-08-solution(['SNRPA1','HSPA8','PLRG1']).
2.7218202256566e-08-solution(['HNRNPA1','SNRPB2','POLR2B']).
2.72994835532998e-08-solution(['SNRPB2','HSPA8','PLRG1']).
2.73483718541787e-08-solution(['SRSF1','PLRG1','POLR2B']).
2.75366474160545e-08-solution(['GPKOW','HSPA8','PLRG1']).
2.75366474160545e-08-solution(['GPR37L1','HSPA8','PLRG1']).
2.75683355999376e-08-solution(['SRSF1','SNRPA1','POLR2B']).
2.75713394718433e-08-solution(['U2AF1L4','PLRG1','POLR2B']).
2.77803716134039e-08-solution(['HSPA8','PLRG1','POLR2B']).
2.7790269370805e-08-solution(['U2AF1L4','SNRPA1','POLR2B']).
2.7849731171749e-08-solution(['SRSF1','SNRPB2','POLR2B']).
2.79544348995028e-08-solution(['HNRNPA1','GPKOW','POLR2B']).
2.79983322809932e-08-solution(['HSPA8','SNRPA1','POLR2B']).
2.80718072737913e-08-solution(['U2AF1L4','SNRPB2','POLR2B']).
2.81235850822311e-08-solution(['SRSF1','HNRNPA1','POLR2B']).
2.82224996678044e-08-solution(['HNRNPA1','HSPA8','PLRG1']).
2.8263882418708e-08-solution(['TAF6','ERCC2','POLR2B']).
2.8280003619456e-08-solution(['HSPA8','SNRPB2','POLR2B']).
2.83400764756954e-08-solution(['U2AF1L4','HNRNPA1','POLR2B']).
2.85430371570683e-08-solution(['HSPA8','HNRNPA1','POLR2B']).
2.85969844261143e-08-solution(['SRSF1','GPKOW','POLR2B']).
2.88057945734983e-08-solution(['SRSF1','HSPA8','PLRG1']).
2.88229359079996e-08-solution(['U2AF1L4','GPKOW','POLR2B']).
2.88634830806549e-08-solution(['CD3D','HSPA8','PLRG1']).
2.90109092656105e-08-solution(['U2AF1L4','HSPA8','PLRG1']).
2.90347654222672e-08-solution(['HSPA8','GPKOW','POLR2B']).
3.04618640958385e-08-solution(['TAF1L','ERCC2','POLR2B']).
3.66066376324765e-08-solution(['SF3B3','SRSF1','PLRG1']).
3.66066376324765e-08-solution(['TPR','SRSF1','PLRG1']).
3.66066376324765e-08-solution(['ZC3H11A','SRSF1','PLRG1']).
3.71374128535501e-08-solution(['NXF1','SRSF4','PLRG1']).
3.71374128535501e-08-solution(['SNRPA1','SRSF4','PLRG1']).
3.75407342849405e-08-solution(['DDX39B','SRSF4','PLRG1']).
3.75407342849405e-08-solution(['SNRPB2','SRSF4','PLRG1']).
3.79334419944522e-08-solution(['DDX39A','SRSF4','PLRG1']).
3.79334419944522e-08-solution(['GPKOW','SRSF4','PLRG1']).
3.81648519556363e-08-solution(['SF3B3','U2AF1L4','PLRG1']).
3.81648519556363e-08-solution(['TPR','U2AF1L4','PLRG1']).
3.81648519556363e-08-solution(['ZC3H11A','U2AF1L4','PLRG1']).
3.89287389765157e-08-solution(['NUP54','SRSF1','PLRG1']).
3.89287389765157e-08-solution(['POM121C','SRSF1','PLRG1']).
3.89287389765157e-08-solution(['SNRNP200','SRSF1','PLRG1']).
3.89287389765157e-08-solution(['SRSF4','SRSF1','PLRG1']).
3.90691102354724e-08-solution(['HNRNPA1','SRSF4','PLRG1']).
4.00349589264336e-08-solution(['SRSF1','SRSF4','PLRG1']).
4.03745980265518e-08-solution(['U2AF1L4','SRSF4','PLRG1']).
4.05077678904624e-08-solution(['DDX23','SRSF1','PLRG1']).
4.05077678904624e-08-solution(['NUP43','SRSF1','PLRG1']).
4.05077678904624e-08-solution(['POLR2B','SRSF1','PLRG1']).
4.05641511146243e-08-solution(['NUP54','U2AF1L4','PLRG1']).
4.05641511146243e-08-solution(['POM121C','U2AF1L4','PLRG1']).
4.05641511146243e-08-solution(['SNRNP200','U2AF1L4','PLRG1']).
4.05641511146243e-08-solution(['SRSF4','U2AF1L4','PLRG1']).
4.06930096829126e-08-solution(['HSPA8','SRSF4','PLRG1']).
4.14985311305858e-08-solution(['YBX1','SRSF1','PLRG1']).
4.16878044273494e-08-solution(['DDX23','YBX1','PLRG1']).
4.16878044273494e-08-solution(['POLR2B','YBX1','PLRG1']).
4.21956745427362e-08-solution(['DDX23','U2AF1L4','PLRG1']).
4.21956745427362e-08-solution(['NUP43','U2AF1L4','PLRG1']).
4.21956745427362e-08-solution(['POLR2B','U2AF1L4','PLRG1']).
4.29227532882632e-08-solution(['NXF1','SRSF1','PLRG1']).
4.29227532882632e-08-solution(['SNRPA1','SRSF1','PLRG1']).
4.32193755172377e-08-solution(['YBX1','U2AF1L4','PLRG1']).
4.33149304041454e-08-solution(['DDX39B','SRSF1','PLRG1']).
4.33149304041454e-08-solution(['SNRPB2','SRSF1','PLRG1']).
4.36967870696096e-08-solution(['DDX39A','SRSF1','PLRG1']).
4.36967870696096e-08-solution(['E2F1','SRSF1','PLRG1']).
4.36967870696096e-08-solution(['GPKOW','SRSF1','PLRG1']).
4.44638278297398e-08-solution(['SNRPA1','YBX1','PLRG1']).
4.46909456680837e-08-solution(['NXF1','U2AF1L4','PLRG1']).
4.46909456680837e-08-solution(['SNRPA1','U2AF1L4','PLRG1']).
4.48010752643305e-08-solution(['HNRNPA1','SRSF1','PLRG1']).
4.49146350489314e-08-solution(['SNRPB2','YBX1','PLRG1']).
4.50347454793219e-08-solution(['SNRPA1','SNRNP200','PLRG1']).
4.50961606371573e-08-solution(['DDX39B','U2AF1L4','PLRG1']).
4.50961606371573e-08-solution(['SNRPB2','U2AF1L4','PLRG1']).
4.52210215371194e-08-solution(['IFI16','TP53','PIAS3']).
4.52210215371194e-08-solution(['NOS2','TP53','PIAS3']).
4.52210215371194e-08-solution(['RBL2','TP53','PIAS3']).
4.52210215371194e-08-solution(['SMYD2','TP53','PIAS3']).
4.52210215371194e-08-solution(['TFDP1','TP53','PIAS3']).
4.53535789202495e-08-solution(['GPKOW','YBX1','PLRG1']).
4.54907120544131e-08-solution(['DDX39A','U2AF1L4','PLRG1']).
4.54907120544131e-08-solution(['GPKOW','U2AF1L4','PLRG1']).
4.55238338840702e-08-solution(['SNRPB2','SNRNP200','PLRG1']).
4.56214878978512e-08-solution(['YBX1','DDX23','PLRG1']).
4.60000515413251e-08-solution(['GPKOW','SNRNP200','PLRG1']).
4.60704906657386e-08-solution(['U2AF1L4','SRSF1','PLRG1']).
4.61823704488643e-08-solution(['SRSF1','SF3B3','PLRG1']).
4.63801041782772e-08-solution(['HSPA8','SRSF1','PLRG1']).
4.65990143322484e-08-solution(['U2AF1L4','SF3B3','PLRG1']).
4.66229571427101e-08-solution(['HNRNPA1','YBX1','PLRG1']).
4.66317120989096e-08-solution(['HNRNPA1','U2AF1L4','PLRG1']).
4.69896179729211e-08-solution(['HSPA8','SF3B3','PLRG1']).
4.71066849986018e-08-solution(['SNRNP200','SNRPA1','PLRG1']).
4.71066849986018e-08-solution(['SRSF4','SNRPA1','PLRG1']).
4.73772215231163e-08-solution(['HNRNPA1','SNRNP200','PLRG1']).
4.74131114977099e-08-solution(['SNRPA1','DDX23','PLRG1']).
4.76020953143225e-08-solution(['SRSF1','U2AF1L4','PLRG1']).
4.76447084487415e-08-solution(['SNRNP200','SNRPB2','PLRG1']).
4.76447084487415e-08-solution(['SRSF4','SNRPB2','PLRG1']).
4.77025217991952e-08-solution(['SRSF1','YBX1','PLRG1']).
4.79064571266565e-08-solution(['SNRPB2','DDX23','PLRG1']).
4.79379053410852e-08-solution(['CEBPZ','TP53','PIAS3']).
4.79379053410852e-08-solution(['SIRT1','TP53','PIAS3']).
4.79379053410852e-08-solution(['SP1','TP53','PIAS3']).
4.79379053410852e-08-solution(['SUPT16H','TP53','PIAS3']).
4.79379053410852e-08-solution(['UBN1','TP53','PIAS3']).
4.8082148931146e-08-solution(['U2AF1L4','YBX1','PLRG1']).
4.82632355270215e-08-solution(['HSPA8','U2AF1L4','PLRG1']).
4.83214157622469e-08-solution(['SNRNP200','HNRNPA1','PLRG1']).
4.83214157622469e-08-solution(['SRSF4','HNRNPA1','PLRG1']).
4.83868199758939e-08-solution(['GPKOW','DDX23','PLRG1']).
4.84380493673499e-08-solution(['HSPA8','YBX1','PLRG1']).
4.85484595450135e-08-solution(['SRSF1','SNRNP200','PLRG1']).
4.89603234648016e-08-solution(['U2AF1L4','SNRNP200','PLRG1']).
4.89815927967516e-08-solution(['SNRNP200','GPKOW','PLRG1']).
4.89815927967516e-08-solution(['SRSF4','GPKOW','PLRG1']).
4.91665086067144e-08-solution(['DDX23','SNRPA1','PLRG1']).
4.91665086067144e-08-solution(['POLR2B','SNRPA1','PLRG1']).
4.93464458896028e-08-solution(['HSPA8','SNRNP200','PLRG1']).
4.96811986884005e-08-solution(['NABP1','TAF6','POLR2B']).
4.97056754808754e-08-solution(['DDX23','SNRPB2','PLRG1']).
4.97056754808754e-08-solution(['POLR2B','SNRPB2','PLRG1']).
4.97759774047699e-08-solution(['HNRNPA1','DDX23','PLRG1']).
4.9785386327782e-08-solution(['AKT1','TP53','PIAS3']).
4.9785386327782e-08-solution(['P2RX4','TP53','PIAS3']).
4.9785386327782e-08-solution(['PSMC2','TP53','PIAS3']).
4.9785386327782e-08-solution(['RMI1','TP53','PIAS3']).
4.9785386327782e-08-solution(['TOP3A','TP53','PIAS3']).
4.9785386327782e-08-solution(['TYRP1','TP53','PIAS3']).
5.03298853660567e-08-solution(['DDX23','HNRNPA1','PLRG1']).
5.03298853660567e-08-solution(['POLR2B','HNRNPA1','PLRG1']).
5.04589469490596e-08-solution(['YBX1','SNRPA1','PLRG1']).
5.06103016249109e-08-solution(['ERCC2','TAF6','POLR2B']).
5.09445900841407e-08-solution(['P2RX1','TP53','PIAS3']).
5.09445900841407e-08-solution(['PERP','TP53','PIAS3']).
5.09445900841407e-08-solution(['PSMC1','TP53','PIAS3']).
5.09445900841407e-08-solution(['TSC2','TP53','PIAS3']).
5.09574103582999e-08-solution(['SRSF1','DDX23','PLRG1']).
5.09988312657437e-08-solution(['YBX1','SNRPB2','PLRG1']).
5.10784544917441e-08-solution(['DDX23','GPKOW','PLRG1']).
5.10784544917441e-08-solution(['POLR2B','GPKOW','PLRG1']).
5.13728593089918e-08-solution(['U2AF1L4','DDX23','PLRG1']).
5.1590101588055e-08-solution(['YBX1','HNRNPA1','PLRG1']).
5.17623427002654e-08-solution(['HSPA8','DDX23','PLRG1']).
5.20071935274695e-08-solution(['HDAC3','TP53','PIAS3']).
5.20071935274695e-08-solution(['TYMS','TP53','PIAS3']).
5.23941324180138e-08-solution(['YBX1','GPKOW','PLRG1']).
5.26109454839064e-08-solution(['PSMD6','TP53','PIAS3']).
5.26878790246076e-08-solution(['TAF1L','TAF6','POLR2B']).
5.27265916469622e-08-solution(['TP53','TAF6','POLR2B']).
5.28284172433591e-08-solution(['SNRPB2','SNRPA1','PLRG1']).
5.28577427064919e-08-solution(['SNRPA1','SNRPB2','PLRG1']).
5.30697969707984e-08-solution(['SSTR2','TP53','PIAS3']).
5.30697969707984e-08-solution(['TAF6','TP53','PIAS3']).
5.33265445211379e-08-solution(['GPKOW','SNRPA1','PLRG1']).
5.34016624071775e-08-solution(['SNRPA1','HNRNPA1','PLRG1']).
5.35165734185616e-08-solution(['E2F1','TP53','PIAS3']).
5.35165734185616e-08-solution(['LIG4','TP53','PIAS3']).
5.35165734185616e-08-solution(['PIDD1','TP53','PIAS3']).
5.35165734185616e-08-solution(['PSMD2','TP53','PIAS3']).
5.38680206634202e-08-solution(['GPKOW','SNRPB2','PLRG1']).
5.39004979950518e-08-solution(['SNRPB2','HNRNPA1','PLRG1']).
5.39391997880674e-08-solution(['IGFBP3','TP53','PIAS3']).
5.41203253749985e-08-solution(['CCNG1','TP53','PIAS3']).
5.42854194370266e-08-solution(['SNRPA1','GPKOW','PLRG1']).
5.43862063306137e-08-solution(['GPKOW','HNRNPA1','PLRG1']).
5.45671018227617e-08-solution(['CDKN1B','TP53','PIAS3']).
5.47670747568768e-08-solution(['HNRNPA1','SNRPA1','PLRG1']).
5.48062086161751e-08-solution(['SNRPB2','GPKOW','PLRG1']).
5.51708537791986e-08-solution(['FOXA1','TP53','PIAS3']).
5.53036792096147e-08-solution(['KLK3','TP53','PIAS3']).
5.5309350548638e-08-solution(['HNRNPA1','SNRPB2','PLRG1']).
5.56827109608934e-08-solution(['HDAC3','KMT2D','POLR2B']).
5.59921986022249e-08-solution(['SRSF1','SNRPA1','PLRG1']).
5.64230113830066e-08-solution(['U2AF1L4','SNRPA1','PLRG1']).
5.65351544697111e-08-solution(['SRSF1','SNRPB2','PLRG1']).
5.67526839050631e-08-solution(['TAF1L','TP53','PIAS3']).
5.67797255055797e-08-solution(['HNRNPA1','GPKOW','PLRG1']).
5.68268983649894e-08-solution(['HSPA8','SNRPA1','PLRG1']).
5.69662063980005e-08-solution(['U2AF1L4','SNRPB2','PLRG1']).
5.69854022884851e-08-solution(['SRSF1','HNRNPA1','PLRG1']).
5.73703175807719e-08-solution(['HSPA8','SNRPB2','PLRG1']).
5.74054743624846e-08-solution(['U2AF1L4','HNRNPA1','PLRG1']).
5.7799291931859e-08-solution(['HSPA8','HNRNPA1','PLRG1']).
5.80268785398563e-08-solution(['SRSF1','GPKOW','PLRG1']).
5.84654378486129e-08-solution(['U2AF1L4','GPKOW','PLRG1']).
5.88205989788917e-08-solution(['CDKN1B','KMT2D','POLR2B']).
5.88765872005722e-08-solution(['HSPA8','GPKOW','PLRG1']).
5.93034192356734e-08-solution(['HSPA8','SRSF4','POM121C']).
5.94132191759684e-08-solution(['DDX23','SRSF1','POM121C']).
5.94132191759684e-08-solution(['NUP43','SRSF1','POM121C']).
5.94132191759684e-08-solution(['POLR2B','SRSF1','POM121C']).
6.02209862309145e-08-solution(['ERCC2','SUPT16H','POLR2B']).
6.10028705251582e-08-solution(['YBX1','SRSF1','POM121C']).
6.19500142640837e-08-solution(['DDX23','U2AF1L4','POM121C']).
6.19500142640837e-08-solution(['NUP43','U2AF1L4','POM121C']).
6.19500142640837e-08-solution(['POLR2B','U2AF1L4','POM121C']).
6.19649098194112e-08-solution(['SRSF1','NUP43','POM121C']).
6.24600509285822e-08-solution(['PLRG1','SRSF1','POM121C']).
6.25175511555932e-08-solution(['U2AF1L4','NUP43','POM121C']).
6.28111418654399e-08-solution(['KIF2B','NUP43','POM121C']).
6.30451903321069e-08-solution(['TP53','SUPT16H','POLR2B']).
6.32879943396186e-08-solution(['NXF1','SRSF1','POM121C']).
6.32879943396186e-08-solution(['SNRPA1','SRSF1','POM121C']).
6.35928875705346e-08-solution(['YBX1','U2AF1L4','POM121C']).
6.39172313320062e-08-solution(['DDX39B','SRSF1','POM121C']).
6.39172313320062e-08-solution(['SNRPB2','SRSF1','POM121C']).
6.45299094561731e-08-solution(['DDX39A','SRSF1','POM121C']).
6.45299094561731e-08-solution(['E2F1','SRSF1','POM121C']).
6.45299094561731e-08-solution(['GPKOW','SRSF1','POM121C']).
6.50988547681145e-08-solution(['PLRG1','U2AF1L4','POM121C']).
6.59486345400149e-08-solution(['TAF6','NABP1','POLR2B']).
6.59545179485576e-08-solution(['NXF1','U2AF1L4','POM121C']).
6.59545179485576e-08-solution(['SNRPA1','U2AF1L4','POM121C']).
6.63017083557909e-08-solution(['HNRNPA1','SRSF1','POM121C']).
6.66048219656944e-08-solution(['DDX39B','U2AF1L4','POM121C']).
6.66048219656944e-08-solution(['SNRPB2','U2AF1L4','POM121C']).
6.72380127192224e-08-solution(['DDX39A','U2AF1L4','POM121C']).
6.72380127192224e-08-solution(['GPKOW','U2AF1L4','POM121C']).
6.83384491469403e-08-solution(['U2AF1L4','SRSF1','POM121C']).
6.88352151935621e-08-solution(['HSPA8','SRSF1','POM121C']).
6.90691319253707e-08-solution(['HNRNPA1','U2AF1L4','POM121C']).
7.06264389137772e-08-solution(['SRSF1','U2AF1L4','POM121C']).
7.16874612575267e-08-solution(['HSPA8','U2AF1L4','POM121C']).
7.46637576371576e-08-solution(['NEUROG3','PAX6','POLR2B']).
8.10261241692539e-08-solution(['ERCC2','POLR2B','PAX6']).
8.10261241692539e-08-solution(['HNRNPA1','POLR2B','PAX6']).
8.31346106717995e-08-solution(['SRSF1','POLR2B','PAX6']).
8.38760564748925e-08-solution(['U2AF1L4','POLR2B','PAX6']).
8.45711619152922e-08-solution(['HSPA8','POLR2B','PAX6']).
8.47565233660654e-08-solution(['TAF1L','POLR2B','PAX6']).
8.80418301178423e-08-solution(['CENPL','NUP43','PIAS3']).
9.38566165269801e-08-solution(['NXF1','NUP43','PIAS3']).
9.65874638038639e-08-solution(['ERCC2','CDK12','POLR2B']).
1.00640534004308e-07-solution(['SRSF1','NUP43','PIAS3']).
1.01435718470514e-07-solution(['U2AF1L4','NUP43','PIAS3']).
1.01858160218187e-07-solution(['KIF2B','NUP43','PIAS3']).
1.03901102874079e-07-solution(['CD79A','IGKV3-20','PIK3CB']).
1.04059783136057e-07-solution(['CD79A','IGLV1-47','PIK3CB']).
1.06026956641324e-07-solution(['IGHG4','IGKV3-20','PIK3CB']).
1.0617458537516e-07-solution(['IGHA1','IGKV3-20','PIK3CB']).
1.06185862700698e-07-solution(['IGHG4','IGLV1-47','PIK3CB']).
1.0633350711491e-07-solution(['IGHA1','IGLV1-47','PIK3CB']).
1.08182336155335e-07-solution(['IGLV1-47','IGKV3-20','PIK3CB']).
1.08193826733971e-07-solution(['IGKV3-20','IGLV1-47','PIK3CB']).
1.12550219346406e-07-solution(['TAF6','TAF1L','POLR2B']).
1.16519661321885e-07-solution(['ERCC2','TAF1L','POLR2B']).
1.21040414682848e-07-solution(['TP53','TAF1L','POLR2B']).
1.33410556327527e-07-solution(['IGKV3-20','IGHG4','PIK3CB']).
1.33596313158949e-07-solution(['IGLV1-47','IGHG4','PIK3CB']).
1.34164117839038e-07-solution(['SRSF1','TPR','PIAS3']).
1.35333304051143e-07-solution(['U2AF1L4','TPR','PIAS3']).
1.36073290167101e-07-solution(['NXF1','NUP54','PIAS3']).
1.36990172103404e-07-solution(['NXF1','POM121C','PIAS3']).
1.46323844310484e-07-solution(['SRSF1','NUP54','PIAS3']).
1.473097959953e-07-solution(['SRSF1','POM121C','PIAS3']).
1.47525374466485e-07-solution(['U2AF1L4','NUP54','PIAS3']).
1.48519422239039e-07-solution(['U2AF1L4','POM121C','PIAS3']).
1.52665454883262e-07-solution(['MAD2L2','FOXA1','PGR']).
1.54855148728403e-07-solution(['APOB','FOXA1','PGR']).
1.54855148728403e-07-solution(['ZNF460','FOXA1','PGR']).
1.59605142041939e-07-solution(['JAK3','IL6ST','PIAS3']).
1.64261440334724e-07-solution(['DDX39B','NXF1','POM121C']).
1.65955801442163e-07-solution(['DDX39A','NXF1','POM121C']).
1.66504319984556e-07-solution(['IRF2BPL','FOXA1','PGR']).
1.67029846507389e-07-solution(['NR1D1','FOXA1','PGR']).
1.70007830136782e-07-solution(['TP53','FOXA1','PGR']).
1.73157763336514e-07-solution(['IL11RA','IL6ST','PIAS3']).
1.75022923044136e-07-solution(['SRSF1','NXF1','POM121C']).
1.76488316434354e-07-solution(['U2AF1L4','NXF1','POM121C']).
1.787279345482e-07-solution(['IL24','IL6ST','PIAS3']).
1.84780561534127e-07-solution(['GH1','IL6ST','PIAS3']).
1.86431100055988e-07-solution(['PCDHB8','CTNNAL1','PCDHB7']).
1.88816628681151e-07-solution(['PCDHB7','CTNNAL1','PCDHB8']).
1.94667075004026e-07-solution(['IL6ST','PIAS3','POM121C']).
2.00205683204224e-07-solution(['PCDHB8','PCDHA1','PCDHB7']).
2.0278014522436e-07-solution(['PCDHB7','PCDHA1','PCDHB8']).
2.10838160500726e-07-solution(['PCDHB8','PCDHA5','PCDHB7']).
2.10838160500726e-07-solution(['PCDHB8','PCDHA8','PCDHB7']).
2.10838160500726e-07-solution(['PCDHB8','PCDHA9','PCDHB7']).
2.10838160500726e-07-solution(['PCDHB8','PCDHGA1','PCDHB7']).
2.10838160500726e-07-solution(['PCDHB8','PCDHGA11','PCDHB7']).
2.10838160500726e-07-solution(['PCDHB8','PCDHGA2','PCDHB7']).
2.10838160500726e-07-solution(['PCDHB8','PCDHGA3','PCDHB7']).
2.13537125254941e-07-solution(['PCDHB7','PCDHA5','PCDHB8']).
2.13537125254941e-07-solution(['PCDHB7','PCDHA8','PCDHB8']).
2.13537125254941e-07-solution(['PCDHB7','PCDHA9','PCDHB8']).
2.13537125254941e-07-solution(['PCDHB7','PCDHGA1','PCDHB8']).
2.13537125254941e-07-solution(['PCDHB7','PCDHGA11','PCDHB8']).
2.13537125254941e-07-solution(['PCDHB7','PCDHGA2','PCDHB8']).
2.13537125254941e-07-solution(['PCDHB7','PCDHGA3','PCDHB8']).
2.16212584065449e-07-solution(['FAT2','PCDHA12','PCDHB7']).
2.16212584065449e-07-solution(['FAT2','PCDHAC2','PCDHB7']).
2.17513797487005e-07-solution(['FAT2','PCDHA12','PCDHB8']).
2.17513797487005e-07-solution(['FAT2','PCDHAC2','PCDHB8']).
2.1869037959049e-07-solution(['CTNNAL1','PCDHB8','PCDHB7']).
2.1869037959049e-07-solution(['PCDHA1','PCDHB8','PCDHB7']).
2.1869037959049e-07-solution(['PCDHA5','PCDHB8','PCDHB7']).
2.1869037959049e-07-solution(['PCDHA8','PCDHB8','PCDHB7']).
2.1869037959049e-07-solution(['PCDHA9','PCDHB8','PCDHB7']).
2.1869037959049e-07-solution(['PCDHGA1','PCDHB8','PCDHB7']).
2.1869037959049e-07-solution(['PCDHGA11','PCDHB8','PCDHB7']).
2.1869037959049e-07-solution(['PCDHGA2','PCDHB8','PCDHB7']).
2.1869037959049e-07-solution(['PCDHGA3','PCDHB8','PCDHB7']).
2.18710903685965e-07-solution(['PCDHA12','FAT2','PCDHB7']).
2.18710903685965e-07-solution(['PCDHAC2','FAT2','PCDHB7']).
2.20075596993807e-07-solution(['PCDHA12','FAT2','PCDHB8']).
2.20075596993807e-07-solution(['PCDHAC2','FAT2','PCDHB8']).
2.21694861665514e-07-solution(['TP53','PIAS3','POM121C']).
2.2174150023182e-07-solution(['CTNNAL1','PCDHB7','PCDHB8']).
2.2174150023182e-07-solution(['PCDHA1','PCDHB7','PCDHB8']).
2.2174150023182e-07-solution(['PCDHA5','PCDHB7','PCDHB8']).
2.2174150023182e-07-solution(['PCDHA8','PCDHB7','PCDHB8']).
2.2174150023182e-07-solution(['PCDHA9','PCDHB7','PCDHB8']).
2.2174150023182e-07-solution(['PCDHGA1','PCDHB7','PCDHB8']).
2.2174150023182e-07-solution(['PCDHGA11','PCDHB7','PCDHB8']).
2.2174150023182e-07-solution(['PCDHGA2','PCDHB7','PCDHB8']).
2.2174150023182e-07-solution(['PCDHGA3','PCDHB7','PCDHB8']).
2.30359075521366e-07-solution(['IFI16','TP53','PERP']).
2.30359075521366e-07-solution(['NOS2','TP53','PERP']).
2.30359075521366e-07-solution(['RBL2','TP53','PERP']).
2.30359075521366e-07-solution(['SMYD2','TP53','PERP']).
2.30359075521366e-07-solution(['TFDP1','TP53','PERP']).
2.31401289388013e-07-solution(['FAT2','PCDH10','PCDHB7']).
2.32683065335409e-07-solution(['PCDH10','FAT2','PCDHB7']).
2.32921621718827e-07-solution(['FAT2','PCDH10','PCDHB8']).
2.33769880783995e-07-solution(['PCDHB10','PCDHA12','PCDHB7']).
2.33769880783995e-07-solution(['PCDHB10','PCDHAC2','PCDHB7']).
2.34235450961095e-07-solution(['PCDH10','FAT2','PCDHB8']).
2.35303029995236e-07-solution(['PCDHB10','PCDHA12','PCDHB8']).
2.35303029995236e-07-solution(['PCDHB10','PCDHAC2','PCDHB8']).
2.35314132715038e-07-solution(['FAT2','PCDH10','PCDHB15']).
2.36679025304374e-07-solution(['PCDH10','FAT2','PCDHB15']).
2.37714788253581e-07-solution(['PCDHB10','PCDHA12','PCDHB15']).
2.37714788253581e-07-solution(['PCDHB10','PCDHAC2','PCDHB15']).
2.37723186094482e-07-solution(['PCDHA12','PCDHB10','PCDHB7']).
2.37723186094482e-07-solution(['PCDHAC2','PCDHB10','PCDHB7']).
2.39355984528538e-07-solution(['PCDHA12','PCDHB10','PCDHB8']).
2.39355984528538e-07-solution(['PCDHAC2','PCDHB10','PCDHB8']).
2.41443524454688e-07-solution(['PCDHB15','PCDHA12','PCDHB7']).
2.41443524454688e-07-solution(['PCDHB15','PCDHAC2','PCDHB7']).
2.4192655586494e-07-solution(['PCDHA12','PCDHB10','PCDHB15']).
2.4192655586494e-07-solution(['PCDHAC2','PCDHB10','PCDHB15']).
2.43078044203379e-07-solution(['PCDHB15','PCDHA12','PCDHB8']).
2.43078044203379e-07-solution(['PCDHB15','PCDHAC2','PCDHB8']).
2.43776312130578e-07-solution(['PCDHB8','PCDHA12','PCDHB7']).
2.43776312130578e-07-solution(['PCDHB8','PCDHAC2','PCDHB7']).
2.43957986350493e-07-solution(['FAT2','PCDH10','PCDHB10']).
2.45033705190763e-07-solution(['CEBPZ','TP53','PERP']).
2.45033705190763e-07-solution(['SIRT1','TP53','PERP']).
2.45033705190763e-07-solution(['SP1','TP53','PERP']).
2.45033705190763e-07-solution(['SUPT16H','TP53','PERP']).
2.45033705190763e-07-solution(['UBN1','TP53','PERP']).
2.45513534275632e-07-solution(['PCDH10','FAT2','PCDHB10']).
2.46023577703753e-07-solution(['PCDHA12','PCDHB15','PCDHB7']).
2.46023577703753e-07-solution(['PCDHAC2','PCDHB15','PCDHB7']).
2.46996651364283e-07-solution(['PCDHB7','PCDHA12','PCDHB8']).
2.46996651364283e-07-solution(['PCDHB7','PCDHAC2','PCDHB8']).
2.47773206687642e-07-solution(['PCDHA12','PCDHB15','PCDHB8']).
2.47773206687642e-07-solution(['PCDHAC2','PCDHB15','PCDHB8']).
2.48061253002669e-07-solution(['PCDHB8','PCDHA12','PCDHB15']).
2.48061253002669e-07-solution(['PCDHB8','PCDHAC2','PCDHB15']).
2.48545935132752e-07-solution(['PCDHA12','PCDHB8','PCDHB7']).
2.48545935132752e-07-solution(['PCDHAC2','PCDHB8','PCDHB7']).
2.49063624259902e-07-solution(['PCDHB10','PCDH10','PCDHB7']).
2.49648134099155e-07-solution(['PCDHB7','PCDHA12','PCDHB15']).
2.49648134099155e-07-solution(['PCDHB7','PCDHAC2','PCDHB15']).
2.50819414252836e-07-solution(['PCDHB10','PCDH10','PCDHB8']).
2.51206963521463e-07-solution(['FOXA1','PGR','PIAS3']).
2.51425507257812e-07-solution(['IFI16','TP53','PIDD1']).
2.51425507257812e-07-solution(['NOS2','TP53','PIDD1']).
2.51425507257812e-07-solution(['RBL2','TP53','PIDD1']).
2.51425507257812e-07-solution(['SMYD2','TP53','PIDD1']).
2.51425507257812e-07-solution(['TFDP1','TP53','PIDD1']).
2.51769330230842e-07-solution(['PCDH10','PCDHB10','PCDHB7']).
2.51972202125378e-07-solution(['KLK3','PGR','PIAS3']).
2.5201359399558e-07-solution(['PCDHA12','PCDHB7','PCDHB8']).
2.5201359399558e-07-solution(['PCDHAC2','PCDHB7','PCDHB8']).
2.52876575020913e-07-solution(['PAEP','PGR','PIAS3']).
2.53141505076437e-07-solution(['PCDHA12','PCDHB8','PCDHB15']).
2.53141505076437e-07-solution(['PCDHAC2','PCDHB8','PCDHB15']).
2.53582276568594e-07-solution(['PCDHB10','PCDH10','PCDHB15']).
2.53592066082574e-07-solution(['PCDH10','PCDHB10','PCDHB8']).
2.54860804251122e-07-solution(['PCDHA12','PCDHB7','PCDHB15']).
2.54860804251122e-07-solution(['PCDHAC2','PCDHB7','PCDHB15']).
2.54927890118265e-07-solution(['PCDHB15','PCDHA12','PCDHB10']).
2.54927890118265e-07-solution(['PCDHB15','PCDHAC2','PCDHB10']).
2.55012453365952e-07-solution(['AKT1','TP53','PERP']).
2.55012453365952e-07-solution(['P2RX4','TP53','PERP']).
2.55012453365952e-07-solution(['PSMC2','TP53','PERP']).
2.55012453365952e-07-solution(['RMI1','TP53','PERP']).
2.55012453365952e-07-solution(['TOP3A','TP53','PERP']).
2.55012453365952e-07-solution(['TYRP1','TP53','PERP']).
2.56461529181258e-07-solution(['PCDH10','PCDHB10','PCDHB15']).
2.567831762144e-07-solution(['PCDHB15','PCDH10','PCDHB7']).
2.57514608362456e-07-solution(['PCDHB8','PCDHA12','PCDHB10']).
2.57514608362456e-07-solution(['PCDHB8','PCDHAC2','PCDHB10']).
2.58641876024694e-07-solution(['PCDHB15','PCDH10','PCDHB8']).
2.59129920008567e-07-solution(['PCDHB8','PCDH10','PCDHB7']).
2.59216396681002e-07-solution(['PCDHB7','PCDHA12','PCDHB10']).
2.59216396681002e-07-solution(['PCDHB7','PCDHAC2','PCDHB10']).
2.60098153087263e-07-solution(['PCDH10','PCDHB15','PCDHB7']).
2.60491897323766e-07-solution(['PCDHA12','PCDHB15','PCDHB10']).
2.60491897323766e-07-solution(['PCDHAC2','PCDHB15','PCDHB10']).
2.61273628691561e-07-solution(['P2RX1','TP53','PERP']).
2.61273628691561e-07-solution(['PSMC1','TP53','PERP']).
2.61273628691561e-07-solution(['TSC2','TP53','PERP']).
2.62038552517918e-07-solution(['PCDH10','PCDHB15','PCDHB8']).
2.6258439675771e-07-solution(['PCDHB7','PCDH10','PCDHB8']).
2.626287443508e-07-solution(['PCDH10','PCDHB8','PCDHB7']).
2.63307956809945e-07-solution(['PCDHA12','PCDHB8','PCDHB10']).
2.63307956809945e-07-solution(['PCDHAC2','PCDHB8','PCDHB10']).
2.63993841072544e-07-solution(['PCDHB8','PCDH10','PCDHB15']).
2.64666054798306e-07-solution(['TAF1L','TP53','PRKDC']).
2.65160322164744e-07-solution(['PCDHA12','PCDHB7','PCDHB10']).
2.65160322164744e-07-solution(['PCDHAC2','PCDHB7','PCDHB10']).
2.65590706794008e-07-solution(['PCDHB7','PCDH10','PCDHB15']).
2.65905760812976e-07-solution(['PCDHB10','FAT2','PCDHB7']).
2.66292883506788e-07-solution(['PCDH10','PCDHB7','PCDHB8']).
2.66531178588388e-07-solution(['CEBPZ','TP53','PIDD1']).
2.66531178588388e-07-solution(['SIRT1','TP53','PIDD1']).
2.66531178588388e-07-solution(['SP1','TP53','PIDD1']).
2.66531178588388e-07-solution(['SUPT16H','TP53','PIDD1']).
2.66531178588388e-07-solution(['UBN1','TP53','PIDD1']).
2.67013039406703e-07-solution(['HDAC3','TP53','PERP']).
2.67013039406703e-07-solution(['TYMS','TP53','PERP']).
2.67313729741747e-07-solution(['FAT2','PCDHB10','PCDHB7']).
2.67715926428075e-07-solution(['PCDH10','PCDHB8','PCDHB15']).
2.67904437061091e-07-solution(['PCDHB10','FAT2','PCDHB8']).
2.69346663002375e-07-solution(['FAT2','PCDHB10','PCDHB8']).
2.69440941794092e-07-solution(['PCDH10','PCDHB7','PCDHB15']).
2.70274068222124e-07-solution(['PSMD6','TP53','PERP']).
2.71050164972626e-07-solution(['PCDHB10','FAT2','PCDHB15']).
2.72130712506731e-07-solution(['PCDHB15','PCDH10','PCDHB10']).
2.72546899651317e-07-solution(['FAT2','PCDHB10','PCDHB15']).
2.72752450121844e-07-solution(['SSTR2','TP53','PERP']).
2.72752450121844e-07-solution(['TAF6','TP53','PERP']).
2.73668072840445e-07-solution(['PCDHB15','FAT2','PCDHB7']).
2.74735490107551e-07-solution(['PCDHB8','PCDH10','PCDHB10']).
2.75165611445256e-07-solution(['E2F1','TP53','PERP']).
2.75165611445256e-07-solution(['LIG4','TP53','PERP']).
2.75165611445256e-07-solution(['PIAS3','TP53','PERP']).
2.75165611445256e-07-solution(['PIDD1','TP53','PERP']).
2.75165611445256e-07-solution(['PSMD2','TP53','PERP']).
2.75674016511681e-07-solution(['FAT2','PCDHB15','PCDHB7']).
2.75771022598473e-07-solution(['PCDHB15','FAT2','PCDHB8']).
2.76027815696796e-07-solution(['PCDHB8','FAT2','PCDHB7']).
2.76142278337878e-07-solution(['PCDH10','PCDHB15','PCDHB10']).
2.76449159581775e-07-solution(['PCDHB7','PCDH10','PCDHB10']).
2.7680303509318e-07-solution(['AKT1','TP53','PIDD1']).
2.7680303509318e-07-solution(['P2RX4','TP53','PIDD1']).
2.7680303509318e-07-solution(['PSMC2','TP53','PIDD1']).
2.7680303509318e-07-solution(['RMI1','TP53','PIDD1']).
2.7680303509318e-07-solution(['TOP3A','TP53','PIDD1']).
2.7680303509318e-07-solution(['TYRP1','TP53','PIDD1']).
2.77448331616051e-07-solution(['IGFBP3','TP53','PERP']).
2.77825535236757e-07-solution(['FAT2','PCDHB15','PCDHB8']).
2.7821371988544e-07-solution(['FAT2','PCDHB8','PCDHB7']).
2.78426640260678e-07-solution(['CCNG1','TP53','PERP']).
2.78968620379133e-07-solution(['PCDH10','PCDHB8','PCDHB10']).
2.79735781709314e-07-solution(['PCDHB7','FAT2','PCDHB8']).
2.80827620611978e-07-solution(['PCDH10','PCDHB7','PCDHB10']).
2.80839801584089e-07-solution(['CDKN1B','TP53','PERP']).
2.8152211967529e-07-solution(['PCDHB8','FAT2','PCDHB15']).
2.82095297232524e-07-solution(['FAT2','PCDHB7','PCDHB8']).
2.83128247697171e-07-solution(['PCDHB7','FAT2','PCDHB15']).
2.83248121527559e-07-solution(['P2RX1','TP53','PIDD1']).
2.83248121527559e-07-solution(['PERP','TP53','PIDD1']).
2.83248121527559e-07-solution(['PSMC1','TP53','PIDD1']).
2.83248121527559e-07-solution(['TSC2','TP53','PIDD1']).
2.83844952723886e-07-solution(['FAT2','PCDHB8','PCDHB15']).
2.84100830399511e-07-solution(['FOXA1','TP53','PERP']).
2.84818256738903e-07-solution(['KLK3','TP53','PERP']).
2.85576294008313e-07-solution(['FAT2','PCDHB7','PCDHB15']).
2.8915611742574e-07-solution(['HDAC3','TP53','PIDD1']).
2.8915611742574e-07-solution(['TYMS','TP53','PIDD1']).
2.91042877524274e-07-solution(['PCDHB15','FAT2','PCDHB10']).
2.92512933276979e-07-solution(['PSMD6','TP53','PIDD1']).
2.92644725895915e-07-solution(['TAF1L','TP53','PERP']).
2.92971353030831e-07-solution(['PCDHB15','PCDHB10','PCDHB7']).
2.93462033326828e-07-solution(['FAT2','PCDHB15','PCDHB10']).
2.93564365665831e-07-solution(['PCDHB10','PCDHB15','PCDHB7']).
2.93664263953741e-07-solution(['PCDHB8','FAT2','PCDHB10']).
2.95064113323921e-07-solution(['SSTR2','TP53','PIDD1']).
2.95064113323921e-07-solution(['TAF6','TP53','PIDD1']).
2.95343590707194e-07-solution(['PCDHB8','PCDHB10','PCDHB7']).
2.95351238641082e-07-solution(['PCDHB15','PCDHB10','PCDHB8']).
2.95388860288917e-07-solution(['PCDHB7','FAT2','PCDHB10']).
2.95958374825464e-07-solution(['PCDHB10','PCDHB15','PCDHB8']).
2.96114535158159e-07-solution(['PCDHB10','PCDHB8','PCDHB7']).
2.96299754729034e-07-solution(['FAT2','PCDHB8','PCDHB10']).
2.97548157053838e-07-solution(['E2F1','TP53','PIDD1']).
2.97548157053838e-07-solution(['LIG4','TP53','PIDD1']).
2.97548157053838e-07-solution(['PIAS3','TP53','PIDD1']).
2.97548157053838e-07-solution(['PSMD2','TP53','PIDD1']).
2.9816609756025e-07-solution(['FAT2','PCDHB7','PCDHB10']).
2.99337341476212e-07-solution(['PCDHB7','PCDHB10','PCDHB8']).
2.99897928149705e-07-solution(['IGFBP3','TP53','PIDD1']).
3.00245860788993e-07-solution(['PCDHB10','PCDHB7','PCDHB8']).
3.00904972905077e-07-solution(['CCNG1','TP53','PIDD1']).
3.01552246402548e-07-solution(['PCDHB8','PCDHB10','PCDHB15']).
3.02370661641968e-07-solution(['PCDHB10','PCDHB8','PCDHB15']).
3.03167243437694e-07-solution(['PCDHB7','PCDHB10','PCDHB15']).
3.03389016634994e-07-solution(['CDKN1B','TP53','PIDD1']).
3.03760613610329e-07-solution(['PCDHB8','PCDHB15','PCDHB7']).
3.03938318057075e-07-solution(['PCDHB15','PCDHB8','PCDHB7']).
3.04109268840711e-07-solution(['PCDHB10','PCDHB7','PCDHB15']).
3.06745832486233e-07-solution(['FOXA1','TP53','PIDD1']).
3.07484331973506e-07-solution(['KLK3','TP53','PIDD1']).
3.07877863785873e-07-solution(['PCDHB7','PCDHB15','PCDHB8']).
3.0817879940633e-07-solution(['PCDHB15','PCDHB7','PCDHB8']).
3.13838733877698e-07-solution(['PSMD6','DVL1','PI4K2A']).
3.14548400371336e-07-solution(['PCDHB7','PCDHB8','PCDHB15']).
3.14671768482951e-07-solution(['PCDHB8','PCDHB7','PCDHB15']).
3.1554069001648e-07-solution(['TAF1L','TP53','PIDD1']).
3.20470997907236e-07-solution(['PSMD2','DVL1','PI4K2A']).
3.24693238106099e-07-solution(['PCDHB8','PCDHB15','PCDHB10']).
3.24906566848751e-07-solution(['PCDHB15','PCDHB8','PCDHB10']).
3.26432169329889e-07-solution(['PCDHB7','PCDHB15','PCDHB10']).
3.26785029390531e-07-solution(['PCDHB15','PCDHB7','PCDHB10']).
3.2744202042455e-07-solution(['KRAS','RAC3','PLXNA3']).
3.2744202042455e-07-solution(['NCKAP1L','RAC3','PLXNA3']).
3.2744202042455e-07-solution(['NOX3','RAC3','PLXNA3']).
3.2744202042455e-07-solution(['RALGDS','RAC3','PLXNA3']).
3.2744202042455e-07-solution(['RHOA','RAC3','PLXNA3']).
3.29291552648123e-07-solution(['PCDHB7','PCDHB8','PCDHB10']).
3.29431062017175e-07-solution(['PCDHB8','PCDHB7','PCDHB10']).
3.41871103175876e-07-solution(['RAC3','DVL1','PI4K2A']).
3.59986004374872e-07-solution(['PCDHB10','FAT2','PCDH10']).
3.63273487954323e-07-solution(['FAT2','PCDHB10','PCDH10']).
3.66423971901314e-07-solution(['CDKN1B','E2F1','POLE']).
3.72629513941284e-07-solution(['PCDHB15','FAT2','PCDH10']).
3.76473140849473e-07-solution(['PCDHB8','FAT2','PCDH10']).
3.77125486385374e-07-solution(['IRF2BPL','E2F1','POLE']).
3.77291786836866e-07-solution(['FAT2','PCDHB15','PCDH10']).
3.77477502801155e-07-solution(['IGKV3-20','CD79A','POU2F2']).
3.77845780629493e-07-solution(['SRSF1','E2F1','POLE']).
3.78013844805703e-07-solution(['IGLV1-47','CD79A','POU2F2']).
3.79001842762755e-07-solution(['PCDHB7','FAT2','PCDH10']).
3.81547104103557e-07-solution(['FAT2','PCDHB8','PCDH10']).
3.83246675534498e-07-solution(['DVL1','RAC3','PLXNA3']).
3.84345175611551e-07-solution(['FAT2','PCDHB7','PCDH10']).
3.85357420603881e-07-solution(['TP53','E2F1','POLE']).
3.90085481307776e-07-solution(['MAP2K7','RAC3','PLXNA3']).
3.99842177544319e-07-solution(['ACTG1','RAC3','PLXNA3']).
4.02655476107801e-07-solution(['HDAC3','KMT2D','PAX6']).
4.05224992182822e-07-solution(['PCDHB15','PCDHB10','PCDH10']).
4.06582082991953e-07-solution(['PCDHB10','PCDHB15','PCDH10']).
4.09103720067695e-07-solution(['PCDHB8','PCDHB10','PCDH10']).
4.10865339400068e-07-solution(['PCDHB10','PCDHB8','PCDH10']).
4.11331371243426e-07-solution(['ACTA1','RAC3','PLXNA3']).
4.1151373939738e-07-solution(['ACTBL2','RAC3','PLXNA3']).
4.11655514728796e-07-solution(['PCDHB7','PCDHB10','PCDH10']).
4.13681369960338e-07-solution(['PCDHB10','PCDHB7','PCDH10']).
4.23275503527895e-07-solution(['PCDHB8','PCDHB15','PCDH10']).
4.23679253428264e-07-solution(['PCDHB15','PCDHB8','PCDH10']).
4.25835844100892e-07-solution(['PCDHB7','PCDHB15','PCDH10']).
4.26308277696843e-07-solution(['CDKN1B','KMT2D','PAX6']).
4.26503133224668e-07-solution(['PCDHB15','PCDHB7','PCDH10']).
4.30137466098475e-07-solution(['PCDHB7','PCDHB8','PCDH10']).
4.30400949257024e-07-solution(['PCDHB8','PCDHB7','PCDH10']).
4.3372909542735e-07-solution(['EIF4A1','EIF2S1','PPP1R15A']).
4.36626832166067e-07-solution(['RPL7','EIF2S1','PPP1R15A']).
4.41311486737288e-07-solution(['PCDHB8','FAT2','PCDHA12']).
4.41311486737288e-07-solution(['PCDHB8','FAT2','PCDHAC2']).
4.44466415867523e-07-solution(['PCDHB7','FAT2','PCDHA12']).
4.44466415867523e-07-solution(['PCDHB7','FAT2','PCDHAC2']).
4.45940985969088e-07-solution(['RPL10A','EIF2S1','PPP1R15A']).
4.48574374952936e-07-solution(['FAT2','PCDHB8','PCDHA12']).
4.48574374952936e-07-solution(['FAT2','PCDHB8','PCDHAC2']).
4.52111881449258e-07-solution(['FAT2','PCDHB7','PCDHA12']).
4.52111881449258e-07-solution(['FAT2','PCDHB7','PCDHAC2']).
4.77909109749958e-07-solution(['PCDHB15','PCDHB10','PCDHA12']).
4.77909109749958e-07-solution(['PCDHB15','PCDHB10','PCDHAC2']).
4.79838215934364e-07-solution(['PCDHB10','PCDHB15','PCDHA12']).
4.79838215934364e-07-solution(['PCDHB10','PCDHB15','PCDHAC2']).
4.80557470851022e-07-solution(['TP53','PIAS3','PGR']).
4.82758387766112e-07-solution(['PCDHB8','PCDHB10','PCDHA12']).
4.82758387766112e-07-solution(['PCDHB8','PCDHB10','PCDHAC2']).
4.85260755060611e-07-solution(['PCDHB10','PCDHB8','PCDHA12']).
4.85260755060611e-07-solution(['PCDHB10','PCDHB8','PCDHAC2']).
4.85948702250424e-07-solution(['PCDHB7','PCDHB10','PCDHA12']).
4.85948702250424e-07-solution(['PCDHB7','PCDHB10','PCDHAC2']).
4.8882511202691e-07-solution(['PCDHB10','PCDHB7','PCDHA12']).
4.8882511202691e-07-solution(['PCDHB10','PCDHB7','PCDHAC2']).
5.0072303013925e-07-solution(['PCDHB8','PCDHB15','PCDHA12']).
5.0072303013925e-07-solution(['PCDHB8','PCDHB15','PCDHAC2']).
5.01295012100678e-07-solution(['PCDHB15','PCDHB8','PCDHA12']).
5.01295012100678e-07-solution(['PCDHB15','PCDHB8','PCDHAC2']).
5.03926222501963e-07-solution(['PCDHB7','PCDHB15','PCDHA12']).
5.03926222501963e-07-solution(['PCDHB7','PCDHB15','PCDHAC2']).
5.04871104412247e-07-solution(['PCDHB15','PCDHB7','PCDHA12']).
5.04871104412247e-07-solution(['PCDHB15','PCDHB7','PCDHAC2']).
5.09376277648873e-07-solution(['PCDHB7','PCDHB8','PCDHA12']).
5.09376277648873e-07-solution(['PCDHB7','PCDHB8','PCDHAC2']).
5.09749086097389e-07-solution(['PCDHB8','PCDHB7','PCDHA12']).
5.09749086097389e-07-solution(['PCDHB8','PCDHB7','PCDHAC2']).
6.52799256018375e-07-solution(['IGKV3-20','SYK','OSCAR']).
6.53724949801725e-07-solution(['IGLV1-47','SYK','OSCAR']).
8.03298478044301e-07-solution(['CDKN1B','KMT2D','PKNOX1']).
9.45573618705226e-07-solution(['PCDHB7','PCDHB8','PCDHA1']).
9.46647902185958e-07-solution(['PCDHB8','PCDHB7','PCDHA1']).
9.76298781984412e-07-solution(['PCDHB7','PCDHB8','PCDHA8']).
9.76298781984412e-07-solution(['PCDHB7','PCDHB8','PCDHGA1']).
9.76298781984412e-07-solution(['PCDHB7','PCDHB8','PCDHGA11']).
9.76298781984412e-07-solution(['PCDHB7','PCDHB8','PCDHA5']).
9.76298781984412e-07-solution(['PCDHB7','PCDHB8','PCDHA9']).
9.76298781984412e-07-solution(['PCDHB7','PCDHB8','PCDHGA2']).
9.76298781984412e-07-solution(['PCDHB7','PCDHB8','PCDHGA3']).
9.77407972885043e-07-solution(['PCDHB8','PCDHB7','PCDHGA1']).
9.77407972885043e-07-solution(['PCDHB8','PCDHB7','PCDHGA11']).
9.77407972885043e-07-solution(['PCDHB8','PCDHB7','PCDHA8']).
9.77407972885043e-07-solution(['PCDHB8','PCDHB7','PCDHGA2']).
9.77407972885043e-07-solution(['PCDHB8','PCDHB7','PCDHGA3']).
9.77407972885043e-07-solution(['PCDHB8','PCDHB7','PCDHA5']).
9.77407972885043e-07-solution(['PCDHB8','PCDHB7','PCDHA9']).
1.08638438959648e-06-solution(['TFDP1','RING1','PHC1']).
1.11249132749536e-06-solution(['RGMB','BMP4','PPP1R15A']).
1.26686830662813e-06-solution(['IFI16','TP53','P2RX1']).
1.26686830662813e-06-solution(['NOS2','TP53','P2RX1']).
1.26686830662813e-06-solution(['RBL2','TP53','P2RX1']).
1.26686830662813e-06-solution(['SMYD2','TP53','P2RX1']).
1.26686830662813e-06-solution(['TFDP1','TP53','P2RX1']).
1.31148203639719e-06-solution(['CEBPZ','TP53','P2RX4']).
1.31148203639719e-06-solution(['SIRT1','TP53','P2RX4']).
1.31148203639719e-06-solution(['SP1','TP53','P2RX4']).
1.31148203639719e-06-solution(['SUPT16H','TP53','P2RX4']).
1.31148203639719e-06-solution(['UBN1','TP53','P2RX4']).
1.34757197848298e-06-solution(['CEBPZ','TP53','P2RX1']).
1.34757197848298e-06-solution(['SIRT1','TP53','P2RX1']).
1.34757197848298e-06-solution(['SP1','TP53','P2RX1']).
1.34757197848298e-06-solution(['SUPT16H','TP53','P2RX1']).
1.34757197848298e-06-solution(['UBN1','TP53','P2RX1']).
1.36629131024826e-06-solution(['AKT1','TP53','P2RX4']).
1.36629131024826e-06-solution(['PSMC2','TP53','P2RX4']).
1.36629131024826e-06-solution(['RMI1','TP53','P2RX4']).
1.36629131024826e-06-solution(['TOP3A','TP53','P2RX4']).
1.36629131024826e-06-solution(['TYRP1','TP53','P2RX4']).
1.4006814428607e-06-solution(['P2RX1','TP53','P2RX4']).
1.4006814428607e-06-solution(['PERP','TP53','P2RX4']).
1.4006814428607e-06-solution(['PSMC1','TP53','P2RX4']).
1.4006814428607e-06-solution(['TSC2','TP53','P2RX4']).
1.40245047534427e-06-solution(['AKT1','TP53','P2RX1']).
1.40245047534427e-06-solution(['P2RX4','TP53','P2RX1']).
1.40245047534427e-06-solution(['PSMC2','TP53','P2RX1']).
1.40245047534427e-06-solution(['RMI1','TP53','P2RX1']).
1.40245047534427e-06-solution(['TOP3A','TP53','P2RX1']).
1.40245047534427e-06-solution(['TYRP1','TP53','P2RX1']).
1.43220573108876e-06-solution(['HDAC3','TP53','P2RX4']).
1.43220573108876e-06-solution(['TYMS','TP53','P2RX4']).
1.43688404200234e-06-solution(['PERP','TP53','P2RX1']).
1.43688404200234e-06-solution(['PSMC1','TP53','P2RX1']).
1.43688404200234e-06-solution(['TSC2','TP53','P2RX1']).
1.45011725849107e-06-solution(['PSMD6','TP53','P2RX4']).
1.46373001931683e-06-solution(['SSTR2','TP53','P2RX4']).
1.46373001931683e-06-solution(['TAF6','TP53','P2RX4']).
1.46844814477224e-06-solution(['HDAC3','TP53','P2RX1']).
1.46844814477224e-06-solution(['TYMS','TP53','P2RX1']).
1.47698454959454e-06-solution(['E2F1','TP53','P2RX4']).
1.47698454959454e-06-solution(['LIG4','TP53','P2RX4']).
1.47698454959454e-06-solution(['PIAS3','TP53','P2RX4']).
1.47698454959454e-06-solution(['PIDD1','TP53','P2RX4']).
1.47698454959454e-06-solution(['PSMD2','TP53','P2RX4']).
1.48638229407332e-06-solution(['PSMD6','TP53','P2RX1']).
1.48952261877616e-06-solution(['IGFBP3','TP53','P2RX4']).
1.49489607699685e-06-solution(['CCNG1','TP53','P2RX4']).
1.50001224754214e-06-solution(['SSTR2','TP53','P2RX1']).
1.50001224754214e-06-solution(['TAF6','TP53','P2RX1']).
1.50815060727456e-06-solution(['CDKN1B','TP53','P2RX4']).
1.51328351802493e-06-solution(['E2F1','TP53','P2RX1']).
1.51328351802493e-06-solution(['LIG4','TP53','P2RX1']).
1.51328351802493e-06-solution(['PIAS3','TP53','P2RX1']).
1.51328351802493e-06-solution(['PIDD1','TP53','P2RX1']).
1.51328351802493e-06-solution(['PSMD2','TP53','P2RX1']).
1.52076019693166e-06-solution(['SP1','FES','PLXNA3']).
1.52583742253569e-06-solution(['IGFBP3','TP53','P2RX1']).
1.52606213467687e-06-solution(['FOXA1','TP53','P2RX4']).
1.53000267070538e-06-solution(['KLK3','TP53','P2RX4']).
1.53121766732601e-06-solution(['CCNG1','TP53','P2RX1']).
1.54448893780881e-06-solution(['CDKN1B','TP53','P2RX1']).
1.56242308710989e-06-solution(['FOXA1','TP53','P2RX1']).
1.56636859995612e-06-solution(['KLK3','TP53','P2RX1']).
1.57299033647093e-06-solution(['TAF1L','TP53','P2RX4']).
1.58360517179315e-06-solution(['E2F1','NOTCH1','PCSK4']).
1.58654371690071e-06-solution(['JAK3','FES','PLXNA3']).
1.60941055827871e-06-solution(['TAF1L','TP53','P2RX1']).
1.62781965099894e-06-solution(['LIMK1','FES','PLXNA3']).
1.83319122159669e-06-solution(['HDAC3','NR1D1','PER2']).
1.89493129043849e-06-solution(['BMP4','RGMB','PPP1R15A']).
1.96840971823473e-06-solution(['FOXA1','NR1D1','PER2']).
2.04151174870954e-06-solution(['FES','LIMK1','PLXNA3']).
2.83646992950519e-06-solution(['OR7A5','RTP1','OR9Q2']).
3.25020149591471e-06-solution(['IGFBP3','KLK3','PGR']).
3.45994925446978e-06-solution(['TP53','KLK3','PGR']).
5.55822372505869e-06-solution(['PIAS3','PGR','PAEP']).
5.76770836063862e-06-solution(['FOXA1','PGR','PAEP']).
5.78452829488226e-06-solution(['KLK3','PGR','PAEP']).
6.03472763178558e-06-solution(['OR9Q2','RTP1','OR7A5']).
9.25881342188013e-06-solution(['FLG','DSC1','PERP']).
9.33371856008346e-06-solution(['DNTT','LIG4','PNKP']).
1.11219087599113e-05-solution(['TP53','LIG4','PNKP']).
