gene_patient_probability_file('new_data/CADD_aggr.pl').
gene_function_file('new_data/coverage_aggr.pl').
network_file('new_data/network.pl').
threshold(1.0e-06).
pattern_quality_metric_threshold(0.67).
mcda(weighted_sum,[0.0,0]).
experiment_query(solution_3_genes(mcda(weighted_sum,[alpha(0.0),beta(0)]),0.67,_131106)).
8.85610110360809e-09-solution(['AAK1','EGFR','TP53']).
8.85610110360809e-09-solution(['DCN','EGFR','TP53']).
8.85610110360809e-09-solution(['GAB2','EGFR','TP53']).
8.85610110360809e-09-solution(['PLCB4','EGFR','TP53']).
9.12213272988179e-09-solution(['HSPA8','EGFR','TP53']).
2.4511654516857e-08-solution(['BRIP1','ATM','TP53']).
2.4511654516857e-08-solution(['TOP3A','ATM','TP53']).
4.41344471002366e-08-solution(['ATM','TOP3A','TP53']).
4.41344471002366e-08-solution(['BRIP1','TOP3A','TP53']).
4.78524738333094e-08-solution(['ATM','TP53','TOP3A']).
4.78524738333094e-08-solution(['BRIP1','TP53','TOP3A']).
4.78524738333094e-08-solution(['EGFR','TP53','TOP3A']).
4.78524738333094e-08-solution(['TRRAP','TP53','TOP3A']).
4.78524738333094e-08-solution(['TSC2','TP53','TOP3A']).
4.95278556600815e-08-solution(['TAF1L','TP53','TOP3A']).
5.04384319757003e-08-solution(['NPHP1','DYNC1H1','SPTA1']).
5.04384319757003e-08-solution(['PGR','DYNC1H1','SPTA1']).
5.04384319757003e-08-solution(['POM121C','DYNC1H1','SPTA1']).
5.04384319757003e-08-solution(['TUBB4A','DYNC1H1','SPTA1']).
5.51775337627999e-08-solution(['ATM','BRIP1','TP53']).
5.51775337627999e-08-solution(['TOP3A','BRIP1','TP53']).
7.75290715183713e-08-solution(['ATM','TP53','TAF1L']).
7.75290715183713e-08-solution(['BRIP1','TP53','TAF1L']).
7.75290715183713e-08-solution(['EGFR','TP53','TAF1L']).
7.75290715183713e-08-solution(['TOP3A','TP53','TAF1L']).
7.75290715183713e-08-solution(['TRRAP','TP53','TAF1L']).
7.75290715183713e-08-solution(['TSC2','TP53','TAF1L']).
8.12594043568652e-08-solution(['POLR2B','TAF1L','TP53']).
8.36178138107775e-08-solution(['ERCC2','TAF1L','TP53']).
8.53161987349373e-08-solution(['NABP1','POLR2B','TAF1L']).
8.78848965789086e-08-solution(['CDK12','POLR2B','TAF1L']).
8.78848965789086e-08-solution(['ERCC2','POLR2B','TAF1L']).
8.78848965789086e-08-solution(['HSPA8','POLR2B','TAF1L']).
8.83100603599797e-08-solution(['KMT2D','POLR2B','TAF1L']).
9.228776034725e-08-solution(['AAK1','HSPA8','SYT9']).
9.228776034725e-08-solution(['EGFR','HSPA8','SYT9']).
9.228776034725e-08-solution(['POLR2B','HSPA8','SYT9']).
9.50802739637673e-08-solution(['APOB','HSPA8','SYT9']).
1.44827743005075e-07-solution(['BRIP1','ATM','TOP3A']).
1.50437597479125e-07-solution(['TP53','ATM','TOP3A']).
2.01509971049903e-07-solution(['POLR2B','ERCC2','TAF1L']).
2.07399700096916e-07-solution(['CDK12','ERCC2','TAF1L']).
3.03742441470879e-07-solution(['EGFR','AAK1','SYT9']).
3.13220094583269e-07-solution(['APOB','AAK1','SYT9']).
3.13220094583269e-07-solution(['HSPA8','AAK1','SYT9']).
3.2569821962601e-07-solution(['ATM','BRIP1','TOP3A']).
3.38314031877502e-07-solution(['TP53','BRIP1','TOP3A']).
