gene_patient_probability_file('new_data/CADD_aggr.pl').
gene_function_file('new_data/coverage_aggr.pl').
network_file('new_data/network8.pl').
threshold(1.0e-06).
pattern_quality_metric_threshold(0.67).
mcda(weighted_sum,[0.0,0]).
experiment_query(solution_3_genes(mcda(weighted_sum,[alpha(0.0),beta(0)]),0.67,_131106)).
7.78900703478275e-09-solution(['AAK1','EGFR','TP53']).
7.78900703478275e-09-solution(['DCN','EGFR','TP53']).
7.78900703478275e-09-solution(['GAB2','EGFR','TP53']).
7.78900703478275e-09-solution(['PLCB4','EGFR','TP53']).
8.02298383611764e-09-solution(['HSPA8','EGFR','TP53']).
2.05046450657694e-08-solution(['BRIP1','ATM','TP53']).
2.05046450657694e-08-solution(['TOP3A','ATM','TP53']).
3.88061523378291e-08-solution(['ATM','TOP3A','TP53']).
3.88061523378291e-08-solution(['BRIP1','TOP3A','TP53']).
4.18328756173423e-08-solution(['ATM','TP53','TOP3A']).
4.18328756173423e-08-solution(['BRIP1','TP53','TOP3A']).
4.18328756173423e-08-solution(['EGFR','TP53','TOP3A']).
4.18328756173423e-08-solution(['TRRAP','TP53','TOP3A']).
4.18328756173423e-08-solution(['TSC2','TP53','TOP3A']).
4.41838549366859e-08-solution(['ATM','BRIP1','TP53']).
4.41838549366859e-08-solution(['TOP3A','BRIP1','TP53']).
9.3038158267571e-08-solution(['AAK1','HSPA8','SYT9']).
9.3038158267571e-08-solution(['EGFR','HSPA8','SYT9']).
9.3038158267571e-08-solution(['POLR2B','HSPA8','SYT9']).
9.58533779981215e-08-solution(['APOB','HSPA8','SYT9']).
1.6055405227613e-07-solution(['BRIP1','ATM','TOP3A']).
1.66773060111228e-07-solution(['TP53','ATM','TOP3A']).
2.93046683329784e-07-solution(['EGFR','AAK1','SYT9']).
3.0219059748576e-07-solution(['APOB','AAK1','SYT9']).
3.0219059748576e-07-solution(['HSPA8','AAK1','SYT9']).
3.45643280985427e-07-solution(['ATM','BRIP1','TOP3A']).
3.5903165855749e-07-solution(['TP53','BRIP1','TOP3A']).
