gene_patient_probability_file('new_data/CADD_aggr.pl').
gene_function_file('new_data/coverage_corrected_aggr.pl').
network_file('new_data/network.pl').
threshold(1.0e-06).
pattern_quality_metric_threshold(0.67).
mcda(weighted_sum,[0.0,0]).
experiment_query(solution_3_genes(mcda(weighted_sum,[alpha(0.0),beta(0)]),0.67,_131106)).
1.61150963948334e-08-solution(['IFI16','TP53','PSMD2']).
1.61150963948334e-08-solution(['NOS2','TP53','PSMD2']).
1.61150963948334e-08-solution(['RBL2','TP53','PSMD2']).
1.61150963948334e-08-solution(['SMYD2','TP53','PSMD2']).
1.61150963948334e-08-solution(['TFDP1','TP53','PSMD2']).
1.61828473980603e-08-solution(['IGHG4','PIK3CB','RAC3']).
1.64970774446246e-08-solution(['IGKV3-20','PIK3CB','RAC3']).
1.65201825951073e-08-solution(['IGLV1-47','PIK3CB','RAC3']).
1.66241865362225e-08-solution(['IFI16','TP53','PSMD6']).
1.66241865362225e-08-solution(['NOS2','TP53','PSMD6']).
1.66241865362225e-08-solution(['RBL2','TP53','PSMD6']).
1.66241865362225e-08-solution(['SMYD2','TP53','PSMD6']).
1.66241865362225e-08-solution(['TFDP1','TP53','PSMD6']).
1.70094308190596e-08-solution(['IFI16','TP53','PSMC1']).
1.70094308190596e-08-solution(['NOS2','TP53','PSMC1']).
1.70094308190596e-08-solution(['RBL2','TP53','PSMC1']).
1.70094308190596e-08-solution(['SMYD2','TP53','PSMC1']).
1.70094308190596e-08-solution(['TFDP1','TP53','PSMC1']).
1.70832931074736e-08-solution(['CEBPZ','TP53','PSMD2']).
1.70832931074736e-08-solution(['SIRT1','TP53','PSMD2']).
1.70832931074736e-08-solution(['SP1','TP53','PSMD2']).
1.70832931074736e-08-solution(['SUPT16H','TP53','PSMD2']).
1.70832931074736e-08-solution(['UBN1','TP53','PSMD2']).
1.76433805336748e-08-solution(['CEBPZ','TP53','PSMD6']).
1.76433805336748e-08-solution(['SIRT1','TP53','PSMD6']).
1.76433805336748e-08-solution(['SP1','TP53','PSMD6']).
1.76433805336748e-08-solution(['SUPT16H','TP53','PSMD6']).
1.76433805336748e-08-solution(['UBN1','TP53','PSMD6']).
1.7741666872069e-08-solution(['AKT1','TP53','PSMD2']).
1.7741666872069e-08-solution(['P2RX4','TP53','PSMD2']).
1.7741666872069e-08-solution(['PSMC2','TP53','PSMD2']).
1.7741666872069e-08-solution(['RMI1','TP53','PSMD2']).
1.7741666872069e-08-solution(['TOP3A','TP53','PSMD2']).
1.7741666872069e-08-solution(['TYRP1','TP53','PSMD2']).
1.80929874255965e-08-solution(['CEBPZ','TP53','PSMC1']).
1.80929874255965e-08-solution(['SIRT1','TP53','PSMC1']).
1.80929874255965e-08-solution(['SP1','TP53','PSMC1']).
1.80929874255965e-08-solution(['SUPT16H','TP53','PSMC1']).
1.80929874255965e-08-solution(['UBN1','TP53','PSMC1']).
1.81547641361288e-08-solution(['P2RX1','TP53','PSMD2']).
1.81547641361288e-08-solution(['PERP','TP53','PSMD2']).
1.81547641361288e-08-solution(['PSMC1','TP53','PSMD2']).
1.81547641361288e-08-solution(['TSC2','TP53','PSMD2']).
1.83364324519424e-08-solution(['AKT1','TP53','PSMD6']).
1.83364324519424e-08-solution(['P2RX4','TP53','PSMD6']).
1.83364324519424e-08-solution(['PSMC2','TP53','PSMD6']).
1.83364324519424e-08-solution(['RMI1','TP53','PSMD6']).
1.83364324519424e-08-solution(['TOP3A','TP53','PSMD6']).
1.83364324519424e-08-solution(['TYRP1','TP53','PSMD6']).
1.85334366281836e-08-solution(['HDAC3','TP53','PSMD2']).
1.85334366281836e-08-solution(['TYMS','TP53','PSMD2']).
1.87485914532148e-08-solution(['PSMD6','TP53','PSMD2']).
1.87712885575221e-08-solution(['P2RX1','TP53','PSMD6']).
1.87712885575221e-08-solution(['PERP','TP53','PSMD6']).
1.87712885575221e-08-solution(['PSMC1','TP53','PSMD6']).
1.87712885575221e-08-solution(['TSC2','TP53','PSMD6']).
1.88298059180416e-08-solution(['AKT1','TP53','PSMC1']).
1.88298059180416e-08-solution(['P2RX4','TP53','PSMC1']).
1.88298059180416e-08-solution(['PSMC2','TP53','PSMC1']).
1.88298059180416e-08-solution(['RMI1','TP53','PSMC1']).
1.88298059180416e-08-solution(['TOP3A','TP53','PSMC1']).
1.88298059180416e-08-solution(['TYRP1','TP53','PSMC1']).
1.89121091202385e-08-solution(['SSTR2','TP53','PSMD2']).
1.89121091202385e-08-solution(['TAF6','TP53','PSMD2']).
1.90086833247718e-08-solution(['LIMK1','RHOA','RAC3']).
1.90713236907615e-08-solution(['E2F1','TP53','PSMD2']).
1.90713236907615e-08-solution(['LIG4','TP53','PSMD2']).
1.90713236907615e-08-solution(['PIAS3','TP53','PSMD2']).
1.90713236907615e-08-solution(['PIDD1','TP53','PSMD2']).
1.91699066543034e-08-solution(['HDAC3','TP53','PSMD6']).
1.91699066543034e-08-solution(['TYMS','TP53','PSMD6']).
1.92219320682833e-08-solution(['IGFBP3','TP53','PSMD2']).
1.92864785157927e-08-solution(['CCNG1','TP53','PSMD2']).
1.92921234034974e-08-solution(['P2RX1','TP53','PSMC1']).
1.92921234034974e-08-solution(['PERP','TP53','PSMC1']).
1.92921234034974e-08-solution(['TSC2','TP53','PSMC1']).
1.94456930863157e-08-solution(['CDKN1B','TP53','PSMD2']).
1.94862066283916e-08-solution(['ACTN3','RHOA','RAC3']).
1.94862066283916e-08-solution(['ARHGAP9','RHOA','RAC3']).
1.95685247510848e-08-solution(['SSTR2','TP53','PSMD6']).
1.95685247510848e-08-solution(['TAF6','TP53','PSMD6']).
1.96608479113469e-08-solution(['FOXA1','TP53','PSMD2']).
1.97081819728537e-08-solution(['KLK3','TP53','PSMD2']).
1.97159144318318e-08-solution(['HDAC3','TP53','PSMC1']).
1.97159144318318e-08-solution(['TYMS','TP53','PSMC1']).
1.97358681711071e-08-solution(['SPTA1','KRAS','RAC3']).
1.9736125541777e-08-solution(['E2F1','TP53','PSMD6']).
1.9736125541777e-08-solution(['LIG4','TP53','PSMD6']).
1.9736125541777e-08-solution(['PIAS3','TP53','PSMD6']).
1.9736125541777e-08-solution(['PIDD1','TP53','PSMD6']).
1.9736125541777e-08-solution(['PSMD2','TP53','PSMD6']).
1.97575266872664e-08-solution(['DVL1','RHOA','RAC3']).
1.97575266872664e-08-solution(['MYH2','RHOA','RAC3']).
1.9852596549581e-08-solution(['CEBPZ','TP53','PSMC2']).
1.9852596549581e-08-solution(['SIRT1','TP53','PSMC2']).
1.9852596549581e-08-solution(['SP1','TP53','PSMC2']).
1.9852596549581e-08-solution(['SUPT16H','TP53','PSMC2']).
1.9852596549581e-08-solution(['UBN1','TP53','PSMC2']).
1.98946668302696e-08-solution(['IGFBP3','TP53','PSMD6']).
1.995670478884e-08-solution(['PSMD6','TP53','PSMC1']).
1.99626130967664e-08-solution(['CCNG1','TP53','PSMD6']).
2.01302138874585e-08-solution(['CDKN1B','TP53','PSMD6']).
2.01397054601663e-08-solution(['SSTR2','TP53','PSMC1']).
2.01397054601663e-08-solution(['TAF6','TP53','PSMC1']).
2.02195096077703e-08-solution(['CAMK1','KRAS','RAC3']).
2.02195096077703e-08-solution(['RASAL3','KRAS','RAC3']).
2.02245535529285e-08-solution(['TAF1L','TP53','PSMD2']).
2.03178903243523e-08-solution(['E2F1','TP53','PSMC1']).
2.03178903243523e-08-solution(['LIG4','TP53','PSMC1']).
2.03178903243523e-08-solution(['PIAS3','TP53','PSMC1']).
2.03178903243523e-08-solution(['PIDD1','TP53','PSMC1']).
2.03178903243523e-08-solution(['PSMD2','TP53','PSMC1']).
2.03567014424479e-08-solution(['FOXA1','TP53','PSMD6']).
2.04065287045456e-08-solution(['KLK3','TP53','PSMD6']).
2.04864435742581e-08-solution(['IGFBP3','TP53','PSMC1']).
2.05586806813606e-08-solution(['CCNG1','TP53','PSMC1']).
2.06366036780209e-08-solution(['CDKN1B','RHOA','RAC3']).
2.06822734881459e-08-solution(['AKT1','TP53','PSMC2']).
2.06822734881459e-08-solution(['P2RX4','TP53','PSMC2']).
2.06822734881459e-08-solution(['RMI1','TP53','PSMC2']).
2.06822734881459e-08-solution(['TOP3A','TP53','PSMC2']).
2.06822734881459e-08-solution(['TYRP1','TP53','PSMC2']).
2.07368655455466e-08-solution(['CDKN1B','TP53','PSMC1']).
2.07451317015708e-08-solution(['ACTG1','RHOA','RAC3']).
2.09500988365202e-08-solution(['TAF1L','TP53','PSMD6']).
2.09776559025548e-08-solution(['FOXA1','TP53','PSMC1']).
2.10306297810966e-08-solution(['KLK3','TP53','PSMC1']).
2.12028550966571e-08-solution(['P2RX1','TP53','PSMC2']).
2.12028550966571e-08-solution(['PERP','TP53','PSMC2']).
2.12028550966571e-08-solution(['PSMC1','TP53','PSMC2']).
2.12028550966571e-08-solution(['TSC2','TP53','PSMC2']).
2.16085266379163e-08-solution(['TAF1L','TP53','PSMC1']).
2.16800549044591e-08-solution(['HDAC3','TP53','PSMC2']).
2.16800549044591e-08-solution(['TYMS','TP53','PSMC2']).
2.19511911588921e-08-solution(['PSMD6','TP53','PSMC2']).
2.21572547122611e-08-solution(['SSTR2','TP53','PSMC2']).
2.21572547122611e-08-solution(['TAF6','TP53','PSMC2']).
2.23578955405415e-08-solution(['E2F1','TP53','PSMC2']).
2.23578955405415e-08-solution(['LIG4','TP53','PSMC2']).
2.23578955405415e-08-solution(['PIAS3','TP53','PSMC2']).
2.23578955405415e-08-solution(['PIDD1','TP53','PSMC2']).
2.23578955405415e-08-solution(['PSMD2','TP53','PSMC2']).
2.25476909186446e-08-solution(['IGFBP3','TP53','PSMC2']).
2.26290317949745e-08-solution(['CCNG1','TP53','PSMC2']).
2.28296726232549e-08-solution(['CDKN1B','TP53','PSMC2']).
2.31008088776878e-08-solution(['FOXA1','TP53','PSMC2']).
2.31604588536631e-08-solution(['KLK3','TP53','PSMC2']).
2.38111858643022e-08-solution(['TAF1L','TP53','PSMC2']).
2.77354191380788e-08-solution(['MMP25','ACTG1','RHOA']).
2.77354191380788e-08-solution(['MYH2','ACTG1','RHOA']).
2.77637690698004e-08-solution(['ITGAL','ACTG1','RAC3']).
2.77637690698004e-08-solution(['NCKAP1L','ACTG1','RAC3']).
2.77637690698004e-08-solution(['RHOA','ACTG1','RAC3']).
2.77637690698004e-08-solution(['SYNPO','ACTG1','RAC3']).
2.80360312108817e-08-solution(['MMP12','ACTG1','RHOA']).
2.93977863443767e-08-solution(['COL3A1','ACTG1','RAC3']).
2.93977863443767e-08-solution(['FLNC','ACTG1','RAC3']).
2.93977863443767e-08-solution(['ITGAM','ACTG1','RAC3']).
2.93977863443767e-08-solution(['MYH8','ACTG1','RAC3']).
2.93977863443767e-08-solution(['TLN1','ACTG1','RAC3']).
2.99346337759527e-08-solution(['MMP9','ACTG1','RHOA']).
3.01877807846288e-08-solution(['ACTBL2','ACTG1','RHOA']).
3.02431566927768e-08-solution(['RAC3','ACTG1','RHOA']).
3.05089180910886e-08-solution(['MYH6','ACTG1','RAC3']).
3.06502834142143e-08-solution(['IGHG4','VAV1','RAC3']).
3.12060987949078e-08-solution(['COL1A2','ACTG1','RAC3']).
3.12454345484709e-08-solution(['IGKV3-20','VAV1','RAC3']).
3.12891956612838e-08-solution(['IGLV1-47','VAV1','RAC3']).
3.1845181106742e-08-solution(['ACTN3','ACTG1','RAC3']).
3.1845181106742e-08-solution(['ITGA7','ACTG1','RAC3']).
3.22082960566479e-08-solution(['MMP25','ACTG1','RAC3']).
3.22082960566479e-08-solution(['MYH2','ACTG1','RAC3']).
3.24842634185763e-08-solution(['MMP12','ACTG1','RAC3']).
3.42272151781243e-08-solution(['MMP9','ACTG1','RAC3']).
3.44596087460641e-08-solution(['ACTBL2','ACTG1','RAC3']).
3.46250772046695e-08-solution(['PSMC2','PSMC1','PSMD2']).
3.54653364992715e-08-solution(['TP53','HTT','RAC3']).
3.55385169990218e-08-solution(['SPOP','PSMC1','PSMD2']).
3.56914734529202e-08-solution(['PSMC2','PSMC1','PSMD6']).
3.60130161341346e-08-solution(['PSMC1','PSMC2','PSMD2']).
3.60130161341346e-08-solution(['SPOP','PSMC2','PSMD2']).
3.66528599432346e-08-solution(['SPOP','PSMC1','PSMD6']).
3.68515867034034e-08-solution(['ANAPC2','PSMC1','PSMD2']).
3.68515867034034e-08-solution(['DVL1','PSMC1','PSMD2']).
3.68515867034034e-08-solution(['PSMD6','PSMC1','PSMD2']).
3.71196221670671e-08-solution(['PSMC1','PSMC2','PSMD6']).
3.71196221670671e-08-solution(['SPOP','PSMC2','PSMD6']).
3.71874923709003e-08-solution(['HGS','HSPA8','SF3B3']).
3.71874923709003e-08-solution(['YBX1','HSPA8','SF3B3']).
3.72131566220012e-08-solution(['CD40','PSMC1','PSMD2']).
3.73787199611504e-08-solution(['ANAPC2','PSMC2','PSMD2']).
3.73787199611504e-08-solution(['DVL1','PSMC2','PSMD2']).
3.73787199611504e-08-solution(['PSMD6','PSMC2','PSMD2']).
3.74915364625983e-08-solution(['PSMC2','PSMD6','PSMD2']).
3.77547833338069e-08-solution(['CD40','PSMC2','PSMD2']).
3.80348530230614e-08-solution(['ANAPC2','PSMC1','PSMD6']).
3.80348530230614e-08-solution(['DVL1','PSMC1','PSMD6']).
3.81169156394715e-08-solution(['PLRG1','HSPA8','SF3B3']).
3.8393016356373e-08-solution(['CDKN1B','PSMC1','PSMD2']).
3.84154018421442e-08-solution(['CD40','PSMC1','PSMD6']).
3.84444587555316e-08-solution(['PSMC1','PSMD6','PSMD2']).
3.84444587555316e-08-solution(['SPOP','PSMD6','PSMD2']).
3.85569139344788e-08-solution(['ANAPC2','PSMC2','PSMD6']).
3.85569139344788e-08-solution(['DVL1','PSMC2','PSMD6']).
3.86449970420688e-08-solution(['APOB','HSPA8','SF3B3']).
3.86449970420688e-08-solution(['SNRPA1','HSPA8','SF3B3']).
3.87859362186195e-08-solution(['PSMD2','PSMC1','PSMD6']).
3.89526899284038e-08-solution(['CD40','PSMC2','PSMD6']).
3.89819374972125e-08-solution(['CDKN1B','PSMC2','PSMD2']).
3.90463389080428e-08-solution(['SNRPB2','HSPA8','SF3B3']).
3.92874261550097e-08-solution(['UBE2C','PSMC1','PSMD2']).
3.93380507645939e-08-solution(['PSMD2','PSMC2','PSMD6']).
3.94371191459647e-08-solution(['GPKOW','HSPA8','SF3B3']).
3.94371191459647e-08-solution(['GPR37L1','HSPA8','SF3B3']).
3.9443429453407e-08-solution(['ANAPC2','PSMC2','PSMC1']).
3.9443429453407e-08-solution(['DVL1','PSMC2','PSMC1']).
3.9443429453407e-08-solution(['PSMD6','PSMC2','PSMC1']).
3.94997554798527e-08-solution(['PSMC2','PSMD2','PSMD6']).
3.95845179815226e-08-solution(['PSMC2','PSMD6','PSMC1']).
3.96571927254669e-08-solution(['CDKN1B','PSMC1','PSMD6']).
3.98142845516234e-08-solution(['ANAPC2','PSMD6','PSMD2']).
3.98142845516234e-08-solution(['DVL1','PSMD6','PSMD2']).
3.9863982292697e-08-solution(['CD40','PSMC2','PSMC1']).
3.99121995243102e-08-solution(['UBE2C','PSMC2','PSMD2']).
4.0143775962215e-08-solution(['TP53','PSMC1','PSMD2']).
4.01914829592429e-08-solution(['CD40','PSMD6','PSMD2']).
4.02441694875273e-08-solution(['CDKN1B','PSMC2','PSMD6']).
4.02734679520057e-08-solution(['PSMD2','PSMC2','PSMC1']).
4.04583131963997e-08-solution(['PSMC2','PSMD2','PSMC1']).
4.05037206707623e-08-solution(['PSMC1','PSMD2','PSMD6']).
4.05037206707623e-08-solution(['SPOP','PSMD2','PSMD6']).
4.05672133475229e-08-solution(['HNRNPA1','HSPA8','SF3B3']).
4.05985503305664e-08-solution(['UBE2C','PSMC1','PSMD6']).
4.06507676241225e-08-solution(['SPOP','PSMD6','PSMC1']).
4.08028759332336e-08-solution(['TP53','PSMC2','PSMD2']).
4.12231943146048e-08-solution(['UBE2C','PSMC2','PSMD6']).
4.12363126103801e-08-solution(['CDKN1B','PSMC2','PSMC1']).
4.14223409209485e-08-solution(['CDKN1B','PSMD6','PSMD2']).
4.14998501652361e-08-solution(['TP53','PSMC1','PSMD6']).
4.15256388536831e-08-solution(['SPOP','PSMD2','PSMC1']).
4.152832150025e-08-solution(['SRSF1','HSPA8','SF3B3']).
4.16233761527175e-08-solution(['CD3D','HSPA8','SF3B3']).
4.18662935979122e-08-solution(['U2AF1L4','HSPA8','SF3B3']).
4.1946920632695e-08-solution(['ANAPC2','PSMD2','PSMD6']).
4.1946920632695e-08-solution(['DVL1','PSMD2','PSMD6']).
4.21605585107429e-08-solution(['TP53','PSMC2','PSMD6']).
4.21835014853599e-08-solution(['ANAPC2','PSMD6','PSMC1']).
4.21835014853599e-08-solution(['DVL1','PSMD6','PSMC1']).
4.22766275286237e-08-solution(['UBE2C','PSMC2','PSMC1']).
4.23443235207634e-08-solution(['CD40','PSMD2','PSMD6']).
4.23554106661125e-08-solution(['UBE2C','PSMD6','PSMD2']).
4.26055586355558e-08-solution(['CD40','PSMD6','PSMC1']).
4.26986740101845e-08-solution(['ANAPC2','PSMC1','PSMC2']).
4.26986740101845e-08-solution(['DVL1','PSMC1','PSMC2']).
4.26986740101845e-08-solution(['PSMD6','PSMC1','PSMC2']).
4.29836406947281e-08-solution(['PLXNA3','RAC3','RHOA']).
4.30165090186412e-08-solution(['PSMD2','PSMD6','PSMC1']).
4.3059919486028e-08-solution(['ANAPC2','PSMD2','PSMC1']).
4.3059919486028e-08-solution(['DVL1','PSMD2','PSMC1']).
4.3059919486028e-08-solution(['PSMD6','PSMD2','PSMC1']).
4.31539348441876e-08-solution(['CD40','PSMC1','PSMC2']).
4.32487753157375e-08-solution(['TP53','PSMD6','PSMD2']).
4.32726737269421e-08-solution(['TP53','PSMC2','PSMC1']).
4.34824025587027e-08-solution(['CD40','PSMD2','PSMC1']).
4.35821319324714e-08-solution(['DVL1','RAC3','RHOA']).
4.35972151299274e-08-solution(['PSMD2','PSMC1','PSMC2']).
4.36411118923551e-08-solution(['CDKN1B','PSMD2','PSMD6']).
4.39827977572473e-08-solution(['CDKN1B','PSMD6','PSMC1']).
4.44798687890865e-08-solution(['MAP2K7','RAC3','RHOA']).
4.4567873918472e-08-solution(['PSMC1','PSMD6','PSMC2']).
4.4567873918472e-08-solution(['SPOP','PSMD6','PSMC2']).
4.46241611417875e-08-solution(['UBE2C','PSMD2','PSMD6']).
4.46395228288292e-08-solution(['CDKN1B','PSMC1','PSMC2']).
4.48610315326938e-08-solution(['CDKN1B','PSMD2','PSMC1']).
4.50268338656264e-08-solution(['UBE2C','PSMD6','PSMC1']).
4.55553128784623e-08-solution(['PSMC1','PSMD2','PSMC2']).
4.55553128784623e-08-solution(['SPOP','PSMD2','PSMC2']).
4.55653785082653e-08-solution(['TP53','PSMD2','PSMD6']).
4.57606400378573e-08-solution(['ACTG1','RAC3','RHOA']).
4.57656943655737e-08-solution(['UBE2C','PSMC1','PSMC2']).
4.59061212387838e-08-solution(['UBE2C','PSMD2','PSMC1']).
4.60264429055639e-08-solution(['TP53','PSMD6','PSMC1']).
4.62935660062243e-08-solution(['ANAPC2','PSMD6','PSMC2']).
4.62935660062243e-08-solution(['DVL1','PSMD6','PSMC2']).
4.67687565811126e-08-solution(['CD40','PSMD6','PSMC2']).
4.68439437092652e-08-solution(['TP53','PSMC1','PSMC2']).
4.6906739042487e-08-solution(['TP53','PSMD2','PSMC1']).
4.72314421408722e-08-solution(['PSMD2','PSMD6','PSMC2']).
4.72688379569705e-08-solution(['ACTA1','RAC3','RHOA']).
4.72828845127651e-08-solution(['ANAPC2','PSMD2','PSMC2']).
4.72828845127651e-08-solution(['DVL1','PSMD2','PSMC2']).
4.72828845127651e-08-solution(['PSMD6','PSMD2','PSMC2']).
4.72927776064803e-08-solution(['ACTBL2','RAC3','RHOA']).
4.77585926439499e-08-solution(['CD40','PSMD2','PSMC2']).
4.80594603994466e-08-solution(['NOTCH1','DVL1','RAC3']).
4.80594603994466e-08-solution(['RHOA','DVL1','RAC3']).
4.82968564186129e-08-solution(['ANAPC5','CDKN1B','PSMD2']).
4.82968564186129e-08-solution(['RBL2','CDKN1B','PSMD2']).
4.82968564186129e-08-solution(['RHOA','CDKN1B','PSMD2']).
4.82968564186129e-08-solution(['TFDP1','CDKN1B','PSMD2']).
4.83193784570639e-08-solution(['CDKN1B','PSMD6','PSMC2']).
4.91602929528222e-08-solution(['FZD6','DVL1','PSMD2']).
4.91602929528222e-08-solution(['PI4K2A','DVL1','PSMD2']).
4.93109033878162e-08-solution(['CDKN1B','PSMD2','PSMC2']).
4.9494849879156e-08-solution(['UBE2C','PSMD6','PSMC2']).
4.97539860916737e-08-solution(['ANAPC5','CDKN1B','PSMD6']).
4.97539860916737e-08-solution(['RBL2','CDKN1B','PSMD6']).
4.97539860916737e-08-solution(['RHOA','CDKN1B','PSMD6']).
4.97539860916737e-08-solution(['TFDP1','CDKN1B','PSMD6']).
4.99555191172459e-08-solution(['ANAPC2','CDKN1B','RHOA']).
4.99555191172459e-08-solution(['PSMD6','CDKN1B','RHOA']).
5.04876550807471e-08-solution(['UBE2C','PSMD2','PSMC2']).
5.06203012407336e-08-solution(['TP53','PSMD6','PSMC2']).
5.06786469655069e-08-solution(['FZD6','DVL1','PSMD6']).
5.06786469655069e-08-solution(['PI4K2A','DVL1','PSMD6']).
5.10293528987258e-08-solution(['FZD6','DVL1','RAC3']).
5.10293528987258e-08-solution(['PI4K2A','DVL1','RAC3']).
5.10302936249319e-08-solution(['E2F1','CDKN1B','RHOA']).
5.10302936249319e-08-solution(['PSMD2','CDKN1B','RHOA']).
5.12357688970225e-08-solution(['PSMC2','DVL1','PSMD2']).
5.15318550618521e-08-solution(['KMT2D','CDKN1B','RHOA']).
5.16143322335532e-08-solution(['TP53','PSMD2','PSMC2']).
5.23716328038961e-08-solution(['RAC3','DVL1','RHOA']).
5.25380283129913e-08-solution(['PSMC1','DVL1','PSMD2']).
5.28634407062007e-08-solution(['PSMC2','DVL1','PSMD6']).
5.30488797982356e-08-solution(['PSMC2','DVL1','RAC3']).
5.34235656930402e-08-solution(['AKT1','CDKN1B','PSMD2']).
5.34235656930402e-08-solution(['PSMC2','CDKN1B','PSMD2']).
5.36240827701475e-08-solution(['UBE2C','CDKN1B','RHOA']).
5.41057420487311e-08-solution(['PSMC2','DVL1','PSMC1']).
5.42342916807537e-08-solution(['PSMC1','DVL1','PSMD6']).
5.43160339312614e-08-solution(['PSMC1','DVL1','RAC3']).
5.44100262234464e-08-solution(['PSMD6','DVL1','PSMD2']).
5.47255870960694e-08-solution(['PSMC1','CDKN1B','PSMD2']).
5.48591305906227e-08-solution(['CEBPZ','TP53','RMI1']).
5.48591305906227e-08-solution(['SIRT1','TP53','RMI1']).
5.48591305906227e-08-solution(['SP1','TP53','RMI1']).
5.48591305906227e-08-solution(['SUPT16H','TP53','RMI1']).
5.48591305906227e-08-solution(['UBN1','TP53','RMI1']).
5.49138121793707e-08-solution(['TP53','CDKN1B','RHOA']).
5.51489966317347e-08-solution(['AKT1','CDKN1B','PSMD6']).
5.51489966317347e-08-solution(['PSMC2','CDKN1B','PSMD6']).
5.57156224504701e-08-solution(['ITGAL','ACTBL2','RAC3']).
5.6137567997486e-08-solution(['PSMD6','DVL1','RAC3']).
5.65012142833377e-08-solution(['AKT1','CDKN1B','PSMC1']).
5.65012142833377e-08-solution(['PSMC2','CDKN1B','PSMC1']).
5.65191580387343e-08-solution(['PSMC1','CDKN1B','PSMD6']).
5.65972428629238e-08-solution(['ANAPC2','CDKN1B','PSMD2']).
5.65972428629238e-08-solution(['PSMD6','CDKN1B','PSMD2']).
5.71275321639123e-08-solution(['PSMD2','DVL1','RAC3']).
5.71517957040795e-08-solution(['AKT1','TP53','RMI1']).
5.71517957040795e-08-solution(['P2RX4','TP53','RMI1']).
5.71517957040795e-08-solution(['PSMC2','TP53','RMI1']).
5.71517957040795e-08-solution(['TOP3A','TP53','RMI1']).
5.71517957040795e-08-solution(['TYRP1','TP53','RMI1']).
5.72758672805433e-08-solution(['PSMD2','DVL1','PSMD6']).
5.76144470840403e-08-solution(['E2F1','CDKN1B','PSMD2']).
5.76581392539508e-08-solution(['PSMD6','DVL1','PSMC1']).
5.80891423872281e-08-solution(['KMT2D','CDKN1B','PSMD2']).
5.84887650612963e-08-solution(['ANAPC2','CDKN1B','PSMD6']).
5.85903306772288e-08-solution(['P2RX1','TP53','RMI1']).
5.85903306772288e-08-solution(['PERP','TP53','RMI1']).
5.85903306772288e-08-solution(['PSMC1','TP53','RMI1']).
5.85903306772288e-08-solution(['TSC2','TP53','RMI1']).
5.87101953365934e-08-solution(['RAC3','DVL1','PSMD2']).
5.87967281017776e-08-solution(['PSMD2','DVL1','PSMC1']).
5.8888493888424e-08-solution(['COL3A1','ACTBL2','RAC3']).
5.8888493888424e-08-solution(['ITGAM','ACTBL2','RAC3']).
5.8888493888424e-08-solution(['MYH8','ACTBL2','RAC3']).
5.8888493888424e-08-solution(['TLN1','ACTBL2','RAC3']).
5.95592036605147e-08-solution(['E2F1','CDKN1B','PSMD6']).
5.95592036605147e-08-solution(['PSMD2','CDKN1B','PSMD6']).
5.970882835178e-08-solution(['ACTA1','ACTN3','RHOA']).
5.97421666143997e-08-solution(['ACTBL2','ACTN3','RHOA']).
5.99089877359491e-08-solution(['HDAC3','TP53','RMI1']).
5.99089877359491e-08-solution(['TYMS','TP53','RMI1']).
6.00495997214217e-08-solution(['ANAPC2','CDKN1B','PSMC1']).
6.00495997214217e-08-solution(['PSMD6','CDKN1B','PSMC1']).
6.00587416734834e-08-solution(['KMT2D','CDKN1B','PSMD6']).
6.00692999376682e-08-solution(['UBE2C','CDKN1B','PSMD2']).
6.01086180287672e-08-solution(['PLRG1','SRSF1','SF3B3']).
6.0658224701131e-08-solution(['PSMD6','TP53','RMI1']).
6.0731554112229e-08-solution(['RAC3','DVL1','PSMD6']).
6.09227424681668e-08-solution(['PSMC1','DVL1','PSMC2']).
6.09559343246337e-08-solution(['NXF1','SRSF1','SF3B3']).
6.09559343246337e-08-solution(['SNRPA1','SRSF1','SF3B3']).
6.10460464662326e-08-solution(['MYH6','ACTBL2','RAC3']).
6.11525254872646e-08-solution(['YBX1','U2AF1L4','SF3B3']).
6.11869027464487e-08-solution(['E2F1','CDKN1B','PSMC1']).
6.11869027464487e-08-solution(['PSMD2','CDKN1B','PSMC1']).
6.12276447946693e-08-solution(['SSTR2','TP53','RMI1']).
6.12276447946693e-08-solution(['TAF6','TP53','RMI1']).
6.12899450030081e-08-solution(['TP53','CDKN1B','PSMD2']).
6.15998947094922e-08-solution(['DDX39B','SRSF1','SF3B3']).
6.15998947094922e-08-solution(['SNRPB2','SRSF1','SF3B3']).
6.17176441581279e-08-solution(['KMT2D','CDKN1B','PSMC1']).
6.1782080148904e-08-solution(['E2F1','TP53','RMI1']).
6.1782080148904e-08-solution(['LIG4','TP53','RMI1']).
6.1782080148904e-08-solution(['PIAS3','TP53','RMI1']).
6.1782080148904e-08-solution(['PIDD1','TP53','RMI1']).
6.1782080148904e-08-solution(['PSMD2','TP53','RMI1']).
6.19519256971188e-08-solution(['AKT1','CDKN1B','PSMC2']).
6.21425288132953e-08-solution(['UBE2C','CDKN1B','PSMD6']).
6.22269087684333e-08-solution(['DDX39A','SRSF1','SF3B3']).
6.22269087684333e-08-solution(['E2F1','SRSF1','SF3B3']).
6.22269087684333e-08-solution(['GPKOW','SRSF1','SF3B3']).
6.23065460245313e-08-solution(['IGFBP3','TP53','RMI1']).
6.23998049464263e-08-solution(['COL1A2','ACTBL2','RAC3']).
6.24705747840988e-08-solution(['RAC3','DVL1','PSMC1']).
6.25313171140859e-08-solution(['CCNG1','TP53','RMI1']).
6.26940385903523e-08-solution(['PLRG1','U2AF1L4','SF3B3']).
6.30857524683206e-08-solution(['CDKN1B','TP53','RMI1']).
6.32817038768668e-08-solution(['PSMD6','DVL1','PSMC2']).
6.34270551323574e-08-solution(['TP53','CDKN1B','PSMD6']).
6.35698983080158e-08-solution(['NXF1','U2AF1L4','SF3B3']).
6.35698983080158e-08-solution(['SNRPA1','U2AF1L4','SF3B3']).
6.3590323732084e-08-solution(['PSMC1','CDKN1B','PSMC2']).
6.3625562228436e-08-solution(['ACTG1','MYH2','RHOA']).
6.36407502199372e-08-solution(['ACTN3','ACTBL2','RAC3']).
6.36407502199372e-08-solution(['ITGA7','ACTBL2','RAC3']).
6.38349894335025e-08-solution(['FOXA1','TP53','RMI1']).
6.3931594046847e-08-solution(['UBE2C','CDKN1B','PSMC1']).
6.39998215658425e-08-solution(['KLK3','TP53','RMI1']).
6.40401656415876e-08-solution(['HNRNPA1','SRSF1','SF3B3']).
6.423555169344e-08-solution(['DDX39B','U2AF1L4','SF3B3']).
6.423555169344e-08-solution(['SNRPB2','U2AF1L4','SF3B3']).
6.4242086692449e-08-solution(['CEBPZ','TP53','SIRT1']).
6.4242086692449e-08-solution(['SP1','TP53','SIRT1']).
6.4242086692449e-08-solution(['SUPT16H','TP53','SIRT1']).
6.4242086692449e-08-solution(['UBN1','TP53','SIRT1']).
6.43458327617047e-08-solution(['MMP25','ACTBL2','RAC3']).
6.43458327617047e-08-solution(['MYH2','ACTBL2','RAC3']).
6.44854015377083e-08-solution(['CDKN1B','ANAPC5','PSMD2']).
6.45637481207256e-08-solution(['PSMD2','DVL1','PSMC2']).
6.4881695493448e-08-solution(['MMP12','ACTBL2','RAC3']).
6.4883687884511e-08-solution(['DDX39A','U2AF1L4','SF3B3']).
6.4883687884511e-08-solution(['GPKOW','U2AF1L4','SF3B3']).
6.52963576768793e-08-solution(['TP53','CDKN1B','PSMC1']).
6.57979902822792e-08-solution(['TAF1L','TP53','RMI1']).
6.59121625823387e-08-solution(['ACTA1','MYH2','RHOA']).
6.59455209073463e-08-solution(['ANAPC2','CDKN1B','PSMC2']).
6.59455209073463e-08-solution(['PSMD6','CDKN1B','PSMC2']).
6.59484578260515e-08-solution(['ACTBL2','MYH2','RHOA']).
6.60871305617447e-08-solution(['PSMC2','ANAPC2','PSMD2']).
6.61245637294191e-08-solution(['U2AF1L4','SRSF1','SF3B3']).
6.61876278068867e-08-solution(['UBE2C','ANAPC5','PSMD2']).
6.63876116469005e-08-solution(['CDKN1B','ANAPC5','PSMD6']).
6.64565912380298e-08-solution(['IGHG4','MYH2','RHOA']).
6.6632953506939e-08-solution(['HSPA8','SRSF1','SF3B3']).
6.67580276803109e-08-solution(['HNRNPA1','U2AF1L4','SF3B3']).
6.69123332137385e-08-solution(['ACTG1','ACTBL2','RAC3']).
6.70439792990467e-08-solution(['AKT1','TP53','SIRT1']).
6.70439792990467e-08-solution(['P2RX4','TP53','SIRT1']).
6.70439792990467e-08-solution(['PSMC2','TP53','SIRT1']).
6.70439792990467e-08-solution(['RMI1','TP53','SIRT1']).
6.70439792990467e-08-solution(['TOP3A','TP53','SIRT1']).
6.70439792990467e-08-solution(['TYRP1','TP53','SIRT1']).
6.72255193721628e-08-solution(['E2F1','CDKN1B','PSMC2']).
6.72255193721628e-08-solution(['PSMD2','CDKN1B','PSMC2']).
6.7690629524263e-08-solution(['IGKV3-20','MYH2','RHOA']).
6.77668670017573e-08-solution(['PSMC1','ANAPC2','PSMD2']).
6.77813676335449e-08-solution(['IGLV1-47','MYH2','RHOA']).
6.77942536665953e-08-solution(['EIF2S1','RPL7','RPL10A']).
6.77942536665953e-08-solution(['RPS4Y2','RPL7','RPL10A']).
6.78228519890772e-08-solution(['KMT2D','CDKN1B','PSMC2']).
6.79873180616174e-08-solution(['U2AF1L4','YBX1','SF3B3']).
6.81718744585681e-08-solution(['PSMC2','ANAPC2','PSMD6']).
6.81777537853998e-08-solution(['UBE2C','ANAPC5','PSMD6']).
6.82660916939321e-08-solution(['MMP9','ACTBL2','RAC3']).
6.83520923664584e-08-solution(['SRSF1','U2AF1L4','SF3B3']).
6.85715688613448e-08-solution(['HSPA8','YBX1','SF3B3']).
6.87004775475764e-08-solution(['RAC3','DVL1','PSMC2']).
6.880202956201e-08-solution(['P2RX1','TP53','SIRT1']).
6.880202956201e-08-solution(['PERP','TP53','SIRT1']).
6.880202956201e-08-solution(['PSMC1','TP53','SIRT1']).
6.880202956201e-08-solution(['TSC2','TP53','SIRT1']).
6.93066254051021e-08-solution(['MAD2L2','ANAPC2','PSMD2']).
6.94381584163611e-08-solution(['HSPA8','U2AF1L4','SF3B3']).
6.97439059700907e-08-solution(['PSMC2','ANAPC2','PSMC1']).
6.99397026455002e-08-solution(['PSMC1','ANAPC2','PSMD6']).
7.01814881342753e-08-solution(['PSMD6','ANAPC2','PSMD2']).
7.031458233392e-08-solution(['UBE2C','CDKN1B','PSMC2']).
7.0413575636393e-08-solution(['HDAC3','TP53','SIRT1']).
7.0413575636393e-08-solution(['TYMS','TP53','SIRT1']).
7.07279654903614e-08-solution(['SSR3','RPL7','RPL10A']).
7.0889809013016e-08-solution(['HSPA8','SP1','SIRT1']).
7.11127966879211e-08-solution(['TP53','SP1','SIRT1']).
7.13292268150197e-08-solution(['PSMD6','TP53','SIRT1']).
7.15602118168546e-08-solution(['MAD2L2','ANAPC2','PSMD6']).
7.16290014195847e-08-solution(['EIF2S1','RPL10A','RPL7']).
7.16290014195847e-08-solution(['RPS4Y2','RPL10A','RPL7']).
7.18505804916998e-08-solution(['TP53','CDKN1B','PSMC2']).
7.20251217107759e-08-solution(['SSTR2','TP53','SIRT1']).
7.20251217107759e-08-solution(['TAF6','TP53','SIRT1']).
7.27027035829597e-08-solution(['E2F1','TP53','SIRT1']).
7.27027035829597e-08-solution(['LIG4','TP53','SIRT1']).
7.27027035829597e-08-solution(['PIAS3','TP53','SIRT1']).
7.27027035829597e-08-solution(['PIDD1','TP53','SIRT1']).
7.27027035829597e-08-solution(['PSMD2','TP53','SIRT1']).
7.30160433767965e-08-solution(['CDKN1B','ANAPC2','PSMD2']).
7.33436594079984e-08-solution(['IGFBP3','TP53','SIRT1']).
7.33446014522727e-08-solution(['MAD2L2','ANAPC2','PSMC1']).
7.36183547615864e-08-solution(['CCNG1','TP53','SIRT1']).
7.38620714352557e-08-solution(['PSMD2','ANAPC2','PSMD6']).
7.42959366337701e-08-solution(['CDKN1B','TP53','SIRT1']).
7.43230513115613e-08-solution(['PSMD6','ANAPC2','PSMC1']).
7.46607853076422e-08-solution(['UBE2C','ANAPC2','PSMD2']).
7.47286571724548e-08-solution(['SSR3','RPL10A','RPL7']).
7.52115878123969e-08-solution(['FOXA1','TP53','SIRT1']).
7.54130310716947e-08-solution(['KLK3','TP53','SIRT1']).
7.54641657296629e-08-solution(['CDKN1B','ANAPC2','PSMD6']).
7.56767148604265e-08-solution(['SNRPA1','HNRNPA1','SF3B3']).
7.57907261004942e-08-solution(['PSMD2','ANAPC2','PSMC1']).
7.64969416615378e-08-solution(['SNRPB2','HNRNPA1','SF3B3']).
7.71951641627006e-08-solution(['UBE2C','ANAPC2','PSMD6']).
7.72955835468304e-08-solution(['GPKOW','HNRNPA1','SF3B3']).
7.74853884274513e-08-solution(['HNRNPA1','SNRPA1','SF3B3']).
7.74932288556563e-08-solution(['CDKN1B','ANAPC2','PSMC1']).
7.76105939003988e-08-solution(['TAF1L','TP53','SIRT1']).
7.80092743248538e-08-solution(['EIF4A1','EIF2S1','RPL10A']).
7.82455827618237e-08-solution(['ANAPC5','UBE2C','PSMD2']).
7.83953681980297e-08-solution(['HNRNPA1','SNRPB2','SF3B3']).
7.84807423245932e-08-solution(['EPN1','HSPA8','SIRT1']).
7.84807423245932e-08-solution(['HIP1R','HSPA8','SIRT1']).
7.84807423245932e-08-solution(['SNRNP200','HSPA8','SIRT1']).
7.84807423245932e-08-solution(['SP1','HSPA8','SIRT1']).
7.84807423245932e-08-solution(['SRSF4','HSPA8','SIRT1']).
7.85055002173434e-08-solution(['PSMC1','ANAPC2','PSMC2']).
7.85263812569315e-08-solution(['RPL7','EIF2S1','RPL10A']).
7.87252764574548e-08-solution(['SRSF1','PLRG1','SF3B3']).
7.93327145911189e-08-solution(['UBE2C','ANAPC2','PSMC1']).
7.94355129521372e-08-solution(['U2AF1L4','PLRG1','SF3B3']).
7.94965608024935e-08-solution(['SRSF1','SNRPA1','SF3B3']).
7.95790632258038e-08-solution(['PPP1R15A','EIF2S1','RPL10A']).
8.0101359665902e-08-solution(['HSPA8','PLRG1','SF3B3']).
8.02037862530578e-08-solution(['U2AF1L4','SNRPA1','SF3B3']).
8.040834181711e-08-solution(['SRSF1','SNRPB2','SF3B3']).
8.04439076301174e-08-solution(['MAD2L2','ANAPC2','PSMC2']).
8.06054420896225e-08-solution(['HNRNPA1','GPKOW','SF3B3']).
8.06690218965892e-08-solution(['ANAPC5','UBE2C','PSMD6']).
8.08668101129618e-08-solution(['HSPA8','SNRPA1','SF3B3']).
8.11162006721712e-08-solution(['U2AF1L4','SNRPB2','SF3B3']).
8.11488083258779e-08-solution(['EIF4A1','EIF2S1','RPL7']).
8.15452754782844e-08-solution(['PSMD6','ANAPC2','PSMC2']).
8.15693968789366e-08-solution(['SRSF1','HNRNPA1','SF3B3']).
8.17798183487911e-08-solution(['HSPA8','SNRPB2','SF3B3']).
8.19144150657035e-08-solution(['DDX23','HSPA8','SIRT1']).
8.19144150657035e-08-solution(['LDLRAP1','HSPA8','SIRT1']).
8.19144150657035e-08-solution(['POLR2B','HSPA8','SIRT1']).
8.22601141851356e-08-solution(['U2AF1L4','HNRNPA1','SF3B3']).
8.26537792105819e-08-solution(['SRSF1','GPKOW','SF3B3']).
8.28173251879242e-08-solution(['PPP1R15A','EIF2S1','RPL7']).
8.29076616596971e-08-solution(['HSPA8','HNRNPA1','SF3B3']).
8.31973272505349e-08-solution(['PSMD2','ANAPC2','PSMC2']).
8.33740735827874e-08-solution(['U2AF1L4','GPKOW','SF3B3']).
8.34651023226011e-08-solution(['RPL10A','EIF2S1','RPL7']).
8.40493495567301e-08-solution(['HSPA8','GPKOW','SF3B3']).
8.4068876393459e-08-solution(['HGS','HSPA8','SIRT1']).
8.4068876393459e-08-solution(['YBX1','HSPA8','SIRT1']).
8.51137073063454e-08-solution(['CDKN1B','ANAPC2','PSMC2']).
8.60437992772349e-08-solution(['PLRG1','HSPA8','SIRT1']).
8.63377387902695e-08-solution(['PSMC2','UBE2C','PSMD2']).
8.71659145521075e-08-solution(['APOB','HSPA8','SIRT1']).
8.71659145521075e-08-solution(['SNRPA1','HSPA8','SIRT1']).
8.71842788608994e-08-solution(['UBE2C','ANAPC2','PSMC2']).
8.80187221610107e-08-solution(['SNRPB2','HSPA8','SIRT1']).
8.83928895276525e-08-solution(['PSMC1','UBE2C','PSMD2']).
8.88490874644165e-08-solution(['GPKOW','HSPA8','SIRT1']).
8.88490874644165e-08-solution(['GPR37L1','HSPA8','SIRT1']).
8.91865890130446e-08-solution(['PSMC2','UBE2C','PSMD6']).
9.07322678028629e-08-solution(['FPR1','MAP2K7','RAC3']).
9.07322678028629e-08-solution(['MAPK8IP3','MAP2K7','RAC3']).
9.07322678028629e-08-solution(['NOD1','MAP2K7','RAC3']).
9.1250414152644e-08-solution(['HNRNPA1','HSPA8','SIRT1']).
9.13471687126407e-08-solution(['ANAPC2','UBE2C','PSMD2']).
9.13471687126407e-08-solution(['PSMD6','UBE2C','PSMD2']).
9.13497806616683e-08-solution(['PSMC1','UBE2C','PSMD6']).
9.14949807630065e-08-solution(['PSMC2','UBE2C','PSMC1']).
9.32926639529122e-08-solution(['SRSF1','HSPA8','SIRT1']).
9.34946447023893e-08-solution(['CD3D','HSPA8','SIRT1']).
9.38102866283107e-08-solution(['CETP','SP1','RPS6KB2']).
9.38102866283107e-08-solution(['POLR2B','SP1','RPS6KB2']).
9.38102866283107e-08-solution(['SLC5A7','SP1','RPS6KB2']).
9.40108177288307e-08-solution(['U2AF1L4','HSPA8','SIRT1']).
9.44593686565647e-08-solution(['ANAPC2','UBE2C','PSMD6']).
9.48152355819746e-08-solution(['CDKN1B','UBE2C','PSMD2']).
9.60238272985674e-08-solution(['AKT1','CD40','PSMD2']).
9.60238272985674e-08-solution(['JAK3','CD40','PSMD2']).
9.60238272985674e-08-solution(['PSMC2','CD40','PSMD2']).
9.61493621320519e-08-solution(['PSMD2','UBE2C','PSMD6']).
9.63855761668631e-08-solution(['CD83','SP1','RPS6KB2']).
9.70996471238818e-08-solution(['ANAPC2','UBE2C','PSMC1']).
9.70996471238818e-08-solution(['PSMD6','UBE2C','PSMC1']).
9.81097545636171e-08-solution(['CDKN1B','UBE2C','PSMD6']).
9.84401542764606e-08-solution(['PSMC1','CD40','PSMD2']).
9.88960145472392e-08-solution(['PSMD2','UBE2C','PSMC1']).
9.90580115740538e-08-solution(['AKT1','CD40','PSMD6']).
9.90580115740538e-08-solution(['JAK3','CD40','PSMD6']).
9.90580115740538e-08-solution(['PSMC2','CD40','PSMD6']).
1.00979800758334e-07-solution(['CDKN1B','UBE2C','PSMC1']).
1.01106940320876e-07-solution(['FES','SP1','RPS6KB2']).
1.01106940320876e-07-solution(['MMP12','SP1','RPS6KB2']).
1.01106940320876e-07-solution(['TAF6','SP1','RPS6KB2']).
1.01352054451714e-07-solution(['AKT1','CD40','PSMC1']).
1.01352054451714e-07-solution(['JAK3','CD40','PSMC1']).
1.01352054451714e-07-solution(['PSMC2','CD40','PSMC1']).
1.01600677111784e-07-solution(['PSMC1','CD40','PSMD6']).
1.01913624307182e-07-solution(['PSMD6','CD40','PSMD2']).
1.02099499830526e-07-solution(['E2F1','SP1','RPS6KB2']).
1.02099499830526e-07-solution(['NR2F1','SP1','RPS6KB2']).
1.02454038425858e-07-solution(['RPL7','SSR3','RPL10A']).
1.03010250311755e-07-solution(['PSMC1','UBE2C','PSMC2']).
1.0303840747479e-07-solution(['IGFBP3','SP1','RPS6KB2']).
1.0303840747479e-07-solution(['NABP1','SP1','RPS6KB2']).
1.05774652609502e-07-solution(['FOXA1','SP1','RPS6KB2']).
1.06731563019352e-07-solution(['ANAPC2','UBE2C','PSMC2']).
1.06731563019352e-07-solution(['PSMD6','UBE2C','PSMC2']).
1.07242216273621e-07-solution(['PSMD2','CD40','PSMD6']).
1.07545164167257e-07-solution(['MMP9','SP1','RPS6KB2']).
1.07936280087944e-07-solution(['PSMD6','CD40','PSMC1']).
1.08754015577829e-07-solution(['PSMD2','UBE2C','PSMC2']).
1.08932519545662e-07-solution(['RPL10A','SSR3','RPL7']).
1.09074242330772e-07-solution(['HSPA8','SP1','RPS6KB2']).
1.09288921067173e-07-solution(['FASLG','MAP2K7','RAC3']).
1.09369327590398e-07-solution(['TP53','SP1','RPS6KB2']).
1.10046608817505e-07-solution(['PSMD2','CD40','PSMC1']).
1.10123805292686e-07-solution(['P2RX1','TP53','RBL2']).
1.10123805292686e-07-solution(['PERP','TP53','RBL2']).
1.10123805292686e-07-solution(['PSMC1','TP53','RBL2']).
1.10123805292686e-07-solution(['TSC2','TP53','RBL2']).
1.11019082971921e-07-solution(['AKT1','CD40','PSMC2']).
1.11019082971921e-07-solution(['JAK3','CD40','PSMC2']).
1.11100060545663e-07-solution(['CDKN1B','UBE2C','PSMC2']).
1.12867546760907e-07-solution(['HDAC3','TP53','RBL2']).
1.12867546760907e-07-solution(['TYMS','TP53','RBL2']).
1.14058966590091e-07-solution(['PSMC1','CD40','PSMC2']).
1.14426490776941e-07-solution(['PSMD6','TP53','RBL2']).
1.15611288229127e-07-solution(['SSTR2','TP53','RBL2']).
1.15611288229127e-07-solution(['TAF6','TP53','RBL2']).
1.16764906800993e-07-solution(['E2F1','TP53','RBL2']).
1.16764906800993e-07-solution(['LIG4','TP53','RBL2']).
1.16764906800993e-07-solution(['PIAS3','TP53','RBL2']).
1.16764906800993e-07-solution(['PIDD1','TP53','RBL2']).
1.16764906800993e-07-solution(['PSMD2','TP53','RBL2']).
1.17856167612217e-07-solution(['IGFBP3','TP53','RBL2']).
1.18323850817028e-07-solution(['CCNG1','TP53','RBL2']).
1.18428799291211e-07-solution(['PSMD6','CD40','PSMC2']).
1.19477469388893e-07-solution(['CDKN1B','TP53','RBL2']).
1.20803708367906e-07-solution(['PSMD2','CD40','PSMC2']).
1.21036413404928e-07-solution(['FOXA1','TP53','RBL2']).
1.21379381088456e-07-solution(['KLK3','TP53','RBL2']).
1.24453953886786e-07-solution(['TAF1L','TP53','RUNX3']).
1.24496433692763e-07-solution(['MYH8','ACTA1','RAC3']).
1.25120846726939e-07-solution(['TAF1L','TP53','RBL2']).
1.29059911017869e-07-solution(['MYH6','ACTA1','RAC3']).
1.29159583132864e-07-solution(['ADCY6','AKT1','RPS6KB2']).
1.29159583132864e-07-solution(['JAK3','AKT1','RPS6KB2']).
1.29159583132864e-07-solution(['MKRN1','AKT1','RPS6KB2']).
1.29520873855304e-07-solution(['MCM4','E2F1','SIRT1']).
1.29696431548214e-07-solution(['MED12','HDAC3','SIRT1']).
1.31053165494294e-07-solution(['E2F1','HDAC3','SIRT1']).
1.32336562470315e-07-solution(['KMT2D','HDAC3','SIRT1']).
1.32556657100194e-07-solution(['TSC2','AKT1','RPS6KB2']).
1.32790477096632e-07-solution(['HDAC3','E2F1','SIRT1']).
1.32790477096632e-07-solution(['TYMS','E2F1','SIRT1']).
1.33539085206303e-07-solution(['PSMC2','SPOP','PSMD2']).
1.3454801446767e-07-solution(['ACTN3','ACTA1','RAC3']).
1.36039346926855e-07-solution(['MMP25','ACTA1','RAC3']).
1.36039346926855e-07-solution(['MYH2','ACTA1','RAC3']).
1.36060080337959e-07-solution(['INSIG1','E2F1','SIRT1']).
1.37061962969371e-07-solution(['PSMC1','SPOP','PSMD2']).
1.37172759595836e-07-solution(['MMP12','ACTA1','RAC3']).
1.37603499303109e-07-solution(['PSMC2','SPOP','PSMD6']).
1.38496867955218e-07-solution(['NR1D1','HDAC3','SIRT1']).
1.38784626040299e-07-solution(['CD40','AKT1','RPS6KB2']).
1.40366960691706e-07-solution(['MED11','HDAC3','SIRT1']).
1.40667248541647e-07-solution(['CDKN1B','E2F1','SIRT1']).
1.40990324937202e-07-solution(['TP53','HDAC3','SIRT1']).
1.41309990866829e-07-solution(['PSMC1','SPOP','PSMD6']).
1.42126099753781e-07-solution(['PSMD6','SPOP','PSMD2']).
1.42677106627865e-07-solution(['FASLG','AKT1','RPS6KB2']).
1.431725132481e-07-solution(['CDKN1B','AKT1','RPS6KB2']).
1.44331155399924e-07-solution(['MMP9','ACTA1','RAC3']).
1.44531325099579e-07-solution(['IRF2BPL','E2F1','SIRT1']).
1.44791407175594e-07-solution(['SRSF1','E2F1','SIRT1']).
1.45578773974959e-07-solution(['MST1','AKT1','RPS6KB2']).
1.47503691682604e-07-solution(['TP53','E2F1','SIRT1']).
1.49533769023833e-07-solution(['PSMD2','SPOP','PSMD6']).
1.49683571685483e-07-solution(['TP53','AKT1','RPS6KB2']).
1.50072619742743e-07-solution(['PSMD6','SPOP','PSMC1']).
1.53147878344028e-07-solution(['PSMD2','SPOP','PSMC1']).
1.64414728597585e-07-solution(['PSMD6','SPOP','PSMC2']).
1.66255082307597e-07-solution(['TP53','RBL2','PSMC1']).
1.67874634502416e-07-solution(['PSMD2','SPOP','PSMC2']).
1.87420290774519e-07-solution(['RPL7','RPS4Y2','RPL10A']).
1.94957654302846e-07-solution(['RPL10L','RPS4Y2','RPL10A']).
1.99085062813328e-07-solution(['RPL10A','RPS4Y2','RPL7']).
2.02877605167016e-07-solution(['RPL10L','RPS4Y2','RPL7']).
2.25014085656775e-07-solution(['CDKN1B','E2F1','RBL2']).
2.31585684900893e-07-solution(['IRF2BPL','E2F1','RBL2']).
2.32028004080786e-07-solution(['SRSF1','E2F1','RBL2']).
2.33637645932604e-07-solution(['EIF2S1','RPL7','RPS4Y2']).
2.36640761242522e-07-solution(['TP53','E2F1','RBL2']).
2.37846180503687e-07-solution(['EIF2S1','RPL10A','RPS4Y2']).
2.41358377619367e-07-solution(['ACTG1','NCKAP1L','RAC3']).
2.42874038136892e-07-solution(['TP53','PSMC1','RBL2']).
2.4526266671454e-07-solution(['SSR3','RPL7','RPS4Y2']).
2.4939942686395e-07-solution(['SSR3','RPL10A','RPS4Y2']).
2.5838831560626e-07-solution(['MRPS2','MRPS25','PTCD3']).
2.59568641196854e-07-solution(['MRPS25','MRPS2','PTCD3']).
2.66980453933917e-07-solution(['RPL7','RPL10A','RPS4Y2']).
2.68639067199954e-07-solution(['RPL10A','RPL7','RPS4Y2']).
2.91065075751486e-07-solution(['KIF2B','KIF2C','RINT1']).
2.93176453624636e-07-solution(['KIF2C','KIF2B','RINT1']).
3.06051309366476e-07-solution(['CENPL','KIF2B','RINT1']).
3.06051309366476e-07-solution(['NUP43','KIF2B','RINT1']).
3.17142312819855e-07-solution(['LIMK1','PLXNA3','RAC3']).
3.19826061481265e-07-solution(['HDAC3','TFDP1','RING1']).
3.27570518417138e-07-solution(['TP53','TOP3A','RMI1']).
3.30873443707012e-07-solution(['FES','PLXNA3','RAC3']).
3.31119354612666e-07-solution(['E2F1','TFDP1','RING1']).
3.38979486632121e-07-solution(['CDKN1B','TFDP1','RING1']).
3.41238994511614e-07-solution(['ANAPC2','CDKN1B','RBL2']).
3.41238994511614e-07-solution(['PSMD6','CDKN1B','RBL2']).
3.48580625202484e-07-solution(['E2F1','CDKN1B','RBL2']).
3.48580625202484e-07-solution(['PSMD2','CDKN1B','RBL2']).
3.52006719524889e-07-solution(['KMT2D','CDKN1B','RBL2']).
3.55603214121542e-07-solution(['TP53','TFDP1','RING1']).
3.66298427269782e-07-solution(['UBE2C','CDKN1B','RBL2']).
3.75108384098825e-07-solution(['TP53','CDKN1B','RBL2']).
5.73770227394525e-07-solution(['PLXNA3','RAC3','RALGDS']).
5.79364128302543e-07-solution(['RAC3','KRAS','RASAL3']).
5.81759230839172e-07-solution(['DVL1','RAC3','RALGDS']).
5.93742736006142e-07-solution(['MAP2K7','RAC3','RALGDS']).
6.10839203377686e-07-solution(['ACTG1','RAC3','RALGDS']).
6.15027872360383e-07-solution(['HDAC3','NR1D1','SIRT1']).
6.30971492058195e-07-solution(['ACTA1','RAC3','RALGDS']).
6.31291052195981e-07-solution(['ACTBL2','RAC3','RALGDS']).
6.57690647726658e-07-solution(['FOXA1','NR1D1','SIRT1']).
7.5120359153254e-07-solution(['RPL7','RPS4Y2','RPL10L']).
7.6680671251983e-07-solution(['RPL10A','RPS4Y2','RPL10L']).
8.05109340099599e-07-solution(['TP53','TOP3A','RAD51D']).
9.10676265154377e-07-solution(['TP53','RMI1','RAD51D']).
9.33538776700808e-07-solution(['FGA','IRAK2','S100A8']).
1.15585887419919e-06-solution(['TP53','TSC2','RPS6KA1']).
1.16560443021345e-06-solution(['PPP1R15A','BMP4','RGMB']).
1.25080205211033e-06-solution(['IGKV3-20','CD79A','PTPRC']).
1.25257926446059e-06-solution(['IGLV1-47','CD79A','PTPRC']).
1.38798762105821e-06-solution(['RPS6KB2','SP1','SLC5A7']).
1.39989486401839e-06-solution(['FOXA1','SP1','SLC5A7']).
1.42609079853079e-06-solution(['MMP9','SP1','SLC5A7']).
1.44871456015513e-06-solution(['HSPA8','SP1','SLC5A7']).
1.45308054924053e-06-solution(['TP53','SP1','SLC5A7']).
1.4991308402002e-06-solution(['WDR3','EXOSC5','SKIV2L']).
1.4991308402002e-06-solution(['WDR75','EXOSC5','SKIV2L']).
1.68637021521304e-06-solution(['WDR46','EXOSC5','SKIV2L']).
1.81883720042522e-06-solution(['SP1','FOXA1','SLC34A1']).
1.89564705183705e-06-solution(['HCFC1','FOXA1','SLC34A1']).
1.9880196836003e-06-solution(['MAD2L2','FOXA1','SLC34A1']).
2.01312094223162e-06-solution(['APOB','FOXA1','SLC34A1']).
2.01312094223162e-06-solution(['ZNF460','FOXA1','SLC34A1']).
2.14665963815022e-06-solution(['IRF2BPL','FOXA1','SLC34A1']).
2.15268394022174e-06-solution(['NR1D1','FOXA1','SLC34A1']).
2.18321114469977e-06-solution(['EIF2S1','PPP1R15A','RGMB']).
2.18682165196033e-06-solution(['TP53','FOXA1','SLC34A1']).
2.38218875347033e-06-solution(['BMP4','PPP1R15A','RGMB']).
