gene_patient_probability_file('new_data/CADD_aggr.pl').
gene_function_file('new_data/coverage_corrected_aggr.pl').
network_file('new_data/network.pl').
threshold(1.0e-06).
pattern_quality_metric_threshold(0.67).
mcda(weighted_sum,[0.0,0]).
experiment_query(solution_3_genes(mcda(weighted_sum,[alpha(0.0),beta(0)]),0.67,_131106)).
3.43379825334312e-08-solution(['NUP54','SRSF1','NUP43']).
3.43379825334312e-08-solution(['POM121C','SRSF1','NUP43']).
3.43379825334312e-08-solution(['SNRNP200','SRSF1','NUP43']).
3.43379825334312e-08-solution(['SRSF4','SRSF1','NUP43']).
3.43473580493501e-08-solution(['HNRNPA1','SRSF4','NUP43']).
3.49681096555096e-08-solution(['CDKN1B','RHOA','MYH2']).
3.51687299059715e-08-solution(['ACTG1','RHOA','MYH2']).
3.52411554707087e-08-solution(['SRSF1','SRSF4','NUP43']).
3.5555457860637e-08-solution(['U2AF1L4','SRSF4','NUP43']).
3.58001072724569e-08-solution(['NUP54','U2AF1L4','NUP43']).
3.58001072724569e-08-solution(['POM121C','U2AF1L4','NUP43']).
3.58001072724569e-08-solution(['SNRNP200','U2AF1L4','NUP43']).
3.58001072724569e-08-solution(['SRSF4','U2AF1L4','NUP43']).
3.58022276080173e-08-solution(['DDX23','SRSF1','NUP43']).
3.58022276080173e-08-solution(['POLR2B','SRSF1','NUP43']).
3.58501163511947e-08-solution(['HSPA8','SRSF4','NUP43']).
3.65229165965894e-08-solution(['RAC3','RHOA','MYH2']).
3.67209696156008e-08-solution(['YBX1','SRSF1','NUP43']).
3.73132057289999e-08-solution(['DDX23','U2AF1L4','NUP43']).
3.73132057289999e-08-solution(['POLR2B','U2AF1L4','NUP43']).
3.75631497892189e-08-solution(['PLRG1','SRSF1','NUP43']).
3.8041661251502e-08-solution(['NXF1','SRSF1','NUP43']).
3.8041661251502e-08-solution(['SNRPA1','SRSF1','NUP43']).
3.82626008389877e-08-solution(['YBX1','U2AF1L4','NUP43']).
3.84053299628371e-08-solution(['DDX39B','SRSF1','NUP43']).
3.84053299628371e-08-solution(['SNRPB2','SRSF1','NUP43']).
3.87594284449265e-08-solution(['DDX39A','SRSF1','NUP43']).
3.87594284449265e-08-solution(['E2F1','SRSF1','NUP43']).
3.87594284449265e-08-solution(['GPKOW','SRSF1','NUP43']).
3.91328796898099e-08-solution(['PLRG1','U2AF1L4','NUP43']).
3.96273563095952e-08-solution(['NXF1','U2AF1L4','NUP43']).
3.96273563095952e-08-solution(['SNRPA1','U2AF1L4','NUP43']).
3.97834429742122e-08-solution(['HNRNPA1','SRSF1','NUP43']).
4.00031585406321e-08-solution(['DDX39B','U2AF1L4','NUP43']).
4.00031585406321e-08-solution(['SNRPB2','U2AF1L4','NUP43']).
4.03690712392732e-08-solution(['DDX39A','U2AF1L4','NUP43']).
4.03690712392732e-08-solution(['GPKOW','U2AF1L4','NUP43']).
4.09605811714285e-08-solution(['U2AF1L4','SRSF1','NUP43']).
4.12476880487983e-08-solution(['HSPA8','SRSF1','NUP43']).
4.14272512056138e-08-solution(['HNRNPA1','U2AF1L4','NUP43']).
4.2327198653623e-08-solution(['SRSF1','U2AF1L4','NUP43']).
4.29403496621568e-08-solution(['HSPA8','U2AF1L4','NUP43']).
4.43204692133686e-08-solution(['CETP','SP1','MMP9']).
4.43204692133686e-08-solution(['POLR2B','SP1','MMP9']).
4.43204692133686e-08-solution(['SLC5A7','SP1','MMP9']).
4.48025628787572e-08-solution(['CD83','SP1','NABP1']).
4.55046509680259e-08-solution(['CD83','SP1','MMP9']).
4.68390731375798e-08-solution(['DDX23','POLR2B','NABP1']).
4.70420548033983e-08-solution(['FES','SP1','NABP1']).
4.70420548033983e-08-solution(['MMP12','SP1','NABP1']).
4.70420548033983e-08-solution(['TAF6','SP1','NABP1']).
4.71444401949933e-08-solution(['ITGAL','ACTG1','MYH2']).
4.71444401949933e-08-solution(['NCKAP1L','ACTG1','MYH2']).
4.71444401949933e-08-solution(['RHOA','ACTG1','MYH2']).
4.71444401949933e-08-solution(['SYNPO','ACTG1','MYH2']).
4.75128570830103e-08-solution(['E2F1','SP1','NABP1']).
4.75128570830103e-08-solution(['NR2F1','SP1','NABP1']).
4.76756508515641e-08-solution(['FES','SP1','MMP9']).
4.76756508515641e-08-solution(['MMP12','SP1','MMP9']).
4.76756508515641e-08-solution(['TAF6','SP1','MMP9']).
4.78350845766171e-08-solution(['HGS','HSPA8','OCRL']).
4.78350845766171e-08-solution(['YBX1','HSPA8','OCRL']).
4.79582105907515e-08-solution(['IGFBP3','SP1','NABP1']).
4.80957950551895e-08-solution(['YBX1','POLR2B','NABP1']).
4.81320542361716e-08-solution(['E2F1','SP1','MMP9']).
4.81320542361716e-08-solution(['NR2F1','SP1','MMP9']).
4.8563787167557e-08-solution(['IGFBP3','SP1','MMP9']).
4.8563787167557e-08-solution(['NABP1','SP1','MMP9']).
4.88743663781046e-08-solution(['RPS6KB2','SP1','NABP1']).
4.90306220497049e-08-solution(['PLRG1','HSPA8','OCRL']).
4.92477901463318e-08-solution(['HDAC3','POLR2B','NABP1']).
4.92477901463318e-08-solution(['PLRG1','POLR2B','NABP1']).
4.92560979561685e-08-solution(['FOXA1','SP1','NABP1']).
4.94519234835499e-08-solution(['RPS6KB2','SP1','MMP9']).
4.97099047048684e-08-solution(['APOB','HSPA8','OCRL']).
4.97099047048684e-08-solution(['SNRPA1','HSPA8','OCRL']).
4.98219802818803e-08-solution(['FOXA1','SP1','MMP9']).
4.99023328117535e-08-solution(['SNRPA1','POLR2B','NABP1']).
5.00959074279089e-08-solution(['MMP9','SP1','NABP1']).
5.01699675891386e-08-solution(['COL3A1','ACTG1','MYH2']).
5.01699675891386e-08-solution(['FLNC','ACTG1','MYH2']).
5.01699675891386e-08-solution(['ITGAM','ACTG1','MYH2']).
5.01699675891386e-08-solution(['MYH8','ACTG1','MYH2']).
5.01699675891386e-08-solution(['TLN1','ACTG1','MYH2']).
5.02261595227928e-08-solution(['SNRPB2','HSPA8','OCRL']).
5.03997852374741e-08-solution(['SNRPB2','POLR2B','NABP1']).
5.03997852374741e-08-solution(['TAF6','POLR2B','NABP1']).
5.07288286876138e-08-solution(['GPKOW','HSPA8','OCRL']).
5.07288286876138e-08-solution(['GPR37L1','HSPA8','OCRL']).
5.08211974262301e-08-solution(['HSPA8','SP1','NABP1']).
5.08841468098862e-08-solution(['GPKOW','POLR2B','NABP1']).
5.09611656715202e-08-solution(['TP53','SP1','NABP1']).
5.13392131550349e-08-solution(['HSPA8','SP1','MMP9']).
5.13423266756814e-08-solution(['KMT2D','POLR2B','NABP1']).
5.1474900647756e-08-solution(['TP53','SP1','MMP9']).
5.21824935696638e-08-solution(['HNRNPA1','HSPA8','OCRL']).
5.22273262171574e-08-solution(['MYH6','ACTG1','MYH2']).
5.22848681138887e-08-solution(['ERCC2','POLR2B','NABP1']).
5.22848681138887e-08-solution(['HNRNPA1','POLR2B','NABP1']).
5.32422231157046e-08-solution(['KIF2B','KIF2C','NUP43']).
5.34187880020614e-08-solution(['SRSF1','HSPA8','OCRL']).
5.34761357649563e-08-solution(['SRSF1','POLR2B','NABP1']).
5.35182179053261e-08-solution(['COL1A2','ACTG1','MYH2']).
5.35410588799909e-08-solution(['CD3D','HSPA8','OCRL']).
5.35791746433872e-08-solution(['KIF2C','KIF2B','NUP43']).
5.35791746433872e-08-solution(['RINT1','KIF2B','NUP43']).
5.38535289013661e-08-solution(['U2AF1L4','HSPA8','OCRL']).
5.38950430708262e-08-solution(['U2AF1L4','POLR2B','NABP1']).
5.40352061501907e-08-solution(['SRSF1','NUP54','NUP43']).
5.42877686700792e-08-solution(['HSPA8','POLR2B','NABP1']).
5.43924954965467e-08-solution(['TAF1L','POLR2B','NABP1']).
5.43968938685963e-08-solution(['SRSF1','POM121C','NUP43']).
5.45171254915525e-08-solution(['U2AF1L4','NUP54','NUP43']).
5.47015352861474e-08-solution(['ACTN3','ACTG1','MYH2']).
5.47015352861474e-08-solution(['ITGA7','ACTG1','MYH2']).
5.48820389644143e-08-solution(['U2AF1L4','POM121C','NUP43']).
5.53738747070686e-08-solution(['MMP25','ACTG1','MYH2']).
5.58331239753746e-08-solution(['CENPL','KIF2B','NUP43']).
5.58848526669687e-08-solution(['MMP12','ACTG1','MYH2']).
5.8932815434806e-08-solution(['HSPA8','SRSF4','NUP54']).
5.90419292042911e-08-solution(['DDX23','SRSF1','NUP54']).
5.90419292042911e-08-solution(['NUP43','SRSF1','NUP54']).
5.90419292042911e-08-solution(['POLR2B','SRSF1','NUP54']).
5.91120818873904e-08-solution(['MMP9','ACTG1','MYH2']).
5.95423791167799e-08-solution(['ACTBL2','ACTG1','MYH2']).
5.96365066357089e-08-solution(['RAC3','ACTG1','MYH2']).
6.06216463736366e-08-solution(['YBX1','SRSF1','NUP54']).
6.15628711440754e-08-solution(['DDX23','U2AF1L4','NUP54']).
6.15628711440754e-08-solution(['NUP43','U2AF1L4','NUP54']).
6.15628711440754e-08-solution(['POLR2B','U2AF1L4','NUP54']).
6.15776736128744e-08-solution(['SRSF1','NUP43','NUP54']).
6.20697204455368e-08-solution(['PLRG1','SRSF1','NUP54']).
6.2126861337404e-08-solution(['U2AF1L4','NUP43','NUP54']).
6.24186173160603e-08-solution(['KIF2B','NUP43','NUP54']).
6.28924898045709e-08-solution(['NXF1','SRSF1','NUP54']).
6.28924898045709e-08-solution(['SNRPA1','SRSF1','NUP54']).
6.31954776716531e-08-solution(['YBX1','U2AF1L4','NUP54']).
6.35177945174369e-08-solution(['DDX39B','SRSF1','NUP54']).
6.35177945174369e-08-solution(['SNRPB2','SRSF1','NUP54']).
6.41266438431222e-08-solution(['DDX39A','SRSF1','NUP54']).
6.41266438431222e-08-solution(['E2F1','SRSF1','NUP54']).
6.41266438431222e-08-solution(['GPKOW','SRSF1','NUP54']).
6.4692033655266e-08-solution(['PLRG1','U2AF1L4','NUP54']).
6.5542349555046e-08-solution(['NXF1','U2AF1L4','NUP54']).
6.5542349555046e-08-solution(['SNRPA1','U2AF1L4','NUP54']).
6.58873702714553e-08-solution(['HNRNPA1','SRSF1','NUP54']).
6.61885896388788e-08-solution(['DDX39B','U2AF1L4','NUP54']).
6.61885896388788e-08-solution(['SNRPB2','U2AF1L4','NUP54']).
6.68178234047161e-08-solution(['DDX39A','U2AF1L4','NUP54']).
6.68178234047161e-08-solution(['GPKOW','U2AF1L4','NUP54']).
6.79113828946793e-08-solution(['U2AF1L4','SRSF1','NUP54']).
6.84050445100998e-08-solution(['HSPA8','SRSF1','NUP54']).
6.86374994302454e-08-solution(['HNRNPA1','U2AF1L4','NUP54']).
6.96499480680831e-08-solution(['MIS18A','CENPL','NUP43']).
7.01850743678451e-08-solution(['SRSF1','U2AF1L4','NUP54']).
7.12394660835723e-08-solution(['HSPA8','U2AF1L4','NUP54']).
7.29313461298433e-08-solution(['ITGAL','ACTG1','MMP9']).
7.29313461298433e-08-solution(['NCKAP1L','ACTG1','MMP9']).
7.29313461298433e-08-solution(['RHOA','ACTG1','MMP9']).
7.29313461298433e-08-solution(['SYNPO','ACTG1','MMP9']).
7.3352914364571e-08-solution(['SF3B3','SRSF1','NXF1']).
7.3352914364571e-08-solution(['TPR','SRSF1','NXF1']).
7.3352914364571e-08-solution(['ZC3H11A','SRSF1','NXF1']).
7.34176065526443e-08-solution(['PLRG1','SRSF4','NXF1']).
7.44667292527392e-08-solution(['SNRPA1','SRSF4','NXF1']).
7.45055893813252e-08-solution(['KIF2B','CENPL','NUP43']).
7.52640625048114e-08-solution(['DDX39B','SRSF4','NXF1']).
7.52640625048114e-08-solution(['SNRPB2','SRSF4','NXF1']).
7.60404133028817e-08-solution(['DDX39A','SRSF4','NXF1']).
7.60404133028817e-08-solution(['GPKOW','SRSF4','NXF1']).
7.64636187294827e-08-solution(['SF3B3','U2AF1L4','NXF1']).
7.64636187294827e-08-solution(['TPR','U2AF1L4','NXF1']).
7.64636187294827e-08-solution(['ZC3H11A','U2AF1L4','NXF1']).
7.72679087300586e-08-solution(['COL3A1','ACTG1','MMP9']).
7.72679087300586e-08-solution(['FLNC','ACTG1','MMP9']).
7.72679087300586e-08-solution(['ITGAM','ACTG1','MMP9']).
7.72679087300586e-08-solution(['MYH8','ACTG1','MMP9']).
7.72679087300586e-08-solution(['TLN1','ACTG1','MMP9']).
7.7941295163022e-08-solution(['NUP54','SRSF1','NXF1']).
7.7941295163022e-08-solution(['POM121C','SRSF1','NXF1']).
7.7941295163022e-08-solution(['SNRNP200','SRSF1','NXF1']).
7.7941295163022e-08-solution(['SRSF4','SRSF1','NXF1']).
7.82855358810849e-08-solution(['HNRNPA1','SRSF4','NXF1']).
8.01949391952577e-08-solution(['SRSF1','SRSF4','NXF1']).
8.0216771298205e-08-solution(['MYH6','ACTG1','MMP9']).
8.03657700911531e-08-solution(['PIAS3','NUP43','NXF1']).
8.08663777233184e-08-solution(['U2AF1L4','SRSF4','NXF1']).
8.10613941059688e-08-solution(['DDX23','SRSF1','NXF1']).
8.10613941059688e-08-solution(['NUP43','SRSF1','NXF1']).
8.10613941059688e-08-solution(['POLR2B','SRSF1','NXF1']).
8.12044052310351e-08-solution(['NUP54','U2AF1L4','NXF1']).
8.12044052310351e-08-solution(['POM121C','U2AF1L4','NXF1']).
8.12044052310351e-08-solution(['SNRNP200','U2AF1L4','NXF1']).
8.12044052310351e-08-solution(['SRSF4','U2AF1L4','NXF1']).
8.14471347867338e-08-solution(['FGR','IGKV3-20','MS4A2']).
8.14958513433754e-08-solution(['HSPA8','SRSF4','NXF1']).
8.15470475855842e-08-solution(['FGR','IGLV1-47','MS4A2']).
8.20670380076302e-08-solution(['COL1A2','ACTG1','MMP9']).
8.30191032466412e-08-solution(['YBX1','SRSF1','NXF1']).
8.37631158246033e-08-solution(['ACTN3','ACTG1','MMP9']).
8.37631158246033e-08-solution(['ITGA7','ACTG1','MMP9']).
8.44281400520907e-08-solution(['DDX23','U2AF1L4','NXF1']).
8.44281400520907e-08-solution(['NUP43','U2AF1L4','NXF1']).
8.44281400520907e-08-solution(['POLR2B','U2AF1L4','NXF1']).
8.45787493016504e-08-solution(['SRSF1','NUP43','NXF1']).
8.47267964024289e-08-solution(['MMP25','ACTG1','MMP9']).
8.47267964024289e-08-solution(['MYH2','ACTG1','MMP9']).
8.48136699589243e-08-solution(['PLRG1','SRSF1','NXF1']).
8.52596348306196e-08-solution(['U2AF1L4','NUP43','NXF1']).
8.54591936415764e-08-solution(['MMP12','ACTG1','MMP9']).
8.56213552678846e-08-solution(['KIF2B','NUP43','NXF1']).
8.58333101363579e-08-solution(['SNRPA1','SRSF1','NXF1']).
8.59655391347888e-08-solution(['MYH2','IGKV3-20','MS4A2']).
8.60656384297772e-08-solution(['MYH2','IGLV1-47','MS4A2']).
8.63464135706337e-08-solution(['TAF1L','TP53','MTOR']).
8.64508756260864e-08-solution(['YBX1','U2AF1L4','NXF1']).
8.66082366712074e-08-solution(['DDX39B','SRSF1','NXF1']).
8.66082366712074e-08-solution(['SNRPB2','SRSF1','NXF1']).
8.73627704025082e-08-solution(['DDX39A','SRSF1','NXF1']).
8.73627704025082e-08-solution(['E2F1','SRSF1','NXF1']).
8.73627704025082e-08-solution(['GPKOW','SRSF1','NXF1']).
8.83050499022491e-08-solution(['PLRG1','U2AF1L4','NXF1']).
8.84165578528343e-08-solution(['NR1D1','HDAC3','NOTCH1']).
8.93585580137051e-08-solution(['SNRPA1','U2AF1L4','NXF1']).
8.95248298039451e-08-solution(['FGR','IGKV3-20','MYH2']).
8.95448003822161e-08-solution(['HNRNPA1','SRSF1','NXF1']).
8.96377629645995e-08-solution(['FGR','IGLV1-47','MYH2']).
8.96860523490321e-08-solution(['MED11','HDAC3','NOTCH1']).
8.97078713736656e-08-solution(['CDKN1B','E2F1','NOTCH1']).
8.99683651116176e-08-solution(['CDKN1B','E2F1','NGF']).
9.0109217181098e-08-solution(['TP53','HDAC3','NOTCH1']).
9.01592241784118e-08-solution(['DDX39B','U2AF1L4','NXF1']).
9.01592241784118e-08-solution(['SNRPB2','U2AF1L4','NXF1']).
9.07016159849478e-08-solution(['ACTBL2','ACTG1','MMP9']).
9.08365312658434e-08-solution(['RAC3','ACTG1','MMP9']).
9.09388201808893e-08-solution(['DDX39A','U2AF1L4','NXF1']).
9.09388201808893e-08-solution(['GPKOW','U2AF1L4','NXF1']).
9.11018449321504e-08-solution(['CD79A','IGKV3-20','MS4A2']).
9.12021562270221e-08-solution(['CD79A','IGLV1-47','MS4A2']).
9.20531152187027e-08-solution(['U2AF1L4','SRSF1','NXF1']).
9.23278148229386e-08-solution(['IRF2BPL','E2F1','NOTCH1']).
9.24921231930904e-08-solution(['IGHG4','IGKV3-20','MS4A2']).
9.25041571704858e-08-solution(['SRSF1','E2F1','NOTCH1']).
9.25886702945445e-08-solution(['IGHA1','IGKV3-20','MS4A2']).
9.25924918713892e-08-solution(['IGHG4','IGLV1-47','MS4A2']).
9.25959163532936e-08-solution(['IRF2BPL','E2F1','NGF']).
9.26648993251628e-08-solution(['HSPA8','SRSF1','NXF1']).
9.26890429578036e-08-solution(['IGHA1','IGLV1-47','MS4A2']).
9.2772770763791e-08-solution(['SRSF1','E2F1','NGF']).
9.31933275394053e-08-solution(['HNRNPA1','U2AF1L4','NXF1']).
9.39017108743212e-08-solution(['IGLV1-47','IGKV3-20','MS4A2']).
9.39055866466247e-08-solution(['IGKV3-20','IGLV1-47','MS4A2']).
9.4343155937764e-08-solution(['TP53','E2F1','NOTCH1']).
9.46171096161213e-08-solution(['TP53','E2F1','NGF']).
9.47229844795047e-08-solution(['ITGAL','ACTBL2','MYH2']).
9.51107123022554e-08-solution(['SRSF1','U2AF1L4','NXF1']).
9.64170623604609e-08-solution(['HSPA8','U2AF1L4','NXF1']).
9.70215536239444e-08-solution(['MS4A2','IGKV3-20','MYH2']).
9.71348187535181e-08-solution(['MS4A2','IGLV1-47','MYH2']).
9.92176893417577e-08-solution(['DDX39B','NXF1','NUP43']).
1.00199254717599e-07-solution(['DDX39A','NXF1','NUP43']).
1.00421230705107e-07-solution(['CD79A','IGKV3-20','MYH2']).
1.00534646378725e-07-solution(['CD79A','IGLV1-47','MYH2']).
1.00587781262083e-07-solution(['COL3A1','ACTBL2','MYH2']).
1.00587781262083e-07-solution(['ITGAM','ACTBL2','MYH2']).
1.00587781262083e-07-solution(['MYH8','ACTBL2','MYH2']).
1.00587781262083e-07-solution(['TLN1','ACTBL2','MYH2']).
1.01234333242229e-07-solution(['NOTCH1','HDAC3','NR1D1']).
1.01234333242229e-07-solution(['NR2C1','HDAC3','NR1D1']).
1.01234333242229e-07-solution(['TFDP1','HDAC3','NR1D1']).
1.01234333242229e-07-solution(['TLE3','HDAC3','NR1D1']).
1.01990312434874e-07-solution(['IGHG4','IGKV3-20','MYH2']).
1.02099276443886e-07-solution(['IGHA1','IGKV3-20','MYH2']).
1.02103797590359e-07-solution(['IGHG4','IGLV1-47','MYH2']).
1.02212766424501e-07-solution(['IGHA1','IGLV1-47','MYH2']).
1.03225235853243e-07-solution(['P2RX1','TP53','NOS2']).
1.03225235853243e-07-solution(['PERP','TP53','NOS2']).
1.03225235853243e-07-solution(['PSMC1','TP53','NOS2']).
1.03225235853243e-07-solution(['TSC2','TP53','NOS2']).
1.03581186966444e-07-solution(['IGLV1-47','IGKV3-20','MYH2']).
1.03585773734681e-07-solution(['IGKV3-20','IGLV1-47','MYH2']).
1.04575843074236e-07-solution(['MYH6','ACTBL2','MYH2']).
1.05451955918045e-07-solution(['SRSF1','NXF1','NUP43']).
1.05797099034185e-07-solution(['HDAC3','TP53','NOS2']).
1.05797099034185e-07-solution(['TYMS','TP53','NOS2']).
1.06300877324177e-07-solution(['U2AF1L4','NXF1','NUP43']).
1.07009629858492e-07-solution(['EIF4A1','EIF4E','NXF1']).
1.07078156368136e-07-solution(['COL1A2','ACTBL2','MYH2']).
1.07258384932447e-07-solution(['PSMD6','TP53','NOS2']).
1.07646981040512e-07-solution(['SIRT1','HDAC3','NR1D1']).
1.08368962215126e-07-solution(['SSTR2','TP53','NOS2']).
1.08368962215126e-07-solution(['TAF6','TP53','NOS2']).
1.09371943554211e-07-solution(['ACTN3','ACTBL2','MYH2']).
1.09371943554211e-07-solution(['ITGA7','ACTBL2','MYH2']).
1.0945031377984e-07-solution(['E2F1','TP53','NOS2']).
1.0945031377984e-07-solution(['LIG4','TP53','NOS2']).
1.0945031377984e-07-solution(['PIAS3','TP53','NOS2']).
1.0945031377984e-07-solution(['PIDD1','TP53','NOS2']).
1.0945031377984e-07-solution(['PSMD2','TP53','NOS2']).
1.10473213908624e-07-solution(['IGFBP3','TP53','NOS2']).
1.10496684031941e-07-solution(['FGR','IGHG4','MYH2']).
1.10675231728117e-07-solution(['MMP25','ACTBL2','MYH2']).
1.10911599678103e-07-solution(['CCNG1','TP53','NOS2']).
1.11665730740286e-07-solution(['MMP12','ACTBL2','MYH2']).
1.11992951242817e-07-solution(['CDKN1B','TP53','NOS2']).
1.12007581543344e-07-solution(['POLR2B','HDAC3','NR1D1']).
1.12448576946855e-07-solution(['SRSF1','TPR','NXF1']).
1.13448953500177e-07-solution(['U2AF1L4','TPR','NXF1']).
1.13454237141079e-07-solution(['FOXA1','TP53','NOS2']).
1.13775720038697e-07-solution(['KLK3','TP53','NOS2']).
1.15419200681136e-07-solution(['ACTG1','ACTBL2','MYH2']).
1.16472408819911e-07-solution(['PIAS3','NUP54','NXF1']).
1.17188936035648e-07-solution(['ADCY6','AKT1','MST1']).
1.17188936035648e-07-solution(['JAK3','AKT1','MST1']).
1.17188936035648e-07-solution(['MKRN1','AKT1','MST1']).
1.17256082519362e-07-solution(['PIAS3','POM121C','NXF1']).
1.17282806194526e-07-solution(['TAF1L','TP53','NOS2']).
1.17577706815067e-07-solution(['IL6ST','PIAS3','NUP43']).
1.17921513975036e-07-solution(['MMP9','ACTBL2','MYH2']).
1.18938078750682e-07-solution(['RAC3','ACTBL2','MYH2']).
1.19759760215046e-07-solution(['MED12','HDAC3','NR1D1']).
1.20231158279948e-07-solution(['TSC2','AKT1','MST1']).
1.20466238670839e-07-solution(['COL3A1','ACTG1','MYH6']).
1.20466238670839e-07-solution(['FLNC','ACTG1','MYH6']).
1.20466238670839e-07-solution(['ITGAM','ACTG1','MYH6']).
1.20466238670839e-07-solution(['MYH8','ACTG1','MYH6']).
1.20466238670839e-07-solution(['TLN1','ACTG1','MYH6']).
1.20814284519653e-07-solution(['E2F1','HDAC3','NR1D1']).
1.21811807510497e-07-solution(['KMT2D','HDAC3','NR1D1']).
1.2201878579158e-07-solution(['FES','SP1','MMP12']).
1.2201878579158e-07-solution(['TAF6','SP1','MMP12']).
1.22607899409036e-07-solution(['ETV5','FOXA1','NR1D1']).
1.22607899409036e-07-solution(['PGR','FOXA1','NR1D1']).
1.22607899409036e-07-solution(['TLE3','FOXA1','NR1D1']).
1.22835967579939e-07-solution(['SRSF1','NUP54','NXF1']).
1.23264218915521e-07-solution(['E2F1','SP1','MMP12']).
1.23264218915521e-07-solution(['NR2F1','SP1','MMP12']).
1.23662457888797e-07-solution(['SRSF1','POM121C','NXF1']).
1.23864421520954e-07-solution(['U2AF1L4','NUP54','NXF1']).
1.24442331330061e-07-solution(['IGFBP3','SP1','MMP12']).
1.24442331330061e-07-solution(['NABP1','SP1','MMP12']).
1.24697831685878e-07-solution(['U2AF1L4','POM121C','NXF1']).
1.25808565727832e-07-solution(['CD40','AKT1','MST1']).
1.26865876868542e-07-solution(['RPS6KB2','SP1','MMP12']).
1.26915884673728e-07-solution(['HSPA8','U2AF1L4','NUP133']).
1.26915884673728e-07-solution(['HSPA8','U2AF1L4','NUP160']).
1.27875687509576e-07-solution(['FOXA1','SP1','MMP12']).
1.2800110922512e-07-solution(['IGKV3-20','IGHG4','MYH2']).
1.28053451367493e-07-solution(['MED11','HDAC3','NR1D1']).
1.28137862546942e-07-solution(['IGLV1-47','IGHG4','MYH2']).
1.28537962534474e-07-solution(['TP53','HDAC3','NR1D1']).
1.29043903363158e-07-solution(['COL1A2','ACTG1','MYH6']).
1.29294445382759e-07-solution(['FASLG','AKT1','MST1']).
1.29738102793386e-07-solution(['CDKN1B','AKT1','MST1']).
1.29840929657341e-07-solution(['SP1','FOXA1','NR1D1']).
1.3009727091985e-07-solution(['MMP9','SP1','MMP12']).
1.30371899094282e-07-solution(['RPS6KB2','AKT1','MST1']).
1.32015911137814e-07-solution(['HSPA8','SP1','MMP12']).
1.32075367190163e-07-solution(['ACTN3','ACTG1','MYH6']).
1.32075367190163e-07-solution(['ITGA7','ACTG1','MYH6']).
1.32386175039526e-07-solution(['TP53','SP1','MMP12']).
1.33215961857247e-07-solution(['TP53','PIAS3','NUP43']).
1.33797789819142e-07-solution(['MMP25','ACTG1','MYH6']).
1.33797789819142e-07-solution(['MYH2','ACTG1','MYH6']).
1.34335706128641e-07-solution(['FASLG','CD3D','OCRL']).
1.34759390226188e-07-solution(['HCFC1','FOXA1','NR1D1']).
1.35106831017167e-07-solution(['MMP12','ACTG1','MYH6']).
1.35569028761628e-07-solution(['TP53','AKT1','MST1']).
1.37845483132131e-07-solution(['SLC34A1','FOXA1','NR1D1']).
1.38328326267493e-07-solution(['IRF4','CCNK','NABP1']).
1.40674401629246e-07-solution(['MAD2L2','FOXA1','NR1D1']).
1.41027442155826e-07-solution(['HSPA8','CD3D','OCRL']).
1.41138608290986e-07-solution(['ERCC2','CCNK','NABP1']).
1.42281741684424e-07-solution(['APOB','FOXA1','NR1D1']).
1.42281741684424e-07-solution(['ZNF460','FOXA1','NR1D1']).
1.4262384413657e-07-solution(['RAC3','DVL1','NOTCH1']).
1.43374459636269e-07-solution(['MMP9','ACTG1','MYH6']).
1.44270678776332e-07-solution(['COL1A2','ITGAM','MMP9']).
1.44476810118816e-07-solution(['ACTBL2','ACTG1','MYH6']).
1.44717949286873e-07-solution(['RAC3','ACTG1','MYH6']).
1.46377116324983e-07-solution(['ITGAL','ACTBL2','MMP9']).
1.47712212994905e-07-solution(['ACTN3','ITGAM','MMP9']).
1.49525087204962e-07-solution(['FOXA1','APOB','OCRL']).
1.49667630164549e-07-solution(['APOB','ITGAM','MMP9']).
1.50832790777976e-07-solution(['IRF2BPL','FOXA1','NR1D1']).
1.52696575197149e-07-solution(['APOE','APOB','OCRL']).
1.53404534866262e-07-solution(['TP53','FOXA1','NR1D1']).
1.54117889798174e-07-solution(['MYH6','ACTG1','MYH8']).
1.54556173088659e-07-solution(['FGG','ITGAM','MMP9']).
1.54726327512148e-07-solution(['HSPA8','APOB','OCRL']).
1.54796045561466e-07-solution(['COL3A1','ACTBL2','MMP9']).
1.54796045561466e-07-solution(['ITGAM','ACTBL2','MMP9']).
1.54796045561466e-07-solution(['MYH8','ACTBL2','MMP9']).
1.54796045561466e-07-solution(['TLN1','ACTBL2','MMP9']).
1.56785348662053e-07-solution(['ACTG1','ITGAM','MMP9']).
1.56830747587728e-07-solution(['MRPS25','PTCD3','MRPS2']).
1.57002759819434e-07-solution(['PTCD3','MRPS25','MRPS2']).
1.58348749798352e-07-solution(['COL1A2','ACTG1','MYH8']).
1.58662549144911e-07-solution(['MST1','ITGAM','MMP9']).
1.60520917442275e-07-solution(['MYH6','ACTBL2','MMP9']).
1.60539749627769e-07-solution(['FGA','ITGAM','MMP9']).
1.61791216616342e-07-solution(['ACTBL2','ITGAM','MMP9']).
1.62227038131849e-07-solution(['ACTN3','ACTG1','MYH8']).
1.62227038131849e-07-solution(['ITGA7','ACTG1','MYH8']).
1.63234924243264e-07-solution(['DDX39B','NXF1','NUP54']).
1.64112993916507e-07-solution(['COL1A2','ACTBL2','MMP9']).
1.64430611048609e-07-solution(['MMP25','ACTG1','MYH8']).
1.64430611048609e-07-solution(['MYH2','ACTG1','MYH8']).
1.64918696810033e-07-solution(['DDX39A','NXF1','NUP54']).
1.66105326465347e-07-solution(['MMP12','ACTG1','MYH8']).
1.67405730684554e-07-solution(['ACTN3','ACTBL2','MMP9']).
1.67405730684554e-07-solution(['ITGA7','ACTBL2','MMP9']).
1.69276603848217e-07-solution(['MMP25','ACTBL2','MMP9']).
1.69276603848217e-07-solution(['MYH2','ACTBL2','MMP9']).
1.69310854653539e-07-solution(['HSPA8','U2AF1L4','NUP214']).
1.70698467452601e-07-solution(['MMP12','ACTBL2','MMP9']).
1.73929155410581e-07-solution(['SRSF1','NXF1','NUP54']).
1.75385391144003e-07-solution(['U2AF1L4','NXF1','NUP54']).
1.7608658216395e-07-solution(['ACTG1','ACTBL2','MMP9']).
1.76682476465793e-07-solution(['MMP9','ACTG1','MYH8']).
1.77875895077292e-07-solution(['HSPA8','U2AF1L4','NUP153']).
1.78092763132519e-07-solution(['ACTBL2','ACTG1','MYH8']).
1.78401263340866e-07-solution(['RAC3','ACTG1','MYH8']).
1.81137939705839e-07-solution(['RAC3','ACTBL2','MMP9']).
1.82164088701987e-07-solution(['HSPA8','HGS','OCRL']).
1.86499620359702e-07-solution(['ITGAL','ACTG1','MMP12']).
1.86499620359702e-07-solution(['NCKAP1L','ACTG1','MMP12']).
1.86499620359702e-07-solution(['RHOA','ACTG1','MMP12']).
1.86499620359702e-07-solution(['SYNPO','ACTG1','MMP12']).
1.88486370574126e-07-solution(['SRSF1','ZC3H11A','NXF1']).
1.90163202339034e-07-solution(['U2AF1L4','ZC3H11A','NXF1']).
1.93450545521745e-07-solution(['IL6ST','PIAS3','NUP54']).
1.98340030794503e-07-solution(['COL3A1','ACTG1','MMP12']).
1.98340030794503e-07-solution(['FLNC','ACTG1','MMP12']).
1.98340030794503e-07-solution(['ITGAM','ACTG1','MMP12']).
1.98340030794503e-07-solution(['MYH8','ACTG1','MMP12']).
1.98340030794503e-07-solution(['TLN1','ACTG1','MMP12']).
2.03100573018579e-07-solution(['SP1','TAF6','NABP1']).
2.06391509890167e-07-solution(['MYH6','ACTG1','MMP12']).
2.11443418342349e-07-solution(['COL1A2','ACTG1','MMP12']).
2.11505871279829e-07-solution(['POLR2B','TAF6','NABP1']).
2.12315749350744e-07-solution(['MYH8','ACTA1','MYH2']).
2.16074334423515e-07-solution(['ACTN3','ACTG1','MMP12']).
2.16074334423515e-07-solution(['ITGA7','ACTG1','MMP12']).
2.1870553674236e-07-solution(['MMP25','ACTG1','MMP12']).
2.1870553674236e-07-solution(['MYH2','ACTG1','MMP12']).
2.19129161198149e-07-solution(['CD83','SP1','NR2F1']).
2.20309427917765e-07-solution(['TP53','PIAS3','NUP54']).
2.20737919340546e-07-solution(['MYH6','ACTA1','MYH2']).
2.23259647926975e-07-solution(['MRPS2','PTCD3','MRPS25']).
2.24525494851616e-07-solution(['PTCD3','MRPS2','MRPS25']).
2.30192480868509e-07-solution(['FES','SP1','NR2F1']).
2.30192480868509e-07-solution(['MMP12','SP1','NR2F1']).
2.30192480868509e-07-solution(['TAF6','SP1','NR2F1']).
2.30866542073379e-07-solution(['ACTN3','ACTA1','MYH2']).
2.32518292390119e-07-solution(['E2F1','SP1','NR2F1']).
2.33335021635135e-07-solution(['MMP9','ACTG1','MMP12']).
2.33618885207301e-07-solution(['MMP25','ACTA1','MYH2']).
2.34359492696039e-07-solution(['ERCC2','TAF6','NABP1']).
2.3471838437002e-07-solution(['IGFBP3','SP1','NR2F1']).
2.3471838437002e-07-solution(['NABP1','SP1','NR2F1']).
2.35018991119196e-07-solution(['ACTBL2','ACTG1','MMP12']).
2.35387359443834e-07-solution(['RAC3','ACTG1','MMP12']).
2.35710665989081e-07-solution(['MMP12','ACTA1','MYH2']).
2.39244287871531e-07-solution(['RPS6KB2','SP1','NR2F1']).
2.4113008099716e-07-solution(['FOXA1','SP1','NR2F1']).
2.41704625426122e-07-solution(['COL3A1','ACTBL2','MYH6']).
2.41704625426122e-07-solution(['ITGAM','ACTBL2','MYH6']).
2.41704625426122e-07-solution(['MYH8','ACTBL2','MYH6']).
2.41704625426122e-07-solution(['TLN1','ACTBL2','MYH6']).
2.43204283676832e-07-solution(['TAF1L','TAF6','NABP1']).
2.43369093446661e-07-solution(['TP53','TAF6','NABP1']).
2.45278825873545e-07-solution(['MMP9','SP1','NR2F1']).
2.48861832812241e-07-solution(['HSPA8','SP1','NR2F1']).
2.48921913031907e-07-solution(['MMP9','ACTA1','MYH2']).
2.49553290291639e-07-solution(['TP53','SP1','NR2F1']).
2.51068740676366e-07-solution(['RAC3','ACTA1','MYH2']).
2.5478985404092e-07-solution(['ITGAL','ACTG1','MMP25']).
2.5478985404092e-07-solution(['NCKAP1L','ACTG1','MMP25']).
2.5478985404092e-07-solution(['RHOA','ACTG1','MMP25']).
2.5478985404092e-07-solution(['SYNPO','ACTG1','MMP25']).
2.56831803793933e-07-solution(['COL1A2','ACTN3','MYH6']).
2.56831803793933e-07-solution(['MYBPC3','ACTN3','MYH6']).
2.56831803793933e-07-solution(['TNNT3','ACTN3','MYH6']).
2.57846384194219e-07-solution(['FLRT3','FGFR1','MST1']).
2.5830723280022e-07-solution(['COL1A2','ACTBL2','MYH6']).
2.63263562113189e-07-solution(['ITGA7','ACTN3','MYH6']).
2.64174820948496e-07-solution(['ACTN3','ACTBL2','MYH6']).
2.64174820948496e-07-solution(['ITGA7','ACTBL2','MYH6']).
2.67508677850925e-07-solution(['MMP25','ACTBL2','MYH6']).
2.67508677850925e-07-solution(['MYH2','ACTBL2','MYH6']).
2.70042409096771e-07-solution(['MMP12','ACTBL2','MYH6']).
2.7114117097167e-07-solution(['COL3A1','ACTG1','MMP25']).
2.7114117097167e-07-solution(['FLNC','ACTG1','MMP25']).
2.7114117097167e-07-solution(['ITGAM','ACTG1','MMP25']).
2.7114117097167e-07-solution(['MYH8','ACTG1','MMP25']).
2.7114117097167e-07-solution(['TLN1','ACTG1','MMP25']).
2.77210096300088e-07-solution(['COL1A2','ITGAM','MST1']).
2.79643916975767e-07-solution(['ACTG1','ACTBL2','MYH6']).
2.80220015863956e-07-solution(['ACTG1','ACTN3','MYH6']).
2.82260066484579e-07-solution(['MYH6','ACTG1','MMP25']).
2.83910038204622e-07-solution(['ACTN3','ITGAM','MST1']).
2.86044922228432e-07-solution(['MMP9','ACTBL2','MYH6']).
2.87716823377653e-07-solution(['APOB','ITGAM','MST1']).
2.88645330612326e-07-solution(['RAC3','ACTBL2','MYH6']).
2.89236628375032e-07-solution(['COL1A2','ACTG1','MMP25']).
2.89429124366527e-07-solution(['ACTA1','ACTN3','MYH6']).
2.89575300691964e-07-solution(['ACTBL2','ACTN3','MYH6']).
2.95631810107948e-07-solution(['ACTN3','ACTG1','MMP25']).
2.95631810107948e-07-solution(['ITGA7','ACTG1','MMP25']).
2.97233786310229e-07-solution(['FGG','ITGAM','MST1']).
2.98881392251756e-07-solution(['MMP25','ACTG1','NCKAP1L']).
2.98881392251756e-07-solution(['MYH2','ACTG1','NCKAP1L']).
2.99265436092559e-07-solution(['MYH2','ACTG1','MMP25']).
3.01573521407484e-07-solution(['ACTG1','ITGAM','MST1']).
3.02026991840863e-07-solution(['MMP12','ACTG1','MMP25']).
3.02120836891108e-07-solution(['MMP12','ACTG1','NCKAP1L']).
3.03163178931364e-07-solution(['SRSF4','DDX39B','NXF1']).
3.06430378363491e-07-solution(['SRSF4','DDX39A','NXF1']).
3.08882548939703e-07-solution(['FGA','ITGAM','MST1']).
3.08882548939703e-07-solution(['MMP9','ITGAM','MST1']).
3.0888542015304e-07-solution(['MYH6','ACTBL2','MYH8']).
3.11318891450442e-07-solution(['ACTBL2','ITGAM','MST1']).
3.14787605348117e-07-solution(['TAF1L','TP53','NFYC']).
3.17065558176403e-07-solution(['COL1A2','ACTBL2','MYH8']).
3.19468396566996e-07-solution(['MMP9','ACTG1','MMP25']).
3.21793917197147e-07-solution(['ACTBL2','ACTG1','MMP25']).
3.22302624834992e-07-solution(['RAC3','ACTG1','MMP25']).
3.22580487244907e-07-solution(['MMP9','ACTG1','NCKAP1L']).
3.24564018031153e-07-solution(['ACTN3','ACTBL2','MYH8']).
3.24564018031153e-07-solution(['ITGA7','ACTBL2','MYH8']).
3.25308440625414e-07-solution(['ACTBL2','ACTG1','NCKAP1L']).
3.259051804274e-07-solution(['RAC3','ACTG1','NCKAP1L']).
3.27196327396614e-07-solution(['MYH8','ACTA1','MMP9']).
3.28824506584988e-07-solution(['MMP25','ACTBL2','MYH8']).
3.28824506584988e-07-solution(['MYH2','ACTBL2','MYH8']).
3.32062477885902e-07-solution(['MMP12','ACTBL2','MYH8']).
3.39302987152765e-07-solution(['MYH6','ACTA1','MMP9']).
3.43336619590903e-07-solution(['ACTG1','ACTN3','MYH8']).
3.44332684920947e-07-solution(['ACTG1','ACTBL2','MYH8']).
3.52512822944311e-07-solution(['MMP9','ACTBL2','MYH8']).
3.53862630258201e-07-solution(['ACTN3','ACTA1','MMP9']).
3.55088973317731e-07-solution(['ACTA1','ACTN3','MYH8']).
3.55275518614982e-07-solution(['ACTBL2','ACTN3','MYH8']).
3.55836004016302e-07-solution(['RAC3','ACTBL2','MYH8']).
3.57819055015112e-07-solution(['MMP25','ACTA1','MMP9']).
3.57819055015112e-07-solution(['MYH2','ACTA1','MMP9']).
3.58944527717173e-07-solution(['SRSF1','DDX39B','NXF1']).
3.60825937830366e-07-solution(['MMP12','ACTA1','MMP9']).
3.61649077961334e-07-solution(['U2AF1L4','DDX39B','NXF1']).
3.6223723535022e-07-solution(['SRSF1','DDX39A','NXF1']).
3.64943022355637e-07-solution(['U2AF1L4','DDX39A','NXF1']).
3.74658177270785e-07-solution(['ITGAL','ACTBL2','MMP12']).
3.82902787973934e-07-solution(['RAC3','ACTA1','MMP9']).
3.91013189958823e-07-solution(['HDAC3','SIRT1','NR1D1']).
3.97615173427083e-07-solution(['COL3A1','ACTBL2','MMP12']).
3.97615173427083e-07-solution(['ITGAM','ACTBL2','MMP12']).
3.97615173427083e-07-solution(['MYH8','ACTBL2','MMP12']).
3.97615173427083e-07-solution(['TLN1','ACTBL2','MMP12']).
3.98604835982129e-07-solution(['CDKN1B','E2F1','MYBL2']).
4.03953790632599e-07-solution(['E2F1','SIRT1','NR1D1']).
4.06099442947656e-07-solution(['MYH6','ACTN3','MYBPC3']).
4.06099442947656e-07-solution(['TTN','ACTN3','MYBPC3']).
4.10246201593514e-07-solution(['IRF2BPL','E2F1','MYBL2']).
4.11029755048127e-07-solution(['SRSF1','E2F1','MYBL2']).
4.13225930813365e-07-solution(['MYH6','ACTBL2','MMP12']).
4.15030944809352e-07-solution(['FOSB','SIRT1','NR1D1']).
4.1719379312494e-07-solution(['COL1A2','ACTN3','MYBPC3']).
4.1719379312494e-07-solution(['TNNT3','ACTN3','MYBPC3']).
4.19201098217656e-07-solution(['TP53','E2F1','MYBL2']).
4.23020915840053e-07-solution(['COL1A2','ACTBL2','MMP12']).
4.27363614120784e-07-solution(['ITGA7','ACTN3','MYBPC3']).
4.30870240034054e-07-solution(['HSPA8','SIRT1','NR1D1']).
4.31999652114516e-07-solution(['ACTN3','ACTBL2','MMP12']).
4.31999652114516e-07-solution(['ITGA7','ACTBL2','MMP12']).
4.32009012893346e-07-solution(['TP53','SIRT1','NR1D1']).
4.37101206815915e-07-solution(['MMP25','ACTBL2','MMP12']).
4.37101206815915e-07-solution(['MYH2','ACTBL2','MMP12']).
4.54174960382553e-07-solution(['ACTG1','ACTN3','MYBPC3']).
4.5567086592901e-07-solution(['ACTG1','ACTBL2','MMP12']).
4.63198710318083e-07-solution(['PLXNA3','RAC3','NCKAP1L']).
4.65465850955697e-07-solution(['MMP9','ACTBL2','MMP12']).
4.68736294990238e-07-solution(['ACTA1','ACTN3','MYBPC3']).
4.68967427285598e-07-solution(['ACTBL2','ACTN3','MYBPC3']).
4.69445063622789e-07-solution(['RAC3','ACTBL2','MMP12']).
4.69648149336714e-07-solution(['DVL1','RAC3','NCKAP1L']).
4.7932230786466e-07-solution(['MAP2K7','RAC3','NCKAP1L']).
4.93124107364531e-07-solution(['ACTG1','RAC3','NCKAP1L']).
5.09376693691481e-07-solution(['ACTA1','RAC3','NCKAP1L']).
5.09467072118863e-07-solution(['MYH8','ACTA1','MYH6']).
5.09634671252226e-07-solution(['ACTBL2','RAC3','NCKAP1L']).
5.11925802704015e-07-solution(['ITGAL','ACTBL2','MMP25']).
5.31660274054681e-07-solution(['ACTG1','ACTN3','MYBPC2']).
5.43621814153768e-07-solution(['COL3A1','ACTBL2','MMP25']).
5.43621814153768e-07-solution(['ITGAM','ACTBL2','MMP25']).
5.43621814153768e-07-solution(['MYH8','ACTBL2','MMP25']).
5.43621814153768e-07-solution(['TLN1','ACTBL2','MMP25']).
5.49858914242372e-07-solution(['ACTA1','ACTN3','MYBPC2']).
5.50147781546938e-07-solution(['ACTBL2','ACTN3','MYBPC2']).
5.5685608765959e-07-solution(['ACTN3','ACTA1','MYH6']).
5.63887098867414e-07-solution(['MMP25','ACTA1','MYH6']).
5.63887098867414e-07-solution(['MYH2','ACTA1','MYH6']).
5.65175101939601e-07-solution(['MYH6','ACTBL2','MMP25']).
5.69230667385359e-07-solution(['MMP12','ACTA1','MYH6']).
5.78698733491495e-07-solution(['COL1A2','ACTBL2','MMP25']).
5.91095395747399e-07-solution(['ACTN3','ACTBL2','MMP25']).
5.91095395747399e-07-solution(['ITGA7','ACTBL2','MMP25']).
5.98138953847344e-07-solution(['MYH2','ACTBL2','MMP25']).
6.0297952118291e-07-solution(['MMP9','ACTA1','MYH6']).
6.03492058003302e-07-solution(['MMP12','ACTBL2','MMP25']).
6.08463709925012e-07-solution(['RAC3','ACTA1','MYH6']).
6.23777505331144e-07-solution(['ACTG1','ACTBL2','MMP25']).
6.37301136883039e-07-solution(['MMP9','ACTBL2','MMP25']).
6.42795112200996e-07-solution(['RAC3','ACTBL2','MMP25']).
6.50409827040727e-07-solution(['MYH6','ACTA1','MYH8']).
6.8344195736794e-07-solution(['ACTN3','ACTA1','MYH8']).
6.92418079739466e-07-solution(['MMP25','ACTA1','MYH8']).
6.92418079739466e-07-solution(['MYH2','ACTA1','MYH8']).
6.99239932741825e-07-solution(['MMP12','ACTA1','MYH8']).
7.31768278779437e-07-solution(['ACTG1','MYH8','MYH6']).
7.42325320125147e-07-solution(['MMP9','ACTA1','MYH8']).
7.49326695574936e-07-solution(['RAC3','ACTA1','MYH8']).
7.58134536464941e-07-solution(['ACTA1','MYH8','MYH6']).
7.58553048491695e-07-solution(['ACTBL2','MYH8','MYH6']).
8.08524158017069e-07-solution(['ACTG1','MYH6','MYH8']).
8.37655997854115e-07-solution(['ACTA1','MYH6','MYH8']).
8.38118408010258e-07-solution(['ACTBL2','MYH6','MYH8']).
8.39440391949236e-07-solution(['MYH8','ACTA1','MMP12']).
8.72414558821697e-07-solution(['MYH6','ACTA1','MMP12']).
9.12069766040865e-07-solution(['ACTN3','ACTA1','MMP12']).
9.22845637567812e-07-solution(['MMP25','ACTA1','MMP12']).
9.22845637567812e-07-solution(['MYH2','ACTA1','MMP12']).
9.82759483257642e-07-solution(['MMP9','ACTA1','MMP12']).
9.91164663048662e-07-solution(['RAC3','ACTA1','MMP12']).
1.01298839746456e-06-solution(['ACTN3','MYH6','MYBPC3']).
1.05232467157707e-06-solution(['NR1D1','HDAC3','NR2C1']).
1.0674340629764e-06-solution(['MED11','HDAC3','NR2C1']).
1.07247052677618e-06-solution(['TP53','HDAC3','NR2C1']).
1.07986754038197e-06-solution(['ACTG1','MYH6','MYBPC3']).
1.08084843331907e-06-solution(['FASLG','MAP2K7','NOD1']).
1.08633879665452e-06-solution(['ACTN3','MYBPC3','MYH6']).
1.10440326135717e-06-solution(['ACTN3','TNNT3','MYH6']).
1.11618983351815e-06-solution(['ACTA1','MYH6','MYBPC3']).
1.11676637785364e-06-solution(['ACTBL2','MYH6','MYBPC3']).
1.13234642746368e-06-solution(['RAC3','MAP2K7','NOD1']).
1.14745023090569e-06-solution(['MYH8','ACTA1','MMP25']).
1.19296744255427e-06-solution(['MYH6','ACTA1','MMP25']).
1.19332429197986e-06-solution(['ACTG1','MYH8','MYBPC3']).
1.23517201276735e-06-solution(['ACTA1','MYH8','MYBPC3']).
1.23583626230366e-06-solution(['ACTBL2','MYH8','MYBPC3']).
1.24770709577871e-06-solution(['ACTN3','ACTA1','MMP25']).
1.25200794469107e-06-solution(['ACTG1','MYH6','MYBPC2']).
1.26258200154622e-06-solution(['MYH2','ACTA1','MMP25']).
1.27388692992953e-06-solution(['MMP12','ACTA1','MMP25']).
1.29711889723069e-06-solution(['ACTA1','MYH6','MYBPC2']).
1.2978349440964e-06-solution(['ACTBL2','MYH6','MYBPC2']).
1.34528647761357e-06-solution(['MMP9','ACTA1','MMP25']).
1.35688890411223e-06-solution(['RAC3','ACTA1','MMP25']).
1.63086915816781e-06-solution(['ACTN3','TTN','MYBPC3']).
1.66755557127958e-06-solution(['MUC17','B3GNT3','MUC3A']).
1.66755557127958e-06-solution(['MUC17','B3GNT3','MUC5B']).
1.66755557127958e-06-solution(['MUC3A','B3GNT3','MUC17']).
1.66755557127958e-06-solution(['MUC3A','B3GNT3','MUC5B']).
1.66755557127958e-06-solution(['MUC5B','B3GNT3','MUC17']).
1.66755557127958e-06-solution(['MUC5B','B3GNT3','MUC3A']).
1.78042905902814e-06-solution(['PLXNA3','RAC3','NOX3']).
1.79776369294054e-06-solution(['ACTN3','TNNT3','MYBPC3']).
1.79782503391761e-06-solution(['APOB','HSPG2','NDST2']).
1.80521921579545e-06-solution(['DVL1','RAC3','NOX3']).
1.84240445094641e-06-solution(['MAP2K7','RAC3','NOX3']).
1.89545538642845e-06-solution(['ACTG1','RAC3','NOX3']).
1.93884055311256e-06-solution(['APOE','HSPG2','NDST2']).
1.95792658148207e-06-solution(['ACTA1','RAC3','NOX3']).
1.95891818775276e-06-solution(['ACTBL2','RAC3','NOX3']).
2.75412674621783e-06-solution(['POLR2B','PAX6','NEUROG3']).
3.01312609031267e-06-solution(['KMT2D','PAX6','NEUROG3']).
