gene_patient_probability_file('new_data/CADD_aggr.pl').
gene_function_file('new_data/coverage_aggr.pl').
network_file('new_data/network.pl').
threshold(1.0e-06).
pattern_quality_metric_threshold(0.67).
mcda(weighted_sum,[0.0,0]).
experiment_query(solution_3_genes(mcda(weighted_sum,[alpha(0.0),beta(0)]),0.67,_131106)).
1.09244130325597e-08-solution(['AAK1','EGFR','HSPA8']).
1.09244130325597e-08-solution(['DCN','EGFR','HSPA8']).
1.09244130325597e-08-solution(['GAB2','EGFR','HSPA8']).
1.09244130325597e-08-solution(['PLCB4','EGFR','HSPA8']).
1.09757005192079e-08-solution(['NABP1','POLR2B','HSPA8']).
1.1307811657623e-08-solution(['CDK12','POLR2B','HSPA8']).
1.1307811657623e-08-solution(['ERCC2','POLR2B','HSPA8']).
1.13347624369547e-08-solution(['TP53','EGFR','HSPA8']).
1.13627817770848e-08-solution(['KMT2D','POLR2B','HSPA8']).
1.13627817770848e-08-solution(['TAF1L','POLR2B','HSPA8']).
1.95004836468665e-08-solution(['AAK1','EGFR','GAB2']).
1.95004836468665e-08-solution(['DCN','EGFR','GAB2']).
1.95004836468665e-08-solution(['PLCB4','EGFR','GAB2']).
2.0108955807141e-08-solution(['HSPA8','EGFR','GAB2']).
2.02558283975521e-08-solution(['TP53','EGFR','GAB2']).
3.78710100657755e-08-solution(['AAK1','APOB','HSPA8']).
3.78710100657755e-08-solution(['ITGAM','APOB','HSPA8']).
3.89832840093723e-08-solution(['HSPG2','APOB','HSPA8']).
3.97593851701265e-08-solution(['EGFR','AAK1','HSPA8']).
3.97593851701265e-08-solution(['SYT9','AAK1','HSPA8']).
4.09624550469354e-08-solution(['APOB','AAK1','HSPA8']).
5.84361811423658e-08-solution(['EGFR','GAB2','IL6ST']).
8.79743547967107e-08-solution(['AAK1','SYT9','HSPA8']).
2.15553535199966e-07-solution(['AAK1','APOB','HSPG2']).
2.15553535199966e-07-solution(['ITGAM','APOB','HSPG2']).
2.21884356063647e-07-solution(['HSPA8','APOB','HSPG2']).
