gene_patient_probability_file('new_data/CADD_aggr.pl').
gene_function_file('new_data/coverage_corrected_aggr.pl').
network_file('new_data/network.pl').
threshold(1.0e-06).
pattern_quality_metric_threshold(0.67).
mcda(weighted_sum,[0.0,0]).
experiment_query(solution_3_genes(mcda(weighted_sum,[alpha(0.0),beta(0)]),0.67,_131106)).
2.09646948037424e-08-solution(['IFI16','TP53','CDKN1B']).
2.09646948037424e-08-solution(['NOS2','TP53','CDKN1B']).
2.09646948037424e-08-solution(['RBL2','TP53','CDKN1B']).
2.09646948037424e-08-solution(['SMYD2','TP53','CDKN1B']).
2.09646948037424e-08-solution(['TFDP1','TP53','CDKN1B']).
2.21956593994737e-08-solution(['CEBPZ','TP53','CDKN1B']).
2.21956593994737e-08-solution(['SIRT1','TP53','CDKN1B']).
2.21956593994737e-08-solution(['SP1','TP53','CDKN1B']).
2.21956593994737e-08-solution(['SUPT16H','TP53','CDKN1B']).
2.21956593994737e-08-solution(['UBN1','TP53','CDKN1B']).
2.30327153245709e-08-solution(['AKT1','TP53','CDKN1B']).
2.30327153245709e-08-solution(['P2RX4','TP53','CDKN1B']).
2.30327153245709e-08-solution(['PSMC2','TP53','CDKN1B']).
2.30327153245709e-08-solution(['RMI1','TP53','CDKN1B']).
2.30327153245709e-08-solution(['TOP3A','TP53','CDKN1B']).
2.30327153245709e-08-solution(['TYRP1','TP53','CDKN1B']).
2.35579268854162e-08-solution(['P2RX1','TP53','CDKN1B']).
2.35579268854162e-08-solution(['PERP','TP53','CDKN1B']).
2.35579268854162e-08-solution(['PSMC1','TP53','CDKN1B']).
2.35579268854162e-08-solution(['TSC2','TP53','CDKN1B']).
2.40393708161911e-08-solution(['HDAC3','TP53','CDKN1B']).
2.40393708161911e-08-solution(['TYMS','TP53','CDKN1B']).
2.43129185041313e-08-solution(['PSMD6','TP53','CDKN1B']).
2.4520814746966e-08-solution(['SSTR2','TP53','CDKN1B']).
2.4520814746966e-08-solution(['TAF6','TP53','CDKN1B']).
2.4696901128234e-08-solution(['DVL1','RHOA','CDKN1B']).
2.4696901128234e-08-solution(['MYH2','RHOA','CDKN1B']).
2.47232400360418e-08-solution(['E2F1','TP53','CDKN1B']).
2.47232400360418e-08-solution(['LIG4','TP53','CDKN1B']).
2.47232400360418e-08-solution(['PIAS3','TP53','CDKN1B']).
2.47232400360418e-08-solution(['PIDD1','TP53','CDKN1B']).
2.47232400360418e-08-solution(['PSMD2','TP53','CDKN1B']).
2.49147234175999e-08-solution(['IGFBP3','TP53','CDKN1B']).
2.4996787723982e-08-solution(['CCNG1','TP53','CDKN1B']).
2.54727607009981e-08-solution(['FOXA1','TP53','CDKN1B']).
2.5532941192345e-08-solution(['KLK3','TP53','CDKN1B']).
2.55471406804201e-08-solution(['GAD1','HSPA8','CD3D']).
2.55471406804201e-08-solution(['OCRL','HSPA8','CD3D']).
2.55471406804201e-08-solution(['SF3B3','HSPA8','CD3D']).
2.59862975726799e-08-solution(['ACTG1','RHOA','CDKN1B']).
2.61894556434016e-08-solution(['TAF1L','TP53','CDKN1B']).
2.69427180122415e-08-solution(['RAC3','RHOA','CDKN1B']).
2.70056808106141e-08-solution(['EPN1','HSPA8','CD3D']).
2.70056808106141e-08-solution(['HIP1R','HSPA8','CD3D']).
2.70056808106141e-08-solution(['SIRT1','HSPA8','CD3D']).
2.70056808106141e-08-solution(['SNRNP200','HSPA8','CD3D']).
2.70056808106141e-08-solution(['SP1','HSPA8','CD3D']).
2.70056808106141e-08-solution(['SRSF4','HSPA8','CD3D']).
2.79974880991461e-08-solution(['DDX23','HSPA8','CD3D']).
2.79974880991461e-08-solution(['LDLRAP1','HSPA8','CD3D']).
2.79974880991461e-08-solution(['POLR2B','HSPA8','CD3D']).
2.86197985546955e-08-solution(['HGS','HSPA8','CD3D']).
2.86197985546955e-08-solution(['YBX1','HSPA8','CD3D']).
2.90719315475596e-08-solution(['ADCY6','AKT1','CDKN1B']).
2.90719315475596e-08-solution(['JAK3','AKT1','CDKN1B']).
2.90719315475596e-08-solution(['MKRN1','AKT1','CDKN1B']).
2.91902498056158e-08-solution(['PLRG1','HSPA8','CD3D']).
2.95143698345478e-08-solution(['APOB','HSPA8','CD3D']).
2.95143698345478e-08-solution(['SNRPA1','HSPA8','CD3D']).
2.97607010565361e-08-solution(['SNRPB2','HSPA8','CD3D']).
2.98407760182388e-08-solution(['TSC2','AKT1','CDKN1B']).
3.00005498779458e-08-solution(['GPKOW','HSPA8','CD3D']).
3.00005498779458e-08-solution(['GPR37L1','HSPA8','CD3D']).
3.06941667398603e-08-solution(['HNRNPA1','HSPA8','CD3D']).
3.12503242144841e-08-solution(['CD40','AKT1','CDKN1B']).
3.12840651925165e-08-solution(['SRSF1','HSPA8','CD3D']).
3.1491502011033e-08-solution(['U2AF1L4','HSPA8','CD3D']).
3.21312918371375e-08-solution(['FASLG','AKT1','CDKN1B']).
3.2403590920503e-08-solution(['RPS6KB2','AKT1','CDKN1B']).
3.27880131558427e-08-solution(['MST1','AKT1','CDKN1B']).
3.37170335579134e-08-solution(['TP53','AKT1','CDKN1B']).
3.91232513633813e-08-solution(['IGKV3-20','VAV1','CD3D']).
3.91785883525798e-08-solution(['IGLV1-47','VAV1','CD3D']).
3.95958312156906e-08-solution(['MYBL2','E2F1','CDKN1B']).
3.95958312156906e-08-solution(['NGF','E2F1','CDKN1B']).
3.95958312156906e-08-solution(['NOTCH1','E2F1','CDKN1B']).
3.95958312156906e-08-solution(['POLE','E2F1','CDKN1B']).
3.95958312156906e-08-solution(['RBL2','E2F1','CDKN1B']).
3.95958312156906e-08-solution(['SMYD2','E2F1','CDKN1B']).
3.95958312156906e-08-solution(['TFDP1','E2F1','CDKN1B']).
3.95958312156906e-08-solution(['ZNF341','E2F1','CDKN1B']).
4.20976739631016e-08-solution(['DONSON','E2F1','CDKN1B']).
4.20976739631016e-08-solution(['SIRT1','E2F1','CDKN1B']).
4.20976739631016e-08-solution(['SP1','E2F1','CDKN1B']).
4.3798927031341e-08-solution(['TRIP13','E2F1','CDKN1B']).
4.39968856639277e-08-solution(['ANAPC5','PSMD6','CDKN1B']).
4.40575933737534e-08-solution(['U2AF1L4','HSPA8','CTCF']).
4.47034542401122e-08-solution(['IGKV3-20','SYK','CD79A']).
4.47669715095639e-08-solution(['IGLV1-47','SYK','CD79A']).
4.4866379936903e-08-solution(['MCM4','E2F1','CDKN1B']).
4.497981732703e-08-solution(['ANAPC5','PSMD2','CDKN1B']).
4.50828623689503e-08-solution(['PSMC2','PSMC1','CDKN1B']).
4.58448784336682e-08-solution(['HDAC3','E2F1','CDKN1B']).
4.58448784336682e-08-solution(['TYMS','E2F1','CDKN1B']).
4.62444175990682e-08-solution(['SPOP','PSMC1','CDKN1B']).
4.68233769304334e-08-solution(['INSIG1','E2F1','CDKN1B']).
4.68933600093809e-08-solution(['PSMC1','PSMC2','CDKN1B']).
4.68933600093809e-08-solution(['SPOP','PSMC2','CDKN1B']).
4.79141532423627e-08-solution(['ANAPC2','PSMC1','CDKN1B']).
4.79141532423627e-08-solution(['DVL1','PSMC1','CDKN1B']).
4.79141532423627e-08-solution(['PSMD6','PSMC1','CDKN1B']).
4.8373935520951e-08-solution(['CD40','PSMC1','CDKN1B']).
4.86301511208394e-08-solution(['ANAPC2','PSMC2','CDKN1B']).
4.86301511208394e-08-solution(['DVL1','PSMC2','CDKN1B']).
4.86301511208394e-08-solution(['PSMD6','PSMC2','CDKN1B']).
4.87676323021849e-08-solution(['PSMC2','PSMD6','CDKN1B']).
4.88216182658923e-08-solution(['PSMD2','PSMC1','CDKN1B']).
4.91083979486324e-08-solution(['CD40','PSMC2','CDKN1B']).
4.93585775811432e-08-solution(['IRF2BPL','E2F1','CDKN1B']).
4.94364126888404e-08-solution(['SRSF1','E2F1','CDKN1B']).
4.95740593335887e-08-solution(['PSMD2','PSMC2','CDKN1B']).
4.97544230416094e-08-solution(['PSMC2','PSMD2','CDKN1B']).
4.9979250496028e-08-solution(['PSMC1','PSMD6','CDKN1B']).
4.9979250496028e-08-solution(['SPOP','PSMD6','CDKN1B']).
5.02481216691115e-08-solution(['TP53','E2F1','CDKN1B']).
5.0967021318328e-08-solution(['PSMC1','PSMD2','CDKN1B']).
5.0967021318328e-08-solution(['SPOP','PSMD2','CDKN1B']).
5.10116338560104e-08-solution(['UBE2C','PSMC1','CDKN1B']).
5.17209516496775e-08-solution(['ANAPC2','PSMD6','CDKN1B']).
5.17209516496775e-08-solution(['DVL1','PSMD6','CDKN1B']).
5.18520244870234e-08-solution(['UBE2C','PSMC2','CDKN1B']).
5.21005918842459e-08-solution(['TP53','PSMC1','CDKN1B']).
5.22005505180737e-08-solution(['CD40','PSMD6','CDKN1B']).
5.26675283636174e-08-solution(['PSMD2','PSMD6','CDKN1B']).
5.2710131341111e-08-solution(['ANAPC2','PSMD2','CDKN1B']).
5.2710131341111e-08-solution(['DVL1','PSMD2','CDKN1B']).
5.2710131341111e-08-solution(['PSMD6','PSMD2','CDKN1B']).
5.29847143423225e-08-solution(['TP53','PSMC2','CDKN1B']).
5.31901181589787e-08-solution(['CD40','PSMD2','CDKN1B']).
5.48959831538748e-08-solution(['IGKV3-20','VAV1','CD79A']).
5.49519334999258e-08-solution(['UBE2C','PSMD6','CDKN1B']).
5.49739825615956e-08-solution(['IGLV1-47','VAV1','CD79A']).
5.59437267456939e-08-solution(['UBE2C','PSMD2','CDKN1B']).
5.60878255566537e-08-solution(['TP53','PSMD6','CDKN1B']).
5.632400497818e-08-solution(['ADCY6','AKT1','CD40']).
5.632400497818e-08-solution(['JAK3','AKT1','CD40']).
5.632400497818e-08-solution(['MKRN1','AKT1','CD40']).
5.70805376301175e-08-solution(['TP53','PSMD2','CDKN1B']).
5.78662481264701e-08-solution(['TSC2','AKT1','CD40']).
6.1467404113628e-08-solution(['APOB','OCRL','CD3D']).
6.24608475057512e-08-solution(['FASLG','AKT1','CD40']).
6.26857579648768e-08-solution(['CDKN1B','AKT1','CD40']).
6.30070586207706e-08-solution(['RPS6KB2','AKT1','CD40']).
6.34756623989891e-08-solution(['IGKV3-20','ITK','CD3D']).
6.35654440996949e-08-solution(['IGLV1-47','ITK','CD3D']).
6.37781801949157e-08-solution(['MST1','AKT1','CD40']).
6.56417239990996e-08-solution(['TP53','AKT1','CD40']).
6.71777702750438e-08-solution(['HSPA8','OCRL','CD3D']).
6.95318197664753e-08-solution(['PIAS3','NUP43','CENPL']).
7.34175946221801e-08-solution(['SRSF1','NUP43','CENPL']).
7.38096075122366e-08-solution(['C1S','IGKV3-20','CD79A']).
7.38096075122366e-08-solution(['GAB2','IGKV3-20','CD79A']).
7.38096075122366e-08-solution(['ITK','IGKV3-20','CD79A']).
7.38096075122366e-08-solution(['PIK3CB','IGKV3-20','CD79A']).
7.38096075122366e-08-solution(['SYK','IGKV3-20','CD79A']).
7.38096075122366e-08-solution(['VAV1','IGKV3-20','CD79A']).
7.39172529510472e-08-solution(['C1S','IGLV1-47','CD79A']).
7.39172529510472e-08-solution(['GAB2','IGLV1-47','CD79A']).
7.39172529510472e-08-solution(['ITK','IGLV1-47','CD79A']).
7.39172529510472e-08-solution(['PIK3CB','IGLV1-47','CD79A']).
7.39172529510472e-08-solution(['SYK','IGLV1-47','CD79A']).
7.39172529510472e-08-solution(['VAV1','IGLV1-47','CD79A']).
7.40455986392637e-08-solution(['U2AF1L4','NUP43','CENPL']).
7.43792257733394e-08-solution(['KIF2B','NUP43','CENPL']).
7.59322477856048e-08-solution(['COL3A1','ACTG1','COL1A2']).
7.59322477856048e-08-solution(['FLNC','ACTG1','COL1A2']).
7.59322477856048e-08-solution(['ITGAM','ACTG1','COL1A2']).
7.59322477856048e-08-solution(['MYH8','ACTG1','COL1A2']).
7.59322477856048e-08-solution(['TLN1','ACTG1','COL1A2']).
7.7567498819222e-08-solution(['ANAPC5','ANAPC2','CDKN1B']).
7.91656554981563e-08-solution(['MYH6','ACTG1','COL1A2']).
8.03423329864349e-08-solution(['ANAPC2','ANAPC5','CDKN1B']).
8.03423329864349e-08-solution(['PSMD6','ANAPC5','CDKN1B']).
8.20708685498264e-08-solution(['PSMD2','ANAPC5','CDKN1B']).
8.3054198106715e-08-solution(['ACTN3','ACTG1','COL1A2']).
8.3054198106715e-08-solution(['ITGA7','ACTG1','COL1A2']).
8.4000812087951e-08-solution(['LDLRAP1','HIP1R','CD3D']).
8.41108672938233e-08-solution(['MMP25','ACTG1','COL1A2']).
8.41108672938233e-08-solution(['MYH2','ACTG1','COL1A2']).
8.49139358760256e-08-solution(['MMP12','ACTG1','COL1A2']).
8.59784324261256e-08-solution(['PSMC2','ANAPC2','CDKN1B']).
8.62424010428111e-08-solution(['UBE2C','ANAPC5','CDKN1B']).
8.62427019852107e-08-solution(['HGS','HIP1R','CD3D']).
8.73962561379434e-08-solution(['PSMC2','PSMC1','CD40']).
8.81145425485138e-08-solution(['PSMC1','ANAPC2','CDKN1B']).
8.94654187125216e-08-solution(['APOB','HIP1R','CD3D']).
8.97255289278497e-08-solution(['SPOP','PSMC1','CD40']).
8.99859479741456e-08-solution(['MMP9','ACTG1','COL1A2']).
9.00726434940363e-08-solution(['MAD2L2','ANAPC2','CDKN1B']).
9.06622162538949e-08-solution(['ACTBL2','ACTG1','COL1A2']).
9.08101499400901e-08-solution(['RAC3','ACTG1','COL1A2']).
9.08965260778429e-08-solution(['PSMC1','PSMC2','CD40']).
9.08965260778429e-08-solution(['SPOP','PSMC2','CD40']).
9.11852008494469e-08-solution(['PSMD6','ANAPC2','CDKN1B']).
9.17428881098388e-08-solution(['FGR','IGKV3-20','CD79A']).
9.18512062067639e-08-solution(['FGR','IGLV1-47','CD79A']).
9.28540368825627e-08-solution(['PSMD2','ANAPC2','CDKN1B']).
9.307385856334e-08-solution(['ANAPC2','PSMC1','CD40']).
9.307385856334e-08-solution(['DVL1','PSMC1','CD40']).
9.307385856334e-08-solution(['PSMD6','PSMC1','CD40']).
9.43789582263e-08-solution(['ANAPC2','PSMC2','CD40']).
9.43789582263e-08-solution(['DVL1','PSMC2','CD40']).
9.43789582263e-08-solution(['PSMD6','PSMC2','CD40']).
9.46720438903828e-08-solution(['PSMC2','PSMD6','CD40']).
9.48936029304543e-08-solution(['PSMD2','PSMC1','CD40']).
9.62715843939397e-08-solution(['PSMD2','PSMC2','CD40']).
9.66509438523404e-08-solution(['MYH2','IGKV3-20','CD79A']).
9.66558902690227e-08-solution(['PSMC2','PSMD2','CD40']).
9.67594460451705e-08-solution(['MYH2','IGLV1-47','CD79A']).
9.68814945091488e-08-solution(['UBE2C','ANAPC2','CDKN1B']).
9.7004506396307e-08-solution(['CDKN1B','PSMC1','CD40']).
9.71021284394408e-08-solution(['PSMC1','PSMD6','CD40']).
9.71021284394408e-08-solution(['SPOP','PSMD6','CD40']).
9.72886803331676e-08-solution(['HSPA8','HIP1R','CD3D']).
9.84670307484018e-08-solution(['CDKN1B','PSMC2','CD40']).
9.895814954326e-08-solution(['MS4A2','IGKV3-20','CD79A']).
9.90667382769001e-08-solution(['MS4A2','IGLV1-47','CD79A']).
9.90881223701567e-08-solution(['PSMC1','PSMD2','CD40']).
9.90881223701567e-08-solution(['SPOP','PSMD2','CD40']).
9.92852526697569e-08-solution(['UBE2C','PSMC1','CD40']).
1.00595374978712e-07-solution(['ANAPC2','PSMD6','CD40']).
1.00595374978712e-07-solution(['DVL1','PSMD6','CD40']).
1.00839122211843e-07-solution(['UBE2C','PSMC2','CD40']).
1.01246848725952e-07-solution(['MYH6','ACTG1','COL3A1']).
1.01468945910294e-07-solution(['TP53','PSMC1','CD40']).
1.01860001638964e-07-solution(['ANAPC5','UBE2C','CDKN1B']).
1.02493878532663e-07-solution(['PSMD2','PSMD6','CD40']).
1.02584456015537e-07-solution(['ANAPC2','PSMD2','CD40']).
1.02584456015537e-07-solution(['DVL1','PSMD2','CD40']).
1.02584456015537e-07-solution(['PSMD6','PSMD2','CD40']).
1.03076239571629e-07-solution(['E2F1','TFDP1','CDKN1B']).
1.03110273613011e-07-solution(['TP53','PSMC2','CD40']).
1.03740357702621e-07-solution(['IGHG4','IGKV3-20','CD79A']).
1.03845230688572e-07-solution(['IGHA1','IGKV3-20','CD79A']).
1.03849125811758e-07-solution(['IGHG4','IGLV1-47','CD79A']).
1.03954002731382e-07-solution(['IGHA1','IGLV1-47','CD79A']).
1.04026287524262e-07-solution(['COL1A2','ACTG1','COL3A1']).
1.04086405810806e-07-solution(['AKT1','JAK3','CD40']).
1.04659905491488e-07-solution(['KIF2B','KIF2C','CENPL']).
1.04696142655247e-07-solution(['CDKN1B','PSMD6','CD40']).
1.05271503297504e-07-solution(['IGLV1-47','IGKV3-20','CD79A']).
1.05275451918645e-07-solution(['IGKV3-20','IGLV1-47','CD79A']).
1.05322261662563e-07-solution(['KIF2C','KIF2B','CENPL']).
1.05322261662563e-07-solution(['RINT1','KIF2B','CENPL']).
1.06574106422714e-07-solution(['ACTN3','ACTG1','COL3A1']).
1.06574106422714e-07-solution(['ITGA7','ACTG1','COL3A1']).
1.066888476862e-07-solution(['CDKN1B','PSMD2','CD40']).
1.06936461417719e-07-solution(['IL6ST','JAK3','CD40']).
1.07075600442866e-07-solution(['UBE2C','PSMD6','CD40']).
1.07516716530985e-07-solution(['ERCC2','POLR2B','CDK12']).
1.07516716530985e-07-solution(['HNRNPA1','POLR2B','CDK12']).
1.07939085237196e-07-solution(['PKNOX1','KMT2D','CDKN1B']).
1.08021730796833e-07-solution(['MMP25','ACTG1','COL3A1']).
1.08021730796833e-07-solution(['MYH2','ACTG1','COL3A1']).
1.08604900553988e-07-solution(['RING1','TFDP1','CDKN1B']).
1.09070408285227e-07-solution(['UBE2C','PSMD2','CD40']).
1.09121925321165e-07-solution(['MMP12','ACTG1','COL3A1']).
1.09353804707608e-07-solution(['TP53','PSMD6','CD40']).
1.09752920456727e-07-solution(['NUP43','KIF2B','CENPL']).
1.10314549303167e-07-solution(['SRSF1','POLR2B','CDK12']).
1.10920570075395e-07-solution(['TP53','TFDP1','CDKN1B']).
1.11298402585692e-07-solution(['U2AF1L4','POLR2B','CDK12']).
1.11350625880041e-07-solution(['TP53','PSMD2','CD40']).
1.12149440607304e-07-solution(['PSMC2','UBE2C','CDKN1B']).
1.12161563363727e-07-solution(['FES','JAK3','CD40']).
1.1222076503806e-07-solution(['HSPA8','POLR2B','CDK12']).
1.12435154417674e-07-solution(['TAF6','ERCC2','CCNK']).
1.12466728358691e-07-solution(['TAF1L','POLR2B','CDK12']).
1.13260022295558e-07-solution(['IL11RA','JAK3','CD40']).
1.13260022295558e-07-solution(['XCR1','JAK3','CD40']).
1.14692782172227e-07-solution(['PAX6','KMT2D','CDKN1B']).
1.14762631456406e-07-solution(['PSMC1','UBE2C','CDKN1B']).
1.15842885189323e-07-solution(['CXCR6','JAK3','CD40']).
1.16070522316941e-07-solution(['MMP9','ACTG1','COL3A1']).
1.16997001916377e-07-solution(['ACTBL2','ACTG1','COL3A1']).
1.17199669328754e-07-solution(['RAC3','ACTG1','COL3A1']).
1.1851909330199e-07-solution(['ANAPC2','UBE2C','CDKN1B']).
1.1851909330199e-07-solution(['PSMD6','UBE2C','CDKN1B']).
1.19285296088047e-07-solution(['POLR2B','KMT2D','CDKN1B']).
1.20560648652851e-07-solution(['PSMD2','UBE2C','CDKN1B']).
1.21127363293807e-07-solution(['GH1','JAK3','CD40']).
1.22111430404522e-07-solution(['TAF1L','ERCC2','CCNK']).
1.24808319359361e-07-solution(['HDAC3','KMT2D','CDKN1B']).
1.43094620542978e-07-solution(['ITGAL','ACTBL2','COL1A2']).
1.5061265518459e-07-solution(['FGG','ITGAM','COL1A2']).
1.52304085537878e-07-solution(['COL3A1','ACTBL2','COL1A2']).
1.52304085537878e-07-solution(['ITGAM','ACTBL2','COL1A2']).
1.52304085537878e-07-solution(['MYH8','ACTBL2','COL1A2']).
1.52304085537878e-07-solution(['TLN1','ACTBL2','COL1A2']).
1.53040517556061e-07-solution(['ACTG1','ITGAM','COL1A2']).
1.550850332373e-07-solution(['MST1','ITGAM','COL1A2']).
1.56578299768364e-07-solution(['FGG','TLN1','COL1A2']).
1.57129548918539e-07-solution(['FGA','ITGAM','COL1A2']).
1.57129548918539e-07-solution(['MMP9','ITGAM','COL1A2']).
1.57780922421932e-07-solution(['MYH6','ACTN3','COL1A2']).
1.57780922421932e-07-solution(['TTN','ACTN3','COL1A2']).
1.58492559372698e-07-solution(['ACTBL2','ITGAM','COL1A2']).
1.5856652173441e-07-solution(['MYH6','ACTBL2','COL1A2']).
1.59102327790649e-07-solution(['ACTG1','TLN1','COL1A2']).
1.6209138586886e-07-solution(['MYBPC3','ACTN3','COL1A2']).
1.6209138586886e-07-solution(['TNNT3','ACTN3','COL1A2']).
1.63353322354496e-07-solution(['FGA','TLN1','COL1A2']).
1.64770320542445e-07-solution(['ACTBL2','TLN1','COL1A2']).
1.66042644028544e-07-solution(['ITGA7','ACTN3','COL1A2']).
1.66097817552461e-07-solution(['ACTN3','ACTBL2','COL1A2']).
1.66097817552461e-07-solution(['ITGA7','ACTBL2','COL1A2']).
1.67777303361998e-07-solution(['RAC3','KRAS','CAMK1']).
1.68144365329106e-07-solution(['MMP25','ACTBL2','COL1A2']).
1.68144365329106e-07-solution(['MYH2','ACTBL2','COL1A2']).
1.69699741639355e-07-solution(['MMP12','ACTBL2','COL1A2']).
1.72120226092176e-07-solution(['AKT1','FASLG','CD3D']).
1.74901409978351e-07-solution(['CCNK','IRF4','CD79A']).
1.75593799236091e-07-solution(['ACTG1','ACTBL2','COL1A2']).
1.7645959735862e-07-solution(['ACTG1','ACTN3','COL1A2']).
1.79523170967249e-07-solution(['MMP9','ACTBL2','COL1A2']).
1.81119478233031e-07-solution(['RAC3','ACTBL2','COL1A2']).
1.82117080632713e-07-solution(['ACTA1','ACTN3','COL1A2']).
1.82206881954524e-07-solution(['ACTBL2','ACTN3','COL1A2']).
1.84991753164413e-07-solution(['MAP2K7','FASLG','CD3D']).
1.9107014544882e-07-solution(['ACTN3','ITGA7','COL1A2']).
1.92358215653318e-07-solution(['E2F1','RBL2','CDKN1B']).
1.93779333817004e-07-solution(['ACTBL2','ITGAL','COL1A2']).
2.00337916472131e-07-solution(['ERCC2','TAF6','CCNK']).
2.02920475026239e-07-solution(['MYH6','ACTBL2','COL3A1']).
2.03057239484549e-07-solution(['ACTG1','ITGA7','COL1A2']).
2.06997102606997e-07-solution(['TP53','RBL2','CDKN1B']).
2.08294368985554e-07-solution(['COL1A2','ACTBL2','COL3A1']).
2.09439046424731e-07-solution(['TAF1L','TAF6','CCNK']).
2.09608632697139e-07-solution(['TP53','TAF6','CCNK']).
2.0967080860771e-07-solution(['ACTBL2','ITGA7','COL1A2']).
2.12434307146679e-07-solution(['DMRT2','IRF4','CD79A']).
2.1322043844826e-07-solution(['ACTN3','ACTBL2','COL3A1']).
2.1322043844826e-07-solution(['ITGA7','ACTBL2','COL3A1']).
2.16019341552071e-07-solution(['MMP25','ACTBL2','COL3A1']).
2.16019341552071e-07-solution(['MYH2','ACTBL2','COL3A1']).
2.18146507910966e-07-solution(['MMP12','ACTBL2','COL3A1']).
2.25552989541463e-07-solution(['ACTG1','ACTN3','COL3A1']).
2.2620734884994e-07-solution(['ACTG1','ACTBL2','COL3A1']).
2.31581242809255e-07-solution(['MMP9','ACTBL2','COL3A1']).
2.33273629770266e-07-solution(['ACTA1','ACTN3','COL3A1']).
2.33396179615168e-07-solution(['ACTBL2','ACTN3','COL3A1']).
2.33764387230227e-07-solution(['RAC3','ACTBL2','COL3A1']).
2.52319630492923e-07-solution(['POLR2B','ERCC2','CDK12']).
2.6020782632753e-07-solution(['ACTG1','ITGA7','COL3A1']).
2.69256074567118e-07-solution(['ACTBL2','ITGA7','COL3A1']).
2.70975752109901e-07-solution(['DMRT2','IRF4','CCNK']).
2.71945292344245e-07-solution(['TAF6','ERCC2','CDK12']).
2.77270542811569e-07-solution(['CD79A','IRF4','CCNK']).
2.93952008758412e-07-solution(['TAF1L','ERCC2','CDK12']).
3.12256902201025e-07-solution(['IL6ST','GH1','CSF2RA']).
3.3111984042247e-07-solution(['IL11RA','GH1','CSF2RA']).
3.98408624259427e-07-solution(['RPS6KB2','SP1','CETP']).
4.01826484919359e-07-solution(['FOXA1','SP1','CETP']).
4.0934577837121e-07-solution(['MMP9','SP1','CETP']).
4.15839713625081e-07-solution(['HSPA8','SP1','CETP']).
4.1709292920039e-07-solution(['TP53','SP1','CETP']).
4.56240898652882e-07-solution(['IFI16','TP53','CCNG1']).
4.56240898652882e-07-solution(['NOS2','TP53','CCNG1']).
4.56240898652882e-07-solution(['RBL2','TP53','CCNG1']).
4.56240898652882e-07-solution(['SMYD2','TP53','CCNG1']).
4.56240898652882e-07-solution(['TFDP1','TP53','CCNG1']).
4.60862940578224e-07-solution(['CD79A','IGKV3-20','C1S']).
4.61566781539716e-07-solution(['CD79A','IGLV1-47','C1S']).
4.70292361357318e-07-solution(['IGHG4','IGKV3-20','C1S']).
4.70947182244755e-07-solution(['IGHA1','IGKV3-20','C1S']).
4.70997203864023e-07-solution(['IGHG4','IGLV1-47','C1S']).
4.71652094303211e-07-solution(['IGHA1','IGLV1-47','C1S']).
4.76710235456387e-07-solution(['TAF1L','TP53','CSNK1G1']).
4.798527463139e-07-solution(['IGLV1-47','IGKV3-20','C1S']).
4.7990371383698e-07-solution(['IGKV3-20','IGLV1-47','C1S']).
4.83290754304238e-07-solution(['CEBPZ','TP53','CCNG1']).
4.83290754304238e-07-solution(['SIRT1','TP53','CCNG1']).
4.83290754304238e-07-solution(['SP1','TP53','CCNG1']).
4.83290754304238e-07-solution(['SUPT16H','TP53','CCNG1']).
4.83290754304238e-07-solution(['UBN1','TP53','CCNG1']).
5.01684656147161e-07-solution(['AKT1','TP53','CCNG1']).
5.01684656147161e-07-solution(['P2RX4','TP53','CCNG1']).
5.01684656147161e-07-solution(['PSMC2','TP53','CCNG1']).
5.01684656147161e-07-solution(['RMI1','TP53','CCNG1']).
5.01684656147161e-07-solution(['TOP3A','TP53','CCNG1']).
5.01684656147161e-07-solution(['TYRP1','TP53','CCNG1']).
5.1322592789174e-07-solution(['P2RX1','TP53','CCNG1']).
5.1322592789174e-07-solution(['PERP','TP53','CCNG1']).
5.1322592789174e-07-solution(['PSMC1','TP53','CCNG1']).
5.1322592789174e-07-solution(['TSC2','TP53','CCNG1']).
5.23753615773856e-07-solution(['IL11RA','IL24','CSF2RA']).
5.23805426990937e-07-solution(['HDAC3','TP53','CCNG1']).
5.23805426990937e-07-solution(['TYMS','TP53','CCNG1']).
5.29816506024572e-07-solution(['PSMD6','TP53','CCNG1']).
5.34384926090134e-07-solution(['SSTR2','TP53','CCNG1']).
5.34384926090134e-07-solution(['TAF6','TP53','CCNG1']).
5.38833124575024e-07-solution(['E2F1','TP53','CCNG1']).
5.38833124575024e-07-solution(['LIG4','TP53','CCNG1']).
5.38833124575024e-07-solution(['PIAS3','TP53','CCNG1']).
5.38833124575024e-07-solution(['PIDD1','TP53','CCNG1']).
5.38833124575024e-07-solution(['PSMD2','TP53','CCNG1']).
5.43040879898568e-07-solution(['IGFBP3','TP53','CCNG1']).
5.49292402093548e-07-solution(['CDKN1B','TP53','CCNG1']).
5.55303481127183e-07-solution(['FOXA1','TP53','CCNG1']).
5.56625918514583e-07-solution(['KLK3','TP53','CCNG1']).
5.71052508195306e-07-solution(['TAF1L','TP53','CCNG1']).
5.84597905817044e-07-solution(['MIS18A','HJURP','CENPL']).
5.87740481495381e-07-solution(['HJURP','MIS18A','CENPL']).
5.91754847566875e-07-solution(['IGKV3-20','IGHG4','C1S']).
5.92578789153574e-07-solution(['IGLV1-47','IGHG4','C1S']).
6.02857346770172e-07-solution(['TP53','SUPT16H','CDK12']).
6.98967771928546e-07-solution(['E2F1','SP1','CD83']).
6.98967771928546e-07-solution(['NR2F1','SP1','CD83']).
7.05985520642688e-07-solution(['IGFBP3','SP1','CD83']).
7.05985520642688e-07-solution(['NABP1','SP1','CD83']).
7.20422032283209e-07-solution(['RPS6KB2','SP1','CD83']).
7.26437245466759e-07-solution(['FOXA1','SP1','CD83']).
7.3967071447057e-07-solution(['MMP9','SP1','CD83']).
7.51099619519316e-07-solution(['HSPA8','SP1','CD83']).
7.53305197686617e-07-solution(['TP53','SP1','CD83']).
7.63829922471925e-07-solution(['EIF2S1','EIF4A1','CNOT3']).
8.62624902667114e-07-solution(['PCDHB7','PCDHB8','CTNNAL1']).
8.63604946594599e-07-solution(['PCDHB8','PCDHB7','CTNNAL1']).
9.85777711688383e-07-solution(['DSEL','DCN','CSPG4']).
1.25390898344741e-06-solution(['SIRT1','TP53','CEBPZ']).
1.25390898344741e-06-solution(['SP1','TP53','CEBPZ']).
1.25390898344741e-06-solution(['SUPT16H','TP53','CEBPZ']).
1.25390898344741e-06-solution(['UBN1','TP53','CEBPZ']).
1.30859771619184e-06-solution(['AKT1','TP53','CEBPZ']).
1.30859771619184e-06-solution(['P2RX4','TP53','CEBPZ']).
1.30859771619184e-06-solution(['PSMC2','TP53','CEBPZ']).
1.30859771619184e-06-solution(['RMI1','TP53','CEBPZ']).
1.30859771619184e-06-solution(['TOP3A','TP53','CEBPZ']).
1.30859771619184e-06-solution(['TYRP1','TP53','CEBPZ']).
1.31268796242311e-06-solution(['DSEL','BCAN','CSPG4']).
1.34291221516873e-06-solution(['P2RX1','TP53','CEBPZ']).
1.34291221516873e-06-solution(['PERP','TP53','CEBPZ']).
1.34291221516873e-06-solution(['PSMC1','TP53','CEBPZ']).
1.34291221516873e-06-solution(['TSC2','TP53','CEBPZ']).
1.37436717256422e-06-solution(['HDAC3','TP53','CEBPZ']).
1.37436717256422e-06-solution(['TYMS','TP53','CEBPZ']).
1.39223930744802e-06-solution(['PSMD6','TP53','CEBPZ']).
1.40582212995971e-06-solution(['SSTR2','TP53','CEBPZ']).
1.40582212995971e-06-solution(['TAF6','TP53','CEBPZ']).
1.41904750977372e-06-solution(['E2F1','TP53','CEBPZ']).
1.41904750977372e-06-solution(['LIG4','TP53','CEBPZ']).
1.41904750977372e-06-solution(['PIAS3','TP53','CEBPZ']).
1.41904750977372e-06-solution(['PIDD1','TP53','CEBPZ']).
1.41904750977372e-06-solution(['PSMD2','TP53','CEBPZ']).
1.43155800419238e-06-solution(['IGFBP3','TP53','CEBPZ']).
1.43691964465752e-06-solution(['CCNG1','TP53','CEBPZ']).
1.45014502447153e-06-solution(['CDKN1B','TP53','CEBPZ']).
1.46801715935533e-06-solution(['FOXA1','TP53','CEBPZ']).
1.47194902902977e-06-solution(['KLK3','TP53','CEBPZ']).
1.51484215275089e-06-solution(['TAF1L','TP53','CEBPZ']).
1.54073813030262e-06-solution(['FOXA1','APOB','CETP']).
1.57026172758742e-06-solution(['APOE','APOB','CETP']).
1.58915682984969e-06-solution(['HSPA8','APOB','CETP']).
2.64409301768886e-06-solution(['IGFBP3','SP3','CA9']).
2.72718047903448e-06-solution(['KLK3','SP3','CA9']).
3.38889520566857e-06-solution(['DSEL','DCN','CHST12']).
4.51274348126138e-06-solution(['DSEL','BCAN','CHST12']).
7.70507293710267e-06-solution(['BCAN','DSEL','CSPG4']).
7.70507293710267e-06-solution(['DCN','DSEL','CSPG4']).
