gene_patient_probability_file('new_data/CADD_aggr.pl').
gene_function_file('new_data/coverage_aggr.pl').
network_file('new_data/network.pl').
threshold(1.0e-06).
pattern_quality_metric_threshold(0.67).
mcda(weighted_sum,[0.0,0]).
experiment_query(solution_3_genes(mcda(weighted_sum,[alpha(0.0),beta(0)]),0.67,_131106)).
1.19741321993766e-08-solution(['AAK1','HSPA8','POLR2B']).
1.19741321993766e-08-solution(['EGFR','HSPA8','POLR2B']).
1.19741321993766e-08-solution(['SYT9','HSPA8','POLR2B']).
1.23364546469788e-08-solution(['APOB','HSPA8','POLR2B']).
2.47183708507503e-08-solution(['AAK1','EGFR','PLCB4']).
2.47183708507503e-08-solution(['DCN','EGFR','PLCB4']).
2.47183708507503e-08-solution(['GAB2','EGFR','PLCB4']).
2.54896563625555e-08-solution(['HSPA8','EGFR','PLCB4']).
2.5675828727474e-08-solution(['TP53','EGFR','PLCB4']).
2.65157673347006e-08-solution(['CDK12','ERCC2','POLR2B']).
2.66446671556512e-08-solution(['TAF1L','ERCC2','POLR2B']).
3.3873786554491e-08-solution(['NPHP1','DYNC1H1','POM121C']).
3.3873786554491e-08-solution(['PGR','DYNC1H1','POM121C']).
3.3873786554491e-08-solution(['TUBB4A','DYNC1H1','POM121C']).
3.51348506977936e-08-solution(['SPTA1','DYNC1H1','POM121C']).
6.21734057012809e-08-solution(['NPHP1','DYNC1H1','PGR']).
6.21734057012809e-08-solution(['POM121C','DYNC1H1','PGR']).
6.21734057012809e-08-solution(['TUBB4A','DYNC1H1','PGR']).
6.44880171035451e-08-solution(['SPTA1','DYNC1H1','PGR']).
1.02356186663399e-07-solution(['ERCC2','TAF1L','POLR2B']).
1.0306304457754e-07-solution(['ERCC2','CDK12','POLR2B']).
1.03078312551973e-07-solution(['TP53','TAF1L','POLR2B']).
2.22107466697571e-07-solution(['EGFR','PLCB4','PI4KA']).
2.79709911105048e-07-solution(['PCDH10','PCDHA5','PCDHA1']).
2.79709911105048e-07-solution(['PCDH10','PCDHA9','PCDHA1']).
2.79709911105048e-07-solution(['PCDH10','PCDHB7','PCDHA1']).
2.79709911105048e-07-solution(['PCDHA5','PCDH10','PCDHA1']).
2.79709911105048e-07-solution(['PCDHA5','PCDHA9','PCDHA1']).
2.79709911105048e-07-solution(['PCDHA5','PCDHB7','PCDHA1']).
2.79709911105048e-07-solution(['PCDHA9','PCDH10','PCDHA1']).
2.79709911105048e-07-solution(['PCDHA9','PCDHA5','PCDHA1']).
2.79709911105048e-07-solution(['PCDHA9','PCDHB7','PCDHA1']).
2.79709911105048e-07-solution(['PCDHB7','PCDH10','PCDHA1']).
2.79709911105048e-07-solution(['PCDHB7','PCDHA5','PCDHA1']).
2.79709911105048e-07-solution(['PCDHB7','PCDHA9','PCDHA1']).
2.87912046530036e-07-solution(['PCDH10','PCDHA1','PCDHA12']).
2.87912046530036e-07-solution(['PCDHA5','PCDHA1','PCDHA12']).
2.87912046530036e-07-solution(['PCDHA9','PCDHA1','PCDHA12']).
2.87912046530036e-07-solution(['PCDHB7','PCDHA1','PCDHA12']).
2.88173587463611e-07-solution(['FAT2','PCDH10','PCDHA1']).
2.88173587463611e-07-solution(['FAT2','PCDHA5','PCDHA1']).
2.88173587463611e-07-solution(['FAT2','PCDHA9','PCDHA1']).
2.88173587463611e-07-solution(['FAT2','PCDHB7','PCDHA1']).
2.88173587463611e-07-solution(['PCDHA12','PCDH10','PCDHA1']).
2.88173587463611e-07-solution(['PCDHA12','PCDHA5','PCDHA1']).
2.88173587463611e-07-solution(['PCDHA12','PCDHA9','PCDHA1']).
2.88173587463611e-07-solution(['PCDHA12','PCDHB7','PCDHA1']).
2.88766584618961e-07-solution(['PCDH10','FAT2','PCDHA1']).
2.88766584618961e-07-solution(['PCDH10','PCDHA12','PCDHA1']).
2.88766584618961e-07-solution(['PCDHA5','FAT2','PCDHA1']).
2.88766584618961e-07-solution(['PCDHA5','PCDHA12','PCDHA1']).
2.88766584618961e-07-solution(['PCDHA9','FAT2','PCDHA1']).
2.88766584618961e-07-solution(['PCDHA9','PCDHA12','PCDHA1']).
2.88766584618961e-07-solution(['PCDHB7','FAT2','PCDHA1']).
2.88766584618961e-07-solution(['PCDHB7','PCDHA12','PCDHA1']).
2.94305194858439e-07-solution(['PCDH10','PCDHA5','PCDHA12']).
2.94305194858439e-07-solution(['PCDH10','PCDHA9','PCDHA12']).
2.94305194858439e-07-solution(['PCDH10','PCDHB7','PCDHA12']).
2.94305194858439e-07-solution(['PCDHA5','PCDH10','PCDHA12']).
2.94305194858439e-07-solution(['PCDHA5','PCDHA9','PCDHA12']).
2.94305194858439e-07-solution(['PCDHA5','PCDHB7','PCDHA12']).
2.94305194858439e-07-solution(['PCDHA9','PCDH10','PCDHA12']).
2.94305194858439e-07-solution(['PCDHA9','PCDHA5','PCDHA12']).
2.94305194858439e-07-solution(['PCDHA9','PCDHB7','PCDHA12']).
2.94305194858439e-07-solution(['PCDHB7','PCDH10','PCDHA12']).
2.94305194858439e-07-solution(['PCDHB7','PCDHA5','PCDHA12']).
2.94305194858439e-07-solution(['PCDHB7','PCDHA9','PCDHA12']).
2.96368041414957e-07-solution(['FAT2','PCDHA1','PCDHA12']).
2.97247677341211e-07-solution(['FAT2','PCDHA12','PCDHA1']).
2.97247677341211e-07-solution(['PCDHA12','FAT2','PCDHA1']).
3.02561057872128e-07-solution(['PCDH10','PCDHA1','PCDHA9']).
3.02561057872128e-07-solution(['PCDH10','PCDHA1','PCDHB7']).
3.02561057872128e-07-solution(['PCDHA5','PCDHA1','PCDH10']).
3.02561057872128e-07-solution(['PCDHA5','PCDHA1','PCDHA9']).
3.02561057872128e-07-solution(['PCDHA5','PCDHA1','PCDHB7']).
3.02561057872128e-07-solution(['PCDHA9','PCDHA1','PCDH10']).
3.02561057872128e-07-solution(['PCDHA9','PCDHA1','PCDHB7']).
3.02561057872128e-07-solution(['PCDHB7','PCDHA1','PCDH10']).
3.02561057872128e-07-solution(['PCDHB7','PCDHA1','PCDHA9']).
3.02561057872128e-07-solution(['PCDH10','PCDHA1','PCDHA5']).
3.02561057872128e-07-solution(['PCDHA9','PCDHA1','PCDHA5']).
3.02561057872128e-07-solution(['PCDHB7','PCDHA1','PCDHA5']).
3.03210506472477e-07-solution(['FAT2','PCDH10','PCDHA12']).
3.03210506472477e-07-solution(['FAT2','PCDHA5','PCDHA12']).
3.03210506472477e-07-solution(['FAT2','PCDHA9','PCDHA12']).
3.03210506472477e-07-solution(['FAT2','PCDHB7','PCDHA12']).
3.03210506472477e-07-solution(['PCDHA1','PCDH10','PCDHA12']).
3.03210506472477e-07-solution(['PCDHA1','PCDHA5','PCDHA12']).
3.03210506472477e-07-solution(['PCDHA1','PCDHA9','PCDHA12']).
3.03210506472477e-07-solution(['PCDHA1','PCDHB7','PCDHA12']).
3.0383444626305e-07-solution(['PCDH10','FAT2','PCDHA12']).
3.0383444626305e-07-solution(['PCDHA5','FAT2','PCDHA12']).
3.0383444626305e-07-solution(['PCDHA9','FAT2','PCDHA12']).
3.0383444626305e-07-solution(['PCDHB7','FAT2','PCDHA12']).
3.08905107198443e-07-solution(['PCDH10','PCDHA5','PCDHB7']).
3.08905107198443e-07-solution(['PCDH10','PCDHA9','PCDHB7']).
3.08905107198443e-07-solution(['PCDHA5','PCDH10','PCDHB7']).
3.08905107198443e-07-solution(['PCDHA5','PCDHA9','PCDHB7']).
3.08905107198443e-07-solution(['PCDHA9','PCDH10','PCDHB7']).
3.08905107198443e-07-solution(['PCDHA9','PCDHA5','PCDHB7']).
3.08905107198443e-07-solution(['PCDH10','PCDHB7','PCDHA5']).
3.08905107198443e-07-solution(['PCDH10','PCDHB7','PCDHA9']).
3.08905107198443e-07-solution(['PCDHA5','PCDHB7','PCDH10']).
3.08905107198443e-07-solution(['PCDHA5','PCDHB7','PCDHA9']).
3.08905107198443e-07-solution(['PCDHA9','PCDHB7','PCDH10']).
3.08905107198443e-07-solution(['PCDHA9','PCDHB7','PCDHA5']).
3.08905107198443e-07-solution(['PCDHA5','PCDH10','PCDHA9']).
3.08905107198443e-07-solution(['PCDHA5','PCDHA9','PCDH10']).
3.08905107198443e-07-solution(['PCDHA9','PCDH10','PCDHA5']).
3.08905107198443e-07-solution(['PCDHA9','PCDHA5','PCDH10']).
3.08905107198443e-07-solution(['PCDHB7','PCDH10','PCDHA5']).
3.08905107198443e-07-solution(['PCDHB7','PCDH10','PCDHA9']).
3.08905107198443e-07-solution(['PCDHB7','PCDHA5','PCDH10']).
3.08905107198443e-07-solution(['PCDHB7','PCDHA9','PCDH10']).
3.08905107198443e-07-solution(['PCDH10','PCDHA5','PCDHA9']).
3.08905107198443e-07-solution(['PCDH10','PCDHA9','PCDHA5']).
3.08905107198443e-07-solution(['PCDHB7','PCDHA5','PCDHA9']).
3.08905107198443e-07-solution(['PCDHB7','PCDHA9','PCDHA5']).
3.11716181701731e-07-solution(['FAT2','PCDHA1','PCDH10']).
3.11716181701731e-07-solution(['FAT2','PCDHA1','PCDHA9']).
3.11716181701731e-07-solution(['FAT2','PCDHA1','PCDHB7']).
3.11716181701731e-07-solution(['PCDHA12','PCDHA1','PCDH10']).
3.11716181701731e-07-solution(['PCDHA12','PCDHA1','PCDHA9']).
3.11716181701731e-07-solution(['PCDHA12','PCDHA1','PCDHB7']).
3.11716181701731e-07-solution(['FAT2','PCDHA1','PCDHA5']).
3.11716181701731e-07-solution(['PCDHA12','PCDHA1','PCDHA5']).
3.12758083027916e-07-solution(['PCDHA1','FAT2','PCDHA12']).
3.18543850590691e-07-solution(['FAT2','PCDH10','PCDHB7']).
3.18543850590691e-07-solution(['FAT2','PCDHA5','PCDHB7']).
3.18543850590691e-07-solution(['FAT2','PCDHA9','PCDHB7']).
3.18543850590691e-07-solution(['PCDHA1','PCDH10','PCDHB7']).
3.18543850590691e-07-solution(['PCDHA1','PCDHA5','PCDHB7']).
3.18543850590691e-07-solution(['PCDHA1','PCDHA9','PCDHB7']).
3.18543850590691e-07-solution(['PCDHA12','PCDH10','PCDHB7']).
3.18543850590691e-07-solution(['PCDHA12','PCDHA5','PCDHB7']).
3.18543850590691e-07-solution(['PCDHA12','PCDHA9','PCDHB7']).
3.18543850590691e-07-solution(['FAT2','PCDHB7','PCDH10']).
3.18543850590691e-07-solution(['FAT2','PCDHB7','PCDHA5']).
3.18543850590691e-07-solution(['FAT2','PCDHB7','PCDHA9']).
3.18543850590691e-07-solution(['PCDHA1','PCDHB7','PCDH10']).
3.18543850590691e-07-solution(['PCDHA1','PCDHB7','PCDHA5']).
3.18543850590691e-07-solution(['PCDHA1','PCDHB7','PCDHA9']).
3.18543850590691e-07-solution(['PCDHA12','PCDHB7','PCDH10']).
3.18543850590691e-07-solution(['PCDHA12','PCDHB7','PCDHA5']).
3.18543850590691e-07-solution(['PCDHA12','PCDHB7','PCDHA9']).
3.18543850590691e-07-solution(['FAT2','PCDH10','PCDHA5']).
3.18543850590691e-07-solution(['FAT2','PCDH10','PCDHA9']).
3.18543850590691e-07-solution(['FAT2','PCDHA5','PCDH10']).
3.18543850590691e-07-solution(['FAT2','PCDHA9','PCDH10']).
3.18543850590691e-07-solution(['PCDHA1','PCDH10','PCDHA5']).
3.18543850590691e-07-solution(['PCDHA1','PCDH10','PCDHA9']).
3.18543850590691e-07-solution(['PCDHA1','PCDHA5','PCDH10']).
3.18543850590691e-07-solution(['PCDHA1','PCDHA9','PCDH10']).
3.18543850590691e-07-solution(['PCDHA12','PCDH10','PCDHA5']).
3.18543850590691e-07-solution(['PCDHA12','PCDH10','PCDHA9']).
3.18543850590691e-07-solution(['PCDHA12','PCDHA5','PCDH10']).
3.18543850590691e-07-solution(['PCDHA12','PCDHA9','PCDH10']).
3.18543850590691e-07-solution(['FAT2','PCDHA5','PCDHA9']).
3.18543850590691e-07-solution(['FAT2','PCDHA9','PCDHA5']).
3.18543850590691e-07-solution(['PCDHA1','PCDHA5','PCDHA9']).
3.18543850590691e-07-solution(['PCDHA1','PCDHA9','PCDHA5']).
3.18543850590691e-07-solution(['PCDHA12','PCDHA5','PCDHA9']).
3.18543850590691e-07-solution(['PCDHA12','PCDHA9','PCDHA5']).
3.19259230744204e-07-solution(['PCDH10','FAT2','PCDHB7']).
3.19259230744204e-07-solution(['PCDH10','PCDHA12','PCDHB7']).
3.19259230744204e-07-solution(['PCDHA5','FAT2','PCDHB7']).
3.19259230744204e-07-solution(['PCDHA5','PCDHA12','PCDHB7']).
3.19259230744204e-07-solution(['PCDHA9','FAT2','PCDHB7']).
3.19259230744204e-07-solution(['PCDHA9','PCDHA12','PCDHB7']).
3.19259230744205e-07-solution(['PCDH10','FAT2','PCDHA5']).
3.19259230744205e-07-solution(['PCDH10','FAT2','PCDHA9']).
3.19259230744205e-07-solution(['PCDH10','PCDHA12','PCDHA5']).
3.19259230744205e-07-solution(['PCDH10','PCDHA12','PCDHA9']).
3.19259230744205e-07-solution(['PCDHA5','FAT2','PCDH10']).
3.19259230744205e-07-solution(['PCDHA5','FAT2','PCDHA9']).
3.19259230744205e-07-solution(['PCDHA5','PCDHA12','PCDH10']).
3.19259230744205e-07-solution(['PCDHA5','PCDHA12','PCDHA9']).
3.19259230744205e-07-solution(['PCDHA9','FAT2','PCDH10']).
3.19259230744205e-07-solution(['PCDHA9','FAT2','PCDHA5']).
3.19259230744205e-07-solution(['PCDHA9','PCDHA12','PCDH10']).
3.19259230744205e-07-solution(['PCDHA9','PCDHA12','PCDHA5']).
3.19259230744205e-07-solution(['PCDHB7','FAT2','PCDH10']).
3.19259230744205e-07-solution(['PCDHB7','FAT2','PCDHA5']).
3.19259230744205e-07-solution(['PCDHB7','FAT2','PCDHA9']).
3.19259230744205e-07-solution(['PCDHB7','PCDHA12','PCDH10']).
3.19259230744205e-07-solution(['PCDHB7','PCDHA12','PCDHA5']).
3.19259230744205e-07-solution(['PCDHB7','PCDHA12','PCDHA9']).
3.28919620656122e-07-solution(['FAT2','PCDHA12','PCDHB7']).
3.28919620656122e-07-solution(['PCDHA1','FAT2','PCDHB7']).
3.28919620656122e-07-solution(['PCDHA1','PCDHA12','PCDHB7']).
3.28919620656122e-07-solution(['PCDHA12','FAT2','PCDHB7']).
3.28919620656122e-07-solution(['FAT2','PCDHA12','PCDH10']).
3.28919620656122e-07-solution(['FAT2','PCDHA12','PCDHA5']).
3.28919620656122e-07-solution(['FAT2','PCDHA12','PCDHA9']).
3.28919620656122e-07-solution(['PCDHA1','FAT2','PCDH10']).
3.28919620656122e-07-solution(['PCDHA1','FAT2','PCDHA5']).
3.28919620656122e-07-solution(['PCDHA1','FAT2','PCDHA9']).
3.28919620656122e-07-solution(['PCDHA1','PCDHA12','PCDH10']).
3.28919620656122e-07-solution(['PCDHA1','PCDHA12','PCDHA5']).
3.28919620656122e-07-solution(['PCDHA1','PCDHA12','PCDHA9']).
3.28919620656122e-07-solution(['PCDHA12','FAT2','PCDH10']).
3.28919620656122e-07-solution(['PCDHA12','FAT2','PCDHA5']).
3.28919620656122e-07-solution(['PCDHA12','FAT2','PCDHA9']).
