gene_patient_probability_file('new_data/CADD_aggr.pl').
gene_function_file('new_data/coverage_aggr.pl').
network_file('new_data/network8.pl').
threshold(1.0e-06).
pattern_quality_metric_threshold(0.67).
mcda(weighted_sum,[0.0,0]).
experiment_query(solution_3_genes(mcda(weighted_sum,[alpha(0.0),beta(0)]),0.67,_131106)).
1.24789369050776e-08-solution(['AAK1','HSPA8','POLR2B']).
1.24789369050776e-08-solution(['EGFR','HSPA8','POLR2B']).
1.24789369050776e-08-solution(['SYT9','HSPA8','POLR2B']).
1.28565341194424e-08-solution(['APOB','HSPA8','POLR2B']).
2.71936771238017e-08-solution(['AAK1','EGFR','PLCB4']).
2.71936771238017e-08-solution(['DCN','EGFR','PLCB4']).
2.71936771238017e-08-solution(['GAB2','EGFR','PLCB4']).
2.80421994356053e-08-solution(['HSPA8','EGFR','PLCB4']).
2.82470151660406e-08-solution(['TP53','EGFR','PLCB4']).
2.9923137512767e-08-solution(['CDK12','ERCC2','POLR2B']).
3.67671457609599e-08-solution(['NPHP1','DYNC1H1','POM121C']).
3.67671457609599e-08-solution(['PGR','DYNC1H1','POM121C']).
3.67671457609599e-08-solution(['TUBB4A','DYNC1H1','POM121C']).
6.09902064975922e-08-solution(['NPHP1','DYNC1H1','PGR']).
6.09902064975922e-08-solution(['POM121C','DYNC1H1','PGR']).
6.09902064975922e-08-solution(['TUBB4A','DYNC1H1','PGR']).
1.14239333400145e-07-solution(['ERCC2','CDK12','POLR2B']).
2.21102135183215e-07-solution(['EGFR','PLCB4','PI4KA']).
2.98759602259403e-07-solution(['PCDHA5','PCDH10','PCDHA1']).
2.98759602259403e-07-solution(['PCDHA9','PCDH10','PCDHA1']).
2.98759602259403e-07-solution(['PCDHB7','PCDH10','PCDHA1']).
3.03059684766314e-07-solution(['PCDH10','PCDHA5','PCDHA1']).
3.03059684766314e-07-solution(['PCDH10','PCDHA9','PCDHA1']).
3.03059684766314e-07-solution(['PCDHA5','PCDHA9','PCDHA1']).
3.03059684766314e-07-solution(['PCDHA9','PCDHA5','PCDHA1']).
3.03059684766314e-07-solution(['PCDHB7','PCDHA5','PCDHA1']).
3.03059684766314e-07-solution(['PCDHB7','PCDHA9','PCDHA1']).
3.03059684766314e-07-solution(['PCDH10','PCDHB7','PCDHA1']).
3.03059684766314e-07-solution(['PCDHA5','PCDHB7','PCDHA1']).
3.03059684766314e-07-solution(['PCDHA9','PCDHB7','PCDHA1']).
3.07799698738454e-07-solution(['FAT2','PCDH10','PCDHA1']).
3.07799698738454e-07-solution(['PCDHA12','PCDH10','PCDHA1']).
3.08451094125452e-07-solution(['PCDH10','FAT2','PCDHA1']).
3.08451094125452e-07-solution(['PCDHA5','FAT2','PCDHA1']).
3.08451094125452e-07-solution(['PCDHA9','FAT2','PCDHA1']).
3.08451094125452e-07-solution(['PCDHB7','FAT2','PCDHA1']).
3.11897103938542e-07-solution(['PCDH10','PCDHA1','PCDHA12']).
3.11897103938542e-07-solution(['PCDHA5','PCDHA1','PCDHA12']).
3.11897103938542e-07-solution(['PCDHA9','PCDHA1','PCDHA12']).
3.11897103938542e-07-solution(['PCDHB7','PCDHA1','PCDHA12']).
3.12229896429735e-07-solution(['FAT2','PCDHA5','PCDHA1']).
3.12229896429735e-07-solution(['FAT2','PCDHA9','PCDHA1']).
3.12229896429735e-07-solution(['PCDHA12','PCDHA5','PCDHA1']).
3.12229896429735e-07-solution(['PCDHA12','PCDHA9','PCDHA1']).
3.12229896429735e-07-solution(['FAT2','PCDHB7','PCDHA1']).
3.12229896429735e-07-solution(['PCDHA12','PCDHB7','PCDHA1']).
3.1290019840113e-07-solution(['PCDH10','PCDHA12','PCDHA1']).
3.1290019840113e-07-solution(['PCDHA5','PCDHA12','PCDHA1']).
3.1290019840113e-07-solution(['PCDHA9','PCDHA12','PCDHA1']).
3.1290019840113e-07-solution(['PCDHB7','PCDHA12','PCDHA1']).
3.14983836606631e-07-solution(['PCDHA5','PCDH10','PCDHA12']).
3.14983836606631e-07-solution(['PCDHA9','PCDH10','PCDHA12']).
3.14983836606631e-07-solution(['PCDHB7','PCDH10','PCDHA12']).
3.17510322127921e-07-solution(['PCDHA12','FAT2','PCDHA1']).
3.19517436449142e-07-solution(['PCDH10','PCDHA5','PCDHA12']).
3.19517436449142e-07-solution(['PCDH10','PCDHA9','PCDHA12']).
3.19517436449142e-07-solution(['PCDHA5','PCDHA9','PCDHA12']).
3.19517436449142e-07-solution(['PCDHA9','PCDHA5','PCDHA12']).
3.19517436449142e-07-solution(['PCDHB7','PCDHA5','PCDHA12']).
3.19517436449142e-07-solution(['PCDHB7','PCDHA9','PCDHA12']).
3.19517436449142e-07-solution(['PCDH10','PCDHB7','PCDHA12']).
3.19517436449142e-07-solution(['PCDHA5','PCDHB7','PCDHA12']).
3.19517436449142e-07-solution(['PCDHA9','PCDHB7','PCDHA12']).
3.21057541465601e-07-solution(['FAT2','PCDHA1','PCDHA12']).
3.22090096875541e-07-solution(['FAT2','PCDHA12','PCDHA1']).
3.23280632707084e-07-solution(['PCDHA5','PCDHA1','PCDH10']).
3.23280632707084e-07-solution(['PCDHA9','PCDHA1','PCDH10']).
3.23280632707084e-07-solution(['PCDHB7','PCDHA1','PCDH10']).
3.24514858373734e-07-solution(['FAT2','PCDH10','PCDHA12']).
3.24514858373734e-07-solution(['PCDHA1','PCDH10','PCDHA12']).
3.25201627992494e-07-solution(['PCDH10','FAT2','PCDHA12']).
3.25201627992494e-07-solution(['PCDHA5','FAT2','PCDHA12']).
3.25201627992494e-07-solution(['PCDHA9','FAT2','PCDHA12']).
3.25201627992494e-07-solution(['PCDHB7','FAT2','PCDHA12']).
3.27632773745866e-07-solution(['PCDH10','PCDHA1','PCDHB7']).
3.27632773745866e-07-solution(['PCDHA5','PCDHA1','PCDHB7']).
3.27632773745866e-07-solution(['PCDHA9','PCDHA1','PCDHB7']).
3.27632773745866e-07-solution(['PCDH10','PCDHA1','PCDHA5']).
3.27632773745866e-07-solution(['PCDH10','PCDHA1','PCDHA9']).
3.27632773745866e-07-solution(['PCDHA5','PCDHA1','PCDHA9']).
3.27632773745866e-07-solution(['PCDHA9','PCDHA1','PCDHA5']).
3.27632773745866e-07-solution(['PCDHB7','PCDHA1','PCDHA5']).
3.27632773745866e-07-solution(['PCDHB7','PCDHA1','PCDHA9']).
3.29185639346706e-07-solution(['FAT2','PCDHA5','PCDHA12']).
3.29185639346706e-07-solution(['FAT2','PCDHA9','PCDHA12']).
3.29185639346706e-07-solution(['PCDHA1','PCDHA5','PCDHA12']).
3.29185639346706e-07-solution(['PCDHA1','PCDHA9','PCDHA12']).
3.29185639346706e-07-solution(['FAT2','PCDHB7','PCDHA12']).
3.29185639346706e-07-solution(['PCDHA1','PCDHB7','PCDHA12']).
3.30480009493317e-07-solution(['PCDHA5','PCDH10','PCDHB7']).
3.30480009493317e-07-solution(['PCDHA9','PCDH10','PCDHB7']).
3.30480009493317e-07-solution(['PCDHA5','PCDH10','PCDHA9']).
3.30480009493317e-07-solution(['PCDHA9','PCDH10','PCDHA5']).
3.30480009493317e-07-solution(['PCDHB7','PCDH10','PCDHA5']).
3.30480009493317e-07-solution(['PCDHB7','PCDH10','PCDHA9']).
3.30772529872997e-07-solution(['PCDHA5','PCDHB7','PCDH10']).
3.30772529872997e-07-solution(['PCDHA9','PCDHB7','PCDH10']).
3.30772529872997e-07-solution(['PCDHA5','PCDHA9','PCDH10']).
3.30772529872997e-07-solution(['PCDHA9','PCDHA5','PCDH10']).
3.30772529872997e-07-solution(['PCDHB7','PCDHA5','PCDH10']).
3.30772529872997e-07-solution(['PCDHB7','PCDHA9','PCDH10']).
3.3306270527439e-07-solution(['FAT2','PCDHA1','PCDH10']).
3.3306270527439e-07-solution(['PCDHA12','PCDHA1','PCDH10']).
3.34752820226424e-07-solution(['PCDHA1','FAT2','PCDHA12']).
3.35225530010084e-07-solution(['PCDH10','PCDHA5','PCDHB7']).
3.35225530010084e-07-solution(['PCDH10','PCDHA9','PCDHB7']).
3.35225530010084e-07-solution(['PCDHA5','PCDHA9','PCDHB7']).
3.35225530010084e-07-solution(['PCDHA9','PCDHA5','PCDHB7']).
3.35225530010084e-07-solution(['PCDH10','PCDHB7','PCDHA5']).
3.35225530010084e-07-solution(['PCDH10','PCDHB7','PCDHA9']).
3.35225530010084e-07-solution(['PCDHA5','PCDHB7','PCDHA9']).
3.35225530010084e-07-solution(['PCDHA9','PCDHB7','PCDHA5']).
3.35225530010084e-07-solution(['PCDH10','PCDHA5','PCDHA9']).
3.35225530010084e-07-solution(['PCDH10','PCDHA9','PCDHA5']).
3.35225530010084e-07-solution(['PCDHB7','PCDHA5','PCDHA9']).
3.35225530010084e-07-solution(['PCDHB7','PCDHA9','PCDHA5']).
3.37041619041498e-07-solution(['PCDHA5','FAT2','PCDH10']).
3.37041619041498e-07-solution(['PCDHA9','FAT2','PCDH10']).
3.37041619041498e-07-solution(['PCDHB7','FAT2','PCDH10']).
3.37546536724403e-07-solution(['FAT2','PCDHA1','PCDHB7']).
3.37546536724403e-07-solution(['PCDHA12','PCDHA1','PCDHB7']).
3.37546536724403e-07-solution(['FAT2','PCDHA1','PCDHA5']).
3.37546536724403e-07-solution(['FAT2','PCDHA1','PCDHA9']).
3.37546536724403e-07-solution(['PCDHA12','PCDHA1','PCDHA5']).
3.37546536724403e-07-solution(['PCDHA12','PCDHA1','PCDHA9']).
3.40791952978691e-07-solution(['FAT2','PCDH10','PCDHB7']).
3.40791952978691e-07-solution(['PCDHA1','PCDH10','PCDHB7']).
3.40791952978691e-07-solution(['PCDHA12','PCDH10','PCDHB7']).
3.40791952978691e-07-solution(['FAT2','PCDH10','PCDHA5']).
3.40791952978691e-07-solution(['FAT2','PCDH10','PCDHA9']).
3.40791952978691e-07-solution(['PCDHA1','PCDH10','PCDHA5']).
3.40791952978691e-07-solution(['PCDHA1','PCDH10','PCDHA9']).
3.40791952978691e-07-solution(['PCDHA12','PCDH10','PCDHA5']).
3.40791952978691e-07-solution(['PCDHA12','PCDH10','PCDHA9']).
3.41093600850313e-07-solution(['FAT2','PCDHB7','PCDH10']).
3.41093600850313e-07-solution(['PCDHA1','PCDHB7','PCDH10']).
3.41093600850313e-07-solution(['PCDHA12','PCDHB7','PCDH10']).
3.41093600850313e-07-solution(['FAT2','PCDHA5','PCDH10']).
3.41093600850313e-07-solution(['FAT2','PCDHA9','PCDH10']).
3.41093600850313e-07-solution(['PCDHA1','PCDHA5','PCDH10']).
3.41093600850313e-07-solution(['PCDHA1','PCDHA9','PCDH10']).
3.41093600850313e-07-solution(['PCDHA12','PCDHA5','PCDH10']).
3.41093600850313e-07-solution(['PCDHA12','PCDHA9','PCDH10']).
3.41579016316815e-07-solution(['PCDH10','FAT2','PCDHB7']).
3.41579016316815e-07-solution(['PCDHA5','FAT2','PCDHB7']).
3.41579016316815e-07-solution(['PCDHA9','FAT2','PCDHB7']).
3.41579016316815e-07-solution(['PCDH10','FAT2','PCDHA5']).
3.41579016316815e-07-solution(['PCDH10','FAT2','PCDHA9']).
3.41579016316815e-07-solution(['PCDHA5','FAT2','PCDHA9']).
3.41579016316815e-07-solution(['PCDHA9','FAT2','PCDHA5']).
3.41579016316815e-07-solution(['PCDHB7','FAT2','PCDHA5']).
3.41579016316815e-07-solution(['PCDHB7','FAT2','PCDHA9']).
3.41892699171411e-07-solution(['PCDHA5','PCDHA12','PCDH10']).
3.41892699171411e-07-solution(['PCDHA9','PCDHA12','PCDH10']).
3.41892699171411e-07-solution(['PCDHB7','PCDHA12','PCDH10']).
3.45685547623912e-07-solution(['FAT2','PCDHA5','PCDHB7']).
3.45685547623912e-07-solution(['FAT2','PCDHA9','PCDHB7']).
3.45685547623912e-07-solution(['PCDHA1','PCDHA5','PCDHB7']).
3.45685547623912e-07-solution(['PCDHA1','PCDHA9','PCDHB7']).
3.45685547623912e-07-solution(['PCDHA12','PCDHA5','PCDHB7']).
3.45685547623912e-07-solution(['PCDHA12','PCDHA9','PCDHB7']).
3.45685547623912e-07-solution(['FAT2','PCDHB7','PCDHA5']).
3.45685547623912e-07-solution(['FAT2','PCDHB7','PCDHA9']).
3.45685547623912e-07-solution(['PCDHA1','PCDHB7','PCDHA5']).
3.45685547623912e-07-solution(['PCDHA1','PCDHB7','PCDHA9']).
3.45685547623912e-07-solution(['PCDHA12','PCDHB7','PCDHA5']).
3.45685547623912e-07-solution(['PCDHA12','PCDHB7','PCDHA9']).
3.45685547623912e-07-solution(['FAT2','PCDHA5','PCDHA9']).
3.45685547623912e-07-solution(['FAT2','PCDHA9','PCDHA5']).
3.45685547623912e-07-solution(['PCDHA1','PCDHA5','PCDHA9']).
3.45685547623912e-07-solution(['PCDHA1','PCDHA9','PCDHA5']).
3.45685547623912e-07-solution(['PCDHA12','PCDHA5','PCDHA9']).
3.45685547623912e-07-solution(['PCDHA12','PCDHA9','PCDHA5']).
3.4649540374565e-07-solution(['PCDH10','PCDHA12','PCDHA5']).
3.4649540374565e-07-solution(['PCDH10','PCDHA12','PCDHA9']).
3.4649540374565e-07-solution(['PCDH10','PCDHA12','PCDHB7']).
3.4649540374565e-07-solution(['PCDHA5','PCDHA12','PCDHA9']).
3.4649540374565e-07-solution(['PCDHA5','PCDHA12','PCDHB7']).
3.4649540374565e-07-solution(['PCDHA9','PCDHA12','PCDHA5']).
3.4649540374565e-07-solution(['PCDHA9','PCDHA12','PCDHB7']).
3.4649540374565e-07-solution(['PCDHB7','PCDHA12','PCDHA5']).
3.4649540374565e-07-solution(['PCDHB7','PCDHA12','PCDHA9']).
3.47240082055066e-07-solution(['PCDHA1','FAT2','PCDH10']).
3.47240082055066e-07-solution(['PCDHA12','FAT2','PCDH10']).
3.51914775366468e-07-solution(['PCDHA1','FAT2','PCDHB7']).
3.51914775366468e-07-solution(['PCDHA12','FAT2','PCDHB7']).
3.51914775366468e-07-solution(['PCDHA1','FAT2','PCDHA5']).
3.51914775366468e-07-solution(['PCDHA1','FAT2','PCDHA9']).
3.51914775366468e-07-solution(['PCDHA12','FAT2','PCDHA5']).
3.51914775366468e-07-solution(['PCDHA12','FAT2','PCDHA9']).
3.52237949876723e-07-solution(['FAT2','PCDHA12','PCDH10']).
3.52237949876723e-07-solution(['PCDHA1','PCDHA12','PCDH10']).
3.56979926605233e-07-solution(['FAT2','PCDHA12','PCDHA5']).
3.56979926605233e-07-solution(['FAT2','PCDHA12','PCDHA9']).
3.56979926605233e-07-solution(['PCDHA1','PCDHA12','PCDHA5']).
3.56979926605233e-07-solution(['PCDHA1','PCDHA12','PCDHA9']).
3.56979926605233e-07-solution(['FAT2','PCDHA12','PCDHB7']).
3.56979926605233e-07-solution(['PCDHA1','PCDHA12','PCDHB7']).
