gene_patient_probability_file('new_data/CADD_aggr.pl').
gene_function_file('new_data/coverage_corrected_aggr.pl').
network_file('new_data/network.pl').
threshold(1.0e-06).
pattern_quality_metric_threshold(0.67).
mcda(weighted_sum,[0.0,0]).
experiment_query(solution_3_genes(mcda(weighted_sum,[alpha(0.0),beta(0)]),0.67,_131106)).
1.85416976739446e-08-solution(['ZBED2','EP300','MED11']).
1.85894718735053e-08-solution(['LCN2','EP300','MED11']).
1.8637246073066e-08-solution(['HSPA8','EP300','MED11']).
1.86956367614179e-08-solution(['TP53','EP300','MED11']).
2.2645919510926e-08-solution(['SPTA1','DYNC1H1','KIF2B']).
2.29607960336029e-08-solution(['YKT6','DYNC1H1','KIF2B']).
2.46359391342443e-08-solution(['TUBB4A','DYNC1H1','KIF2B']).
3.25472065489111e-08-solution(['CD40','AKT1','JAK3']).
3.35683681919174e-08-solution(['FASLG','AKT1','JAK3']).
3.36983342192092e-08-solution(['CDKN1B','AKT1','JAK3']).
3.3883999972483e-08-solution(['RPS6KB2','AKT1','JAK3']).
3.43295977803403e-08-solution(['MST1','AKT1','JAK3']).
3.54064591493289e-08-solution(['TP53','AKT1','JAK3']).
3.5440181528281e-08-solution(['HSPA8','SP1','ITGAM']).
3.55516605093537e-08-solution(['TP53','SP1','ITGAM']).
3.65154093668554e-08-solution(['GLE1','NUP43','KIF2B']).
3.65154093668554e-08-solution(['KIF2C','NUP43','KIF2B']).
3.65154093668554e-08-solution(['NUP54','NUP43','KIF2B']).
3.65154093668554e-08-solution(['POM121C','NUP43','KIF2B']).
3.65154093668554e-08-solution(['SRSF4','NUP43','KIF2B']).
3.80515263954858e-08-solution(['CENPL','NUP43','KIF2B']).
4.04008818510383e-08-solution(['NXF1','NUP43','KIF2B']).
4.04867224941481e-08-solution(['DDX23','POLR2B','KMT2D']).
4.11538803944846e-08-solution(['PIAS3','NUP43','KIF2B']).
4.15730068316099e-08-solution(['YBX1','POLR2B','KMT2D']).
4.25687674742831e-08-solution(['HDAC3','POLR2B','KMT2D']).
4.25687674742831e-08-solution(['PLRG1','POLR2B','KMT2D']).
4.31345405667112e-08-solution(['SNRPA1','POLR2B','KMT2D']).
4.31417965491828e-08-solution(['SRSF1','NUP43','KIF2B']).
4.34630759277198e-08-solution(['U2AF1L4','NUP43','KIF2B']).
4.35645281169564e-08-solution(['SNRPB2','POLR2B','KMT2D']).
4.35645281169564e-08-solution(['TAF6','POLR2B','KMT2D']).
4.39832002053532e-08-solution(['GPKOW','POLR2B','KMT2D']).
4.43792413700528e-08-solution(['NABP1','POLR2B','KMT2D']).
4.47294585954691e-08-solution(['PLXNA3','RAC3','KRAS']).
4.51939546231491e-08-solution(['ERCC2','POLR2B','KMT2D']).
4.51939546231491e-08-solution(['HNRNPA1','POLR2B','KMT2D']).
4.53522580746597e-08-solution(['DVL1','RAC3','KRAS']).
4.62236616513681e-08-solution(['SRSF1','POLR2B','KMT2D']).
4.62864572934456e-08-solution(['MAP2K7','RAC3','KRAS']).
4.6585756430522e-08-solution(['U2AF1L4','POLR2B','KMT2D']).
4.69252202859788e-08-solution(['HSPA8','POLR2B','KMT2D']).
4.70157439807673e-08-solution(['TAF1L','POLR2B','KMT2D']).
4.76192481789135e-08-solution(['ACTG1','RAC3','KRAS']).
4.91887028664739e-08-solution(['ACTA1','RAC3','KRAS']).
4.92136148456415e-08-solution(['ACTBL2','RAC3','KRAS']).
5.1146562941946e-08-solution(['RINT1','KIF2C','KIF2B']).
5.33926663087995e-08-solution(['CENPL','KIF2C','KIF2B']).
5.33926663087995e-08-solution(['NUP43','KIF2C','KIF2B']).
5.44584631044398e-08-solution(['COL3A1','ACTG1','ITGA7']).
5.44584631044398e-08-solution(['FLNC','ACTG1','ITGA7']).
5.44584631044398e-08-solution(['ITGAM','ACTG1','ITGA7']).
5.44584631044398e-08-solution(['MYH8','ACTG1','ITGA7']).
5.44584631044398e-08-solution(['TLN1','ACTG1','ITGA7']).
5.5504163143615e-08-solution(['MYH6','ACTG1','ITGAM']).
5.67220178056023e-08-solution(['MYH6','ACTG1','ITGA7']).
5.7027869080643e-08-solution(['COL1A2','ACTG1','ITGAM']).
5.8142287422018e-08-solution(['COL1A2','ACTG1','ITGA7']).
5.84245995229187e-08-solution(['ACTN3','ACTG1','ITGAM']).
5.84245995229187e-08-solution(['ITGA7','ACTG1','ITGAM']).
5.92181963651208e-08-solution(['MMP25','ACTG1','ITGAM']).
5.92181963651208e-08-solution(['MYH2','ACTG1','ITGAM']).
5.94442012370658e-08-solution(['ACTN3','ACTG1','ITGA7']).
5.98213299651944e-08-solution(['MMP12','ACTG1','ITGAM']).
6.01839249956156e-08-solution(['MMP25','ACTG1','ITGA7']).
6.01839249956156e-08-solution(['MYH2','ACTG1','ITGA7']).
6.07461150521135e-08-solution(['MMP12','ACTG1','ITGA7']).
6.15618690024439e-08-solution(['SRSF1','NUP43','KIF2C']).
6.21109157716964e-08-solution(['U2AF1L4','NUP43','KIF2C']).
6.24025968678619e-08-solution(['KIF2B','NUP43','KIF2C']).
6.36305948077645e-08-solution(['MMP9','ACTG1','ITGAM']).
6.41384967867738e-08-solution(['ACTBL2','ACTG1','ITGAM']).
6.42496003446821e-08-solution(['RAC3','ACTG1','ITGAM']).
6.42967890931528e-08-solution(['MMP9','ACTG1','ITGA7']).
6.47702122986247e-08-solution(['ACTBL2','ACTG1','ITGA7']).
6.48737736248217e-08-solution(['RAC3','ACTG1','ITGA7']).
7.16026090422878e-08-solution(['SIRT1','HDAC3','KMT2D']).
7.18643197620211e-08-solution(['KIF2C','CENPL','KIF2B']).
7.46381311213873e-08-solution(['POLR2B','HDAC3','KMT2D']).
7.4887481962623e-08-solution(['NUP43','CENPL','KIF2B']).
7.67843680492752e-08-solution(['HJURP','CENPL','KIF2B']).
8.00346148175642e-08-solution(['MED12','HDAC3','KMT2D']).
8.0768695320353e-08-solution(['E2F1','HDAC3','KMT2D']).
8.09930840540348e-08-solution(['MIS18A','CENPL','KIF2B']).
8.37840067656585e-08-solution(['IL11RA','IL6ST','JAK3']).
8.37840067656585e-08-solution(['PIAS3','IL6ST','JAK3']).
8.43102431076357e-08-solution(['NOTCH1','HDAC3','MED11']).
8.43102431076357e-08-solution(['NR2C1','HDAC3','MED11']).
8.43102431076357e-08-solution(['TFDP1','HDAC3','MED11']).
8.43102431076357e-08-solution(['TLE3','HDAC3','MED11']).
8.47962180788967e-08-solution(['NR1D1','HDAC3','KMT2D']).
8.58080587719299e-08-solution(['MED11','HDAC3','KMT2D']).
8.61453390029409e-08-solution(['TP53','HDAC3','KMT2D']).
8.67080432754796e-08-solution(['IL24','IL6ST','JAK3']).
8.83757196413326e-08-solution(['RINT1','KIF2B','KIF2C']).
8.95752457996197e-08-solution(['SIRT1','HDAC3','MED11']).
8.98853427900882e-08-solution(['GH1','IL6ST','JAK3']).
9.15612890049418e-08-solution(['EPN1','HSPA8','LDLRAP1']).
9.15612890049418e-08-solution(['HIP1R','HSPA8','LDLRAP1']).
9.15612890049418e-08-solution(['SIRT1','HSPA8','LDLRAP1']).
9.15612890049418e-08-solution(['SNRNP200','HSPA8','LDLRAP1']).
9.15612890049418e-08-solution(['SP1','HSPA8','LDLRAP1']).
9.15612890049418e-08-solution(['SRSF4','HSPA8','LDLRAP1']).
9.22567429206449e-08-solution(['CENPL','KIF2B','KIF2C']).
9.22567429206449e-08-solution(['NUP43','KIF2B','KIF2C']).
9.23170232461054e-08-solution(['SIRT1','HDAC3','MED12']).
9.31554476301687e-08-solution(['POLR2B','HDAC3','MED11']).
9.50820973934488e-08-solution(['MMP25','ACTG1','ITGAL']).
9.50820973934488e-08-solution(['MYH2','ACTG1','ITGAL']).
9.53993375577517e-08-solution(['DDX23','HSPA8','LDLRAP1']).
9.53993375577517e-08-solution(['POLR2B','HSPA8','LDLRAP1']).
9.61126506452888e-08-solution(['MMP12','ACTG1','ITGAL']).
9.63103804857588e-08-solution(['POLR2B','HDAC3','MED12']).
9.7807524885005e-08-solution(['HGS','HSPA8','LDLRAP1']).
9.7807524885005e-08-solution(['YBX1','HSPA8','LDLRAP1']).
9.95202508844781e-08-solution(['MED12','HDAC3','MED11']).
1.00015029934987e-07-solution(['PLRG1','HSPA8','LDLRAP1']).
1.0038605132716e-07-solution(['E2F1','HDAC3','MED11']).
1.01205051745913e-07-solution(['KMT2D','HDAC3','MED11']).
1.01269294167932e-07-solution(['APOB','HSPA8','LDLRAP1']).
1.01269294167932e-07-solution(['SNRPA1','HSPA8','LDLRAP1']).
1.02222534984969e-07-solution(['SNRPB2','HSPA8','LDLRAP1']).
1.02621408025331e-07-solution(['MMP9','ACTG1','ITGAL']).
1.02751752599268e-07-solution(['ITGAL','ACTBL2','ITGA7']).
1.03150690517348e-07-solution(['GPKOW','HSPA8','LDLRAP1']).
1.03150690517348e-07-solution(['GPR37L1','HSPA8','LDLRAP1']).
1.0348924234267e-07-solution(['ACTBL2','ACTG1','ITGAL']).
1.03679081099588e-07-solution(['RAC3','ACTG1','ITGAL']).
1.04375396087412e-07-solution(['E2F1','HDAC3','MED12']).
1.04737544140353e-07-solution(['KRAS','RAC3','MAP2K7']).
1.04737544140353e-07-solution(['NCKAP1L','RAC3','MAP2K7']).
1.04737544140353e-07-solution(['NOX3','RAC3','MAP2K7']).
1.04737544140353e-07-solution(['RALGDS','RAC3','MAP2K7']).
1.04737544140353e-07-solution(['RHOA','RAC3','MAP2K7']).
1.05136253755928e-07-solution(['NR1D1','HDAC3','MED11']).
1.0528890918145e-07-solution(['KMT2D','HDAC3','MED12']).
1.05834815975849e-07-solution(['HNRNPA1','HSPA8','LDLRAP1']).
1.06727454569505e-07-solution(['TP53','HDAC3','MED11']).
1.08117576879808e-07-solution(['SRSF1','HSPA8','LDLRAP1']).
1.08343344441738e-07-solution(['CD3D','HSPA8','LDLRAP1']).
1.08920305988892e-07-solution(['U2AF1L4','HSPA8','LDLRAP1']).
1.0920240671055e-07-solution(['COL3A1','ACTBL2','ITGA7']).
1.0920240671055e-07-solution(['ITGAM','ACTBL2','ITGA7']).
1.0920240671055e-07-solution(['MYH8','ACTBL2','ITGA7']).
1.0920240671055e-07-solution(['TLN1','ACTBL2','ITGA7']).
1.09673772032834e-07-solution(['NR1D1','HDAC3','MED12']).
1.11004891112719e-07-solution(['MED11','HDAC3','MED12']).
1.11242288454053e-07-solution(['MYH6','ACTBL2','ITGAM']).
1.1144859747268e-07-solution(['TP53','HDAC3','MED12']).
1.12371926528136e-07-solution(['ANAPC5','CDKN1B','KMT2D']).
1.12371926528136e-07-solution(['RBL2','CDKN1B','KMT2D']).
1.12371926528136e-07-solution(['RHOA','CDKN1B','KMT2D']).
1.12371926528136e-07-solution(['TFDP1','CDKN1B','KMT2D']).
1.12466589401533e-07-solution(['FGG','TLN1','ITGA7']).
1.13355072880116e-07-solution(['MYH6','ACTN3','ITGA7']).
1.13355072880116e-07-solution(['TTN','ACTN3','ITGA7']).
1.13588851506222e-07-solution(['MYH6','ACTBL2','ITGA7']).
1.14188291127595e-07-solution(['COL1A2','ACTBL2','ITGAM']).
1.14235517546094e-07-solution(['ACTG1','TLN1','ITGA7']).
1.16341130593702e-07-solution(['COL1A2','ACTBL2','ITGA7']).
1.16376196421618e-07-solution(['COL1A2','ACTN3','ITGA7']).
1.16376196421618e-07-solution(['MYBPC3','ACTN3','ITGA7']).
1.16376196421618e-07-solution(['TNNT3','ACTN3','ITGA7']).
1.16888793578341e-07-solution(['ACTN3','ACTBL2','ITGAM']).
1.16888793578341e-07-solution(['ITGA7','ACTBL2','ITGAM']).
1.17214764947459e-07-solution(['FGA','TLN1','ITGA7']).
1.18207847414581e-07-solution(['ACTBL2','TLN1','ITGA7']).
1.18423169970811e-07-solution(['MMP25','ACTBL2','ITGAM']).
1.18423169970811e-07-solution(['MYH2','ACTBL2','ITGAM']).
1.18864053090559e-07-solution(['ACTN3','ACTBL2','ITGA7']).
1.19589296029088e-07-solution(['MMP12','ACTBL2','ITGAM']).
1.20297531781955e-07-solution(['MMP25','ACTBL2','ITGA7']).
1.20297531781955e-07-solution(['MYH2','ACTBL2','ITGA7']).
1.20577829341343e-07-solution(['PLXNA3','RAC3','MAP2K7']).
1.21386975587416e-07-solution(['MMP12','ACTBL2','ITGA7']).
1.21987107384136e-07-solution(['DVL1','RAC3','MAP2K7']).
1.22898525618102e-07-solution(['KIF2B','CENPL','KIF2C']).
1.23649576125825e-07-solution(['ACTG1','ACTN3','ITGAM']).
1.24008300039401e-07-solution(['ACTG1','ACTBL2','ITGAM']).
1.24184103454619e-07-solution(['AKT1','CDKN1B','KMT2D']).
1.24184103454619e-07-solution(['PSMC2','CDKN1B','KMT2D']).
1.25515394218637e-07-solution(['ACTG1','ACTBL2','ITGA7']).
1.26446608226626e-07-solution(['ACTG1','ACTN3','ITGA7']).
1.26954302712943e-07-solution(['MMP9','ACTBL2','ITGAM']).
1.27116879459901e-07-solution(['ACTG1','RAC3','MAP2K7']).
1.27184021404203e-07-solution(['PSMC1','CDKN1B','KMT2D']).
1.27882079954092e-07-solution(['ACTA1','ACTN3','ITGAM']).
1.27949262554541e-07-solution(['ACTBL2','ACTN3','ITGAM']).
1.28151116299069e-07-solution(['RAC3','ACTBL2','ITGAM']).
1.28267673306117e-07-solution(['MMP9','ACTBL2','ITGA7']).
1.29385786685406e-07-solution(['RAC3','ACTBL2','ITGA7']).
1.2982443039555e-07-solution(['AKT1','CD40','JAK3']).
1.2982443039555e-07-solution(['PSMC2','CD40','JAK3']).
1.30411832874847e-07-solution(['ACTA1','ACTN3','ITGA7']).
1.30474772948629e-07-solution(['ACTBL2','ACTN3','ITGA7']).
1.30668260127739e-07-solution(['ACTA1','RAC3','MAP2K7']).
1.30724631249451e-07-solution(['ACTBL2','RAC3','MAP2K7']).
1.31496403456728e-07-solution(['ANAPC2','CDKN1B','KMT2D']).
1.31496403456728e-07-solution(['PSMD6','CDKN1B','KMT2D']).
1.31679309062944e-07-solution(['FOXA1','APOB','ITGAM']).
1.33379235106894e-07-solution(['PSMC1','CD40','JAK3']).
1.3384008935484e-07-solution(['E2F1','CDKN1B','KMT2D']).
1.3384008935484e-07-solution(['PSMD2','CDKN1B','KMT2D']).
1.34305192652341e-07-solution(['APOE','APOB','ITGAM']).
1.35985758149555e-07-solution(['HSPA8','APOB','ITGAM']).
1.36445015503303e-07-solution(['IL6ST','GH1','JAK3']).
1.37553913753639e-07-solution(['NABP1','CCNK','IRF4']).
1.38232057975038e-07-solution(['IL6ST','IL11RA','JAK3']).
1.38489266879452e-07-solution(['PSMD6','CD40','JAK3']).
1.39496184655617e-07-solution(['UBE2C','CDKN1B','KMT2D']).
1.40348462791524e-07-solution(['ERCC2','CCNK','IRF4']).
1.41266458060189e-07-solution(['PSMD2','CD40','JAK3']).
1.42308607733351e-07-solution(['TP53','CDKN1B','KMT2D']).
1.43889377261039e-07-solution(['IL11RA','GH1','JAK3']).
1.44129624829906e-07-solution(['RAC3','RHOA','LIMK1']).
1.51147391778696e-07-solution(['IL24','IL11RA','JAK3']).
1.56389497851946e-07-solution(['GH1','IL11RA','JAK3']).
1.71779697281462e-07-solution(['DONSON','E2F1','MCM4']).
1.71779697281462e-07-solution(['SIRT1','E2F1','MCM4']).
1.71779697281462e-07-solution(['SP1','E2F1','MCM4']).
1.76759850365154e-07-solution(['KIF2C','RINT1','KIF2B']).
1.79319081585553e-07-solution(['TRIP13','E2F1','MCM4']).
1.80749610951577e-07-solution(['ACTN3','COL1A2','ITGA7']).
1.82977633533695e-07-solution(['COL1A2','ACTBL2','ITGAL']).
1.84596963102369e-07-solution(['ETV5','FOXA1','MAD2L2']).
1.84596963102369e-07-solution(['PGR','FOXA1','MAD2L2']).
1.84596963102369e-07-solution(['TLE3','FOXA1','MAD2L2']).
1.87583477856053e-07-solution(['ACTN3','ACTBL2','ITGAL']).
1.87583477856053e-07-solution(['ITGA7','ACTBL2','ITGAL']).
1.87754516239645e-07-solution(['ACTG1','COL1A2','ITGAM']).
1.88386053559102e-07-solution(['HDAC3','E2F1','MCM4']).
1.88386053559102e-07-solution(['TYMS','E2F1','MCM4']).
1.90200434857393e-07-solution(['MMP25','ACTBL2','ITGAL']).
1.90200434857393e-07-solution(['MYH2','ACTBL2','ITGAL']).
1.92089229594294e-07-solution(['ACTG1','COL1A2','ITGA7']).
1.92189322178412e-07-solution(['MMP12','ACTBL2','ITGAL']).
1.92722431459494e-07-solution(['INSIG1','E2F1','MCM4']).
1.94443238220907e-07-solution(['ACTBL2','COL1A2','ITGAM']).
1.96511569154587e-07-solution(['SP1','FOXA1','MAD2L2']).
1.98345570914414e-07-solution(['ACTBL2','COL1A2','ITGA7']).
1.9883278213732e-07-solution(['CDKN1B','E2F1','MCM4']).
1.99726158342271e-07-solution(['ACTG1','ACTBL2','ITGAL']).
2.01041602913041e-07-solution(['ACTG1','COL3A1','ITGA7']).
2.03957592383239e-07-solution(['IRF2BPL','E2F1','MCM4']).
2.04302531534406e-07-solution(['SRSF1','E2F1','MCM4']).
2.04613501270096e-07-solution(['HCFC1','FOXA1','MAD2L2']).
2.04692801083298e-07-solution(['ACTA1','ACTN3','ITGAL']).
2.04750715784844e-07-solution(['MMP9','ACTBL2','ITGAL']).
2.04807090754478e-07-solution(['ACTBL2','ACTN3','ITGAL']).
2.06791942245889e-07-solution(['RAC3','ACTBL2','ITGAL']).
2.07899754110868e-07-solution(['TP53','E2F1','MCM4']).
2.08032454630746e-07-solution(['ACTBL2','COL3A1','ITGA7']).
2.08459534740887e-07-solution(['IFI16','TP53','LIG4']).
2.08459534740887e-07-solution(['NOS2','TP53','LIG4']).
2.08459534740887e-07-solution(['RBL2','TP53','LIG4']).
2.08459534740887e-07-solution(['SMYD2','TP53','LIG4']).
2.08459534740887e-07-solution(['TFDP1','TP53','LIG4']).
2.09697066519042e-07-solution(['SLC34A1','FOXA1','MAD2L2']).
2.17004691564403e-07-solution(['APOB','FOXA1','MAD2L2']).
2.17004691564403e-07-solution(['ZNF460','FOXA1','MAD2L2']).
2.2098380585349e-07-solution(['CEBPZ','TP53','LIG4']).
2.2098380585349e-07-solution(['SIRT1','TP53','LIG4']).
2.2098380585349e-07-solution(['SP1','TP53','LIG4']).
2.2098380585349e-07-solution(['SUPT16H','TP53','LIG4']).
2.2098380585349e-07-solution(['UBN1','TP53','LIG4']).
2.29500310210061e-07-solution(['AKT1','TP53','LIG4']).
2.29500310210061e-07-solution(['P2RX4','TP53','LIG4']).
2.29500310210061e-07-solution(['PSMC2','TP53','LIG4']).
2.29500310210061e-07-solution(['RMI1','TP53','LIG4']).
2.29500310210061e-07-solution(['TOP3A','TP53','LIG4']).
2.29500310210061e-07-solution(['TYRP1','TP53','LIG4']).
2.31090403608358e-07-solution(['IRF2BPL','FOXA1','MAD2L2']).
2.31725849264477e-07-solution(['NR1D1','FOXA1','MAD2L2']).
2.34843999218105e-07-solution(['P2RX1','TP53','LIG4']).
2.34843999218105e-07-solution(['PERP','TP53','LIG4']).
2.34843999218105e-07-solution(['PSMC1','TP53','LIG4']).
2.34843999218105e-07-solution(['TSC2','TP53','LIG4']).
2.3532670798248e-07-solution(['TP53','FOXA1','MAD2L2']).
2.39742380808812e-07-solution(['HDAC3','TP53','LIG4']).
2.39742380808812e-07-solution(['TYMS','TP53','LIG4']).
2.42525552167168e-07-solution(['PSMD6','TP53','LIG4']).
2.43741182642324e-07-solution(['IGKV3-20','CD79A','IRF4']).
2.43999492500996e-07-solution(['IGLV1-47','CD79A','IRF4']).
2.44640762399519e-07-solution(['SSTR2','TP53','LIG4']).
2.44640762399519e-07-solution(['TAF6','TP53','LIG4']).
2.46700309204703e-07-solution(['E2F1','TP53','LIG4']).
2.46700309204703e-07-solution(['PIAS3','TP53','LIG4']).
2.46700309204703e-07-solution(['PIDD1','TP53','LIG4']).
2.46700309204703e-07-solution(['PSMD2','TP53','LIG4']).
2.48648529155552e-07-solution(['IGFBP3','TP53','LIG4']).
2.49164367963824e-07-solution(['IFI16','TP53','KLK3']).
2.49164367963824e-07-solution(['NOS2','TP53','KLK3']).
2.49164367963824e-07-solution(['RBL2','TP53','KLK3']).
2.49164367963824e-07-solution(['SMYD2','TP53','KLK3']).
2.49164367963824e-07-solution(['TFDP1','TP53','KLK3']).
2.49483480563059e-07-solution(['CCNG1','TP53','LIG4']).
2.51543027368243e-07-solution(['CDKN1B','TP53','LIG4']).
2.54078037519864e-07-solution(['ACTG1','MMP9','ITGAM']).
2.54326198726599e-07-solution(['FOXA1','TP53','LIG4']).
2.54938496425437e-07-solution(['KLK3','TP53','LIG4']).
2.61618107685492e-07-solution(['TAF1L','TP53','LIG4']).
2.62063528347377e-07-solution(['ACTA1','MMP9','ITGAM']).
2.62190282170036e-07-solution(['ACTBL2','MMP9','ITGAM']).
2.63565082783207e-07-solution(['CEBPZ','TP53','KLK3']).
2.63565082783207e-07-solution(['SIRT1','TP53','KLK3']).
2.63565082783207e-07-solution(['SP1','TP53','KLK3']).
2.63565082783207e-07-solution(['SUPT16H','TP53','KLK3']).
2.63565082783207e-07-solution(['UBN1','TP53','KLK3']).
2.73357568860388e-07-solution(['AKT1','TP53','KLK3']).
2.73357568860388e-07-solution(['P2RX4','TP53','KLK3']).
2.73357568860388e-07-solution(['PSMC2','TP53','KLK3']).
2.73357568860388e-07-solution(['RMI1','TP53','KLK3']).
2.73357568860388e-07-solution(['TOP3A','TP53','KLK3']).
2.73357568860388e-07-solution(['TYRP1','TP53','KLK3']).
2.79501873849992e-07-solution(['P2RX1','TP53','KLK3']).
2.79501873849992e-07-solution(['PERP','TP53','KLK3']).
2.79501873849992e-07-solution(['PSMC1','TP53','KLK3']).
2.79501873849992e-07-solution(['TSC2','TP53','KLK3']).
2.81382807165773e-07-solution(['LIMK1','FES','JAK3']).
2.85134153423795e-07-solution(['HDAC3','TP53','KLK3']).
2.85134153423795e-07-solution(['TYMS','TP53','KLK3']).
2.88257234436897e-07-solution(['PLXNA3','FES','JAK3']).
2.88334312272547e-07-solution(['PSMD6','TP53','KLK3']).
2.89148695506413e-07-solution(['FGG','FGA','ITGAM']).
2.90766432997598e-07-solution(['SSTR2','TP53','KLK3']).
2.90766432997598e-07-solution(['TAF6','TP53','KLK3']).
2.93134550545675e-07-solution(['E2F1','TP53','KLK3']).
2.93134550545675e-07-solution(['LIG4','TP53','KLK3']).
2.93134550545675e-07-solution(['PIAS3','TP53','KLK3']).
2.93134550545675e-07-solution(['PIDD1','TP53','KLK3']).
2.93134550545675e-07-solution(['PSMD2','TP53','KLK3']).
2.95374661739801e-07-solution(['IGFBP3','TP53','KLK3']).
2.96334709394427e-07-solution(['CCNG1','TP53','KLK3']).
2.98702826942503e-07-solution(['CDKN1B','TP53','KLK3']).
3.00760087491256e-07-solution(['NEUROG3','PAX6','KMT2D']).
3.01438175059148e-07-solution(['KIF2B','RINT1','KIF2C']).
3.01902985791255e-07-solution(['FOXA1','TP53','KLK3']).
3.06830333635105e-07-solution(['FOXA1','APOB','LDLRAP1']).
3.09462724252036e-07-solution(['FGA','FGG','ITGAM']).
3.10287401974985e-07-solution(['TAF1L','TP53','KLK3']).
3.11177520868806e-07-solution(['ACTBL2','COL1A2','ITGAL']).
3.12709811157494e-07-solution(['APOE','APOB','LDLRAP1']).
3.16163539333068e-07-solution(['CD79A','IGKV3-20','ITK']).
3.16472676771823e-07-solution(['HSPA8','APOB','LDLRAP1']).
3.16646391890563e-07-solution(['CD79A','IGLV1-47','ITK']).
3.22632358552159e-07-solution(['IGHG4','IGKV3-20','ITK']).
3.2308158210904e-07-solution(['IGHA1','IGKV3-20','ITK']).
3.23115898194797e-07-solution(['IGHG4','IGLV1-47','ITK']).
3.23366680142727e-07-solution(['CD3D','HIP1R','LDLRAP1']).
3.23565169465924e-07-solution(['IGHA1','IGLV1-47','ITK']).
3.28131326805936e-07-solution(['HSPA8','HIP1R','LDLRAP1']).
3.29191022482626e-07-solution(['IGLV1-47','IGKV3-20','ITK']).
3.29225987482129e-07-solution(['IGKV3-20','IGLV1-47','ITK']).
3.31956198212841e-07-solution(['AKT1','FASLG','MAP2K7']).
3.40715458248046e-07-solution(['HDAC3','MED12','MED11']).
3.47797524978489e-07-solution(['UBE2C','ANAPC5','MAD2L2']).
3.48119924436826e-07-solution(['PSMC2','ANAPC2','MAD2L2']).
3.57270941070434e-07-solution(['PSMC1','ANAPC2','MAD2L2']).
3.70425527481245e-07-solution(['PSMD6','ANAPC2','MAD2L2']).
3.75596809239038e-07-solution(['CD3D','FASLG','MAP2K7']).
3.77574759226251e-07-solution(['PSMD2','ANAPC2','MAD2L2']).
3.85867868050458e-07-solution(['CDKN1B','ANAPC2','MAD2L2']).
3.94828238504198e-07-solution(['UBE2C','ANAPC2','MAD2L2']).
4.11469635855252e-07-solution(['HDAC3','MED11','MED12']).
4.27277703108445e-07-solution(['ZBED2','EP300','LCN2']).
4.28746852803947e-07-solution(['MED11','EP300','LCN2']).
4.29481427651698e-07-solution(['HSPA8','EP300','LCN2']).
4.30828148205908e-07-solution(['TP53','EP300','LCN2']).
4.32256160472922e-07-solution(['NUP43','CENPL','MIS18A']).
4.32386282391052e-07-solution(['AKT1','MST1','ITGAM']).
4.43968435777861e-07-solution(['HJURP','CENPL','MIS18A']).
5.00089754947363e-07-solution(['KIF2B','CENPL','MIS18A']).
5.04026179990489e-07-solution(['ACTG1','FLNC','ITGA7']).
6.80430247961331e-07-solution(['TAF1L','TP53','KAT6A']).
7.49351752807016e-07-solution(['MYBL2','E2F1','IRF2BPL']).
7.49351752807016e-07-solution(['NGF','E2F1','IRF2BPL']).
7.49351752807016e-07-solution(['NOTCH1','E2F1','IRF2BPL']).
7.49351752807016e-07-solution(['POLE','E2F1','IRF2BPL']).
7.49351752807016e-07-solution(['RBL2','E2F1','IRF2BPL']).
7.49351752807016e-07-solution(['SMYD2','E2F1','IRF2BPL']).
7.49351752807016e-07-solution(['TFDP1','E2F1','IRF2BPL']).
7.49351752807016e-07-solution(['ZNF341','E2F1','IRF2BPL']).
7.93926718057724e-07-solution(['CD40','AKT1','MKRN1']).
7.95355612119861e-07-solution(['DONSON','E2F1','IRF2BPL']).
7.95355612119861e-07-solution(['SIRT1','E2F1','IRF2BPL']).
7.95355612119861e-07-solution(['SP1','E2F1','IRF2BPL']).
8.18835999000779e-07-solution(['FASLG','AKT1','MKRN1']).
8.20585471254252e-07-solution(['HSPG2','APOE','LDLRAP1']).
8.22006271120804e-07-solution(['CDKN1B','AKT1','MKRN1']).
8.26535231292268e-07-solution(['RPS6KB2','AKT1','MKRN1']).
8.26638236452596e-07-solution(['TRIP13','E2F1','IRF2BPL']).
8.37404735703783e-07-solution(['MST1','AKT1','MKRN1']).
8.4626654975941e-07-solution(['MCM4','E2F1','IRF2BPL']).
8.63075178444374e-07-solution(['ETV5','FOXA1','IRF2BPL']).
8.63075178444374e-07-solution(['PGR','FOXA1','IRF2BPL']).
8.63075178444374e-07-solution(['TLE3','FOXA1','IRF2BPL']).
8.63672704698277e-07-solution(['TP53','AKT1','MKRN1']).
8.64259170290657e-07-solution(['HDAC3','E2F1','IRF2BPL']).
8.64259170290657e-07-solution(['TYMS','E2F1','IRF2BPL']).
8.82251790821903e-07-solution(['INSIG1','E2F1','IRF2BPL']).
9.07605028843204e-07-solution(['CDKN1B','E2F1','IRF2BPL']).
9.08749429437316e-07-solution(['APOB','APOE','LDLRAP1']).
9.14151431771566e-07-solution(['SP1','FOXA1','IRF2BPL']).
9.30300266104208e-07-solution(['SRSF1','E2F1','IRF2BPL']).
9.45225962681265e-07-solution(['TP53','E2F1','IRF2BPL']).
9.48883284034056e-07-solution(['HCFC1','FOXA1','IRF2BPL']).
9.70675818786992e-07-solution(['SLC34A1','FOXA1','IRF2BPL']).
9.90652308977182e-07-solution(['MAD2L2','FOXA1','IRF2BPL']).
1.00200258749434e-06-solution(['APOB','FOXA1','IRF2BPL']).
1.00200258749434e-06-solution(['ZNF460','FOXA1','IRF2BPL']).
1.06511013604971e-06-solution(['NR1D1','FOXA1','IRF2BPL']).
1.08054651483304e-06-solution(['TP53','FOXA1','IRF2BPL']).
1.16292715247664e-06-solution(['IGFBP3','SP3','KLK3']).
1.17946316886405e-06-solution(['CA9','SP3','KLK3']).
1.33859066045928e-06-solution(['PIAS3','PGR','KLK3']).
1.38922205761083e-06-solution(['FOXA1','PGR','KLK3']).
1.39809179141841e-06-solution(['PAEP','PGR','KLK3']).
1.41510370500822e-06-solution(['JAK3','FES','LIMK1']).
1.4873910680625e-06-solution(['PLXNA3','FES','LIMK1']).
1.63752702953427e-06-solution(['KRT25','KRT79','KRT27']).
1.65067995322101e-06-solution(['KRT25','KRT79','KRT37']).
1.65190980921929e-06-solution(['KRT25','KRT78','KRT27']).
1.66527851083366e-06-solution(['KRT25','KRT78','KRT37']).
1.67963721019954e-06-solution(['KRT79','KRT25','KRT6B']).
1.68027119242263e-06-solution(['KRT25','KRT4','KRT27']).
1.68174468109685e-06-solution(['KRT37','KRT79','KRT27']).
1.6938714238453e-06-solution(['KRT78','KRT25','KRT6B']).
1.69406488550605e-06-solution(['KRT25','KRT4','KRT37']).
1.69614751890603e-06-solution(['KRT37','KRT78','KRT27']).
1.70522935864661e-06-solution(['KRT27','KRT79','KRT37']).
1.71210615986496e-06-solution(['KRT25','KRT6B','KRT27']).
1.71985329480262e-06-solution(['KRT27','KRT78','KRT37']).
1.72195514265991e-06-solution(['KRT4','KRT25','KRT6B']).
1.72454711317158e-06-solution(['KRT37','KRT4','KRT27']).
1.72637616066546e-06-solution(['KRT25','KRT6B','KRT37']).
1.72745405070483e-06-solution(['KRT79','KRT25','KRT4']).
1.72873465985078e-06-solution(['KRT79','KRT37','KRT6B']).
1.73936486232155e-06-solution(['KRT79','KRT27','KRT6B']).
1.74237370520438e-06-solution(['KRT78','KRT25','KRT4']).
1.74299305985401e-06-solution(['KRT78','KRT37','KRT6B']).
1.74868800239737e-06-solution(['KRT27','KRT4','KRT37']).
1.75362827098864e-06-solution(['KRT78','KRT27','KRT6B']).
1.75642297159572e-06-solution(['KRT37','KRT6B','KRT27']).
1.76458649958251e-06-solution(['KRT37','KRT79','KRT25']).
1.77112449769821e-06-solution(['KRT4','KRT37','KRT6B']).
1.77422350352853e-06-solution(['KRT79','KRT25','KRT78']).
1.77497111909114e-06-solution(['KRT27','KRT79','KRT25']).
1.77908293029772e-06-solution(['KRT79','KRT37','KRT4']).
1.78029585373057e-06-solution(['KRT37','KRT78','KRT25']).
1.78105098050432e-06-solution(['KRT27','KRT6B','KRT37']).
1.78176959079127e-06-solution(['KRT4','KRT27','KRT6B']).
1.79026046627472e-06-solution(['KRT79','KRT27','KRT4']).
1.79068590809578e-06-solution(['KRT27','KRT78','KRT25']).
1.79402981231884e-06-solution(['KRT78','KRT37','KRT4']).
1.80487496054034e-06-solution(['KRT6B','KRT25','KRT4']).
1.80521298032713e-06-solution(['KRT78','KRT27','KRT4']).
1.81126806802403e-06-solution(['KRT37','KRT4','KRT25']).
1.81558240422791e-06-solution(['KRT78','KRT25','KRT79']).
1.82056987859102e-06-solution(['KRT4','KRT25','KRT78']).
1.82166845887399e-06-solution(['KRT27','KRT4','KRT25']).
1.82833494904247e-06-solution(['KRT79','KRT37','KRT78']).
1.84004917884086e-06-solution(['KRT79','KRT27','KRT78']).
1.84602620874309e-06-solution(['KRT37','KRT6B','KRT25']).
1.84705652332281e-06-solution(['KRT4','KRT25','KRT79']).
1.85101997262061e-06-solution(['CENPL','HJURP','MIS18A']).
1.85511899454669e-06-solution(['KRT6B','KRT25','KRT78']).
1.85643763638459e-06-solution(['KRT27','KRT6B','KRT25']).
1.8566451288938e-06-solution(['KRT6B','KRT37','KRT4']).
1.86785189054667e-06-solution(['KRT6B','KRT27','KRT4']).
1.8710771454549e-06-solution(['KRT78','KRT37','KRT79']).
1.87477153283251e-06-solution(['KRT4','KRT37','KRT78']).
1.88241101326503e-06-solution(['KRT6B','KRT25','KRT79']).
1.88309008251238e-06-solution(['KRT78','KRT27','KRT79']).
1.88650440254352e-06-solution(['KRT4','KRT27','KRT78']).
1.9026145806011e-06-solution(['KRT4','KRT37','KRT79']).
1.90938789529418e-06-solution(['KRT6B','KRT37','KRT78']).
1.91464059341974e-06-solution(['KRT4','KRT27','KRT79']).
1.92113466021277e-06-solution(['KRT6B','KRT27','KRT78']).
1.93804019268314e-06-solution(['KRT6B','KRT37','KRT79']).
1.95008089334309e-06-solution(['KRT6B','KRT27','KRT79']).
2.06329037544172e-06-solution(['IGFBP3','IGF2','KLK3']).
2.22597163155405e-06-solution(['FES','PLXNA3','LIMK1']).
2.3182671455498e-06-solution(['FASLG','MAP2K7','MAPK8IP3']).
2.39000916066224e-06-solution(['RAC3','PLXNA3','LIMK1']).
2.42872306536878e-06-solution(['RAC3','MAP2K7','MAPK8IP3']).
3.77862483279155e-06-solution(['SP3','IGFBP3','KLK3']).
4.01110790289768e-06-solution(['SP1','IGFBP3','KLK3']).
4.26838916714846e-06-solution(['IGF2','IGFBP3','KLK3']).
4.76848608239896e-06-solution(['TP53','IGFBP3','KLK3']).
